2026-01-03 15:28:07,045 - RootCauseAnalysis - INFO - === START SESSION: c002ac2b-95 (Run #3) ===
2026-01-03 15:28:07,045 - RootCauseAnalysis - INFO - [Processing] c002ac2b-95 (Run #3) | Log: logs/c002ac2b-95/run3_20260103_152807.log
2026-01-03 15:28:07,045 - RootCauseAnalysis - INFO - ============================================================
2026-01-03 15:28:07,045 - RootCauseAnalysis - INFO - ORCHESTRATOR AGENT - Initializing
2026-01-03 15:28:07,045 - RootCauseAnalysis - INFO - ============================================================
2026-01-03 15:28:07,046 - RootCauseAnalysis - INFO - [State Update] {"query_parsed_completed": false, "raw_metric_result": "（等待写入...）", "metric_data_collected": false, "raw_log_result": "（等待写入...）", "log_data_collected": false, "raw_trace_result": "（等待写入...）", "trace_data_collected": false, "current_iteration": 0, "current_hypothesis": "（等待写入...）", "log_analysis_findings": "（等待数据收集...）", "metric_analysis_findings": "（等待数据收集...）", "trace_analysis_findings": "（等待数据收集...）"}
2026-01-03 15:28:08,366 - RootCauseAnalysis - INFO - [Tool Call] parse_user_input
2026-01-03 15:28:08,366 - RootCauseAnalysis - INFO -     Args: {'input_json': '{"Anomaly Description": "A fault occurred from 2025-06-06T07:03:09Z to 2025-06-06T07:03:10Z. Please identify the root cause.", "uuid": "c002ac2b-95"}'}...
2026-01-03 15:28:08,367 - RootCauseAnalysis - INFO - [Tool Resp] parse_user_input
2026-01-03 15:28:08,367 - RootCauseAnalysis - INFO -     Result: {'uuid': 'c002ac2b-95', 'user_query': 'A fault occurred from 2025-06-06T07:03:09Z to 2025-06-06T07:03:10Z. Please identify the root cause.'}
2026-01-03 15:28:08,367 - RootCauseAnalysis - INFO - [State Update] {"query_parsed_completed": true}
2026-01-03 15:28:09,596 - RootCauseAnalysis - INFO - [Tool Call] data_collection_agent
2026-01-03 15:28:09,596 - RootCauseAnalysis - INFO -     Args: {'request': 'Collect data for UUID c002ac2b-95 to analyze the fault occurred from 2025-06-06T07:03:09Z to 2025-06-06T07:03:10Z.'}...
2026-01-03 15:28:09,596 - RootCauseAnalysis - INFO - ============================================================
2026-01-03 15:28:09,596 - RootCauseAnalysis - INFO - METRIC ANALYSIS - Starting
2026-01-03 15:28:09,596 - RootCauseAnalysis - INFO - ============================================================
2026-01-03 15:28:09,596 - RootCauseAnalysis - INFO - METRIC AGENT - Initial Scanning
2026-01-03 15:28:09,596 - RootCauseAnalysis - INFO - ============================================================
2026-01-03 15:28:09,596 - RootCauseAnalysis - INFO - LOG ANALYSIS - Starting
2026-01-03 15:28:09,596 - RootCauseAnalysis - INFO - ============================================================
2026-01-03 15:28:09,596 - RootCauseAnalysis - INFO - LOG AGENT - Initial Scanning
2026-01-03 15:28:09,596 - RootCauseAnalysis - INFO - ============================================================
2026-01-03 15:28:09,596 - RootCauseAnalysis - INFO - TRACE ANALYSIS - Starting
2026-01-03 15:28:09,596 - RootCauseAnalysis - INFO - ============================================================
2026-01-03 15:28:09,596 - RootCauseAnalysis - INFO - TRACE AGENT - Initial Scanning
2026-01-03 15:28:21,068 - RootCauseAnalysis - WARNING - LOG AGENT - Log data not collected.
2026-01-03 15:28:24,545 - RootCauseAnalysis - INFO - TRACE AGENT - Analysis Completed
2026-01-03 15:28:25,728 - RootCauseAnalysis - INFO - METRIC AGENT - Analysis Completed
2026-01-03 15:28:25,728 - RootCauseAnalysis - INFO - [Tool Resp] data_collection_agent
2026-01-03 15:28:25,728 - RootCauseAnalysis - INFO -     Result: {'result': 'Based on the collected data for the fault that occurred on 2025-06-06, here are the significant findings:\n\n### Detected Anomalies\nThe analysis reveals multiple Pods experiencing significant changes in their metrics, indicating performance degradation during the fault period:\n\n1. **Pod CPU Usage**\n   - Pods such as `frontend-0`, `productcatalogservice-2`, and `frontend-2` show a significant drop in CPU usage to zero during the fault, suggesting they were not performing their tas...
2026-01-03 15:28:25,729 - RootCauseAnalysis - INFO - [State Update] {"current_task_instruction": "当前处于【初始扫描阶段】。\n请对 Trace 数据进行全面扫描，找出所有显著的异常调用链。\n重点：请在返回 JSON 的 'stance' 字段中标记 'NEUTRAL'，并在 'hypotheses' 中列出你的发现。", "raw_metric_result": {"status": "success", "message": "成功加载metric数据。UUID: c002ac2b-95", "anomaly_metrics": "metric_type,service_name,pod_name,node_name,metric_name,normal_median,fault_median,normal_p99,fault_p99,median_change_ratio,p99_change_ratio\npod,N/A,frontend-0,N/A,pod_cpu_usage,0.04,0.0,0.05,0.0,2.0,2.0\npod,N/A,productcatalogservice-2,N/A,pod_cpu_usage,0.06,0.0,0.07,0.0,2.0,2.0\npod,N/A,redis-cart-0,N/A,pod_cpu_usage,0.0,0.0,0.09,0.0,0.0,2.0\npod,N/A,frontend-2,N/A,pod_cpu_usage,0.04,0.0,0.05,0.0,2.0,2.0\npod,N/A,productcatalogservice-2,N/A,pod_network_transmit_packets,335.14,0.0,379.35,0.0,2.0,2.0\npod,N/A,productcatalogservice-2,N/A,pod_network_receive_packets,296.59,0.0,333.32,0.0,2.0,2.0\npod,N/A,frontend-2,N/A,pod_network_transmit_packets,107.53,0.0,128.99,0.0,2.0,2.0\npod,N/A,frontend-0,N/A,pod_network_transmit_packets,101.94,0.0,126.41,0.0,2.0,2.0\npod,N/A,frontend-1,N/A,pod_network_transmit_packets,83.48,0.0,107.02,0.0,2.0,2.0\npod,N/A,frontend-2,N/A,pod_network_receive_packets,85.29,0.0,106.03,0.0,2.0,2.0\npod,N/A,frontend-0,N/A,pod_network_receive_packets,83.47,0.0,104.89,0.0,2.0,2.0\npod,N/A,frontend-1,N/A,pod_network_receive_packets,67.14,0.0,87.98,0.0,2.0,2.0\npod,N/A,currencyservice-1,N/A,pod_network_transmit_packets,43.22,0.0,82.0,0.0,2.0,2.0\npod,N/A,currencyservice-1,N/A,pod_network_receive_packets,43.34,0.0,80.52,0.0,2.0,2.0\npod,N/A,checkoutservice-2,N/A,pod_network_transmit_packets,30.85,0.0,80.11,0.0,2.0,2.0\npod,N/A,checkoutservice-2,N/A,pod_network_receive_packets,25.31,0.0,66.43,0.0,2.0,2.0\npod,N/A,currencyservice-0,N/A,pod_network_transmit_packets,24.88,0.0,43.05,0.0,2.0,2.0\npod,N/A,currencyservice-0,N/A,pod_network_receive_packets,25.65,0.0,42.6,0.0,2.0,2.0\npod,N/A,recommendationservice-0,N/A,pod_network_receive_packets,36.11,0.0,40.5,0.0,2.0,2.0\npod,N/A,recommendationservice-0,N/A,pod_network_transmit_packets,24.8,0.0,27.85,0.0,2.0,2.0\npod,N/A,cartservice-2,N/A,pod_network_receive_packets,22.77,0.0,26.56,0.0,2.0,2.0\npod,N/A,adservice-0,N/A,pod_network_receive_packets,19.83,0.0,24.98,0.0,2.0,2.0\npod,N/A,productcatalogservice-1,N/A,pod_network_transmit_packets,21.2,0.0,24.77,0.0,2.0,2.0\npod,N/A,cartservice-2,N/A,pod_network_transmit_packets,20.1,0.0,23.18,0.0,2.0,2.0\npod,N/A,adservice-0,N/A,pod_network_transmit_packets,17.44,0.0,22.2,0.0,2.0,2.0\npod,N/A,productcatalogservice-1,N/A,pod_network_receive_packets,17.54,0.0,20.16,0.0,2.0,2.0\npod,N/A,adservice-1,N/A,pod_memory_working_set_bytes,0.0,0.0,18358794.53,0.0,0.0,2.0\npod,N/A,redis-cart-0,N/A,pod_network_receive_packets,14.16,0.0,16.34,0.0,2.0,2.0\npod,N/A,shippingservice-2,N/A,pod_network_receive_packets,8.34,0.0,14.6,0.0,2.0,2.0\npod,N/A,adservice-0,N/A,pod_memory_working_set_bytes,6030.55,0.0,14222743.92,0.0,2.0,2.0\n", "unique_entities": {"service_name": ["adservice", "cartservice", "checkoutservice", "currencyservice", "emailservice", "frontend", "paymentservice", "productcatalogservice", "recommendationservice", "redis", "shippingservice", "tidb-pd", "tidb-tidb", "tidb-tikv"], "node_name": ["aiops-k8s-01", "aiops-k8s-02", "aiops-k8s-03", "aiops-k8s-04", "aiops-k8s-05", "aiops-k8s-06", "aiops-k8s-07", "aiops-k8s-08"], "pod_name": ["adservice-0", "adservice-1", "adservice-2", "cartservice-0", "cartservice-1", "cartservice-2", "checkoutservice-0", "checkoutservice-1", "checkoutservice-2", "currencyservice-0", "currencyservice-1", "currencyservice-2", "emailservice-0", "emailservice-1", "emailservice-2", "frontend-0", "frontend-1", "frontend-2", "paymentservice-0", "paymentservice-1", "paymentservice-2", "productcatalogservice-0", "productcatalogservice-1", "productcatalogservice-2", "recommendationservice-0", "recommendationservice-1", "recommendationservice-2", "redis-cart-0", "shippingservice-0", "shippingservice-1", "shippingservice-2"]}, "node_pod_mapping": {"aiops-k8s-01": ["checkoutservice-1", "emailservice-1", "shippingservice-1", "recommendationservice-1", "productcatalogservice-0", "productcatalogservice-1", "shippingservice-0", "recommendationservice-2"], "aiops-k8s-02": [], "aiops-k8s-03": ["recommendationservice-0", "frontend-0", "paymentservice-1", "cartservice-2", "adservice-0", "productcatalogservice-2", "recommendationservice-1"], "aiops-k8s-04": ["frontend-2", "checkoutservice-0", "currencyservice-1"], "aiops-k8s-05": ["productcatalogservice-2", "paymentservice-2", "currencyservice-0"], "aiops-k8s-06": ["productcatalogservice-1", "emailservice-2", "checkoutservice-2", "productcatalogservice-0"], "aiops-k8s-07": ["shippingservice-0", "adservice-1", "currencyservice-2", "cartservice-0", "frontend-1", "emailservice-0", "shippingservice-2"], "aiops-k8s-08": ["recommendationservice-2", "shippingservice-2", "paymentservice-0", "redis-cart-0", "cartservice-1", "adservice-2", "shippingservice-1", "recommendationservice-0"]}, "matched_anomaly": "A fault occurred from 2025-06-06T07:03:09Z to 2025-06-06T07:03:10Z. Please identify the root cause.", "time_range": "2025-06-06 07:03:09+00:00 to 2025-06-06 07:03:10+00:00"}, "metric_data_collected": true, "node_pod_mapping": {"aiops-k8s-01": ["checkoutservice-1", "emailservice-1", "shippingservice-1", "recommendationservice-1", "productcatalogservice-0", "productcatalogservice-1", "shippingservice-0", "recommendationservice-2"], "aiops-k8s-02": [], "aiops-k8s-03": ["recommendationservice-0", "frontend-0", "paymentservice-1", "cartservice-2", "adservice-0", "productcatalogservice-2", "recommendationservice-1"], "aiops-k8s-04": ["frontend-2", "checkoutservice-0", "currencyservice-1"], "aiops-k8s-05": ["productcatalogservice-2", "paymentservice-2", "currencyservice-0"], "aiops-k8s-06": ["productcatalogservice-1", "emailservice-2", "checkoutservice-2", "productcatalogservice-0"], "aiops-k8s-07": ["shippingservice-0", "adservice-1", "currencyservice-2", "cartservice-0", "frontend-1", "emailservice-0", "shippingservice-2"], "aiops-k8s-08": ["recommendationservice-2", "shippingservice-2", "paymentservice-0", "redis-cart-0", "cartservice-1", "adservice-2", "shippingservice-1", "recommendationservice-0"]}, "raw_trace_result": {"status": "success", "message": "成功加载trace数据。UUID: c002ac2b-95，共 1 个异常组合，0 个状态组合", "filtered_traces": "node_name,service_name,parent_pod,child_pod,operation_name,normal_avg_duration,anomaly_avg_duration,anomaly_count\naiops-k8s-01,productcatalogservice,recommendationservice-0,productcatalogservice-1,hipstershop.ProductCatalogService/ListProducts,70.2257109065712,54.666666666666664,出现次数:1\n", "unique_entities": {"pod_name": ["productcatalogservice-1", "recommendationservice-0"], "service_name": ["productcatalogservice"], "node_name": ["aiops-k8s-01"]}, "status_combinations": "", "matched_anomaly": "A fault occurred from 2025-06-06T07:03:09Z to 2025-06-06T07:03:10Z. Please identify the root cause.", "time_range": "2025-06-06 07:03:09+00:00 to 2025-06-06 07:03:10+00:00"}, "trace_data_collected": true, "log_analysis_findings": "根据分析结果，未检测到错误日志。\n\n下面是结果的 JSON 格式：\n\n```json\n{\n  \"stance\": \"NEUTRAL\",\n  \"detected_log_keys\": [],\n  \"hypotheses\": []\n}\n```\n\n- 由于没有发现任何错误日志，因此没有提取到任何关键词。\n- 当前没有形成任何异常组件或原因的假设。", "trace_analysis_findings": "To thoroughly analyze the fault that occurred, I will begin with a comprehensive scan of the trace data related to UUID c002ac2b-95. Below are the details I have uncovered based on the trace information provided:\n\n### Trace Data Overview\n\n- **Filtered Traces:**\n  - Node Name: `aiops-k8s-01`\n  - Parent Pod: `recommendationservice-0`\n  - Child Pod: `productcatalogservice-1`\n  - Operation Name: `hipstershop.ProductCatalogService/ListProducts`\n  - Normal Average Duration: `70.23ms`\n  - Anomaly Average Duration: `54.67ms`\n  - Anomaly Count: `1 occurrence`\n\n### Unique Entities\n- **Pod Names**: `productcatalogservice-1`, `recommendationservice-0`\n- **Service Name**: `productcatalogservice`\n- **Node Name**: `aiops-k8s-01`\n\n### Observations:\n- **Latency Analysis**: The anomaly average duration during the fault is less than the normal duration, indicating there is no latency spike in this case but rather a faster response. Therefore, it's not linked to a traditional delay.\n- **Detected Errors**: There is no significant error status code combination provided in the trace results indicating errors like timeout, connection refused, etc.\n\n### Hypothesis\nGiven the scanning results:\n- The anomaly recorded did not result in a higher latency (fast fail scenario), and no significant error status combinations were reported. This might suggest efficient caching or preemptive handling. Alternative causes could include network path optimizations or deliberate architectural changes.\n\n### JSON Output:\n\n```json\n{\n  \"stance\": \"NEUTRAL\",\n  \"detected_trace_keys\": [\"fast_fail\", \"recommendationservice->productcatalogservice\"],\n  \"hypotheses\": [\n    {\n      \"component\": \"productcatalogservice\",\n      \"reason\": \"Fast fail scenario (anomaly_avg_duration < normal_avg_duration)\",\n      \"evidence\": \"Anomaly average duration: 54.67ms vs normal average duration: 70.23ms\"\n    }\n  ]\n}\n```\n\nThe fast fail scenario in this context requires further exploration into either network dynamics, efficient backend adjustments, or application-specific conditions that could contribute to this observation.", "metric_analysis_findings": "Based on the collected data for the fault that occurred on 2025-06-06, here are the significant findings:\n\n### Detected Anomalies\nThe analysis reveals multiple Pods experiencing significant changes in their metrics, indicating performance degradation during the fault period:\n\n1. **Pod CPU Usage**\n   - Pods such as `frontend-0`, `productcatalogservice-2`, and `frontend-2` show a significant drop in CPU usage to zero during the fault, suggesting they were not performing their tasks possibly due to a system halt.\n\n2. **Pod Network Transmit and Receive Packets**\n   - There is a drastic drop to zero in both network transmit and receive packets for multiple Pods (`frontend-0`, `productcatalogservice-2`, `frontend-2`, etc.), indicating a potential network failure or disconnect affecting communication.\n\n3. **Pod Memory Working Set Bytes**\n   - Specifically, `adservice-0` shows that memory usage, indicated by `pod_memory_working_set_bytes`, also drops, signaling either a process stop or unexpected termination.\n\n#### Key Points\n- **Affected Nodes & Pods:** There is no direct indication of a Node-level issue; however, the cascading effects on multiple Pods located on different Nodes imply a broader systemic impact possibly affecting networking or Kubernetes orchestration.\n  \n- **Performance Metrics:**\n  - `pod_cpu_usage`, `pod_network_transmit_packets`, and `pod_network_receive_packets` are the primary metrics that exhibited abnormal behavior, each with a significant `median_change_ratio`.\n\n### JSON Output Format\n```json\n{\n  \"stance\": \"NEUTRAL\",\n  \"detected_metric_keys\": [\n    \"pod_cpu_usage\",\n    \"pod_network_transmit_packets\",\n    \"pod_network_receive_packets\"\n  ],\n  \"hypotheses\": [\n    {\n      \"component\": \"Pod Performance\",\n      \"reason\": \"Drastic fall to zero in CPU and network metrics suggests possible system halt or network disconnect across Pods\",\n      \"evidence\": \"Metrics such as 'pod_cpu_usage' and 'pod_network_receive_packets' showed 100% decrease during fault period\"\n    }\n  ]\n}\n```\n\nThe above details highlight significant anomalies during the fault period, focusing on potential systemic failures impacting Pod-level performance."}
2026-01-03 15:28:27,416 - RootCauseAnalysis - INFO - [Tool Call] consensus_discussion_agent
2026-01-03 15:28:27,416 - RootCauseAnalysis - INFO -     Args: {'request': 'Initiate consensus discussion to analyze collected Log, Metric, and Trace data for UUID c002ac2b-95 regarding the fault on 2025-06-06.'}...
2026-01-03 15:28:27,417 - RootCauseAnalysis - INFO - ============================================================
2026-01-03 15:28:27,417 - RootCauseAnalysis - INFO - CONSENSUS ANALYSIS - Round 0
2026-01-03 15:28:27,417 - RootCauseAnalysis - INFO - Current Hypothesis: （等待写入...）
2026-01-03 15:28:27,417 - RootCauseAnalysis - INFO - ============================================================
2026-01-03 15:28:31,922 - RootCauseAnalysis - INFO - CONSENSUS AGENT OUTPUT PARSED:
2026-01-03 15:28:31,923 - RootCauseAnalysis - INFO -   - Status: DISAGREED
2026-01-03 15:28:31,923 - RootCauseAnalysis - INFO -   - New Hypothesis: The root cause of the fault is a potential systemic failure or network disconnection affecting Pod-level performance.
2026-01-03 15:28:31,923 - RootCauseAnalysis - INFO -   - Reasoning: At this initial phase, the three experts provide neutral but differing perspectives:

1. **Log Expert**: Found no errors in logs, leaving no direct evidence or leads from log data.

2. **Metric Expert**: Identifies significant anomalies in `pod_cpu_usage`, `pod_network_transmit_packets`, and `pod_network_receive_packets`, all dropping to zero across multiple Pods (`frontend-0`, `productcatalogservice-2`, etc.). This suggests a systemic failure at the Pod-level, potentially involving a network-wide issue or orchestration-related disruptions.

3. **Trace Expert**: Observes no latency spikes or critical errors in the service interactions among Pods (`recommendationservice-0` and `productcatalogservice-1`). However, a fast fail scenario is detected where anomaly response times are shorter than normal operations, hinting at potential optimizations or alternative pathways (e.g., caching, network rerouting).

Combining these, the initial observed metrics point toward a systemic issue impacting multiple Pods and services and involving key metrics such as `pod_cpu_usage` and `pod_network_transmit_packets`. However, the exact root cause is not yet agreed upon. Further investigation and data collection are required to align the evidence and verify the initial hypothesis.
2026-01-03 15:28:31,923 - RootCauseAnalysis - INFO - >>> CONSENSUS NOT REACHED. Updating hypothesis and continuing loop. <<<
2026-01-03 15:28:31,923 - RootCauseAnalysis - INFO - ============================================================
2026-01-03 15:28:31,923 - RootCauseAnalysis - INFO - METRIC ANALYSIS - Starting
2026-01-03 15:28:31,923 - RootCauseAnalysis - INFO - ============================================================
2026-01-03 15:28:31,923 - RootCauseAnalysis - INFO - METRIC AGENT - Verifying Hypothesis: The root cause of the fault is...
2026-01-03 15:28:31,923 - RootCauseAnalysis - INFO - ============================================================
2026-01-03 15:28:31,923 - RootCauseAnalysis - INFO - LOG ANALYSIS - Starting
2026-01-03 15:28:31,923 - RootCauseAnalysis - INFO - ============================================================
2026-01-03 15:28:31,923 - RootCauseAnalysis - INFO - LOG AGENT - Initial Scanning
2026-01-03 15:28:31,923 - RootCauseAnalysis - INFO - ============================================================
2026-01-03 15:28:31,923 - RootCauseAnalysis - INFO - TRACE ANALYSIS - Starting
2026-01-03 15:28:31,923 - RootCauseAnalysis - INFO - ============================================================
2026-01-03 15:28:31,923 - RootCauseAnalysis - INFO - TRACE AGENT - Verifying Hypothesis: The root cause of the fault is...
2026-01-03 15:28:44,417 - RootCauseAnalysis - WARNING - LOG AGENT - Log data not collected.
2026-01-03 15:28:47,692 - RootCauseAnalysis - INFO - TRACE AGENT - Analysis Completed
2026-01-03 15:28:47,775 - RootCauseAnalysis - INFO - METRIC AGENT - Analysis Completed
2026-01-03 15:28:47,775 - RootCauseAnalysis - INFO - ============================================================
2026-01-03 15:28:47,775 - RootCauseAnalysis - INFO - CONSENSUS ANALYSIS - Round 1
2026-01-03 15:28:47,775 - RootCauseAnalysis - INFO - Current Hypothesis: The root cause of the fault is a potential systemic failure or network disconnection affecting Pod-level performance.
2026-01-03 15:28:47,775 - RootCauseAnalysis - INFO - ============================================================
2026-01-03 15:28:51,526 - RootCauseAnalysis - INFO - CONSENSUS AGENT OUTPUT PARSED:
2026-01-03 15:28:51,527 - RootCauseAnalysis - INFO -   - Status: DISAGREED
2026-01-03 15:28:51,527 - RootCauseAnalysis - INFO -   - New Hypothesis: The root cause of the fault is a potential systemic failure or network disconnection affecting Pod-level performance.
2026-01-03 15:28:51,527 - RootCauseAnalysis - INFO -   - Reasoning: The analysis reveals conflicting perspectives among experts:

1. **Log Expert**: Found no errors in logs, which offers no supporting evidence of network disconnection or orchestration issues.

2. **Metric Expert**: Strongly supports the hypothesis of a systemic failure or network disconnection. Metrics data shows a drastic drop to zero in `pod_cpu_usage`, `pod_network_transmit_packets`, and `pod_network_receive_packets` across multiple Pods, indicating a broad and systemic impact.

3. **Trace Expert**: Opposes the hypothesis. Observed interactions (`recommendationservice-0 -> productcatalogservice-1`) have a faster-than-normal response with shorter duration times during the anomaly, suggesting an optimized or alternative operational pathway, challenging the idea of systemic delays.

The conflict arises as metrics heavily support systemic network or performance issues, while trace analysis suggests possible fast fail scenarios or optimizations, not typical of systemic failure. Further investigation is needed to resolve these discrepancies and clarify the root cause.
2026-01-03 15:28:51,527 - RootCauseAnalysis - INFO - >>> CONSENSUS NOT REACHED. Updating hypothesis and continuing loop. <<<
2026-01-03 15:28:51,527 - RootCauseAnalysis - INFO - ============================================================
2026-01-03 15:28:51,527 - RootCauseAnalysis - INFO - METRIC ANALYSIS - Starting
2026-01-03 15:28:51,527 - RootCauseAnalysis - INFO - ============================================================
2026-01-03 15:28:51,527 - RootCauseAnalysis - INFO - METRIC AGENT - Verifying Hypothesis: The root cause of the fault is...
2026-01-03 15:28:51,527 - RootCauseAnalysis - INFO - ============================================================
2026-01-03 15:28:51,527 - RootCauseAnalysis - INFO - LOG ANALYSIS - Starting
2026-01-03 15:28:51,527 - RootCauseAnalysis - INFO - ============================================================
2026-01-03 15:28:51,527 - RootCauseAnalysis - INFO - LOG AGENT - Initial Scanning
2026-01-03 15:28:51,527 - RootCauseAnalysis - INFO - ============================================================
2026-01-03 15:28:51,527 - RootCauseAnalysis - INFO - TRACE ANALYSIS - Starting
2026-01-03 15:28:51,527 - RootCauseAnalysis - INFO - ============================================================
2026-01-03 15:28:51,527 - RootCauseAnalysis - INFO - TRACE AGENT - Verifying Hypothesis: The root cause of the fault is...
2026-01-03 15:28:56,795 - RootCauseAnalysis - WARNING - LOG AGENT - Log data not collected.
2026-01-03 15:28:57,011 - RootCauseAnalysis - INFO - TRACE AGENT - Analysis Completed
2026-01-03 15:28:57,125 - RootCauseAnalysis - INFO - METRIC AGENT - Analysis Completed
2026-01-03 15:28:57,126 - RootCauseAnalysis - INFO - ============================================================
2026-01-03 15:28:57,126 - RootCauseAnalysis - INFO - CONSENSUS ANALYSIS - Round 2
2026-01-03 15:28:57,126 - RootCauseAnalysis - INFO - Current Hypothesis: The root cause of the fault is a potential systemic failure or network disconnection affecting Pod-level performance.
2026-01-03 15:28:57,126 - RootCauseAnalysis - INFO - ============================================================
2026-01-03 15:29:01,289 - RootCauseAnalysis - INFO - CONSENSUS AGENT OUTPUT PARSED:
2026-01-03 15:29:01,289 - RootCauseAnalysis - INFO -   - Status: DISAGREED
2026-01-03 15:29:01,289 - RootCauseAnalysis - INFO -   - New Hypothesis: The root cause of the fault is a potential systemic failure or network disconnection affecting Pod-level performance.
2026-01-03 15:29:01,289 - RootCauseAnalysis - INFO -   - Reasoning: The disagreement among experts remains unresolved due to conflicting evidence:

1. **Log Analysis**: Did not reveal any errors, leaving no log-based evidence to support systemic network or orchestration issues.

2. **Metric Expert**: Strongly supports the hypothesis, as key metrics (`pod_cpu_usage`, `pod_network_transmit_packets`, `pod_network_receive_packets`) consistently dropped to zero across multiple Pods, indicating a systemic failure or network disruption.

3. **Trace Expert**: Challenges the hypothesis with no latency spikes, instead finding faster-than-normal response times, suggesting operational optimizations rather than network disconnections or systemic performance degradation.

The conflict hinges upon whether metric anomalies are indicative of a systemic failure that affected Pod performance or if trace indications of fast fail points to resilience mechanisms, such as caching or rerouting. Future investigation needs to bridge the gap between metric evidence and trace observations, specifically examining network event logs, orchestration actions (like load balancing/redirection), and potential service dependency interactions during the fault window.
2026-01-03 15:29:01,289 - RootCauseAnalysis - INFO - >>> CONSENSUS NOT REACHED. Updating hypothesis and continuing loop. <<<
2026-01-03 15:29:01,289 - RootCauseAnalysis - INFO - ============================================================
2026-01-03 15:29:01,289 - RootCauseAnalysis - INFO - METRIC ANALYSIS - Starting
2026-01-03 15:29:01,289 - RootCauseAnalysis - INFO - ============================================================
2026-01-03 15:29:01,289 - RootCauseAnalysis - INFO - METRIC AGENT - Verifying Hypothesis: The root cause of the fault is...
2026-01-03 15:29:01,289 - RootCauseAnalysis - INFO - ============================================================
2026-01-03 15:29:01,289 - RootCauseAnalysis - INFO - LOG ANALYSIS - Starting
2026-01-03 15:29:01,289 - RootCauseAnalysis - INFO - ============================================================
2026-01-03 15:29:01,289 - RootCauseAnalysis - INFO - LOG AGENT - Initial Scanning
2026-01-03 15:29:01,289 - RootCauseAnalysis - INFO - ============================================================
2026-01-03 15:29:01,289 - RootCauseAnalysis - INFO - TRACE ANALYSIS - Starting
2026-01-03 15:29:01,289 - RootCauseAnalysis - INFO - ============================================================
2026-01-03 15:29:01,289 - RootCauseAnalysis - INFO - TRACE AGENT - Verifying Hypothesis: The root cause of the fault is...
2026-01-03 15:29:07,450 - RootCauseAnalysis - INFO - TRACE AGENT - Analysis Completed
2026-01-03 15:29:08,426 - RootCauseAnalysis - WARNING - LOG AGENT - Log data not collected.
2026-01-03 15:29:11,752 - RootCauseAnalysis - INFO - METRIC AGENT - Analysis Completed
2026-01-03 15:29:11,753 - RootCauseAnalysis - INFO - ============================================================
2026-01-03 15:29:11,753 - RootCauseAnalysis - INFO - CONSENSUS ANALYSIS - Round 3
2026-01-03 15:29:11,753 - RootCauseAnalysis - INFO - Current Hypothesis: The root cause of the fault is a potential systemic failure or network disconnection affecting Pod-level performance.
2026-01-03 15:29:11,753 - RootCauseAnalysis - INFO - ============================================================
2026-01-03 15:29:17,500 - RootCauseAnalysis - INFO - CONSENSUS AGENT OUTPUT PARSED:
2026-01-03 15:29:17,500 - RootCauseAnalysis - INFO -   - Status: DISAGREED
2026-01-03 15:29:17,501 - RootCauseAnalysis - INFO -   - New Hypothesis: The root cause of the fault is a potential systemic failure or network disconnection affecting Pod-level performance.
2026-01-03 15:29:17,501 - RootCauseAnalysis - INFO -   - Reasoning: Conflicting evidence prevents the hypothesis from being conclusively validated:

1. **Log Expert**: No evidence of errors was found in logs, leaving this source neutral regarding the hypothesis. In systemic failures or network disconnections, logs would typically report significant errors, retries, or connectivity issues.

2. **Metric Expert**: Strongly supports the hypothesis based on systemic drops in key Pod-level metrics (`pod_cpu_usage`, `pod_network_transmit_packets`, `pod_network_receive_packets`). The consistent zero values for metrics across multiple Pods suggest a widespread failure affecting Pod performance.

3. **Trace Expert**: Opposes the hypothesis, citing faster-than-normal response times for service interactions (e.g., `recommendationservice-0 -> productcatalogservice-1`). This behavior suggests resilience mechanisms such as caching, failover systems, or traffic rerouting mitigating the fault impact, which contradicts typical systemic failure or network disconnection impact patterns.

### Points of Conflict:
- Metrics align with systemic failure, while trace data indicates resilience mechanisms mitigating the impact, creating a discrepancy in interpreting the root cause.
- Logs provide no evidence, complicating the validation of either perspective.

### Next Steps:
1. **Detailed Network Analysis**: Investigate network logs, packet data, and Kubernetes-level interactions during the fault to find evidence of network disconnections or orchestration anomalies.
2. **Service Dependency Analysis**: Examine relationships among affected Pods and services to identify possible shared dependencies triggering cascading failures.
3. **Telemetry and Correlation**: Review if telemetry misconfigurations or false positives might have driven the metric anomalies.

In conclusion, conflicting insights necessitate further investigation before confirming the hypothesis of systemic failure or network disconnection affecting Pod-level performance.
2026-01-03 15:29:17,501 - RootCauseAnalysis - INFO - >>> CONSENSUS NOT REACHED. Updating hypothesis and continuing loop. <<<
2026-01-03 15:29:17,501 - RootCauseAnalysis - INFO - ============================================================
2026-01-03 15:29:17,501 - RootCauseAnalysis - INFO - METRIC ANALYSIS - Starting
2026-01-03 15:29:17,501 - RootCauseAnalysis - INFO - ============================================================
2026-01-03 15:29:17,501 - RootCauseAnalysis - INFO - METRIC AGENT - Verifying Hypothesis: The root cause of the fault is...
2026-01-03 15:29:17,501 - RootCauseAnalysis - INFO - ============================================================
2026-01-03 15:29:17,501 - RootCauseAnalysis - INFO - LOG ANALYSIS - Starting
2026-01-03 15:29:17,501 - RootCauseAnalysis - INFO - ============================================================
2026-01-03 15:29:17,501 - RootCauseAnalysis - INFO - LOG AGENT - Initial Scanning
2026-01-03 15:29:17,501 - RootCauseAnalysis - INFO - ============================================================
2026-01-03 15:29:17,501 - RootCauseAnalysis - INFO - TRACE ANALYSIS - Starting
2026-01-03 15:29:17,501 - RootCauseAnalysis - INFO - ============================================================
2026-01-03 15:29:17,501 - RootCauseAnalysis - INFO - TRACE AGENT - Verifying Hypothesis: The root cause of the fault is...
2026-01-03 15:29:24,652 - RootCauseAnalysis - WARNING - LOG AGENT - Log data not collected.
2026-01-03 15:29:25,165 - RootCauseAnalysis - INFO - TRACE AGENT - Analysis Completed
2026-01-03 15:29:25,578 - RootCauseAnalysis - INFO - METRIC AGENT - Analysis Completed
2026-01-03 15:29:25,579 - RootCauseAnalysis - INFO - ============================================================
2026-01-03 15:29:25,579 - RootCauseAnalysis - INFO - CONSENSUS ANALYSIS - Round 4
2026-01-03 15:29:25,579 - RootCauseAnalysis - INFO - Current Hypothesis: The root cause of the fault is a potential systemic failure or network disconnection affecting Pod-level performance.
2026-01-03 15:29:25,579 - RootCauseAnalysis - INFO - ============================================================
2026-01-03 15:29:33,156 - RootCauseAnalysis - INFO - CONSENSUS AGENT OUTPUT PARSED:
2026-01-03 15:29:33,156 - RootCauseAnalysis - INFO -   - Status: DISAGREED
2026-01-03 15:29:33,157 - RootCauseAnalysis - INFO -   - New Hypothesis: The root cause of the fault is a potential systemic failure or network disconnection affecting Pod-level performance.
2026-01-03 15:29:33,157 - RootCauseAnalysis - INFO -   - Reasoning: Current evidence presents a clear conflict among the perspectives of Log, Metric, and Trace experts:

1. **Log Expert**: Reports no errors or indicators in the logs, which typically would confirm systemic failures or network disconnections, contributing a neutral stance to the hypothesis.

2. **Metric Expert**: Strongly supports the hypothesis due to systemic drops in pod-level metrics (`pod_cpu_usage`, `pod_network_transmit_packets`, `pod_network_receive_packets`) to zero across multiple Pods, reflecting a network or systemic failure impacting Pod performance broadly.

3. **Trace Expert**: Opposes the hypothesis because of faster-than-normal response times shown during the anomaly. This suggests active resilience mechanisms like caching or rerouting, contradicting the typical latency or disruptions associated with systemic failures or network disconnections.

### Key Points of Investigation:
- **Log Absence**: No recorded errors or disruptions in logs.
- **Telemetry Issues**: Examination of telemetry data for accuracy or configuration issues that could explain metric anomalies.
- **Network Events**: Investigation into potential network disruptions at a deeper level (e.g., switches, routers) for disconnections or packet loss not currently logged.
- **Orchestration Activities**: Analysis of Kubernetes events during the fault period for cluster-wide disruptions or changes like pod evictions or scaling that may impact performance metrics.

The evidence suggests a need for further, comprehensive exploration into both technical configurations and systemic redundancies that might have affected trace results versus metric indicators. The pursuit of such knowledge is essential to either validate or refute the proposed hypothesis effectively.
2026-01-03 15:29:33,157 - RootCauseAnalysis - INFO - >>> CONSENSUS NOT REACHED. Updating hypothesis and continuing loop. <<<
2026-01-03 15:29:33,157 - RootCauseAnalysis - INFO - ============================================================
2026-01-03 15:29:33,157 - RootCauseAnalysis - INFO - METRIC ANALYSIS - Starting
2026-01-03 15:29:33,157 - RootCauseAnalysis - INFO - ============================================================
2026-01-03 15:29:33,157 - RootCauseAnalysis - INFO - METRIC AGENT - Verifying Hypothesis: The root cause of the fault is...
2026-01-03 15:29:33,157 - RootCauseAnalysis - INFO - ============================================================
2026-01-03 15:29:33,157 - RootCauseAnalysis - INFO - LOG ANALYSIS - Starting
2026-01-03 15:29:33,157 - RootCauseAnalysis - INFO - ============================================================
2026-01-03 15:29:33,157 - RootCauseAnalysis - INFO - LOG AGENT - Initial Scanning
2026-01-03 15:29:33,157 - RootCauseAnalysis - INFO - ============================================================
2026-01-03 15:29:33,157 - RootCauseAnalysis - INFO - TRACE ANALYSIS - Starting
2026-01-03 15:29:33,157 - RootCauseAnalysis - INFO - ============================================================
2026-01-03 15:29:33,157 - RootCauseAnalysis - INFO - TRACE AGENT - Verifying Hypothesis: The root cause of the fault is...
2026-01-03 15:29:41,550 - RootCauseAnalysis - INFO - METRIC AGENT - Analysis Completed
2026-01-03 15:29:43,218 - RootCauseAnalysis - WARNING - LOG AGENT - Log data not collected.
2026-01-03 15:29:44,825 - RootCauseAnalysis - INFO - TRACE AGENT - Analysis Completed
2026-01-03 15:29:44,825 - RootCauseAnalysis - INFO - ============================================================
2026-01-03 15:29:44,825 - RootCauseAnalysis - INFO - CONSENSUS ANALYSIS - Round 5
2026-01-03 15:29:44,825 - RootCauseAnalysis - INFO - Current Hypothesis: The root cause of the fault is a potential systemic failure or network disconnection affecting Pod-level performance.
2026-01-03 15:29:44,825 - RootCauseAnalysis - INFO - ============================================================
2026-01-03 15:29:53,015 - RootCauseAnalysis - INFO - CONSENSUS AGENT OUTPUT PARSED:
2026-01-03 15:29:53,015 - RootCauseAnalysis - INFO -   - Status: DISAGREED
2026-01-03 15:29:53,015 - RootCauseAnalysis - INFO -   - New Hypothesis: The root cause of the fault is a potential systemic failure or network disconnection affecting Pod-level performance.
2026-01-03 15:29:53,015 - RootCauseAnalysis - INFO -   - Reasoning: Currently, there is a significant disagreement among experts regarding the root cause of the fault due to conflicting data:

1. **Log Analysis**: The log analysis has shown no errors, which is neutral for the hypothesis. The absence of logs related to connectivity issues, such as retries or disconnections, creates uncertainty since these signals are typically expected during systemic network disconnections or orchestration failures.

2. **Metric Analysis**: There is strong support from metric data showing that key metrics such as `pod_cpu_usage`, `pod_network_transmit_packets`, and `pod_network_receive_packets` dropped to zero across multiple Pods. This evidence heavily suggests a broad, systemic failure impacting Pod-level performance, consistent with network or orchestration disruptions.

3. **Trace Analysis**: The trace analysis opposes the hypothesis by evidencing faster-than-normal response times during the anomaly. This finding suggests that resilience mechanisms, like caching, rerouting, or failover systems, potentially mitigated fault effects, indicating an operation optimization rather than systemic failure.

### Investigation Directions
- Perform a deeper investigation into network event logs for packet loss, disconnections, or routing anomalies during the fault period. Review DNS resolutions and external service connections for potential disruptions.
- Examine cluster-orchestration events in the Kubernetes logs for pod evictions, re-scheduling, autoscaling activities, or node disruptions that could impact multiple Pods simultaneously.
- Investigate service architecture for resilience mechanisms such as caching layers, failover systems, or network rerouting that could explain the trace data's faster-than-usual responses.
- Validate telemetry systems to confirm the accuracy of metric anomalies, ensuring no misconfiguration is causing incorrect reporting.
- Conduct a service dependency analysis to look for bottlenecks or cascading effects in upstream/downstream service interactions.

These investigative steps are critical to resolve the current disagreements among domain experts and validate or refute the current hypothesis, ultimately leading to a stronger consensus on the fault’s root cause.
2026-01-03 15:29:53,015 - RootCauseAnalysis - INFO - >>> CONSENSUS NOT REACHED. Updating hypothesis and continuing loop. <<<
2026-01-03 15:29:53,015 - RootCauseAnalysis - INFO - ============================================================
2026-01-03 15:29:53,015 - RootCauseAnalysis - INFO - METRIC ANALYSIS - Starting
2026-01-03 15:29:53,015 - RootCauseAnalysis - INFO - ============================================================
2026-01-03 15:29:53,015 - RootCauseAnalysis - INFO - METRIC AGENT - Verifying Hypothesis: The root cause of the fault is...
2026-01-03 15:29:53,015 - RootCauseAnalysis - INFO - ============================================================
2026-01-03 15:29:53,015 - RootCauseAnalysis - INFO - LOG ANALYSIS - Starting
2026-01-03 15:29:53,015 - RootCauseAnalysis - INFO - ============================================================
2026-01-03 15:29:53,015 - RootCauseAnalysis - INFO - LOG AGENT - Initial Scanning
2026-01-03 15:29:53,015 - RootCauseAnalysis - INFO - ============================================================
2026-01-03 15:29:53,015 - RootCauseAnalysis - INFO - TRACE ANALYSIS - Starting
2026-01-03 15:29:53,015 - RootCauseAnalysis - INFO - ============================================================
2026-01-03 15:29:53,015 - RootCauseAnalysis - INFO - TRACE AGENT - Verifying Hypothesis: The root cause of the fault is...
2026-01-03 15:30:00,097 - RootCauseAnalysis - WARNING - LOG AGENT - Log data not collected.
2026-01-03 15:30:01,750 - RootCauseAnalysis - INFO - METRIC AGENT - Analysis Completed
2026-01-03 15:30:03,466 - RootCauseAnalysis - INFO - TRACE AGENT - Analysis Completed
2026-01-03 15:30:03,467 - RootCauseAnalysis - INFO - [Tool Resp] consensus_discussion_agent
2026-01-03 15:30:03,467 - RootCauseAnalysis - INFO -     Result: {'result': "Given the ongoing disagreements among domain experts and the need to resolve potential conflicts in the analysis of logs, metrics, and trace data, here's a detailed plan outlining the next steps:\n\n### **Consolidated Investigation Plan**\n\n#### 1. **Detailed Network Events Analysis**\n   - **Objective**: Identify any low-level network issues, such as packet loss, disconnections, or routing anomalies that are not reflected in directly correlated logs.\n   - **Actions**:\n     - Cond...
2026-01-03 15:30:03,467 - RootCauseAnalysis - INFO - [State Update] {"consensus_iteration": 6, "consensus_decision": "DISAGREED", "current_hypothesis": "The root cause of the fault is a potential systemic failure or network disconnection affecting Pod-level performance.", "current_task_instruction": "当前处于【假设验证阶段】。\n待验证的根因假设是：'The root cause of the fault is a potential systemic failure or network disconnection affecting Pod-level performance.'。\n请基于 Trace 数据判断该假设是否成立。\n重点：请在返回 JSON 的 'stance' 字段中明确标记 'SUPPORT' 或 'OPPOSE'。", "raw_metric_result": {"status": "success", "message": "成功加载metric数据。UUID: c002ac2b-95", "anomaly_metrics": "metric_type,service_name,pod_name,node_name,metric_name,normal_median,fault_median,normal_p99,fault_p99,median_change_ratio,p99_change_ratio\npod,N/A,frontend-0,N/A,pod_cpu_usage,0.04,0.0,0.05,0.0,2.0,2.0\npod,N/A,productcatalogservice-2,N/A,pod_cpu_usage,0.06,0.0,0.07,0.0,2.0,2.0\npod,N/A,redis-cart-0,N/A,pod_cpu_usage,0.0,0.0,0.09,0.0,0.0,2.0\npod,N/A,frontend-2,N/A,pod_cpu_usage,0.04,0.0,0.05,0.0,2.0,2.0\npod,N/A,productcatalogservice-2,N/A,pod_network_transmit_packets,335.14,0.0,379.35,0.0,2.0,2.0\npod,N/A,productcatalogservice-2,N/A,pod_network_receive_packets,296.59,0.0,333.32,0.0,2.0,2.0\npod,N/A,frontend-2,N/A,pod_network_transmit_packets,107.53,0.0,128.99,0.0,2.0,2.0\npod,N/A,frontend-0,N/A,pod_network_transmit_packets,101.94,0.0,126.41,0.0,2.0,2.0\npod,N/A,frontend-1,N/A,pod_network_transmit_packets,83.48,0.0,107.02,0.0,2.0,2.0\npod,N/A,frontend-2,N/A,pod_network_receive_packets,85.29,0.0,106.03,0.0,2.0,2.0\npod,N/A,frontend-0,N/A,pod_network_receive_packets,83.47,0.0,104.89,0.0,2.0,2.0\npod,N/A,frontend-1,N/A,pod_network_receive_packets,67.14,0.0,87.98,0.0,2.0,2.0\npod,N/A,currencyservice-1,N/A,pod_network_transmit_packets,43.22,0.0,82.0,0.0,2.0,2.0\npod,N/A,currencyservice-1,N/A,pod_network_receive_packets,43.34,0.0,80.52,0.0,2.0,2.0\npod,N/A,checkoutservice-2,N/A,pod_network_transmit_packets,30.85,0.0,80.11,0.0,2.0,2.0\npod,N/A,checkoutservice-2,N/A,pod_network_receive_packets,25.31,0.0,66.43,0.0,2.0,2.0\npod,N/A,currencyservice-0,N/A,pod_network_transmit_packets,24.88,0.0,43.05,0.0,2.0,2.0\npod,N/A,currencyservice-0,N/A,pod_network_receive_packets,25.65,0.0,42.6,0.0,2.0,2.0\npod,N/A,recommendationservice-0,N/A,pod_network_receive_packets,36.11,0.0,40.5,0.0,2.0,2.0\npod,N/A,recommendationservice-0,N/A,pod_network_transmit_packets,24.8,0.0,27.85,0.0,2.0,2.0\npod,N/A,cartservice-2,N/A,pod_network_receive_packets,22.77,0.0,26.56,0.0,2.0,2.0\npod,N/A,adservice-0,N/A,pod_network_receive_packets,19.83,0.0,24.98,0.0,2.0,2.0\npod,N/A,productcatalogservice-1,N/A,pod_network_transmit_packets,21.2,0.0,24.77,0.0,2.0,2.0\npod,N/A,cartservice-2,N/A,pod_network_transmit_packets,20.1,0.0,23.18,0.0,2.0,2.0\npod,N/A,adservice-0,N/A,pod_network_transmit_packets,17.44,0.0,22.2,0.0,2.0,2.0\npod,N/A,productcatalogservice-1,N/A,pod_network_receive_packets,17.54,0.0,20.16,0.0,2.0,2.0\npod,N/A,adservice-1,N/A,pod_memory_working_set_bytes,0.0,0.0,18358794.53,0.0,0.0,2.0\npod,N/A,redis-cart-0,N/A,pod_network_receive_packets,14.16,0.0,16.34,0.0,2.0,2.0\npod,N/A,shippingservice-2,N/A,pod_network_receive_packets,8.34,0.0,14.6,0.0,2.0,2.0\npod,N/A,adservice-0,N/A,pod_memory_working_set_bytes,6030.55,0.0,14222743.92,0.0,2.0,2.0\n", "unique_entities": {"service_name": ["adservice", "cartservice", "checkoutservice", "currencyservice", "emailservice", "frontend", "paymentservice", "productcatalogservice", "recommendationservice", "redis", "shippingservice", "tidb-pd", "tidb-tidb", "tidb-tikv"], "node_name": ["aiops-k8s-01", "aiops-k8s-02", "aiops-k8s-03", "aiops-k8s-04", "aiops-k8s-05", "aiops-k8s-06", "aiops-k8s-07", "aiops-k8s-08"], "pod_name": ["adservice-0", "adservice-1", "adservice-2", "cartservice-0", "cartservice-1", "cartservice-2", "checkoutservice-0", "checkoutservice-1", "checkoutservice-2", "currencyservice-0", "currencyservice-1", "currencyservice-2", "emailservice-0", "emailservice-1", "emailservice-2", "frontend-0", "frontend-1", "frontend-2", "paymentservice-0", "paymentservice-1", "paymentservice-2", "productcatalogservice-0", "productcatalogservice-1", "productcatalogservice-2", "recommendationservice-0", "recommendationservice-1", "recommendationservice-2", "redis-cart-0", "shippingservice-0", "shippingservice-1", "shippingservice-2"]}, "node_pod_mapping": {"aiops-k8s-01": ["checkoutservice-1", "emailservice-1", "shippingservice-1", "recommendationservice-1", "productcatalogservice-0", "productcatalogservice-1", "shippingservice-0", "recommendationservice-2"], "aiops-k8s-02": [], "aiops-k8s-03": ["recommendationservice-0", "frontend-0", "paymentservice-1", "cartservice-2", "adservice-0", "productcatalogservice-2", "recommendationservice-1"], "aiops-k8s-04": ["frontend-2", "checkoutservice-0", "currencyservice-1"], "aiops-k8s-05": ["productcatalogservice-2", "paymentservice-2", "currencyservice-0"], "aiops-k8s-06": ["productcatalogservice-1", "emailservice-2", "checkoutservice-2", "productcatalogservice-0"], "aiops-k8s-07": ["shippingservice-0", "adservice-1", "currencyservice-2", "cartservice-0", "frontend-1", "emailservice-0", "shippingservice-2"], "aiops-k8s-08": ["recommendationservice-2", "shippingservice-2", "paymentservice-0", "redis-cart-0", "cartservice-1", "adservice-2", "shippingservice-1", "recommendationservice-0"]}, "matched_anomaly": "A fault occurred from 2025-06-06T07:03:09Z to 2025-06-06T07:03:10Z. Please identify the root cause.", "time_range": "2025-06-06 07:03:09+00:00 to 2025-06-06 07:03:10+00:00"}, "metric_data_collected": true, "node_pod_mapping": {"aiops-k8s-01": ["checkoutservice-1", "emailservice-1", "shippingservice-1", "recommendationservice-1", "productcatalogservice-0", "productcatalogservice-1", "shippingservice-0", "recommendationservice-2"], "aiops-k8s-02": [], "aiops-k8s-03": ["recommendationservice-0", "frontend-0", "paymentservice-1", "cartservice-2", "adservice-0", "productcatalogservice-2", "recommendationservice-1"], "aiops-k8s-04": ["frontend-2", "checkoutservice-0", "currencyservice-1"], "aiops-k8s-05": ["productcatalogservice-2", "paymentservice-2", "currencyservice-0"], "aiops-k8s-06": ["productcatalogservice-1", "emailservice-2", "checkoutservice-2", "productcatalogservice-0"], "aiops-k8s-07": ["shippingservice-0", "adservice-1", "currencyservice-2", "cartservice-0", "frontend-1", "emailservice-0", "shippingservice-2"], "aiops-k8s-08": ["recommendationservice-2", "shippingservice-2", "paymentservice-0", "redis-cart-0", "cartservice-1", "adservice-2", "shippingservice-1", "recommendationservice-0"]}, "raw_trace_result": {"status": "success", "message": "成功加载trace数据。UUID: c002ac2b-95，共 1 个异常组合，0 个状态组合", "filtered_traces": "node_name,service_name,parent_pod,child_pod,operation_name,normal_avg_duration,anomaly_avg_duration,anomaly_count\naiops-k8s-01,productcatalogservice,recommendationservice-0,productcatalogservice-1,hipstershop.ProductCatalogService/ListProducts,70.2257109065712,54.666666666666664,出现次数:1\n", "unique_entities": {"pod_name": ["productcatalogservice-1", "recommendationservice-0"], "service_name": ["productcatalogservice"], "node_name": ["aiops-k8s-01"]}, "status_combinations": "", "matched_anomaly": "A fault occurred from 2025-06-06T07:03:09Z to 2025-06-06T07:03:10Z. Please identify the root cause.", "time_range": "2025-06-06 07:03:09+00:00 to 2025-06-06 07:03:10+00:00"}, "trace_data_collected": true, "log_analysis_findings": "Given the evidence and ongoing analyses, an updated strategy is outlined to reconcile the disagreements and either confirm or refute the hypothesis regarding the fault:\n\n### Summary of the Disagreement\n1. **Log Analysis**: \n   - **Stance**: Neutral\n   - **Evidence**: No error logs indicate connectivity issues, leaving uncertainty as no direct support or opposition is provided for the hypothesis.\n\n2. **Metric Analysis**:\n   - **Stance**: Support\n   - **Evidence**: Significant drops in critical metrics across several Pods strongly suggest a systemic failure impacting performance, consistent with network or orchestration disruptions.\n\n3. **Trace Analysis**:\n   - **Stance**: Oppose\n   - **Evidence**: Faster-than-normal operation speeds during the anomaly suggest the presence of resilience mechanisms, indicating optimized operations rather than systemic failure.\n\n### Investigation Path\nTo address the conflicting evidence and resolve the disagreement, the following focused investigation is proposed:\n\n1. **Detailed Network Analysis**:\n   - Access deeper network logs to detect potential packet loss, disconnections, routing issues, or DNS failures during the critical period.\n   - Evaluate network equipment logs (e.g., switches, routers) for anomalies that might not be captured in Kubernetes-level logs.\n\n2. **Orchestration and Cluster Events**:\n   - Review Kubernetes events for orchestration changes affecting multiple Pods, including evictions, rescheduling, autoscaling, or node disruptions.\n   - Identify if specific automated recovery actions, like node failover or service migration, align with the time of metric anomalies.\n\n3. **Asses Resilience Mechanisms**:\n   - Map the architecture to identify active resilience mechanisms, such as:\n     - **Caching systems**: Examine caches that could result in faster responses during the anomaly.\n     - **Failover and Rerouting**: Investigate whether network failover or traffic rerouting was employed to maintain service performance.\n\n4. **Telemetry Data Validation**:\n   - Conduct audits on telemetry configuration to ensure metric reporting is accurate and free of misconfigurations or data integrity issues.\n   - Cross-reference telemetry data with manual benchmarks or parallel systems for verification.\n\n5. **Service Dependency and Interaction Analysis**:\n   - Investigate service dependencies to identify bottlenecks or cascading failures in service interactions.\n   - Determine if shared upstream dependencies contributed to the simultaneous impact across Pods.\n\n### Updated Hypothesis Stance\n**Current Stance**: **NEUTRAL**\n- **Rationale**: While metrics imply systemic failure, trace data suggests resilience mechanisms were effective in mitigating impact, and no logs evidence direct systemic or network failure.\n\nThe investigations outlined will provide a comprehensive understanding and may reveal interdependencies or misconfigurations accounting for the discrepancies between the metric and trace data, enabling a unified expert consensus on the root cause.", "trace_analysis_findings": "Given the ongoing disagreements among domain experts and the need to resolve potential conflicts in the analysis of logs, metrics, and trace data, here's a detailed plan outlining the next steps:\n\n### **Consolidated Investigation Plan**\n\n#### 1. **Detailed Network Events Analysis**\n   - **Objective**: Identify any low-level network issues, such as packet loss, disconnections, or routing anomalies that are not reflected in directly correlated logs.\n   - **Actions**:\n     - Conduct a review of network logs, particularly focusing on routers, switches, and network interfaces for any anomalies during the time of the fault.\n     - Analyze DNS resolutions and connections to external services to determine any interruptions or anomalies in communications.\n     - Utilize network flow logs (e.g., AWS VPC Flow Logs, GCP Flow Logs) to look for discrepancies in expected traffic patterns.\n\n#### 2. **Cluster Orchestration and Kubernetes Event Logs**\n   - **Objective**: Verify if orchestration activities or events triggered by Kubernetes contributed to performance anomalies.\n   - **Actions**:\n     - Examine Kubernetes event logs for indications of pod evictions, resource shortages, autoscaling events, or node disruptions that might align with noted metric anomalies.\n     - Correlate orchestration actions with the timeline of the fault to identify misconfigurations or procedural overlaps potentially impacting systemic reliability.\n\n#### 3. **Service Resilience and Architecture Review**\n   - **Objective**: Assess the role of resilience mechanisms, like caching, through service architecture which might explain the trace observations.\n   - **Actions**:\n     - Validate the presence and configurations of caching layers, failover protocols, or traffic rerouting rules within the affected services (particularly `recommendationservice-0` and `productcatalogservice-1`).\n     - Compare trace paths during normal and anomalous periods to identify deviations potentially aligned with predetermined resilience strategies.\n\n#### 4. **Telemetry and Metric System Validation**\n   - **Objective**: Confirm that telemetry systems are accurately reporting metrics without misconfigurations or empty data due to misread signals.\n   - **Actions**:\n     - Conduct checks on telemetry configurations (e.g., Prometheus, Datadog) to ensure data accuracy and completeness.\n     - Investigate potential data pipeline issues or telemetry collection bugs that could simulate false zero-drop patterns in metrics.\n\n#### 5. **Comprehensive Service Dependency and Interaction Analysis**\n   - **Objective**: Review potential service-to-service interactions acting as bottlenecks or sources of cascading effects.\n   - **Actions**:\n     - Map service dependencies and interactions to clarify any upstream or downstream service impacts during the anomaly period.\n     - Test for dependency failures or bottlenecks that may explain discrepancies between observed fast responses versus systemic performance hints.\n\n### **Expected Outcomes**\n- Achieving coherence across metrics, logs, and traces by confirming or ruling out low-level network causes and orchestration-related disruptions.\n- Clarifying whether operational optimizations (caching, failover) are masking or legitimately handling sporadic failures.\n- Ensuring data accuracy to prevent misleading conclusions by thoroughly validating telemetry and metric systems.\n\nThe resolution of discrepancies in domain expert interpretations will enable a more unified and accurate understanding of the root cause, improving future fault mitigation strategies. \n\nPlease let me know if additional specific tools or resources are needed for any of the above steps.", "metric_analysis_findings": "The conflict highlighted by the **consensus_agent** reflects a significant challenge in determining the root cause of the fault from the available data due to divergent insights from logs, metrics, and traces. Here is a concise breakdown of the conflict, current understanding, and forthcoming steps:\n\n---\n\n### Recap of Expert Insights\n\n1. **Log Analysis**:\n   - **State**: No logs showing errors or connectivity warnings.\n   - **Implication**: Typically, one would expect log entries indicating connectivity issues, retries, or orchestration problems during systemic failures. The absence can imply either no systemic issue existed, or such events were unlogged or quickly mitigated.\n\n2. **Metric Analysis**:\n   - **State**: Key Pod metrics (`pod_cpu_usage`, `pod_network_transmit_packets`, `pod_network_receive_packets`) dropped to zero across many Pods.\n   - **Implication**: Such widespread metric drops support a systemic failure or network-level disconnection affecting Pod operations, indicating potential orchestration faults or network issues.\n\n3. **Trace Analysis**:\n   - **State**: Faster-than-normal response times found in traces during the anomaly.\n   - **Implication**: This suggests mechanisms (e.g., caching, failover, rerouting) existed that provided resilience, preventing typical impact seen from a systemic failure as indicated by metrics.\n\n---\n\n### Key Points of Investigation\n\n1. **Network and DNS Logs**:\n   - Focus on packet loss, disconnections, DNS resolution failures, and routing anomalies from network appliances and orchestration layers (such as Kubernetes events logs).\n\n2. **Cluster-Orchestration Events**:\n   - Evaluate Kubernetes events for Pod evictions, rescheduling, autoscaling, or Node-level events impacting multiple Pods.\n\n3. **Service Architecture Resilience**:\n   - Delve into architectural components that could mitigate fault effects, including:\n     - Caching mechanisms\n     - Failover systems\n     - Load balancing or network rerouting strategies\n\n4. **Telemetry Validation**:\n   - Assess telemetry systems for accuracy. Ensure no data collection misconfigurations lead to false positives or inconsistent reporting in metrics.\n\n5. **Service Dependency and Impact Analysis**:\n   - Map out service interactions to identify potential upstream or downstream bottlenecks, and explore cascading effects contributing to or exacerbating the fault condition.\n\n---\n\n### Conclusion and Recommendation\n\nThe conflicting conclusions from different data sources necessitate a multilateral investigation approach. Addressing these divergent insights with deeper probing into network events, orchestration mechanisms, service architecture, and telemetry configurations can help clarify:\n- Whether a systemic failure or network disconnection indeed occurred, and its impact range.\n- How resilience mechanisms impacted trace observations, potentially shielding services from disruption impact typically expected from empirical metric data.\n\nUntil these steps are accomplished and insights aligned, the hypothesis remains undecided; we neither conclusively reject nor affirm it. A comprehensive, coordinated investigative effort is essential for resolving this issue and forming a robust conclusion on the fault's root cause."}
2026-01-03 15:30:05,407 - RootCauseAnalysis - INFO - [Tool Call] report_agent
2026-01-03 15:30:05,407 - RootCauseAnalysis - INFO -     Args: {'request': 'Generate a detailed report for the incident identified by UUID c002ac2b-95. Include key anomalies related to CPU, network, and memory metrics, as well as the findings from the consensus discussion across logs, metrics, and traces.'}...
2026-01-03 15:30:05,407 - RootCauseAnalysis - INFO - ============================================================
2026-01-03 15:30:05,407 - RootCauseAnalysis - INFO - REPORT ANALYSIS - Starting
2026-01-03 15:30:08,581 - RootCauseAnalysis - INFO - REPORT ANALYSIS COMPLETED - Saved results in report_analysis_output.json
2026-01-03 15:30:08,581 - RootCauseAnalysis - INFO - [Tool Resp] report_agent
2026-01-03 15:30:08,581 - RootCauseAnalysis - INFO -     Result: {'uuid': 'c002ac2b-95', 'component': 'recommendationservice-0', 'reason': 'pod_cpu_usage metric drop suggesting systemic failure or disconnection', 'reasoning_trace': [{'step': 1, 'action': 'LoadMetrics(recommendationservice-0)', 'observation': 'pod_cpu_usage dropped to zero indicating systemic issue'}, {'step': 2, 'action': 'LogSearch(recommendationservice-0)', 'observation': 'No error logs found during the fault period'}, {'step': 3, 'action': 'TraceAnalysis(c002ac2b-95)', 'observation': 'fast...
2026-01-03 15:30:08,581 - RootCauseAnalysis - INFO - [State Update] {"hypotheses_summary": "The root cause of the fault is a potential systemic failure or network disconnection affecting Pod-level performance.", "log_analysis_findings": "Given the evidence and ongoing analyses, an updated strategy is outlined to reconcile the disagreements and either confirm or refute the hypothesis regarding the fault:\n\n### Summary of the Disagreement\n1. **Log Analysis**: \n   - **Stance**: Neutral\n   - **Evidence**: No error logs indicate connectivity issues, leaving uncertainty as no direct support or opposition is provided for the hypothesis.\n\n2. **Metric Analysis**:\n   - **Stance**: Support\n   - **Evidence**: Significant drops in critical metrics across several Pods strongly suggest a systemic failure impacting performance, consistent with network or orchestration disruptions.\n\n3. **Trace Analysis**:\n   - **Stance**: Oppose\n   - **Evidence**: Faster-than-normal operation speeds during the anomaly suggest the presence of resilience mechanisms, indicating optimized operations rather than systemic failure.\n\n### Investigation Path\nTo address the conflicting evidence and resolve the disagreement, the following focused investigation is proposed:\n\n1. **Detailed Network Analysis**:\n   - Access deeper network logs to detect potential packet loss, disconnections, routing issues, or DNS failures during the critical period.\n   - Evaluate network equipment logs (e.g., switches, routers) for anomalies that might not be captured in Kubernetes-level logs.\n\n2. **Orchestration and Cluster Events**:\n   - Review Kubernetes events for orchestration changes affecting multiple Pods, including evictions, rescheduling, autoscaling, or node disruptions.\n   - Identify if specific automated recovery actions, like node failover or service migration, align with the time of metric anomalies.\n\n3. **Asses Resilience Mechanisms**:\n   - Map the architecture to identify active resilience mechanisms, such as:\n     - **Caching systems**: Examine caches that could result in faster responses during the anomaly.\n     - **Failover and Rerouting**: Investigate whether network failover or traffic rerouting was employed to maintain service performance.\n\n4. **Telemetry Data Validation**:\n   - Conduct audits on telemetry configuration to ensure metric reporting is accurate and free of misconfigurations or data integrity issues.\n   - Cross-reference telemetry data with manual benchmarks or parallel systems for verification.\n\n5. **Service Dependency and Interaction Analysis**:\n   - Investigate service dependencies to identify bottlenecks or cascading failures in service interactions.\n   - Determine if shared upstream dependencies contributed to the simultaneous impact across Pods.\n\n### Updated Hypothesis Stance\n**Current Stance**: **NEUTRAL**\n- **Rationale**: While metrics imply systemic failure, trace data suggests resilience mechanisms were effective in mitigating impact, and no logs evidence direct systemic or network failure.\n\nThe investigations outlined will provide a comprehensive understanding and may reveal interdependencies or misconfigurations accounting for the discrepancies between the metric and trace data, enabling a unified expert consensus on the root cause.", "metric_analysis_findings": "The conflict highlighted by the **consensus_agent** reflects a significant challenge in determining the root cause of the fault from the available data due to divergent insights from logs, metrics, and traces. Here is a concise breakdown of the conflict, current understanding, and forthcoming steps:\n\n---\n\n### Recap of Expert Insights\n\n1. **Log Analysis**:\n   - **State**: No logs showing errors or connectivity warnings.\n   - **Implication**: Typically, one would expect log entries indicating connectivity issues, retries, or orchestration problems during systemic failures. The absence can imply either no systemic issue existed, or such events were unlogged or quickly mitigated.\n\n2. **Metric Analysis**:\n   - **State**: Key Pod metrics (`pod_cpu_usage`, `pod_network_transmit_packets`, `pod_network_receive_packets`) dropped to zero across many Pods.\n   - **Implication**: Such widespread metric drops support a systemic failure or network-level disconnection affecting Pod operations, indicating potential orchestration faults or network issues.\n\n3. **Trace Analysis**:\n   - **State**: Faster-than-normal response times found in traces during the anomaly.\n   - **Implication**: This suggests mechanisms (e.g., caching, failover, rerouting) existed that provided resilience, preventing typical impact seen from a systemic failure as indicated by metrics.\n\n---\n\n### Key Points of Investigation\n\n1. **Network and DNS Logs**:\n   - Focus on packet loss, disconnections, DNS resolution failures, and routing anomalies from network appliances and orchestration layers (such as Kubernetes events logs).\n\n2. **Cluster-Orchestration Events**:\n   - Evaluate Kubernetes events for Pod evictions, rescheduling, autoscaling, or Node-level events impacting multiple Pods.\n\n3. **Service Architecture Resilience**:\n   - Delve into architectural components that could mitigate fault effects, including:\n     - Caching mechanisms\n     - Failover systems\n     - Load balancing or network rerouting strategies\n\n4. **Telemetry Validation**:\n   - Assess telemetry systems for accuracy. Ensure no data collection misconfigurations lead to false positives or inconsistent reporting in metrics.\n\n5. **Service Dependency and Impact Analysis**:\n   - Map out service interactions to identify potential upstream or downstream bottlenecks, and explore cascading effects contributing to or exacerbating the fault condition.\n\n---\n\n### Conclusion and Recommendation\n\nThe conflicting conclusions from different data sources necessitate a multilateral investigation approach. Addressing these divergent insights with deeper probing into network events, orchestration mechanisms, service architecture, and telemetry configurations can help clarify:\n- Whether a systemic failure or network disconnection indeed occurred, and its impact range.\n- How resilience mechanisms impacted trace observations, potentially shielding services from disruption impact typically expected from empirical metric data.\n\nUntil these steps are accomplished and insights aligned, the hypothesis remains undecided; we neither conclusively reject nor affirm it. A comprehensive, coordinated investigative effort is essential for resolving this issue and forming a robust conclusion on the fault's root cause.", "trace_analysis_findings": "Given the ongoing disagreements among domain experts and the need to resolve potential conflicts in the analysis of logs, metrics, and trace data, here's a detailed plan outlining the next steps:\n\n### **Consolidated Investigation Plan**\n\n#### 1. **Detailed Network Events Analysis**\n   - **Objective**: Identify any low-level network issues, such as packet loss, disconnections, or routing anomalies that are not reflected in directly correlated logs.\n   - **Actions**:\n     - Conduct a review of network logs, particularly focusing on routers, switches, and network interfaces for any anomalies during the time of the fault.\n     - Analyze DNS resolutions and connections to external services to determine any interruptions or anomalies in communications.\n     - Utilize network flow logs (e.g., AWS VPC Flow Logs, GCP Flow Logs) to look for discrepancies in expected traffic patterns.\n\n#### 2. **Cluster Orchestration and Kubernetes Event Logs**\n   - **Objective**: Verify if orchestration activities or events triggered by Kubernetes contributed to performance anomalies.\n   - **Actions**:\n     - Examine Kubernetes event logs for indications of pod evictions, resource shortages, autoscaling events, or node disruptions that might align with noted metric anomalies.\n     - Correlate orchestration actions with the timeline of the fault to identify misconfigurations or procedural overlaps potentially impacting systemic reliability.\n\n#### 3. **Service Resilience and Architecture Review**\n   - **Objective**: Assess the role of resilience mechanisms, like caching, through service architecture which might explain the trace observations.\n   - **Actions**:\n     - Validate the presence and configurations of caching layers, failover protocols, or traffic rerouting rules within the affected services (particularly `recommendationservice-0` and `productcatalogservice-1`).\n     - Compare trace paths during normal and anomalous periods to identify deviations potentially aligned with predetermined resilience strategies.\n\n#### 4. **Telemetry and Metric System Validation**\n   - **Objective**: Confirm that telemetry systems are accurately reporting metrics without misconfigurations or empty data due to misread signals.\n   - **Actions**:\n     - Conduct checks on telemetry configurations (e.g., Prometheus, Datadog) to ensure data accuracy and completeness.\n     - Investigate potential data pipeline issues or telemetry collection bugs that could simulate false zero-drop patterns in metrics.\n\n#### 5. **Comprehensive Service Dependency and Interaction Analysis**\n   - **Objective**: Review potential service-to-service interactions acting as bottlenecks or sources of cascading effects.\n   - **Actions**:\n     - Map service dependencies and interactions to clarify any upstream or downstream service impacts during the anomaly period.\n     - Test for dependency failures or bottlenecks that may explain discrepancies between observed fast responses versus systemic performance hints.\n\n### **Expected Outcomes**\n- Achieving coherence across metrics, logs, and traces by confirming or ruling out low-level network causes and orchestration-related disruptions.\n- Clarifying whether operational optimizations (caching, failover) are masking or legitimately handling sporadic failures.\n- Ensuring data accuracy to prevent misleading conclusions by thoroughly validating telemetry and metric systems.\n\nThe resolution of discrepancies in domain expert interpretations will enable a more unified and accurate understanding of the root cause, improving future fault mitigation strategies. \n\nPlease let me know if additional specific tools or resources are needed for any of the above steps.", "report_analysis_findings": {"uuid": "c002ac2b-95", "component": "recommendationservice-0", "reason": "pod_cpu_usage metric drop suggesting systemic failure or disconnection", "reasoning_trace": [{"step": 1, "action": "LoadMetrics(recommendationservice-0)", "observation": "pod_cpu_usage dropped to zero indicating systemic issue"}, {"step": 2, "action": "LogSearch(recommendationservice-0)", "observation": "No error logs found during the fault period"}, {"step": 3, "action": "TraceAnalysis(c002ac2b-95)", "observation": "faster-than-normal response times noted in trace data"}]}, "report_analysis_completed": true}
2026-01-03 15:30:13,443 - RootCauseAnalysis - INFO - ORCHESTRATOR AGENT - Execution Completed
2026-01-03 15:30:13,443 - RootCauseAnalysis - INFO - [Final State Summary]
2026-01-03 15:30:13,443 - RootCauseAnalysis - INFO -    - current_hypothesis: The root cause of the fault is a potential systemic failure or network disconnection affecting Pod-level performance.
2026-01-03 15:30:13,443 - RootCauseAnalysis - INFO -    - consensus_decision: DISAGREED
2026-01-03 15:30:13,443 - RootCauseAnalysis - INFO -    - consensus_iteration: 6
2026-01-03 15:30:13,444 - RootCauseAnalysis - INFO - === END SESSION ===
