2026-01-03 20:28:10,995 - RootCauseAnalysis - INFO - === START SESSION: dc331a0b-118 (Run #1) ===
2026-01-03 20:28:10,995 - RootCauseAnalysis - INFO - [Processing] dc331a0b-118 (Run #1) | Log: logs\dc331a0b-118\run1_20260103_202810.log
2026-01-03 20:28:10,995 - RootCauseAnalysis - INFO - ============================================================
2026-01-03 20:28:10,996 - RootCauseAnalysis - INFO - ORCHESTRATOR AGENT - Initializing
2026-01-03 20:28:10,996 - RootCauseAnalysis - INFO - ============================================================
2026-01-03 20:28:10,996 - RootCauseAnalysis - INFO - [State Update] {"query_parsed_completed": false, "raw_metric_result": "（等待写入...）", "metric_data_collected": false, "raw_log_result": "（等待写入...）", "log_data_collected": false, "raw_trace_result": "（等待写入...）", "trace_data_collected": false, "current_iteration": 0, "current_hypothesis": "（等待写入...）", "log_analysis_findings": "（等待数据收集...）", "metric_analysis_findings": "（等待数据收集...）", "trace_analysis_findings": "（等待数据收集...）"}
2026-01-03 20:28:12,794 - RootCauseAnalysis - INFO - [Tool Call] parse_user_input
2026-01-03 20:28:12,794 - RootCauseAnalysis - INFO -     Args: {'input_json': '{"Anomaly Description": "The system experienced an anomaly from 2025-06-07T08:10:37Z to 2025-06-07T08:27:37Z. Please infer the possible cause.", "uuid": "dc331a0b-118"}'}...
2026-01-03 20:28:12,797 - RootCauseAnalysis - INFO - [Tool Resp] parse_user_input
2026-01-03 20:28:12,797 - RootCauseAnalysis - INFO -     Result: {'uuid': 'dc331a0b-118', 'user_query': 'The system experienced an anomaly from 2025-06-07T08:10:37Z to 2025-06-07T08:27:37Z. Please infer the possible cause.'}
2026-01-03 20:28:12,797 - RootCauseAnalysis - INFO - [State Update] {"query_parsed_completed": true}
2026-01-03 20:28:14,303 - RootCauseAnalysis - INFO - [Tool Call] data_collection_agent
2026-01-03 20:28:14,303 - RootCauseAnalysis - INFO -     Args: {'request': 'dc331a0b-118'}...
2026-01-03 20:28:14,304 - RootCauseAnalysis - INFO - ============================================================
2026-01-03 20:28:14,304 - RootCauseAnalysis - INFO - METRIC ANALYSIS - Starting
2026-01-03 20:28:14,304 - RootCauseAnalysis - INFO - ============================================================
2026-01-03 20:28:14,305 - RootCauseAnalysis - INFO - METRIC AGENT - Initial Scanning
2026-01-03 20:28:14,305 - RootCauseAnalysis - INFO - ============================================================
2026-01-03 20:28:14,305 - RootCauseAnalysis - INFO - LOG ANALYSIS - Starting
2026-01-03 20:28:14,305 - RootCauseAnalysis - INFO - ============================================================
2026-01-03 20:28:14,305 - RootCauseAnalysis - INFO - LOG AGENT - Initial Scanning
2026-01-03 20:28:14,305 - RootCauseAnalysis - INFO - ============================================================
2026-01-03 20:28:14,305 - RootCauseAnalysis - INFO - TRACE ANALYSIS - Starting
2026-01-03 20:28:14,305 - RootCauseAnalysis - INFO - ============================================================
2026-01-03 20:28:14,305 - RootCauseAnalysis - INFO - TRACE AGENT - Initial Scanning
2026-01-03 20:28:44,582 - RootCauseAnalysis - WARNING - LOG AGENT - Log data not collected.
2026-01-03 20:28:46,587 - RootCauseAnalysis - INFO - METRIC AGENT - Analysis Completed
2026-01-03 20:28:48,619 - RootCauseAnalysis - INFO - TRACE AGENT - Analysis Completed
2026-01-03 20:28:48,620 - RootCauseAnalysis - INFO - [Tool Resp] data_collection_agent
2026-01-03 20:28:48,620 - RootCauseAnalysis - INFO -     Result: {'result': '根据调用链数据分析，我们发现如下异常：\n\n### 检测到的异常调用链\n1. **Recommendation Service**\n   - **Parent Pod:** frontend\n   - **Child Pod:** frontend\n   - **Operation:** `ListRecommendations`\n   - **延迟倍数:** 731564.7857478284 / 142454.26842872082 ≈ 5.14\n   - **异常发生频次:** 34次\n\n2. **Product Catalog Service**\n   - **Parent Pod:** frontend\n   - **Child Pod:** productcatalogservice\n   - **Operation:** `ListProducts`\n   - **延迟倍数:** 3671.5454545454545 / 1968.257947771488 ≈ 1.86\n   - **异常发生频次:** 1次\n\n3....
2026-01-03 20:28:48,621 - RootCauseAnalysis - INFO - [State Update] {"current_task_instruction": "当前处于【初始扫描阶段】。\n请对 Trace 数据进行全面扫描，找出所有显著的异常调用链。\n重点：请在返回 JSON 的 'stance' 字段中标记 'NEUTRAL'，并在 'hypotheses' 中列出你的发现。", "raw_metric_result": {"status": "success", "message": "成功加载metric数据。UUID: dc331a0b-118", "anomaly_metrics": "metric_type,service_name,pod_name,node_name,metric_name,normal_median,fault_median,normal_p99,fault_p99,median_change_ratio,p99_change_ratio\r\nservice,checkoutservice,checkoutservice-2,N/A,client_error_ratio,0.0,0.0,0.0,0.98,0.0,2.0\r\nservice,checkoutservice,checkoutservice-2,N/A,error_ratio,0.0,0.0,0.0,0.98,0.0,2.0\r\nservice,recommendationservice,recommendationservice-2,N/A,rrt_max,12932.5,804041.0,23060.45,1023745.16,1.9367,1.9119\r\nservice,recommendationservice,recommendationservice-2,N/A,rrt,4014.78,225851.24,4203.21,231216.32,1.9301,1.9286\r\nservice,recommendationservice,recommendationservice-0,N/A,rrt,4337.93,218047.72,4660.52,222506.87,1.922,1.9179\r\nservice,recommendationservice,recommendationservice-0,N/A,rrt_max,18055.5,805084.0,28002.65,989026.16,1.9123,1.8899\r\nservice,frontend,frontend-2,N/A,rrt,11876.0,89890.41,13523.98,115165.65,1.5332,1.5796\r\nservice,frontend,frontend-1,N/A,rrt,12035.96,92228.1,12865.19,102856.79,1.5383,1.5553\r\nservice,frontend,frontend-0,N/A,rrt,12194.3,93568.6,12996.55,96470.76,1.5388,1.5251\r\nservice,frontend,frontend-2,N/A,rrt_max,232598.5,954677.0,396116.7,1121164.44,1.2164,0.9557\r\nservice,frontend,frontend-1,N/A,rrt_max,275776.0,1022832.0,384120.35,1274838.76,1.1505,1.0738\r\nservice,frontend,frontend-0,N/A,rrt_max,286560.0,1021474.0,407879.5,1164501.24,1.1237,0.9624\r\nservice,currencyservice,currencyservice-0,N/A,rrt_max,3982.0,3666.0,23890.2,7133.2,0.0826,1.0803\r\nservice,adservice,adservice-0,N/A,client_error_ratio,0.0,0.0,0.23,0.53,0.0,0.7736\r\nservice,adservice,adservice-0,N/A,error_ratio,0.0,0.0,0.23,0.53,0.0,0.7736\r\nservice,currencyservice,currencyservice-2,N/A,rrt_max,2582.0,2729.0,8072.65,3881.04,0.0554,0.7013\r\nservice,emailservice,emailservice-2,N/A,rrt_max,4167.5,4108.0,9122.45,17760.52,0.0144,0.6426\r\nnode,N/A,N/A,aiops-k8s-03,node_memory_usage_rate,37.21,33.96,60.52,35.08,0.0913,0.5323\r\nservice,paymentservice,paymentservice-0,N/A,rrt_max,2821.5,1969.0,6362.2,4853.92,0.3559,0.2689\r\nservice,currencyservice,currencyservice-1,N/A,rrt_max,10030.0,8939.0,57720.2,81004.88,0.115,0.3357\r\nservice,cartservice,cartservice-0,N/A,rrt_max,5292.5,5164.0,18605.75,25635.4,0.0246,0.3178\r\nnode,N/A,N/A,aiops-k8s-04,node_memory_usage_rate,37.08,32.19,45.65,33.63,0.1412,0.3033\r\nservice,shippingservice,shippingservice-1,N/A,rrt_max,3660.5,2740.0,8932.95,7129.28,0.2876,0.2246\r\nservice,emailservice,emailservice-1,N/A,rrt_max,3487.0,3740.0,7202.7,9618.6,0.07,0.2872\r\nservice,emailservice,emailservice-0,N/A,rrt_max,3724.0,4264.0,8140.5,6172.8,0.1352,0.2749\r\nnode,N/A,N/A,aiops-k8s-08,node_memory_MemAvailable_bytes,10703273984.0,13164716032.0,12837968281.6,13704772648.96,0.2063,0.0653\r\nservice,cartservice,cartservice-0,N/A,rrt,1737.24,1710.29,2528.95,3198.21,0.0156,0.2337\r\nservice,productcatalogservice,productcatalogservice-1,N/A,rrt_max,14619.0,13995.0,22174.15,27756.76,0.0436,0.2236\r\nservice,productcatalogservice,productcatalogservice-1,N/A,rrt,6218.84,6348.92,7783.45,9628.87,0.0207,0.212\r\nnode,N/A,N/A,aiops-k8s-08,node_memory_usage_rate,66.38,59.16,73.39,60.29,0.115,0.196\r\n", "unique_entities": {"service_name": ["adservice", "cartservice", "checkoutservice", "currencyservice", "emailservice", "frontend", "paymentservice", "productcatalogservice", "recommendationservice", "redis", "shippingservice", "tidb-pd", "tidb-tidb", "tidb-tikv"], "node_name": ["aiops-k8s-01", "aiops-k8s-02", "aiops-k8s-03", "aiops-k8s-04", "aiops-k8s-05", "aiops-k8s-06", "aiops-k8s-07", "aiops-k8s-08"], "pod_name": ["adservice-0", "adservice-1", "adservice-2", "cartservice-0", "cartservice-1", "cartservice-2", "checkoutservice-0", "checkoutservice-1", "checkoutservice-2", "currencyservice-0", "currencyservice-1", "currencyservice-2", "emailservice-0", "emailservice-1", "emailservice-2", "frontend-0", "frontend-1", "frontend-2", "paymentservice-0", "paymentservice-1", "paymentservice-2", "productcatalogservice-0", "productcatalogservice-1", "productcatalogservice-2", "recommendationservice-0", "recommendationservice-1", "recommendationservice-2", "redis-cart-0", "shippingservice-0", "shippingservice-1", "shippingservice-2"]}, "node_pod_mapping": {"aiops-k8s-01": ["checkoutservice-1", "emailservice-1", "shippingservice-0", "productcatalogservice-1", "recommendationservice-2"], "aiops-k8s-02": [], "aiops-k8s-03": ["productcatalogservice-2", "recommendationservice-1", "adservice-0", "cartservice-2", "paymentservice-1", "frontend-0", "cartservice-0"], "aiops-k8s-04": ["frontend-2", "checkoutservice-0", "currencyservice-1"], "aiops-k8s-05": ["currencyservice-0", "paymentservice-2", "cartservice-1"], "aiops-k8s-06": ["productcatalogservice-0", "checkoutservice-2", "emailservice-2"], "aiops-k8s-07": ["shippingservice-2", "frontend-1", "emailservice-0", "currencyservice-2", "adservice-1", "cartservice-0"], "aiops-k8s-08": ["redis-cart-0", "recommendationservice-0", "paymentservice-0", "cartservice-1", "adservice-2", "shippingservice-1", "cartservice-2"]}, "matched_anomaly": "The system experienced an anomaly from 2025-06-07T08:10:37Z to 2025-06-07T08:27:37Z. Please infer the possible cause.", "time_range": "2025-06-07 08:10:37+00:00 to 2025-06-07 08:27:37+00:00"}, "metric_data_collected": true, "node_pod_mapping": {"aiops-k8s-01": ["checkoutservice-1", "emailservice-1", "shippingservice-0", "productcatalogservice-1", "recommendationservice-2"], "aiops-k8s-02": [], "aiops-k8s-03": ["productcatalogservice-2", "recommendationservice-1", "adservice-0", "cartservice-2", "paymentservice-1", "frontend-0", "cartservice-0"], "aiops-k8s-04": ["frontend-2", "checkoutservice-0", "currencyservice-1"], "aiops-k8s-05": ["currencyservice-0", "paymentservice-2", "cartservice-1"], "aiops-k8s-06": ["productcatalogservice-0", "checkoutservice-2", "emailservice-2"], "aiops-k8s-07": ["shippingservice-2", "frontend-1", "emailservice-0", "currencyservice-2", "adservice-1", "cartservice-0"], "aiops-k8s-08": ["redis-cart-0", "recommendationservice-0", "paymentservice-0", "cartservice-1", "adservice-2", "shippingservice-1", "cartservice-2"]}, "raw_trace_result": {"status": "success", "message": "成功加载trace数据。UUID: dc331a0b-118，共 20 个异常组合，0 个状态组合", "filtered_traces": "node_name,service_name,parent_pod,child_pod,operation_name,normal_avg_duration,anomaly_avg_duration,anomaly_count\r\naiops-k8s-04,frontend,frontend-2,frontend-2,hipstershop.RecommendationService/ListRecommendations,142454.26842872082,731564.7857478284,出现次数:34\r\naiops-k8s-03,frontend,frontend-0,frontend-0,hipstershop.RecommendationService/ListRecommendations,124078.63908275458,734226.5714413344,出现次数:34\r\naiops-k8s-07,frontend,frontend-1,frontend-1,hipstershop.RecommendationService/ListRecommendations,118341.52217149167,735563.5695731401,出现次数:34\r\naiops-k8s-06,productcatalogservice,frontend-2,productcatalogservice-0,hipstershop.ProductCatalogService/ListProducts,72.72903881454657,245.0,出现次数:2\r\naiops-k8s-05,cartservice,checkoutservice-2,cartservice-1,POST /hipstershop.CartService/GetCart,2622.265895302479,20991.666666666664,出现次数:2\r\naiops-k8s-05,redis,cartservice-1,cartservice-1,HGET,1771.4157464335137,8171.416666666667,出现次数:1\r\naiops-k8s-03,redis,cartservice-0,cartservice-0,HGET,1739.7426895431556,14695.0,出现次数:1\r\naiops-k8s-08,cartservice,checkoutservice-2,cartservice-2,POST /hipstershop.CartService/EmptyCart,2258.7857613596943,10211.0,出现次数:1\r\naiops-k8s-03,cartservice,checkoutservice-2,cartservice-0,POST /hipstershop.CartService/GetCart,2495.927187414433,15540.0,出现次数:1\r\naiops-k8s-08,redis,cartservice-2,cartservice-2,HMSET,1361.2533037296344,9272.583333333334,出现次数:1\r\naiops-k8s-05,redis,cartservice-1,cartservice-1,HMSET,1655.4384269092025,13386.75,出现次数:1\r\naiops-k8s-03,frontend,frontend-0,frontend-0,hipstershop.CurrencyService/GetSupportedCurrencies,2916.966425579853,4207.203389830508,出现次数:1\r\naiops-k8s-03,frontend,frontend-0,frontend-0,hipstershop.CartService/GetCart,25581.50051799909,9952.725806451614,出现次数:1\r\naiops-k8s-07,emailservice,checkoutservice-2,emailservice-0,/hipstershop.EmailService/SendOrderConfirmation,699.9749480789201,1793.0,出现次数:1\r\naiops-k8s-08,shippingservice,checkoutservice-2,shippingservice-1,hipstershop.ShippingService/GetQuote,216.2484643414888,1311.0,出现次数:1\r\naiops-k8s-08,cartservice,frontend-2,cartservice-2,POST /hipstershop.CartService/GetCart,2342.250413639519,14839.85,出现次数:1\r\naiops-k8s-07,frontend,frontend-1,frontend-1,hipstershop.ProductCatalogService/ListProducts,1968.257947771488,3671.5454545454545,出现次数:1\r\naiops-k8s-06,checkoutservice,frontend-2,checkoutservice-2,hipstershop.CheckoutService/PlaceOrder,159703.0508630464,350988.0,出现次数:1\r\naiops-k8s-04,frontend,frontend-2,frontend-2,hipstershop.CartService/AddItem,5267.973057926057,24037.2,出现次数:1\r\naiops-k8s-04,frontend,frontend-2,frontend-2,hipstershop.CheckoutService/PlaceOrder,156733.32721158856,353142.0,出现次数:1\r\n", "unique_entities": {"pod_name": ["cartservice-0", "cartservice-1", "cartservice-2", "checkoutservice-2", "emailservice-0", "frontend-0", "frontend-1", "frontend-2", "productcatalogservice-0", "shippingservice-1"], "service_name": ["cartservice", "checkoutservice", "emailservice", "frontend", "productcatalogservice", "redis", "shippingservice"], "node_name": ["aiops-k8s-03", "aiops-k8s-04", "aiops-k8s-05", "aiops-k8s-06", "aiops-k8s-07", "aiops-k8s-08"]}, "status_combinations": "", "matched_anomaly": "The system experienced an anomaly from 2025-06-07T08:10:37Z to 2025-06-07T08:27:37Z. Please infer the possible cause.", "time_range": "2025-06-07 08:10:37+00:00 to 2025-06-07 08:27:37+00:00"}, "trace_data_collected": true, "log_analysis_findings": "```json\n{\n  \"stance\": \"NEUTRAL\",\n  \"detected_log_keys\": [],\n  \"hypotheses\": []\n}\n```", "metric_analysis_findings": "```json\n{\n  \"stance\": \"NEUTRAL\",\n  \"detected_metric_keys\": [\n    \"rrt_max\",\n    \"client_error_ratio\",\n    \"node_memory_usage_rate\"\n  ],\n  \"hypotheses\": [\n    {\n      \"component\": \"recommendationservice\",\n      \"reason\": \"The metric 'rrt_max' for recommendationservice-0 increased from 18055.5 to 805084.0 (median) and 28002.65 to 989026.16 (p99), showing nearly 1.9123 times median change ratio. This indicates significant latency degradation in this service.\",\n      \"evidence\": \"rrt_max and rrt metrics for recommendationservice pods show consistent high change ratios during the fault period.\"\n    },\n    {\n      \"component\": \"checkoutservice\",\n      \"reason\": \"The 'client_error_ratio' for checkoutservice-2 spiked from normal p99 value of 0.0 to fault p99 value of 0.98, a change ratio of 2.0 indicating substantial error rate impacts during anomaly.\",\n      \"evidence\": \"Both 'client_error_ratio' and 'error_ratio' metrics for checkoutservice-2 exhibit massive error frequency increases.\"\n    },\n    {\n      \"component\": \"aiops-k8s-08\",\n      \"reason\": \"The node 'aiops-k8s-08' encountered abnormal 'node_memory_usage_rate' drop from 66.38% normal median to 59.16% during fault. Available memory rose significantly from 10703273984.0 bytes to 13164716032 bytes with 0.2063 median change ratio, signaling inefficiency or unusual resource allocation behavior.\",\n      \"evidence\": \"Memory-related metrics changes on aiops-k8s-08 coincide with pod-related performance degradation including cartservice and shippingservice pods hosted on the node.\"\n    }\n  ]\n}\n```", "trace_analysis_findings": "根据调用链数据分析，我们发现如下异常：\n\n### 检测到的异常调用链\n1. **Recommendation Service**\n   - **Parent Pod:** frontend\n   - **Child Pod:** frontend\n   - **Operation:** `ListRecommendations`\n   - **延迟倍数:** 731564.7857478284 / 142454.26842872082 ≈ 5.14\n   - **异常发生频次:** 34次\n\n2. **Product Catalog Service**\n   - **Parent Pod:** frontend\n   - **Child Pod:** productcatalogservice\n   - **Operation:** `ListProducts`\n   - **延迟倍数:** 3671.5454545454545 / 1968.257947771488 ≈ 1.86\n   - **异常发生频次:** 1次\n\n3. **Cart Service**\n   - **Parent Pod:** checkoutservice\n   - **Child Pod:** cartservice\n   - **Operation:** `GetCart` 和 `EmptyCart`\n   - **延迟倍数:** `GetCart`: 20991.666666666664 / 2622.265895302479 ≈ 8.0, `EmptyCart`: 10211.0 / 2258.7857613596943 ≈ 4.52\n\n4. **Redis Service**\n   - **Parent Pod:** cartservice\n   - **Child Pod:** cartservice\n   - **Operation:** `HGET` 和 `HMSET`\n   - **延迟倍数:** `HGET`: 14695.0 / 1739.7426895431556 ≈ 8.46, `HMSET`: 13386.75 / 1655.4384269092025 ≈ 8.09\n\n### 问题推断\n通过分析异常数据，可以推测：\n- **Recommendation Service** 的延迟显著增加，可能是由于计算或IO瓶颈。\n- **Cart 和 Redis Service** 在多个操作上出现严重延迟，可能原因包括数据库访问过慢或资源不足。\n- **网络延迟可能存在**，尤其是对 Recommendation 和 Cart 相关的调用。\n\n### JSON 输出格式\n\n```json\n{\n  \"stance\": \"NEUTRAL\",\n  \"detected_trace_keys\": [\"latency_spike\", \"frontend->recommendationservice\", \"checkoutservice->cartservice\", \"cartservice->redis\"],\n  \"hypotheses\": [\n    {\n      \"component\": \"Recommendation Service\",\n      \"reason\": \"latency_spike\",\n      \"evidence\": \"ListRecommendations操作的延迟倍数超过5倍，发生频次34次。\"\n    },\n    {\n      \"component\": \"Cart Service\",\n      \"reason\": \"latency_spike\",\n      \"evidence\": \"GetCart 和 EmptyCart操作的延迟倍数超过4倍。\"\n    },\n    {\n      \"component\": \"Redis Service\",\n      \"reason\": \"latency_spike\",\n      \"evidence\": \"HGET 和 HMSET操作的延迟倍数超过8倍。\"\n    }\n  ]\n}\n```\n\n这些结果表明系统可能存在数据库访问瓶颈或者网络传输问题，建议进一步检查网络和数据库性能。"}
2026-01-03 20:28:50,023 - RootCauseAnalysis - INFO - [Tool Call] consensus_discussion_agent
2026-01-03 20:28:50,023 - RootCauseAnalysis - INFO -     Args: {'request': 'dc331a0b-118'}...
2026-01-03 20:28:50,024 - RootCauseAnalysis - INFO - ============================================================
2026-01-03 20:28:50,024 - RootCauseAnalysis - INFO - CONSENSUS ANALYSIS - Round 0
2026-01-03 20:28:50,024 - RootCauseAnalysis - INFO - Current Hypothesis: （等待写入...）
2026-01-03 20:28:50,024 - RootCauseAnalysis - INFO - ============================================================
2026-01-03 20:28:54,523 - RootCauseAnalysis - INFO - CONSENSUS AGENT OUTPUT PARSED:
2026-01-03 20:28:54,523 - RootCauseAnalysis - INFO -   - Status: DISAGREED
2026-01-03 20:28:54,523 - RootCauseAnalysis - INFO -   - New Hypothesis: aiops-k8s-08 is the root cause due to node_memory_usage_rate inefficiency causing widespread latency spikes across services hosted on the node
2026-01-03 20:28:54,524 - RootCauseAnalysis - INFO -   - Reasoning: The node 'aiops-k8s-08' shows significant memory usage rate drop, aligning with performance degradation noticed in cartservice and shippingservice. Metrics indicate inefficiency in resource allocation or unusual behavior.
2026-01-03 20:28:54,524 - RootCauseAnalysis - INFO - >>> CONSENSUS NOT REACHED. Updating hypothesis and continuing loop. <<<
2026-01-03 20:28:54,524 - RootCauseAnalysis - INFO - ============================================================
2026-01-03 20:28:54,524 - RootCauseAnalysis - INFO - METRIC ANALYSIS - Starting
2026-01-03 20:28:54,524 - RootCauseAnalysis - INFO - ============================================================
2026-01-03 20:28:54,524 - RootCauseAnalysis - INFO - METRIC AGENT - Verifying Hypothesis: aiops-k8s-08 is the root cause...
2026-01-03 20:28:54,525 - RootCauseAnalysis - INFO - ============================================================
2026-01-03 20:28:54,525 - RootCauseAnalysis - INFO - LOG ANALYSIS - Starting
2026-01-03 20:28:54,525 - RootCauseAnalysis - INFO - ============================================================
2026-01-03 20:28:54,525 - RootCauseAnalysis - INFO - LOG AGENT - Initial Scanning
2026-01-03 20:28:54,525 - RootCauseAnalysis - INFO - ============================================================
2026-01-03 20:28:54,525 - RootCauseAnalysis - INFO - TRACE ANALYSIS - Starting
2026-01-03 20:28:54,525 - RootCauseAnalysis - INFO - ============================================================
2026-01-03 20:28:54,525 - RootCauseAnalysis - INFO - TRACE AGENT - Verifying Hypothesis: aiops-k8s-08 is the root cause...
2026-01-03 20:29:24,188 - RootCauseAnalysis - WARNING - LOG AGENT - Log data not collected.
2026-01-03 20:29:28,044 - RootCauseAnalysis - INFO - TRACE AGENT - Analysis Completed
2026-01-03 20:29:33,515 - RootCauseAnalysis - INFO - METRIC AGENT - Analysis Completed
2026-01-03 20:29:33,515 - RootCauseAnalysis - INFO - ============================================================
2026-01-03 20:29:33,515 - RootCauseAnalysis - INFO - CONSENSUS ANALYSIS - Round 1
2026-01-03 20:29:33,515 - RootCauseAnalysis - INFO - Current Hypothesis: aiops-k8s-08 is the root cause due to node_memory_usage_rate inefficiency causing widespread latency spikes across services hosted on the node
2026-01-03 20:29:33,515 - RootCauseAnalysis - INFO - ============================================================
2026-01-03 20:29:40,362 - RootCauseAnalysis - INFO - CONSENSUS AGENT OUTPUT PARSED:
2026-01-03 20:29:40,363 - RootCauseAnalysis - INFO -   - Status: DISAGREED
2026-01-03 20:29:40,363 - RootCauseAnalysis - INFO -   - New Hypothesis: Resource inefficiency on aiops-k8s-08 may be contributing to latency, but existing data does not conclusively support it as the root cause.
2026-01-03 20:29:40,363 - RootCauseAnalysis - INFO -   - Reasoning: Metric and trace data conflict, memory usage drop not significant while latency affects widespread services, demanding further investigation into node-specific issues or broader systemic factors.
2026-01-03 20:29:40,363 - RootCauseAnalysis - INFO - >>> CONSENSUS NOT REACHED. Updating hypothesis and continuing loop. <<<
2026-01-03 20:29:40,363 - RootCauseAnalysis - INFO - ============================================================
2026-01-03 20:29:40,363 - RootCauseAnalysis - INFO - METRIC ANALYSIS - Starting
2026-01-03 20:29:40,363 - RootCauseAnalysis - INFO - ============================================================
2026-01-03 20:29:40,364 - RootCauseAnalysis - INFO - METRIC AGENT - Verifying Hypothesis: Resource inefficiency on aiops...
2026-01-03 20:29:40,364 - RootCauseAnalysis - INFO - ============================================================
2026-01-03 20:29:40,364 - RootCauseAnalysis - INFO - LOG ANALYSIS - Starting
2026-01-03 20:29:40,364 - RootCauseAnalysis - INFO - ============================================================
2026-01-03 20:29:40,364 - RootCauseAnalysis - INFO - LOG AGENT - Initial Scanning
2026-01-03 20:29:40,364 - RootCauseAnalysis - INFO - ============================================================
2026-01-03 20:29:40,364 - RootCauseAnalysis - INFO - TRACE ANALYSIS - Starting
2026-01-03 20:29:40,364 - RootCauseAnalysis - INFO - ============================================================
2026-01-03 20:29:40,364 - RootCauseAnalysis - INFO - TRACE AGENT - Verifying Hypothesis: Resource inefficiency on aiops...
2026-01-03 20:29:42,943 - RootCauseAnalysis - WARNING - LOG AGENT - Log data not collected.
2026-01-03 20:29:45,190 - RootCauseAnalysis - INFO - TRACE AGENT - Analysis Completed
2026-01-03 20:29:45,221 - RootCauseAnalysis - INFO - METRIC AGENT - Analysis Completed
2026-01-03 20:29:45,221 - RootCauseAnalysis - INFO - ============================================================
2026-01-03 20:29:45,222 - RootCauseAnalysis - INFO - CONSENSUS ANALYSIS - Round 2
2026-01-03 20:29:45,222 - RootCauseAnalysis - INFO - Current Hypothesis: Resource inefficiency on aiops-k8s-08 may be contributing to latency, but existing data does not conclusively support it as the root cause.
2026-01-03 20:29:45,222 - RootCauseAnalysis - INFO - ============================================================
2026-01-03 20:29:50,231 - RootCauseAnalysis - INFO - CONSENSUS AGENT OUTPUT PARSED:
2026-01-03 20:29:50,231 - RootCauseAnalysis - INFO -   - Status: DISAGREED
2026-01-03 20:29:50,232 - RootCauseAnalysis - INFO -   - New Hypothesis: Resource inefficiency on aiops-k8s-08 may be contributing to latency, but existing data does not conclusively support it as the root cause.
2026-01-03 20:29:50,232 - RootCauseAnalysis - INFO -   - Reasoning: Metrics indicate memory usage rate fluctuation on aiops-k8s-08 is minor, and memory availability increases don’t directly align with trace data showing service latency; suggesting broader systemic interactions or unique node characteristics may contribute.
2026-01-03 20:29:50,232 - RootCauseAnalysis - INFO - >>> CONSENSUS NOT REACHED. Updating hypothesis and continuing loop. <<<
2026-01-03 20:29:50,232 - RootCauseAnalysis - INFO - ============================================================
2026-01-03 20:29:50,232 - RootCauseAnalysis - INFO - METRIC ANALYSIS - Starting
2026-01-03 20:29:50,232 - RootCauseAnalysis - INFO - ============================================================
2026-01-03 20:29:50,232 - RootCauseAnalysis - INFO - METRIC AGENT - Verifying Hypothesis: Resource inefficiency on aiops...
2026-01-03 20:29:50,233 - RootCauseAnalysis - INFO - ============================================================
2026-01-03 20:29:50,233 - RootCauseAnalysis - INFO - LOG ANALYSIS - Starting
2026-01-03 20:29:50,233 - RootCauseAnalysis - INFO - ============================================================
2026-01-03 20:29:50,233 - RootCauseAnalysis - INFO - LOG AGENT - Initial Scanning
2026-01-03 20:29:50,233 - RootCauseAnalysis - INFO - ============================================================
2026-01-03 20:29:50,233 - RootCauseAnalysis - INFO - TRACE ANALYSIS - Starting
2026-01-03 20:29:50,233 - RootCauseAnalysis - INFO - ============================================================
2026-01-03 20:29:50,233 - RootCauseAnalysis - INFO - TRACE AGENT - Verifying Hypothesis: Resource inefficiency on aiops...
2026-01-03 20:29:51,419 - RootCauseAnalysis - WARNING - LOG AGENT - Log data not collected.
2026-01-03 20:29:55,056 - RootCauseAnalysis - INFO - TRACE AGENT - Analysis Completed
2026-01-03 20:29:56,753 - RootCauseAnalysis - INFO - METRIC AGENT - Analysis Completed
2026-01-03 20:29:56,754 - RootCauseAnalysis - INFO - ============================================================
2026-01-03 20:29:56,754 - RootCauseAnalysis - INFO - CONSENSUS ANALYSIS - Round 3
2026-01-03 20:29:56,754 - RootCauseAnalysis - INFO - Current Hypothesis: Resource inefficiency on aiops-k8s-08 may be contributing to latency, but existing data does not conclusively support it as the root cause.
2026-01-03 20:29:56,754 - RootCauseAnalysis - INFO - ============================================================
2026-01-03 20:30:02,374 - RootCauseAnalysis - INFO - CONSENSUS AGENT OUTPUT PARSED:
2026-01-03 20:30:02,374 - RootCauseAnalysis - INFO -   - Status: DISAGREED
2026-01-03 20:30:02,375 - RootCauseAnalysis - INFO -   - New Hypothesis: Resource inefficiency on aiops-k8s-08 may be contributing to latency, but existing data does not conclusively support it as the root cause.
2026-01-03 20:30:02,375 - RootCauseAnalysis - INFO -   - Reasoning: Metrics data indicate minor node memory fluctuation, with improved available memory, while trace data show latency spikes. This suggests more complex inter-node interactions may need examination.
2026-01-03 20:30:02,375 - RootCauseAnalysis - INFO - >>> CONSENSUS NOT REACHED. Updating hypothesis and continuing loop. <<<
2026-01-03 20:30:02,376 - RootCauseAnalysis - INFO - ============================================================
2026-01-03 20:30:02,376 - RootCauseAnalysis - INFO - METRIC ANALYSIS - Starting
2026-01-03 20:30:02,376 - RootCauseAnalysis - INFO - ============================================================
2026-01-03 20:30:02,376 - RootCauseAnalysis - INFO - METRIC AGENT - Verifying Hypothesis: Resource inefficiency on aiops...
2026-01-03 20:30:02,376 - RootCauseAnalysis - INFO - ============================================================
2026-01-03 20:30:02,376 - RootCauseAnalysis - INFO - LOG ANALYSIS - Starting
2026-01-03 20:30:02,376 - RootCauseAnalysis - INFO - ============================================================
2026-01-03 20:30:02,376 - RootCauseAnalysis - INFO - LOG AGENT - Initial Scanning
2026-01-03 20:30:02,376 - RootCauseAnalysis - INFO - ============================================================
2026-01-03 20:30:02,376 - RootCauseAnalysis - INFO - TRACE ANALYSIS - Starting
2026-01-03 20:30:02,376 - RootCauseAnalysis - INFO - ============================================================
2026-01-03 20:30:02,376 - RootCauseAnalysis - INFO - TRACE AGENT - Verifying Hypothesis: Resource inefficiency on aiops...
2026-01-03 20:30:04,232 - RootCauseAnalysis - WARNING - LOG AGENT - Log data not collected.
2026-01-03 20:30:11,511 - RootCauseAnalysis - INFO - TRACE AGENT - Analysis Completed
2026-01-03 20:30:12,783 - RootCauseAnalysis - INFO - METRIC AGENT - Analysis Completed
2026-01-03 20:30:12,784 - RootCauseAnalysis - INFO - ============================================================
2026-01-03 20:30:12,785 - RootCauseAnalysis - INFO - CONSENSUS ANALYSIS - Round 4
2026-01-03 20:30:12,785 - RootCauseAnalysis - INFO - Current Hypothesis: Resource inefficiency on aiops-k8s-08 may be contributing to latency, but existing data does not conclusively support it as the root cause.
2026-01-03 20:30:12,785 - RootCauseAnalysis - INFO - ============================================================
2026-01-03 20:30:24,836 - RootCauseAnalysis - INFO - CONSENSUS AGENT OUTPUT PARSED:
2026-01-03 20:30:24,837 - RootCauseAnalysis - INFO -   - Status: DISAGREED
2026-01-03 20:30:24,837 - RootCauseAnalysis - INFO -   - New Hypothesis: Resource inefficiency on aiops-k8s-08 may be contributing to latency, but existing data does not conclusively support it as the root cause.
2026-01-03 20:30:24,837 - RootCauseAnalysis - INFO -   - Reasoning: Trace data highlights service latency on aiops-k8s-08, but memory metrics show minor fluctuations and improved availability. These don't substantiate resource inefficiency as the definitive root cause. Broader systemic or network-level factors may play a role and require further investigation.
2026-01-03 20:30:24,837 - RootCauseAnalysis - INFO - >>> CONSENSUS NOT REACHED. Updating hypothesis and continuing loop. <<<
2026-01-03 20:30:24,837 - RootCauseAnalysis - INFO - ============================================================
2026-01-03 20:30:24,837 - RootCauseAnalysis - INFO - METRIC ANALYSIS - Starting
2026-01-03 20:30:24,837 - RootCauseAnalysis - INFO - ============================================================
2026-01-03 20:30:24,838 - RootCauseAnalysis - INFO - METRIC AGENT - Verifying Hypothesis: Resource inefficiency on aiops...
2026-01-03 20:30:24,838 - RootCauseAnalysis - INFO - ============================================================
2026-01-03 20:30:24,838 - RootCauseAnalysis - INFO - LOG ANALYSIS - Starting
2026-01-03 20:30:24,838 - RootCauseAnalysis - INFO - ============================================================
2026-01-03 20:30:24,838 - RootCauseAnalysis - INFO - LOG AGENT - Initial Scanning
2026-01-03 20:30:24,838 - RootCauseAnalysis - INFO - ============================================================
2026-01-03 20:30:24,838 - RootCauseAnalysis - INFO - TRACE ANALYSIS - Starting
2026-01-03 20:30:24,838 - RootCauseAnalysis - INFO - ============================================================
2026-01-03 20:30:24,838 - RootCauseAnalysis - INFO - TRACE AGENT - Verifying Hypothesis: Resource inefficiency on aiops...
2026-01-03 20:30:27,815 - RootCauseAnalysis - WARNING - LOG AGENT - Log data not collected.
2026-01-03 20:30:31,431 - RootCauseAnalysis - INFO - TRACE AGENT - Analysis Completed
2026-01-03 20:30:33,357 - RootCauseAnalysis - INFO - METRIC AGENT - Analysis Completed
2026-01-03 20:30:33,358 - RootCauseAnalysis - INFO - ============================================================
2026-01-03 20:30:33,358 - RootCauseAnalysis - INFO - CONSENSUS ANALYSIS - Round 5
2026-01-03 20:30:33,358 - RootCauseAnalysis - INFO - Current Hypothesis: Resource inefficiency on aiops-k8s-08 may be contributing to latency, but existing data does not conclusively support it as the root cause.
2026-01-03 20:30:33,358 - RootCauseAnalysis - INFO - ============================================================
2026-01-03 20:30:41,657 - RootCauseAnalysis - INFO - CONSENSUS AGENT OUTPUT PARSED:
2026-01-03 20:30:41,658 - RootCauseAnalysis - INFO -   - Status: OPPOSE
2026-01-03 20:30:41,658 - RootCauseAnalysis - INFO -   - New Hypothesis: 虽然 `aiops-k8s-08` 的服务延迟高峰来自资源压力，但内存指标（node_memory_usage_rate 和 node_memory_MemAvailable_bytes）仅有小幅波动且内存可用性增加，无法证明资源低效为根本原因，提示需要探索系统性或网络相关因素。
2026-01-03 20:30:41,658 - RootCauseAnalysis - INFO -   - Reasoning: 现有证据显示各服务节点上内存使用变化不大且可用性达到更高水平，流量路径指示可能的延迟原因须进一步分析。
2026-01-03 20:30:41,658 - RootCauseAnalysis - WARNING - Unknown status 'OPPOSE'. Continuing loop...
2026-01-03 20:30:41,658 - RootCauseAnalysis - INFO - ============================================================
2026-01-03 20:30:41,658 - RootCauseAnalysis - INFO - METRIC ANALYSIS - Starting
2026-01-03 20:30:41,658 - RootCauseAnalysis - INFO - ============================================================
2026-01-03 20:30:41,658 - RootCauseAnalysis - INFO - METRIC AGENT - Verifying Hypothesis: 虽然 `aiops-k8s-08` 的服务延迟高峰来自资源压...
2026-01-03 20:30:41,659 - RootCauseAnalysis - INFO - ============================================================
2026-01-03 20:30:41,659 - RootCauseAnalysis - INFO - LOG ANALYSIS - Starting
2026-01-03 20:30:41,659 - RootCauseAnalysis - INFO - ============================================================
2026-01-03 20:30:41,659 - RootCauseAnalysis - INFO - LOG AGENT - Initial Scanning
2026-01-03 20:30:41,659 - RootCauseAnalysis - INFO - ============================================================
2026-01-03 20:30:41,659 - RootCauseAnalysis - INFO - TRACE ANALYSIS - Starting
2026-01-03 20:30:41,659 - RootCauseAnalysis - INFO - ============================================================
2026-01-03 20:30:41,659 - RootCauseAnalysis - INFO - TRACE AGENT - Verifying Hypothesis: 虽然 `aiops-k8s-08` 的服务延迟高峰来自资源压...
2026-01-03 20:30:44,775 - RootCauseAnalysis - WARNING - LOG AGENT - Log data not collected.
2026-01-03 20:30:46,461 - RootCauseAnalysis - INFO - TRACE AGENT - Analysis Completed
2026-01-03 20:30:50,578 - RootCauseAnalysis - INFO - METRIC AGENT - Analysis Completed
2026-01-03 20:30:50,581 - RootCauseAnalysis - INFO - [Tool Resp] consensus_discussion_agent
2026-01-03 20:30:50,582 - RootCauseAnalysis - INFO -     Result: {'result': 'Based on the presented context and comprehensive expert evaluation, the final verdict is clear that the current hypothesis cannot be fully supported. The evidence does point to performance degradation on `aiops-k8s-08` but lacks conclusive proof that memory inefficiency or node-local resource constraints are the primary cause. The need for further systemic investigation is paramount.\n\n### Final Conclusion\n```json\n{\n  "stance": "OPPOSE",\n  "detected_metric_keys": ["node_memory_u...
2026-01-03 20:30:50,583 - RootCauseAnalysis - INFO - [State Update] {"consensus_iteration": 6, "consensus_decision": "OPPOSE", "current_hypothesis": "虽然 `aiops-k8s-08` 的服务延迟高峰来自资源压力，但内存指标（node_memory_usage_rate 和 node_memory_MemAvailable_bytes）仅有小幅波动且内存可用性增加，无法证明资源低效为根本原因，提示需要探索系统性或网络相关因素。", "current_task_instruction": "当前处于【假设验证阶段】。\n待验证的根因假设是：'虽然 `aiops-k8s-08` 的服务延迟高峰来自资源压力，但内存指标（node_memory_usage_rate 和 node_memory_MemAvailable_bytes）仅有小幅波动且内存可用性增加，无法证明资源低效为根本原因，提示需要探索系统性或网络相关因素。'。\n请基于 Trace 数据判断该假设是否成立。\n重点：请在返回 JSON 的 'stance' 字段中明确标记 'SUPPORT' 或 'OPPOSE'。", "raw_metric_result": {"status": "success", "message": "成功加载metric数据。UUID: dc331a0b-118", "anomaly_metrics": "metric_type,service_name,pod_name,node_name,metric_name,normal_median,fault_median,normal_p99,fault_p99,median_change_ratio,p99_change_ratio\r\nservice,checkoutservice,checkoutservice-2,N/A,client_error_ratio,0.0,0.0,0.0,0.98,0.0,2.0\r\nservice,checkoutservice,checkoutservice-2,N/A,error_ratio,0.0,0.0,0.0,0.98,0.0,2.0\r\nservice,recommendationservice,recommendationservice-2,N/A,rrt_max,12932.5,804041.0,23060.45,1023745.16,1.9367,1.9119\r\nservice,recommendationservice,recommendationservice-2,N/A,rrt,4014.78,225851.24,4203.21,231216.32,1.9301,1.9286\r\nservice,recommendationservice,recommendationservice-0,N/A,rrt,4337.93,218047.72,4660.52,222506.87,1.922,1.9179\r\nservice,recommendationservice,recommendationservice-0,N/A,rrt_max,18055.5,805084.0,28002.65,989026.16,1.9123,1.8899\r\nservice,frontend,frontend-2,N/A,rrt,11876.0,89890.41,13523.98,115165.65,1.5332,1.5796\r\nservice,frontend,frontend-1,N/A,rrt,12035.96,92228.1,12865.19,102856.79,1.5383,1.5553\r\nservice,frontend,frontend-0,N/A,rrt,12194.3,93568.6,12996.55,96470.76,1.5388,1.5251\r\nservice,frontend,frontend-2,N/A,rrt_max,232598.5,954677.0,396116.7,1121164.44,1.2164,0.9557\r\nservice,frontend,frontend-1,N/A,rrt_max,275776.0,1022832.0,384120.35,1274838.76,1.1505,1.0738\r\nservice,frontend,frontend-0,N/A,rrt_max,286560.0,1021474.0,407879.5,1164501.24,1.1237,0.9624\r\nservice,currencyservice,currencyservice-0,N/A,rrt_max,3982.0,3666.0,23890.2,7133.2,0.0826,1.0803\r\nservice,adservice,adservice-0,N/A,client_error_ratio,0.0,0.0,0.23,0.53,0.0,0.7736\r\nservice,adservice,adservice-0,N/A,error_ratio,0.0,0.0,0.23,0.53,0.0,0.7736\r\nservice,currencyservice,currencyservice-2,N/A,rrt_max,2582.0,2729.0,8072.65,3881.04,0.0554,0.7013\r\nservice,emailservice,emailservice-2,N/A,rrt_max,4167.5,4108.0,9122.45,17760.52,0.0144,0.6426\r\nnode,N/A,N/A,aiops-k8s-03,node_memory_usage_rate,37.21,33.96,60.52,35.08,0.0913,0.5323\r\nservice,paymentservice,paymentservice-0,N/A,rrt_max,2821.5,1969.0,6362.2,4853.92,0.3559,0.2689\r\nservice,currencyservice,currencyservice-1,N/A,rrt_max,10030.0,8939.0,57720.2,81004.88,0.115,0.3357\r\nservice,cartservice,cartservice-0,N/A,rrt_max,5292.5,5164.0,18605.75,25635.4,0.0246,0.3178\r\nnode,N/A,N/A,aiops-k8s-04,node_memory_usage_rate,37.08,32.19,45.65,33.63,0.1412,0.3033\r\nservice,shippingservice,shippingservice-1,N/A,rrt_max,3660.5,2740.0,8932.95,7129.28,0.2876,0.2246\r\nservice,emailservice,emailservice-1,N/A,rrt_max,3487.0,3740.0,7202.7,9618.6,0.07,0.2872\r\nservice,emailservice,emailservice-0,N/A,rrt_max,3724.0,4264.0,8140.5,6172.8,0.1352,0.2749\r\nnode,N/A,N/A,aiops-k8s-08,node_memory_MemAvailable_bytes,10703273984.0,13164716032.0,12837968281.6,13704772648.96,0.2063,0.0653\r\nservice,cartservice,cartservice-0,N/A,rrt,1737.24,1710.29,2528.95,3198.21,0.0156,0.2337\r\nservice,productcatalogservice,productcatalogservice-1,N/A,rrt_max,14619.0,13995.0,22174.15,27756.76,0.0436,0.2236\r\nservice,productcatalogservice,productcatalogservice-1,N/A,rrt,6218.84,6348.92,7783.45,9628.87,0.0207,0.212\r\nnode,N/A,N/A,aiops-k8s-08,node_memory_usage_rate,66.38,59.16,73.39,60.29,0.115,0.196\r\n", "unique_entities": {"service_name": ["adservice", "cartservice", "checkoutservice", "currencyservice", "emailservice", "frontend", "paymentservice", "productcatalogservice", "recommendationservice", "redis", "shippingservice", "tidb-pd", "tidb-tidb", "tidb-tikv"], "node_name": ["aiops-k8s-01", "aiops-k8s-02", "aiops-k8s-03", "aiops-k8s-04", "aiops-k8s-05", "aiops-k8s-06", "aiops-k8s-07", "aiops-k8s-08"], "pod_name": ["adservice-0", "adservice-1", "adservice-2", "cartservice-0", "cartservice-1", "cartservice-2", "checkoutservice-0", "checkoutservice-1", "checkoutservice-2", "currencyservice-0", "currencyservice-1", "currencyservice-2", "emailservice-0", "emailservice-1", "emailservice-2", "frontend-0", "frontend-1", "frontend-2", "paymentservice-0", "paymentservice-1", "paymentservice-2", "productcatalogservice-0", "productcatalogservice-1", "productcatalogservice-2", "recommendationservice-0", "recommendationservice-1", "recommendationservice-2", "redis-cart-0", "shippingservice-0", "shippingservice-1", "shippingservice-2"]}, "node_pod_mapping": {"aiops-k8s-01": ["checkoutservice-1", "emailservice-1", "shippingservice-0", "productcatalogservice-1", "recommendationservice-2"], "aiops-k8s-02": [], "aiops-k8s-03": ["productcatalogservice-2", "recommendationservice-1", "adservice-0", "cartservice-2", "paymentservice-1", "frontend-0", "cartservice-0"], "aiops-k8s-04": ["frontend-2", "checkoutservice-0", "currencyservice-1"], "aiops-k8s-05": ["currencyservice-0", "paymentservice-2", "cartservice-1"], "aiops-k8s-06": ["productcatalogservice-0", "checkoutservice-2", "emailservice-2"], "aiops-k8s-07": ["shippingservice-2", "frontend-1", "emailservice-0", "currencyservice-2", "adservice-1", "cartservice-0"], "aiops-k8s-08": ["redis-cart-0", "recommendationservice-0", "paymentservice-0", "cartservice-1", "adservice-2", "shippingservice-1", "cartservice-2"]}, "matched_anomaly": "The system experienced an anomaly from 2025-06-07T08:10:37Z to 2025-06-07T08:27:37Z. Please infer the possible cause.", "time_range": "2025-06-07 08:10:37+00:00 to 2025-06-07 08:27:37+00:00"}, "metric_data_collected": true, "node_pod_mapping": {"aiops-k8s-01": ["checkoutservice-1", "emailservice-1", "shippingservice-0", "productcatalogservice-1", "recommendationservice-2"], "aiops-k8s-02": [], "aiops-k8s-03": ["productcatalogservice-2", "recommendationservice-1", "adservice-0", "cartservice-2", "paymentservice-1", "frontend-0", "cartservice-0"], "aiops-k8s-04": ["frontend-2", "checkoutservice-0", "currencyservice-1"], "aiops-k8s-05": ["currencyservice-0", "paymentservice-2", "cartservice-1"], "aiops-k8s-06": ["productcatalogservice-0", "checkoutservice-2", "emailservice-2"], "aiops-k8s-07": ["shippingservice-2", "frontend-1", "emailservice-0", "currencyservice-2", "adservice-1", "cartservice-0"], "aiops-k8s-08": ["redis-cart-0", "recommendationservice-0", "paymentservice-0", "cartservice-1", "adservice-2", "shippingservice-1", "cartservice-2"]}, "raw_trace_result": {"status": "success", "message": "成功加载trace数据。UUID: dc331a0b-118，共 20 个异常组合，0 个状态组合", "filtered_traces": "node_name,service_name,parent_pod,child_pod,operation_name,normal_avg_duration,anomaly_avg_duration,anomaly_count\r\naiops-k8s-04,frontend,frontend-2,frontend-2,hipstershop.RecommendationService/ListRecommendations,142454.26842872082,731564.7857478284,出现次数:34\r\naiops-k8s-03,frontend,frontend-0,frontend-0,hipstershop.RecommendationService/ListRecommendations,124078.63908275458,734226.5714413344,出现次数:34\r\naiops-k8s-07,frontend,frontend-1,frontend-1,hipstershop.RecommendationService/ListRecommendations,118341.52217149167,735563.5695731401,出现次数:34\r\naiops-k8s-06,productcatalogservice,frontend-2,productcatalogservice-0,hipstershop.ProductCatalogService/ListProducts,72.72903881454657,245.0,出现次数:2\r\naiops-k8s-05,cartservice,checkoutservice-2,cartservice-1,POST /hipstershop.CartService/GetCart,2622.265895302479,20991.666666666664,出现次数:2\r\naiops-k8s-05,redis,cartservice-1,cartservice-1,HGET,1771.4157464335137,8171.416666666667,出现次数:1\r\naiops-k8s-03,redis,cartservice-0,cartservice-0,HGET,1739.7426895431556,14695.0,出现次数:1\r\naiops-k8s-08,cartservice,checkoutservice-2,cartservice-2,POST /hipstershop.CartService/EmptyCart,2258.7857613596943,10211.0,出现次数:1\r\naiops-k8s-03,cartservice,checkoutservice-2,cartservice-0,POST /hipstershop.CartService/GetCart,2495.927187414433,15540.0,出现次数:1\r\naiops-k8s-08,redis,cartservice-2,cartservice-2,HMSET,1361.2533037296344,9272.583333333334,出现次数:1\r\naiops-k8s-05,redis,cartservice-1,cartservice-1,HMSET,1655.4384269092025,13386.75,出现次数:1\r\naiops-k8s-03,frontend,frontend-0,frontend-0,hipstershop.CurrencyService/GetSupportedCurrencies,2916.966425579853,4207.203389830508,出现次数:1\r\naiops-k8s-03,frontend,frontend-0,frontend-0,hipstershop.CartService/GetCart,25581.50051799909,9952.725806451614,出现次数:1\r\naiops-k8s-07,emailservice,checkoutservice-2,emailservice-0,/hipstershop.EmailService/SendOrderConfirmation,699.9749480789201,1793.0,出现次数:1\r\naiops-k8s-08,shippingservice,checkoutservice-2,shippingservice-1,hipstershop.ShippingService/GetQuote,216.2484643414888,1311.0,出现次数:1\r\naiops-k8s-08,cartservice,frontend-2,cartservice-2,POST /hipstershop.CartService/GetCart,2342.250413639519,14839.85,出现次数:1\r\naiops-k8s-07,frontend,frontend-1,frontend-1,hipstershop.ProductCatalogService/ListProducts,1968.257947771488,3671.5454545454545,出现次数:1\r\naiops-k8s-06,checkoutservice,frontend-2,checkoutservice-2,hipstershop.CheckoutService/PlaceOrder,159703.0508630464,350988.0,出现次数:1\r\naiops-k8s-04,frontend,frontend-2,frontend-2,hipstershop.CartService/AddItem,5267.973057926057,24037.2,出现次数:1\r\naiops-k8s-04,frontend,frontend-2,frontend-2,hipstershop.CheckoutService/PlaceOrder,156733.32721158856,353142.0,出现次数:1\r\n", "unique_entities": {"pod_name": ["cartservice-0", "cartservice-1", "cartservice-2", "checkoutservice-2", "emailservice-0", "frontend-0", "frontend-1", "frontend-2", "productcatalogservice-0", "shippingservice-1"], "service_name": ["cartservice", "checkoutservice", "emailservice", "frontend", "productcatalogservice", "redis", "shippingservice"], "node_name": ["aiops-k8s-03", "aiops-k8s-04", "aiops-k8s-05", "aiops-k8s-06", "aiops-k8s-07", "aiops-k8s-08"]}, "status_combinations": "", "matched_anomaly": "The system experienced an anomaly from 2025-06-07T08:10:37Z to 2025-06-07T08:27:37Z. Please infer the possible cause.", "time_range": "2025-06-07 08:10:37+00:00 to 2025-06-07 08:27:37+00:00"}, "trace_data_collected": true, "log_analysis_findings": "```json\n{\n  \"stance\": \"OPPOSE\",\n  \"detected_log_keys\": [],\n  \"hypotheses\": [\n    {\n      \"component\": \"aiops-k8s-08\",\n      \"reason\": \"Although services on aiops-k8s-08 experienced latency spikes possibly due to resource pressure, memory metrics—node_memory_usage_rate and node_memory_MemAvailable_bytes—showed only minor fluctuations and increased memory availability, insufficient to prove inefficiency as the root cause.\",\n      \"evidence\": \"No error logs indicating direct evidence for resource inefficiency correlating with service latency.\"\n    }\n  ]\n}\n```", "trace_analysis_findings": "基于所有专家的意见和最终裁决，以下是我们的详细分析和建议，以明确问题的根因：\n\n### 分析总结\n\n#### 假设内容\n\"资源低效可能导致了 `aiops-k8s-08` 上的延迟，但现有数据不足以证明其作为根本原因。\"\n\n#### 专家立场综合\n- **Log 专家**: 中立立场，没有相关日志支持资源低效作为根因。\n- **Metric 专家**: 强烈反对。指出内存使用稳定且潜在改善，内存指标的波动不足以归因。\n- **Trace 专家**: 部分支持。确认服务延迟显著，但内存指标关联欠佳。\n\n#### 结论要点\n1. Trace 数据显示 `aiops-k8s-08` 上的延迟，但内存指标无显著异常（小幅下降，内存可用增加）。两者无法直接关联。\n   \n2. 指标提升与 Trace 数据揭示的性能瓶颈无法得到有效支撑，需探索其他系统级或网络相关因素。\n\n### JSON 输出\n\n```json\n{\n  \"stance\": \"OPPOSE\",\n  \"detected_trace_keys\": [\"latency_spike\", \"checkoutservice->cartservice\", \"checkoutservice->shippingservice\"],\n  \"hypotheses\": [\n    {\n      \"component\": \"aiops-k8s-08\",\n      \"reason\": \"虽然该节点上的服务显著延迟，但内存指标变化不足以证明资源消耗是根因，需分析其他潜在系统或网络因素。\",\n      \"evidence\": \"内存使用率仅小幅波动且内存可用性增加，无法有效关联至当前性能问题。\"\n    }\n  ]\n}\n```\n\n### 后续行动建议\n\n1. **网络流量分析**：\n   - 调查节点间带宽使用情况，注意有无数据包丢失可能影响性能。\n   \n2. **依赖关系审查**：\n   - 确认服务间依赖与故障传播上的潜在影响。\n   \n3. **数据库性能监测**：\n   - 特别分析 Redis 和 TiDB 性能，注意可能存在的锁或数据信道拥堵问题。\n\n进一步调查应将专家意见与实时数据结合，以期望发现导致瓶颈的系统性或网络层问题。如此可构建更明确的调查路径来解决问题。", "metric_analysis_findings": "Based on the presented context and comprehensive expert evaluation, the final verdict is clear that the current hypothesis cannot be fully supported. The evidence does point to performance degradation on `aiops-k8s-08` but lacks conclusive proof that memory inefficiency or node-local resource constraints are the primary cause. The need for further systemic investigation is paramount.\n\n### Final Conclusion\n```json\n{\n  \"stance\": \"OPPOSE\",\n  \"detected_metric_keys\": [\"node_memory_usage_rate\", \"node_memory_MemAvailable_bytes\", \"rrt\", \"rrt_max\"],\n  \"hypotheses\": [\n    {\n      \"component\": \"aiops-k8s-08\",\n      \"reason\": \"While `aiops-k8s-08` is associated with latency spikes in services like recommendationservice and cartservice, the memory metrics (node_memory_usage_rate, node_memory_MemAvailable_bytes) display minor fluctuations and increased availability. These do not support resource inefficiency as the definitive root cause. Broader systemic issues or network factors warrant further investigation.\",\n      \"evidence\": \"Memory usage rate shows a slight decrease (~11.5%) from 66.38% to 59.16%, while available memory increased significantly by 20%. However, trace data correlates service delays with the node, suggesting further investigation into factors like network or service dependencies.\"\n    }\n  ]\n}\n```\n\n---\n\n### Recommended Next Steps:\n1. ****Network Performance Analysis:**\n   - Investigate potential bandwidth exhaustion or packet loss among nodes, especially concerning `aiops-k8s-08`.\n   - Examine `pod_network_receive_bytes_total` and `pod_network_transmit_bytes_total` for unusual fluctuations or bottlenecks.\n\n2. **Service Dependency Mapping:**\n   - Analyze interaction patterns and dependencies among services to identify potential bottlenecks or failure propagations.\n   - Focus on services like `recommendationservice`, `cartservice`, and `frontend`, which showed significant degradation.\n\n3. **Database and Cache Analysis:**\n   - Monitor Redis and TiDB for potential locking, saturation, or resource contention issues.\n   - Focus particularly on Redis instances hosted on `aiops-k8s-08`, such as `redis-cart-0`.\n\n4. **Systemic Failure Hypothesis Testing:**\n   - Review overall cluster performance and check for broader systemic anomalies during the fault period (e.g., resource allocation inefficiencies, node-to-node failures).\n\n### Investigation Objectives:\n- Refine understanding of systemic factors behind the failure beyond just memory metrics.\n- Validate any additional hypotheses such as network latency or service dependency clashes that might explain the cascading delays.\n- Establish more robust data points to form actionable root cause determinations.\n\nThis iterative investigation methodology ensures a holistic approach to identifying and resolving the root issue while minimizing misinterpretation of conflicting metrics."}
2026-01-03 20:30:52,111 - RootCauseAnalysis - INFO - [Tool Call] report_agent
2026-01-03 20:30:52,111 - RootCauseAnalysis - INFO -     Args: {'request': 'dc331a0b-118'}...
2026-01-03 20:30:52,112 - RootCauseAnalysis - INFO - ============================================================
2026-01-03 20:30:52,112 - RootCauseAnalysis - INFO - REPORT ANALYSIS - Starting
2026-01-03 20:30:55,127 - RootCauseAnalysis - INFO - REPORT ANALYSIS COMPLETED - Saved results in report_analysis_output.json
2026-01-03 20:30:55,128 - RootCauseAnalysis - INFO - [Tool Resp] report_agent
2026-01-03 20:30:55,128 - RootCauseAnalysis - INFO -     Result: {'uuid': 'dc331a0b-118', 'component': 'aiops-k8s-08', 'reason': '`node_memory_usage_rate` decrease, check network factors', 'reasoning_trace': [{'step': 1, 'action': 'LoadMetrics(aiops-k8s-08)', 'observation': '`node_memory_usage_rate` decreased, available memory increased 20%'}, {'step': 2, 'action': 'TraceAnalysis(dc331a0b-118)', 'observation': '`latency_spike` detected in services on aiops-k8s-08, indicating potential network or system issues'}, {'step': 3, 'action': 'LogSearch(aiops-k8s-08)'...
2026-01-03 20:30:55,128 - RootCauseAnalysis - INFO - [State Update] {"hypotheses_summary": "虽然 `aiops-k8s-08` 的服务延迟高峰来自资源压力，但内存指标（node_memory_usage_rate 和 node_memory_MemAvailable_bytes）仅有小幅波动且内存可用性增加，无法证明资源低效为根本原因，提示需要探索系统性或网络相关因素。", "log_analysis_findings": "```json\n{\n  \"stance\": \"OPPOSE\",\n  \"detected_log_keys\": [],\n  \"hypotheses\": [\n    {\n      \"component\": \"aiops-k8s-08\",\n      \"reason\": \"Although services on aiops-k8s-08 experienced latency spikes possibly due to resource pressure, memory metrics—node_memory_usage_rate and node_memory_MemAvailable_bytes—showed only minor fluctuations and increased memory availability, insufficient to prove inefficiency as the root cause.\",\n      \"evidence\": \"No error logs indicating direct evidence for resource inefficiency correlating with service latency.\"\n    }\n  ]\n}\n```", "metric_analysis_findings": "Based on the presented context and comprehensive expert evaluation, the final verdict is clear that the current hypothesis cannot be fully supported. The evidence does point to performance degradation on `aiops-k8s-08` but lacks conclusive proof that memory inefficiency or node-local resource constraints are the primary cause. The need for further systemic investigation is paramount.\n\n### Final Conclusion\n```json\n{\n  \"stance\": \"OPPOSE\",\n  \"detected_metric_keys\": [\"node_memory_usage_rate\", \"node_memory_MemAvailable_bytes\", \"rrt\", \"rrt_max\"],\n  \"hypotheses\": [\n    {\n      \"component\": \"aiops-k8s-08\",\n      \"reason\": \"While `aiops-k8s-08` is associated with latency spikes in services like recommendationservice and cartservice, the memory metrics (node_memory_usage_rate, node_memory_MemAvailable_bytes) display minor fluctuations and increased availability. These do not support resource inefficiency as the definitive root cause. Broader systemic issues or network factors warrant further investigation.\",\n      \"evidence\": \"Memory usage rate shows a slight decrease (~11.5%) from 66.38% to 59.16%, while available memory increased significantly by 20%. However, trace data correlates service delays with the node, suggesting further investigation into factors like network or service dependencies.\"\n    }\n  ]\n}\n```\n\n---\n\n### Recommended Next Steps:\n1. ****Network Performance Analysis:**\n   - Investigate potential bandwidth exhaustion or packet loss among nodes, especially concerning `aiops-k8s-08`.\n   - Examine `pod_network_receive_bytes_total` and `pod_network_transmit_bytes_total` for unusual fluctuations or bottlenecks.\n\n2. **Service Dependency Mapping:**\n   - Analyze interaction patterns and dependencies among services to identify potential bottlenecks or failure propagations.\n   - Focus on services like `recommendationservice`, `cartservice`, and `frontend`, which showed significant degradation.\n\n3. **Database and Cache Analysis:**\n   - Monitor Redis and TiDB for potential locking, saturation, or resource contention issues.\n   - Focus particularly on Redis instances hosted on `aiops-k8s-08`, such as `redis-cart-0`.\n\n4. **Systemic Failure Hypothesis Testing:**\n   - Review overall cluster performance and check for broader systemic anomalies during the fault period (e.g., resource allocation inefficiencies, node-to-node failures).\n\n### Investigation Objectives:\n- Refine understanding of systemic factors behind the failure beyond just memory metrics.\n- Validate any additional hypotheses such as network latency or service dependency clashes that might explain the cascading delays.\n- Establish more robust data points to form actionable root cause determinations.\n\nThis iterative investigation methodology ensures a holistic approach to identifying and resolving the root issue while minimizing misinterpretation of conflicting metrics.", "trace_analysis_findings": "基于所有专家的意见和最终裁决，以下是我们的详细分析和建议，以明确问题的根因：\n\n### 分析总结\n\n#### 假设内容\n\"资源低效可能导致了 `aiops-k8s-08` 上的延迟，但现有数据不足以证明其作为根本原因。\"\n\n#### 专家立场综合\n- **Log 专家**: 中立立场，没有相关日志支持资源低效作为根因。\n- **Metric 专家**: 强烈反对。指出内存使用稳定且潜在改善，内存指标的波动不足以归因。\n- **Trace 专家**: 部分支持。确认服务延迟显著，但内存指标关联欠佳。\n\n#### 结论要点\n1. Trace 数据显示 `aiops-k8s-08` 上的延迟，但内存指标无显著异常（小幅下降，内存可用增加）。两者无法直接关联。\n   \n2. 指标提升与 Trace 数据揭示的性能瓶颈无法得到有效支撑，需探索其他系统级或网络相关因素。\n\n### JSON 输出\n\n```json\n{\n  \"stance\": \"OPPOSE\",\n  \"detected_trace_keys\": [\"latency_spike\", \"checkoutservice->cartservice\", \"checkoutservice->shippingservice\"],\n  \"hypotheses\": [\n    {\n      \"component\": \"aiops-k8s-08\",\n      \"reason\": \"虽然该节点上的服务显著延迟，但内存指标变化不足以证明资源消耗是根因，需分析其他潜在系统或网络因素。\",\n      \"evidence\": \"内存使用率仅小幅波动且内存可用性增加，无法有效关联至当前性能问题。\"\n    }\n  ]\n}\n```\n\n### 后续行动建议\n\n1. **网络流量分析**：\n   - 调查节点间带宽使用情况，注意有无数据包丢失可能影响性能。\n   \n2. **依赖关系审查**：\n   - 确认服务间依赖与故障传播上的潜在影响。\n   \n3. **数据库性能监测**：\n   - 特别分析 Redis 和 TiDB 性能，注意可能存在的锁或数据信道拥堵问题。\n\n进一步调查应将专家意见与实时数据结合，以期望发现导致瓶颈的系统性或网络层问题。如此可构建更明确的调查路径来解决问题。", "report_analysis_findings": {"uuid": "dc331a0b-118", "component": "aiops-k8s-08", "reason": "`node_memory_usage_rate` decrease, check network factors", "reasoning_trace": [{"step": 1, "action": "LoadMetrics(aiops-k8s-08)", "observation": "`node_memory_usage_rate` decreased, available memory increased 20%"}, {"step": 2, "action": "TraceAnalysis(dc331a0b-118)", "observation": "`latency_spike` detected in services on aiops-k8s-08, indicating potential network or system issues"}, {"step": 3, "action": "LogSearch(aiops-k8s-08)", "observation": "No relevant error logs found indicating memory issues"}]}, "report_analysis_completed": true}
2026-01-03 20:31:00,938 - RootCauseAnalysis - INFO - ORCHESTRATOR AGENT - Execution Completed
2026-01-03 20:31:00,939 - RootCauseAnalysis - INFO - [Final State Summary]
2026-01-03 20:31:00,939 - RootCauseAnalysis - INFO -    - current_hypothesis: 虽然 `aiops-k8s-08` 的服务延迟高峰来自资源压力，但内存指标（node_memory_usage_rate 和 node_memory_MemAvailable_bytes）仅有小幅波动且内存可用性增加，无法证明资源低效为根本原因，提示需要探索系统性或网络相关因素。
2026-01-03 20:31:00,939 - RootCauseAnalysis - INFO -    - consensus_decision: OPPOSE
2026-01-03 20:31:00,939 - RootCauseAnalysis - INFO -    - consensus_iteration: 6
2026-01-03 20:31:00,939 - RootCauseAnalysis - INFO - === END SESSION ===
