2026-01-04 02:24:17,899 - RootCauseAnalysis - INFO - === START SESSION: fb327034-184 (Run #1) ===
2026-01-04 02:24:17,899 - RootCauseAnalysis - INFO - [Processing] fb327034-184 (Run #1) | Log: logs\fb327034-184\run1_20260104_022417.log
2026-01-04 02:24:17,899 - RootCauseAnalysis - INFO - ============================================================
2026-01-04 02:24:17,899 - RootCauseAnalysis - INFO - ORCHESTRATOR AGENT - Initializing
2026-01-04 02:24:17,899 - RootCauseAnalysis - INFO - ============================================================
2026-01-04 02:24:17,899 - RootCauseAnalysis - INFO - [State Update] {"query_parsed_completed": false, "raw_metric_result": "（等待写入...）", "metric_data_collected": false, "raw_log_result": "（等待写入...）", "log_data_collected": false, "raw_trace_result": "（等待写入...）", "trace_data_collected": false, "current_iteration": 0, "current_hypothesis": "（等待写入...）", "log_analysis_findings": "（等待数据收集...）", "metric_analysis_findings": "（等待数据收集...）", "trace_analysis_findings": "（等待数据收集...）"}
2026-01-04 02:24:19,355 - RootCauseAnalysis - INFO - [Tool Call] parse_user_input
2026-01-04 02:24:19,356 - RootCauseAnalysis - INFO -     Args: {'input_json': '{"Anomaly Description": "A fault occurred from 2025-06-10T03:10:34Z to 2025-06-10T03:33:34Z. Please identify the root cause.", "uuid": "fb327034-184"}'}...
2026-01-04 02:24:19,357 - RootCauseAnalysis - INFO - [Tool Resp] parse_user_input
2026-01-04 02:24:19,357 - RootCauseAnalysis - INFO -     Result: {'uuid': 'fb327034-184', 'user_query': 'A fault occurred from 2025-06-10T03:10:34Z to 2025-06-10T03:33:34Z. Please identify the root cause.'}
2026-01-04 02:24:19,357 - RootCauseAnalysis - INFO - [State Update] {"query_parsed_completed": true}
2026-01-04 02:24:20,525 - RootCauseAnalysis - INFO - [Tool Call] data_collection_agent
2026-01-04 02:24:20,525 - RootCauseAnalysis - INFO -     Args: {'request': 'Start data collection for UUID fb327034-184 and anomaly description: A fault occurred from 2025-06-10T03:10:34Z to 2025-06-10T03:33:34Z.'}...
2026-01-04 02:24:20,525 - RootCauseAnalysis - INFO - ============================================================
2026-01-04 02:24:20,525 - RootCauseAnalysis - INFO - METRIC ANALYSIS - Starting
2026-01-04 02:24:20,525 - RootCauseAnalysis - INFO - ============================================================
2026-01-04 02:24:20,525 - RootCauseAnalysis - INFO - METRIC AGENT - Initial Scanning
2026-01-04 02:24:20,525 - RootCauseAnalysis - INFO - ============================================================
2026-01-04 02:24:20,525 - RootCauseAnalysis - INFO - LOG ANALYSIS - Starting
2026-01-04 02:24:20,525 - RootCauseAnalysis - INFO - ============================================================
2026-01-04 02:24:20,525 - RootCauseAnalysis - INFO - LOG AGENT - Initial Scanning
2026-01-04 02:24:20,525 - RootCauseAnalysis - INFO - ============================================================
2026-01-04 02:24:20,525 - RootCauseAnalysis - INFO - TRACE ANALYSIS - Starting
2026-01-04 02:24:20,525 - RootCauseAnalysis - INFO - ============================================================
2026-01-04 02:24:20,525 - RootCauseAnalysis - INFO - TRACE AGENT - Initial Scanning
2026-01-04 02:25:25,569 - RootCauseAnalysis - INFO - LOG AGENT - Analysis Completed
2026-01-04 02:25:25,740 - RootCauseAnalysis - INFO - METRIC AGENT - Analysis Completed
2026-01-04 02:25:27,272 - RootCauseAnalysis - INFO - TRACE AGENT - Analysis Completed
2026-01-04 02:25:27,274 - RootCauseAnalysis - INFO - [Tool Resp] data_collection_agent
2026-01-04 02:25:27,274 - RootCauseAnalysis - INFO -     Result: {'result': 'I have successfully collected the trace data related to the reported fault from 2025-06-10T03:10:34Z to 2025-06-10T03:33:34Z. Based on the initial scans, here are the highlights of the significant traces that exhibit notable anomalies:\n\n### Key Findings\n\n- **CartService -> Redis**:  \n  - *Trace Details*: HGET operation showed normal average duration of 1739.74ms compared to an anomaly average duration of 38432.5ms.  \n  - *Anomaly Count*: 2 occurrences.  \n  - *Latency Spike*: R...
2026-01-04 02:25:27,274 - RootCauseAnalysis - INFO - [State Update] {"current_task_instruction": "当前处于【初始扫描阶段】。\n请对 Trace 数据进行全面扫描，找出所有显著的异常调用链。\n重点：请在返回 JSON 的 'stance' 字段中标记 'NEUTRAL'，并在 'hypotheses' 中列出你的发现。", "raw_metric_result": {"status": "success", "message": "成功加载metric数据。UUID: fb327034-184", "anomaly_metrics": "metric_type,service_name,pod_name,node_name,metric_name,normal_median,fault_median,normal_p99,fault_p99,median_change_ratio,p99_change_ratio\r\nservice,adservice,adservice-0,N/A,client_error_ratio,0.0,0.0,0.15,0.0,0.0,2.0\r\nservice,adservice,adservice-0,N/A,error_ratio,0.0,0.0,0.15,0.0,0.0,2.0\r\nservice,currencyservice,currencyservice-0,N/A,rrt_max,5623.0,5986.0,57081.4,12676.78,0.0625,1.2731\r\nservice,shippingservice,shippingservice-2,N/A,rrt_max,1976.0,2007.0,4642.36,20742.36,0.0156,1.2685\r\nservice,cartservice,cartservice-1,N/A,rrt_max,3833.0,4229.0,18180.72,70344.64,0.0982,1.1785\r\nservice,cartservice,cartservice-0,N/A,rrt_max,4479.0,4237.0,15025.6,54349.3,0.0555,1.1337\r\nservice,cartservice,cartservice-1,N/A,rrt,1602.76,1595.46,2536.7,7122.31,0.0046,0.9495\r\npod,N/A,redis-cart-0,N/A,pod_cpu_usage,0.0,0.0,0.06,0.12,0.0,0.6755\r\nservice,cartservice,cartservice-0,N/A,rrt,1579.07,1610.53,2378.13,4527.87,0.0197,0.6226\r\nservice,shippingservice,shippingservice-2,N/A,rrt,1059.57,1069.71,1244.24,2237.05,0.0095,0.5704\r\nservice,currencyservice,currencyservice-1,N/A,rrt_max,6233.0,8509.0,111732.92,72601.2,0.3088,0.4246\r\nservice,shippingservice,shippingservice-1,N/A,rrt_max,2113.0,1928.0,7152.08,4775.8,0.0916,0.3984\r\nnode,N/A,N/A,aiops-k8s-04,node_memory_usage_rate,30.34,33.09,52.09,35.15,0.0867,0.3883\r\nservice,paymentservice,paymentservice-1,N/A,rrt_max,2420.0,2130.0,6824.28,4848.2,0.1275,0.3386\r\nservice,emailservice,emailservice-0,N/A,rrt_max,3851.0,3262.0,10485.0,7595.86,0.1656,0.3196\r\nservice,paymentservice,paymentservice-0,N/A,rrt_max,2289.0,2291.0,4734.96,6390.2,0.0009,0.2976\r\nservice,productcatalogservice,productcatalogservice-1,N/A,rrt_max,14216.0,13333.0,23115.0,30734.42,0.0641,0.283\r\nservice,redis,redis-cart-0,N/A,rrt,147.73,147.53,1051.82,1347.19,0.0014,0.2462\r\nservice,productcatalogservice,productcatalogservice-2,N/A,rrt_max,14346.0,16156.0,24601.96,19682.98,0.1187,0.2222\r\nservice,currencyservice,currencyservice-2,N/A,rrt_max,2038.0,2040.0,4559.48,5662.84,0.001,0.2159\r\nservice,frontend,frontend-2,N/A,rrt_max,279142.0,280088.0,433664.36,355410.64,0.0034,0.1983\r\nservice,cartservice,cartservice-2,N/A,rrt,1321.42,1323.19,3037.65,3660.43,0.0013,0.186\r\nservice,paymentservice,paymentservice-0,N/A,rrt,1608.08,1603.0,2157.89,2558.1,0.0032,0.1697\r\nservice,shippingservice,shippingservice-1,N/A,rrt,1130.91,1094.75,1496.95,1263.26,0.0325,0.1693\r\nservice,paymentservice,paymentservice-1,N/A,rrt,1742.17,1631.0,2766.74,2362.02,0.0659,0.1578\r\nservice,checkoutservice,checkoutservice-2,N/A,rrt_max,226329.0,217155.0,372598.0,433068.02,0.0414,0.1501\r\nnode,N/A,N/A,aiops-k8s-08,node_cpu_usage_rate,18.32,21.26,26.03,26.17,0.1486,0.0051\r\nnode,N/A,N/A,aiops-k8s-06,node_cpu_usage_rate,25.18,26.62,33.51,38.43,0.0556,0.1366\r\nservice,emailservice,emailservice-1,N/A,rrt,1813.88,1815.57,2381.11,2103.43,0.0009,0.1238\r\nservice,shippingservice,shippingservice-0,N/A,rrt_max,3128.0,3531.0,7480.68,7155.2,0.121,0.0445\r\n", "unique_entities": {"service_name": ["adservice", "cartservice", "checkoutservice", "currencyservice", "emailservice", "frontend", "paymentservice", "productcatalogservice", "recommendationservice", "redis", "shippingservice", "tidb-pd", "tidb-tidb", "tidb-tikv"], "node_name": ["aiops-k8s-01", "aiops-k8s-02", "aiops-k8s-03", "aiops-k8s-04", "aiops-k8s-05", "aiops-k8s-06", "aiops-k8s-07", "aiops-k8s-08"], "pod_name": ["adservice-0", "adservice-1", "adservice-2", "cartservice-0", "cartservice-1", "cartservice-2", "checkoutservice-0", "checkoutservice-1", "checkoutservice-2", "currencyservice-0", "currencyservice-1", "currencyservice-2", "emailservice-0", "emailservice-1", "emailservice-2", "frontend-0", "frontend-1", "frontend-2", "paymentservice-0", "paymentservice-1", "paymentservice-2", "productcatalogservice-0", "productcatalogservice-1", "productcatalogservice-2", "recommendationservice-0", "recommendationservice-1", "recommendationservice-2", "redis-cart-0", "shippingservice-0", "shippingservice-1", "shippingservice-2"]}, "node_pod_mapping": {"aiops-k8s-01": ["checkoutservice-1", "emailservice-1", "recommendationservice-2", "shippingservice-0", "productcatalogservice-1"], "aiops-k8s-02": [], "aiops-k8s-03": ["shippingservice-2", "recommendationservice-1", "adservice-0", "paymentservice-1", "cartservice-0", "frontend-0"], "aiops-k8s-04": ["frontend-2", "currencyservice-1", "checkoutservice-0"], "aiops-k8s-05": ["paymentservice-2", "currencyservice-0", "cartservice-1", "shippingservice-1"], "aiops-k8s-06": ["emailservice-2", "productcatalogservice-0", "checkoutservice-2"], "aiops-k8s-07": ["emailservice-0", "currencyservice-2", "adservice-1", "frontend-1", "shippingservice-1"], "aiops-k8s-08": ["shippingservice-1", "redis-cart-0", "recommendationservice-0", "productcatalogservice-2", "paymentservice-0", "cartservice-2", "adservice-2"]}, "matched_anomaly": "A fault occurred from 2025-06-10T03:10:34Z to 2025-06-10T03:33:34Z. Please identify the root cause.", "time_range": "2025-06-10 03:10:34+00:00 to 2025-06-10 03:33:34+00:00"}, "metric_data_collected": true, "node_pod_mapping": {"aiops-k8s-01": ["checkoutservice-1", "emailservice-1", "recommendationservice-2", "shippingservice-0", "productcatalogservice-1"], "aiops-k8s-02": [], "aiops-k8s-03": ["shippingservice-2", "recommendationservice-1", "adservice-0", "paymentservice-1", "cartservice-0", "frontend-0"], "aiops-k8s-04": ["frontend-2", "currencyservice-1", "checkoutservice-0"], "aiops-k8s-05": ["paymentservice-2", "currencyservice-0", "cartservice-1", "shippingservice-1"], "aiops-k8s-06": ["emailservice-2", "productcatalogservice-0", "checkoutservice-2"], "aiops-k8s-07": ["emailservice-0", "currencyservice-2", "adservice-1", "frontend-1", "shippingservice-1"], "aiops-k8s-08": ["shippingservice-1", "redis-cart-0", "recommendationservice-0", "productcatalogservice-2", "paymentservice-0", "cartservice-2", "adservice-2"]}, "raw_log_result": {"status": "success", "message": "成功加载日志数据。UUID: fb327034-184，共 6 条错误日志", "filtered_logs": "node_name,service_name,pod_name,message,occurrence_count\r\naiops-k8s-07,adservice,adservice-1,\"Exception in thread \"\"Attach Listener\"\" java.lang.reflect.InvocationTargetException\",出现次数:2\r\naiops-k8s-07,adservice,adservice-1,Caused by: java.lang.Exception: Main : attempting to load Byteman agent more than once,出现次数:2\r\naiops-k8s-07,adservice,adservice-1,Agent failed to start!,出现次数:2\r\naiops-k8s-07,adservice,adservice-1,org.jboss.byteman.agent.Transformer : possible trigger for rule AdService-getRandomAds-exception-1749525035 in class hipstershop.AdService,出现次数:1\r\naiops-k8s-07,adservice,adservice-1,RuleTriggerMethodAdapter.injectTriggerPoint : inserting trigger into hipstershop.AdService.getRandomAds() java.util.List for rule AdService-getRandomAds-exception-1749525035,出现次数:1\r\naiops-k8s-07,adservice,adservice-1,org.jboss.byteman.agent.Transformer : inserted trigger for AdService-getRandomAds-exception-1749525035 in class hipstershop.AdService,出现次数:1\r\n", "unique_entities": {"pod_name": ["adservice-1"], "service_name": ["adservice"], "node_name": ["aiops-k8s-07"]}, "matched_anomaly": "A fault occurred from 2025-06-10T03:10:34Z to 2025-06-10T03:33:34Z. Please identify the root cause.", "time_range": "2025-06-10 03:10:34+00:00 to 2025-06-10 03:33:34+00:00"}, "log_data_collected": true, "raw_trace_result": {"status": "success", "message": "成功加载trace数据。UUID: fb327034-184，共 20 个异常组合，0 个状态组合", "filtered_traces": "node_name,service_name,parent_pod,child_pod,operation_name,normal_avg_duration,anomaly_avg_duration,anomaly_count\r\naiops-k8s-03,redis,cartservice-0,cartservice-0,HGET,1739.7426895431556,38432.5,出现次数:2\r\naiops-k8s-03,cartservice,checkoutservice-2,cartservice-0,POST /hipstershop.CartService/GetCart,2495.927187414433,39320.5,出现次数:2\r\naiops-k8s-07,frontend,frontend-1,frontend-1,hipstershop.ProductCatalogService/ListProducts,1968.257947771488,4096.821428571428,出现次数:2\r\naiops-k8s-06,productcatalogservice,frontend-0,productcatalogservice-0,hipstershop.ProductCatalogService/ListProducts,75.47187435148336,326.475,出现次数:2\r\naiops-k8s-08,cartservice,checkoutservice-2,cartservice-2,POST /hipstershop.CartService/GetCart,2546.8182916232186,28706.333333333332,出现次数:1\r\naiops-k8s-06,checkoutservice,checkoutservice-2,checkoutservice-2,hipstershop.CartService/GetCart,8686.463548279853,34634.5,出现次数:1\r\naiops-k8s-05,redis,cartservice-1,cartservice-1,HGET,1771.4157464335137,34392.666666666664,出现次数:1\r\naiops-k8s-05,cartservice,checkoutservice-2,cartservice-1,POST /hipstershop.CartService/GetCart,2622.265895302479,35528.666666666664,出现次数:1\r\naiops-k8s-01,shippingservice,checkoutservice-2,shippingservice-0,hipstershop.ShippingService/ShipOrder,225.5736111111111,945.5,出现次数:1\r\naiops-k8s-06,checkoutservice,checkoutservice-2,checkoutservice-2,hipstershop.ShippingService/GetQuote,9347.601322014976,41177.0,出现次数:1\r\naiops-k8s-08,cartservice,frontend-0,cartservice-2,POST /hipstershop.CartService/GetCart,2314.329534943915,8214.792452830188,出现次数:1\r\naiops-k8s-05,shippingservice,checkoutservice-2,shippingservice-1,hipstershop.ShippingService/GetQuote,216.2484643414888,1127.0,出现次数:1\r\naiops-k8s-03,frontend,frontend-0,frontend-0,hipstershop.CartService/AddItem,5216.283181282052,38055.28571428572,出现次数:1\r\naiops-k8s-03,frontend,frontend-0,frontend-0,hipstershop.CartService/GetCart,25581.50051799909,9704.188679245282,出现次数:1\r\naiops-k8s-07,frontend,frontend-1,frontend-1,hipstershop.CheckoutService/PlaceOrder,153703.35266395428,275221.6,出现次数:1\r\naiops-k8s-08,cartservice,frontend-0,cartservice-2,POST /hipstershop.CartService/AddItem,3583.5159886914266,36337.42857142857,出现次数:1\r\naiops-k8s-07,frontend,frontend-1,frontend-1,hipstershop.CurrencyService/GetSupportedCurrencies,2864.123828486679,4203.0,出现次数:1\r\naiops-k8s-06,productcatalogservice,frontend-1,productcatalogservice-0,hipstershop.ProductCatalogService/ListProducts,73.669788688856,166.11111111111111,出现次数:1\r\naiops-k8s-03,recommendationservice,frontend-1,recommendationservice-1,/hipstershop.RecommendationService/ListRecommendations,4055.4658130664766,5187.0,出现次数:1\r\naiops-k8s-08,cartservice,frontend-2,cartservice-2,POST /hipstershop.CartService/AddItem,3560.658009081286,36077.5,出现次数:1\r\n", "unique_entities": {"pod_name": ["cartservice-0", "cartservice-1", "cartservice-2", "checkoutservice-2", "frontend-0", "frontend-1", "frontend-2", "productcatalogservice-0", "recommendationservice-1", "shippingservice-0", "shippingservice-1"], "service_name": ["cartservice", "checkoutservice", "frontend", "productcatalogservice", "recommendationservice", "redis", "shippingservice"], "node_name": ["aiops-k8s-01", "aiops-k8s-03", "aiops-k8s-05", "aiops-k8s-06", "aiops-k8s-07", "aiops-k8s-08"]}, "status_combinations": "", "matched_anomaly": "A fault occurred from 2025-06-10T03:10:34Z to 2025-06-10T03:33:34Z. Please identify the root cause.", "time_range": "2025-06-10 03:10:34+00:00 to 2025-06-10 03:33:34+00:00"}, "trace_data_collected": true, "log_analysis_findings": "The data collection for the specified UUID and time range has been successfully completed. We have gathered several error logs within the anomaly period. Below is an analysis of the logs:\n\n### Detected Logs\n1. `\"Exception in thread \"Attach Listener\" java.lang.reflect.InvocationTargetException\"` - Occurrence Count: 2\n2. `\"Caused by: java.lang.Exception: Main : attempting to load Byteman agent more than once\"` - Occurrence Count: 2\n3. `\"Agent failed to start!\"` - Occurrence Count: 2\n4. `\"org.jboss.byteman.agent.Transformer : possible trigger for rule AdService-getRandomAds-exception-1749525035 in class hipstershop.AdService\"` - Occurrence Count: 1\n5. `\"RuleTriggerMethodAdapter.injectTriggerPoint : inserting trigger into hipstershop.AdService.getRandomAds() java.util.List for rule AdService-getRandomAds-exception-1749525035\"` - Occurrence Count: 1\n6. `\"org.jboss.byteman.agent.Transformer : inserted trigger for AdService-getRandomAds-exception-1749525035 in class hipstershop.AdService\"` - Occurrence Count: 1\n\n### Analysis\n\n- **Error Type Keywords**: `java.lang.reflect.InvocationTargetException`, `Exception`, `Agent failed to start`, `Byteman agent`\n- **Service Impacted**: All logs originate from the `adservice` running on the node `aiops-k8s-07`.\n- **Fault Pattern/Aggregation**: \n  - Repeated attempts and failures to load a Byteman agent and insert triggers in the AdService class.\n  - The logs consistently indicate issues within the `adservice`, particularly related to the loading and operational errors of the Byteman agent.\n\n### JSON Output\n\n```json\n{\n  \"stance\": \"NEUTRAL\",\n  \"detected_log_keys\": [\"java.lang.reflect.InvocationTargetException\", \"Exception\", \"Agent failed to start\", \"Byteman agent\"],\n  \"hypotheses\": [\n    {\n      \"component\": \"adservice\",\n      \"reason\": \"Repeated failures in loading Byteman agent; possible misconfiguration or incompatibility\",\n      \"evidence\": \"\\\"Exception in thread 'Attach Listener' java.lang.reflect.InvocationTargetException\\\" and other Byteman related errors\"\n    }\n  ]\n}\n```\n\nThis output suggests that the root cause may lie within the adservice's handling or configuration of the Byteman agent, likely requiring review of how Byteman is being utilized or configured within the service.", "metric_analysis_findings": "Based on the available data during the specified fault window, I've identified several significant deviations from normal operational metrics, particularly focusing on nodes and services. Here is the analysis:\n\n### Detected Abnormal Metrics\n- `node_memory_usage_rate` on `aiops-k8s-04`\n- `rrt_max` on `currencyservice-0`\n- `rrt_max` on `shippingservice-2`\n\n### Initial Findings and Hypotheses\n```json\n{\n  \"stance\": \"NEUTRAL\",\n  \"detected_metric_keys\": [\n    \"node_memory_usage_rate\",\n    \"rrt_max\"\n  ],\n  \"hypotheses\": [\n    {\n      \"component\": \"aiops-k8s-04\",\n      \"reason\": \"node_memory_usage_rate increased noticeably (30.34% to 33.09%), correlating with other service performance issues.\",\n      \"evidence\": \"Node memory usage rate saw a significant rise, indicating possible resource exhaustion contributing to service slowdowns.\"\n    },\n    {\n      \"component\": \"currencyservice-0\",\n      \"reason\": \"Increase in rrt_max from 5623ms to 5986ms, showing a major latency issue.\",\n      \"evidence\": \"rrt_max jumped by 1.2731 in the maximum deviation during the fault period.\"\n    },\n    {\n      \"component\": \"shippingservice-2\",\n      \"reason\": \"Spike in rrt_max from 1976ms to 2007ms indicating latency issues.\",\n      \"evidence\": \"The maximum response time increase shows a substantial change with a 1.2685 deviation.\"\n    }\n  ]\n}\n```\n\n### Conclusion\nThe fault seems primarily associated with resource saturation on `aiops-k8s-04`, accompanied by significant slowdowns in specific services which might be indirectly impacted by node resource contention. Further investigation might be needed to confirm if the node's state directly caused the service anomalies, or if they were due to individual service issues such as increased demand or additional underlying infrastructure factors.", "trace_analysis_findings": "I have successfully collected the trace data related to the reported fault from 2025-06-10T03:10:34Z to 2025-06-10T03:33:34Z. Based on the initial scans, here are the highlights of the significant traces that exhibit notable anomalies:\n\n### Key Findings\n\n- **CartService -> Redis**:  \n  - *Trace Details*: HGET operation showed normal average duration of 1739.74ms compared to an anomaly average duration of 38432.5ms.  \n  - *Anomaly Count*: 2 occurrences.  \n  - *Latency Spike*: Redis service is experiencing significant delays impacting CartService.\n\n- **CheckoutService -> CartService (cartservice-0)**:  \n  - *Trace Details*: POST /hipstershop.CartService/GetCart showed normal average of 2495.93ms and anomaly average 39320.5ms.  \n  - *Anomaly Count*: 2 occurrences.  \n  - *Latency Spike*: Delay in fetching cart data affecting CheckoutService.\n\n- **CheckoutService -> ShippingService**:  \n  - *Trace Details*: hipstershop.ShippingService/GetQuote operation revealed normal average of 9347.60ms versus anomaly average of 41177.0ms.  \n  - *Anomaly Count*: 1 occurrence.  \n  - *Latency Spike*: Shipping quote retrieval is delayed, impacting CheckoutService.\n\n- **ProductCatalogService -> TiDB**:  \n  - *Trace Details*: hipstershop.ProductCatalogService/ListProducts showed normal average duration of 75.47ms and anomaly average duration of 326.475ms.  \n  - *Anomaly Count*: 1 occurrence.  \n  - *Latency Spike*: Increased response times from ProductCatalogService during list product operations.\n\n### Summary Analysis\n\n- **Significant Network Delays**: CartService linked operations have repeatedly shown much larger anomaly averages compared to their normal durations.\n- **Service Delays**: Redis and ShippingService appear as critical nodes with delay issues.\n- **Recommendation and Product Catalog calls are marked with increased latency, which may indicate a broader database-related slow down.\n\nThe comprehensive results point to possible issues rooted in the Redis service affecting multiple downstream operations as well as isolated latency spikes in connection to the ShippingService.\n\nWith the above insights, the next steps involve verifying these highlighted components in real-time infrastructure and conducting possible performance audits on Redis and ShippingService functionalities.\n\n### JSON Output\n\n```json\n{\n  \"stance\": \"NEUTRAL\",\n  \"detected_trace_keys\": [\n    \"latency_spike\",\n    \"cartservice->redis\",\n    \"checkoutservice->cartservice\",\n    \"checkoutservice->shippingservice\",\n    \"productcatalogservice->tidb\"\n  ],\n  \"hypotheses\": [\n    {\n      \"component\": \"Redis\",\n      \"reason\": \"latency_spike impacting CartService HGET\",\n      \"evidence\": \"Normal Avg Duration: 1739.74ms, Anomaly Avg Duration: 38432.5ms\"\n    },\n    {\n      \"component\": \"CartService\",\n      \"reason\": \"latency_spike in POST /hipstershop.CartService/GetCart\",\n      \"evidence\": \"Normal Avg Duration: 2495.93ms, Anomaly Avg Duration: 39320.5ms\"\n    },\n    {\n      \"component\": \"ShippingService\",\n      \"reason\": \"latency_spike in hipstershop.ShippingService/GetQuote\",\n      \"evidence\": \"Normal Avg Duration: 9347.60ms, Anomaly Avg Duration: 41177.0ms\"\n    },\n    {\n      \"component\": \"ProductCatalogService\",\n      \"reason\": \"latency_spike in hipstershop.ProductCatalogService/ListProducts\",\n      \"evidence\": \"Normal Avg Duration: 75.47ms, Anomaly Avg Duration: 326.475ms\"\n    }\n  ]\n}\n```\n\nNext steps involve deeper investigation involving performance profiling and potential remediation actions focused on Redis and ShippingService at the observed anomaly time intervals."}
2026-01-04 02:25:28,479 - RootCauseAnalysis - INFO - [Tool Call] consensus_discussion_agent
2026-01-04 02:25:28,479 - RootCauseAnalysis - INFO -     Args: {'request': 'Initiate consensus discussion on the collected data for UUID fb327034-184 to agree on the root cause of the fault.'}...
2026-01-04 02:25:28,479 - RootCauseAnalysis - INFO - ============================================================
2026-01-04 02:25:28,479 - RootCauseAnalysis - INFO - CONSENSUS ANALYSIS - Round 0
2026-01-04 02:25:28,479 - RootCauseAnalysis - INFO - Current Hypothesis: （等待写入...）
2026-01-04 02:25:28,479 - RootCauseAnalysis - INFO - ============================================================
2026-01-04 02:25:33,806 - RootCauseAnalysis - INFO - CONSENSUS AGENT OUTPUT PARSED:
2026-01-04 02:25:33,807 - RootCauseAnalysis - INFO -   - Status: DISAGREED
2026-01-04 02:25:33,807 - RootCauseAnalysis - INFO -   - New Hypothesis: Redis is the root cause due to latency issues impacting CartService HGET operations
2026-01-04 02:25:33,807 - RootCauseAnalysis - INFO -   - Reasoning: Trace expert identifies latency spikes in CartService -> Redis, significant deviation noted in operation duration.
2026-01-04 02:25:33,807 - RootCauseAnalysis - INFO - >>> CONSENSUS NOT REACHED. Updating hypothesis and continuing loop. <<<
2026-01-04 02:25:33,808 - RootCauseAnalysis - INFO - ============================================================
2026-01-04 02:25:33,808 - RootCauseAnalysis - INFO - METRIC ANALYSIS - Starting
2026-01-04 02:25:33,808 - RootCauseAnalysis - INFO - ============================================================
2026-01-04 02:25:33,808 - RootCauseAnalysis - INFO - METRIC AGENT - Verifying Hypothesis: Redis is the root cause due to...
2026-01-04 02:25:33,809 - RootCauseAnalysis - INFO - ============================================================
2026-01-04 02:25:33,809 - RootCauseAnalysis - INFO - LOG ANALYSIS - Starting
2026-01-04 02:25:33,809 - RootCauseAnalysis - INFO - ============================================================
2026-01-04 02:25:33,809 - RootCauseAnalysis - INFO - LOG AGENT - Verifying Hypothesis: Redis is the root cause due to...
2026-01-04 02:25:33,809 - RootCauseAnalysis - INFO - ============================================================
2026-01-04 02:25:33,810 - RootCauseAnalysis - INFO - TRACE ANALYSIS - Starting
2026-01-04 02:25:33,810 - RootCauseAnalysis - INFO - ============================================================
2026-01-04 02:25:33,810 - RootCauseAnalysis - INFO - TRACE AGENT - Verifying Hypothesis: Redis is the root cause due to...
2026-01-04 02:26:09,792 - RootCauseAnalysis - INFO - METRIC AGENT - Analysis Completed
2026-01-04 02:26:10,338 - RootCauseAnalysis - INFO - LOG AGENT - Analysis Completed
2026-01-04 02:26:12,523 - RootCauseAnalysis - INFO - TRACE AGENT - Analysis Completed
2026-01-04 02:26:12,523 - RootCauseAnalysis - INFO - ============================================================
2026-01-04 02:26:12,530 - RootCauseAnalysis - INFO - CONSENSUS ANALYSIS - Round 1
2026-01-04 02:26:12,530 - RootCauseAnalysis - INFO - Current Hypothesis: Redis is the root cause due to latency issues impacting CartService HGET operations
2026-01-04 02:26:12,530 - RootCauseAnalysis - INFO - ============================================================
2026-01-04 02:26:23,687 - RootCauseAnalysis - INFO - CONSENSUS AGENT OUTPUT PARSED:
2026-01-04 02:26:23,687 - RootCauseAnalysis - INFO -   - Status: DISAGREED
2026-01-04 02:26:23,687 - RootCauseAnalysis - INFO -   - New Hypothesis: Redis is the root cause due to latency issues impacting CartService HGET operations
2026-01-04 02:26:23,687 - RootCauseAnalysis - INFO -   - Reasoning: Strong evidence from trace data suggests Redis latency as a root cause, but it is opposed by metric data showing insufficient resource-level anomalies and logs pointing to unrelated errors in adservice. The disagreement warrants deeper investigation into Redis operations and alternative contributing factors.
2026-01-04 02:26:23,687 - RootCauseAnalysis - INFO - >>> CONSENSUS NOT REACHED. Updating hypothesis and continuing loop. <<<
2026-01-04 02:26:23,687 - RootCauseAnalysis - INFO - ============================================================
2026-01-04 02:26:23,687 - RootCauseAnalysis - INFO - METRIC ANALYSIS - Starting
2026-01-04 02:26:23,687 - RootCauseAnalysis - INFO - ============================================================
2026-01-04 02:26:23,687 - RootCauseAnalysis - INFO - METRIC AGENT - Verifying Hypothesis: Redis is the root cause due to...
2026-01-04 02:26:23,687 - RootCauseAnalysis - INFO - ============================================================
2026-01-04 02:26:23,687 - RootCauseAnalysis - INFO - LOG ANALYSIS - Starting
2026-01-04 02:26:23,687 - RootCauseAnalysis - INFO - ============================================================
2026-01-04 02:26:23,687 - RootCauseAnalysis - INFO - LOG AGENT - Verifying Hypothesis: Redis is the root cause due to...
2026-01-04 02:26:23,687 - RootCauseAnalysis - INFO - ============================================================
2026-01-04 02:26:23,687 - RootCauseAnalysis - INFO - TRACE ANALYSIS - Starting
2026-01-04 02:26:23,687 - RootCauseAnalysis - INFO - ============================================================
2026-01-04 02:26:23,687 - RootCauseAnalysis - INFO - TRACE AGENT - Verifying Hypothesis: Redis is the root cause due to...
2026-01-04 02:26:31,090 - RootCauseAnalysis - INFO - METRIC AGENT - Analysis Completed
2026-01-04 02:26:32,157 - RootCauseAnalysis - INFO - LOG AGENT - Analysis Completed
2026-01-04 02:26:32,766 - RootCauseAnalysis - INFO - TRACE AGENT - Analysis Completed
2026-01-04 02:26:32,766 - RootCauseAnalysis - INFO - ============================================================
2026-01-04 02:26:32,766 - RootCauseAnalysis - INFO - CONSENSUS ANALYSIS - Round 2
2026-01-04 02:26:32,766 - RootCauseAnalysis - INFO - Current Hypothesis: Redis is the root cause due to latency issues impacting CartService HGET operations
2026-01-04 02:26:32,766 - RootCauseAnalysis - INFO - ============================================================
2026-01-04 02:26:41,671 - RootCauseAnalysis - INFO - CONSENSUS AGENT OUTPUT PARSED:
2026-01-04 02:26:41,671 - RootCauseAnalysis - INFO -   - Status: DISAGREED
2026-01-04 02:26:41,671 - RootCauseAnalysis - INFO -   - New Hypothesis: Redis is the root cause due to latency issues impacting CartService HGET operations
2026-01-04 02:26:41,671 - RootCauseAnalysis - INFO -   - Reasoning: Although the trace data strongly supports Redis as the cause of latency in CartService, the lack of corroborating evidence from metrics and logs leads to inconclusive results. Additional Redis-specific analysis is required to validate the root cause.
2026-01-04 02:26:41,671 - RootCauseAnalysis - INFO - >>> CONSENSUS NOT REACHED. Updating hypothesis and continuing loop. <<<
2026-01-04 02:26:41,685 - RootCauseAnalysis - INFO - ============================================================
2026-01-04 02:26:41,685 - RootCauseAnalysis - INFO - METRIC ANALYSIS - Starting
2026-01-04 02:26:41,685 - RootCauseAnalysis - INFO - ============================================================
2026-01-04 02:26:41,685 - RootCauseAnalysis - INFO - METRIC AGENT - Verifying Hypothesis: Redis is the root cause due to...
2026-01-04 02:26:41,685 - RootCauseAnalysis - INFO - ============================================================
2026-01-04 02:26:41,685 - RootCauseAnalysis - INFO - LOG ANALYSIS - Starting
2026-01-04 02:26:41,685 - RootCauseAnalysis - INFO - ============================================================
2026-01-04 02:26:41,685 - RootCauseAnalysis - INFO - LOG AGENT - Verifying Hypothesis: Redis is the root cause due to...
2026-01-04 02:26:41,685 - RootCauseAnalysis - INFO - ============================================================
2026-01-04 02:26:41,685 - RootCauseAnalysis - INFO - TRACE ANALYSIS - Starting
2026-01-04 02:26:41,685 - RootCauseAnalysis - INFO - ============================================================
2026-01-04 02:26:41,685 - RootCauseAnalysis - INFO - TRACE AGENT - Verifying Hypothesis: Redis is the root cause due to...
2026-01-04 02:26:48,045 - RootCauseAnalysis - INFO - TRACE AGENT - Analysis Completed
2026-01-04 02:26:49,748 - RootCauseAnalysis - INFO - METRIC AGENT - Analysis Completed
2026-01-04 02:26:50,819 - RootCauseAnalysis - INFO - LOG AGENT - Analysis Completed
2026-01-04 02:26:50,821 - RootCauseAnalysis - INFO - ============================================================
2026-01-04 02:26:50,821 - RootCauseAnalysis - INFO - CONSENSUS ANALYSIS - Round 3
2026-01-04 02:26:50,822 - RootCauseAnalysis - INFO - Current Hypothesis: Redis is the root cause due to latency issues impacting CartService HGET operations
2026-01-04 02:26:50,822 - RootCauseAnalysis - INFO - ============================================================
2026-01-04 02:26:59,265 - RootCauseAnalysis - INFO - CONSENSUS AGENT OUTPUT PARSED:
2026-01-04 02:26:59,265 - RootCauseAnalysis - INFO -   - Status: DISAGREED
2026-01-04 02:26:59,265 - RootCauseAnalysis - INFO -   - New Hypothesis: Redis is the root cause due to latency issues impacting CartService HGET operations
2026-01-04 02:26:59,265 - RootCauseAnalysis - INFO -   - Reasoning: Trace evidence supports potential Redis latency impact on CartService. However, metrics and logs lack correlating evidence of systemic effects directly tying to Redis faults. Further Redis and network-level analysis is crucial.
2026-01-04 02:26:59,265 - RootCauseAnalysis - INFO - >>> CONSENSUS NOT REACHED. Updating hypothesis and continuing loop. <<<
2026-01-04 02:26:59,265 - RootCauseAnalysis - INFO - ============================================================
2026-01-04 02:26:59,265 - RootCauseAnalysis - INFO - METRIC ANALYSIS - Starting
2026-01-04 02:26:59,265 - RootCauseAnalysis - INFO - ============================================================
2026-01-04 02:26:59,265 - RootCauseAnalysis - INFO - METRIC AGENT - Verifying Hypothesis: Redis is the root cause due to...
2026-01-04 02:26:59,265 - RootCauseAnalysis - INFO - ============================================================
2026-01-04 02:26:59,265 - RootCauseAnalysis - INFO - LOG ANALYSIS - Starting
2026-01-04 02:26:59,265 - RootCauseAnalysis - INFO - ============================================================
2026-01-04 02:26:59,265 - RootCauseAnalysis - INFO - LOG AGENT - Verifying Hypothesis: Redis is the root cause due to...
2026-01-04 02:26:59,265 - RootCauseAnalysis - INFO - ============================================================
2026-01-04 02:26:59,265 - RootCauseAnalysis - INFO - TRACE ANALYSIS - Starting
2026-01-04 02:26:59,265 - RootCauseAnalysis - INFO - ============================================================
2026-01-04 02:26:59,265 - RootCauseAnalysis - INFO - TRACE AGENT - Verifying Hypothesis: Redis is the root cause due to...
2026-01-04 02:27:04,298 - RootCauseAnalysis - INFO - TRACE AGENT - Analysis Completed
2026-01-04 02:27:04,790 - RootCauseAnalysis - INFO - METRIC AGENT - Analysis Completed
2026-01-04 02:27:06,150 - RootCauseAnalysis - INFO - LOG AGENT - Analysis Completed
2026-01-04 02:27:06,150 - RootCauseAnalysis - INFO - ============================================================
2026-01-04 02:27:06,150 - RootCauseAnalysis - INFO - CONSENSUS ANALYSIS - Round 4
2026-01-04 02:27:06,150 - RootCauseAnalysis - INFO - Current Hypothesis: Redis is the root cause due to latency issues impacting CartService HGET operations
2026-01-04 02:27:06,157 - RootCauseAnalysis - INFO - ============================================================
2026-01-04 02:27:12,708 - RootCauseAnalysis - INFO - CONSENSUS AGENT OUTPUT PARSED:
2026-01-04 02:27:12,710 - RootCauseAnalysis - INFO -   - Status: DISAGREED
2026-01-04 02:27:12,710 - RootCauseAnalysis - INFO -   - New Hypothesis: Redis is the root cause due to latency issues impacting CartService HGET operations
2026-01-04 02:27:12,710 - RootCauseAnalysis - INFO -   - Reasoning: Trace analysis suggests Redis as the latency source, but without metric or log support, the root cause can't be confirmed. Detailed Redis and broader system analysis are necessary.
2026-01-04 02:27:12,711 - RootCauseAnalysis - INFO - >>> CONSENSUS NOT REACHED. Updating hypothesis and continuing loop. <<<
2026-01-04 02:27:12,711 - RootCauseAnalysis - INFO - ============================================================
2026-01-04 02:27:12,711 - RootCauseAnalysis - INFO - METRIC ANALYSIS - Starting
2026-01-04 02:27:12,711 - RootCauseAnalysis - INFO - ============================================================
2026-01-04 02:27:12,711 - RootCauseAnalysis - INFO - METRIC AGENT - Verifying Hypothesis: Redis is the root cause due to...
2026-01-04 02:27:12,711 - RootCauseAnalysis - INFO - ============================================================
2026-01-04 02:27:12,711 - RootCauseAnalysis - INFO - LOG ANALYSIS - Starting
2026-01-04 02:27:12,711 - RootCauseAnalysis - INFO - ============================================================
2026-01-04 02:27:12,711 - RootCauseAnalysis - INFO - LOG AGENT - Verifying Hypothesis: Redis is the root cause due to...
2026-01-04 02:27:12,711 - RootCauseAnalysis - INFO - ============================================================
2026-01-04 02:27:12,711 - RootCauseAnalysis - INFO - TRACE ANALYSIS - Starting
2026-01-04 02:27:12,711 - RootCauseAnalysis - INFO - ============================================================
2026-01-04 02:27:12,711 - RootCauseAnalysis - INFO - TRACE AGENT - Verifying Hypothesis: Redis is the root cause due to...
2026-01-04 02:27:17,546 - RootCauseAnalysis - INFO - TRACE AGENT - Analysis Completed
2026-01-04 02:27:18,229 - RootCauseAnalysis - INFO - METRIC AGENT - Analysis Completed
2026-01-04 02:27:18,674 - RootCauseAnalysis - INFO - LOG AGENT - Analysis Completed
2026-01-04 02:27:18,674 - RootCauseAnalysis - INFO - ============================================================
2026-01-04 02:27:18,674 - RootCauseAnalysis - INFO - CONSENSUS ANALYSIS - Round 5
2026-01-04 02:27:18,674 - RootCauseAnalysis - INFO - Current Hypothesis: Redis is the root cause due to latency issues impacting CartService HGET operations
2026-01-04 02:27:18,674 - RootCauseAnalysis - INFO - ============================================================
2026-01-04 02:27:24,884 - RootCauseAnalysis - INFO - CONSENSUS AGENT OUTPUT PARSED:
2026-01-04 02:27:24,886 - RootCauseAnalysis - INFO -   - Status: DISAGREED
2026-01-04 02:27:24,886 - RootCauseAnalysis - INFO -   - New Hypothesis: Redis is the root cause due to latency issues impacting CartService HGET operations
2026-01-04 02:27:24,886 - RootCauseAnalysis - INFO -   - Reasoning: Trace data suggests Redis-related latency, but without supporting evidence from metrics and logs, the root cause remains unsubstantiated. A comprehensive analysis of Redis and broader system factors is needed.
2026-01-04 02:27:24,886 - RootCauseAnalysis - INFO - >>> CONSENSUS NOT REACHED. Updating hypothesis and continuing loop. <<<
2026-01-04 02:27:24,886 - RootCauseAnalysis - INFO - ============================================================
2026-01-04 02:27:24,886 - RootCauseAnalysis - INFO - METRIC ANALYSIS - Starting
2026-01-04 02:27:24,886 - RootCauseAnalysis - INFO - ============================================================
2026-01-04 02:27:24,886 - RootCauseAnalysis - INFO - METRIC AGENT - Verifying Hypothesis: Redis is the root cause due to...
2026-01-04 02:27:24,886 - RootCauseAnalysis - INFO - ============================================================
2026-01-04 02:27:24,886 - RootCauseAnalysis - INFO - LOG ANALYSIS - Starting
2026-01-04 02:27:24,886 - RootCauseAnalysis - INFO - ============================================================
2026-01-04 02:27:24,886 - RootCauseAnalysis - INFO - LOG AGENT - Verifying Hypothesis: Redis is the root cause due to...
2026-01-04 02:27:24,886 - RootCauseAnalysis - INFO - ============================================================
2026-01-04 02:27:24,886 - RootCauseAnalysis - INFO - TRACE ANALYSIS - Starting
2026-01-04 02:27:24,886 - RootCauseAnalysis - INFO - ============================================================
2026-01-04 02:27:24,886 - RootCauseAnalysis - INFO - TRACE AGENT - Verifying Hypothesis: Redis is the root cause due to...
2026-01-04 02:27:29,548 - RootCauseAnalysis - INFO - TRACE AGENT - Analysis Completed
2026-01-04 02:27:30,317 - RootCauseAnalysis - INFO - METRIC AGENT - Analysis Completed
2026-01-04 02:27:30,991 - RootCauseAnalysis - INFO - LOG AGENT - Analysis Completed
2026-01-04 02:27:30,993 - RootCauseAnalysis - INFO - [Tool Resp] consensus_discussion_agent
2026-01-04 02:27:30,993 - RootCauseAnalysis - INFO -     Result: {'result': '### Final Consensus Review: Comprehensive Summary\n\n#### Summary of Expert Positions:\n1. **Log Expert**:\n   - Highlights configuration issues within `adservice` which appear unrelated to the Redis or CartService latency.\n   - **Position**: OPPOSE\n\n2. **Metric Expert**:\n   - Notes increased latency across CartService (`rrt_max`), without significant deviations in pertinent Redis metrics like `pod_cpu_usage`.\n   - **Position**: OPPOSE\n\n3. **Trace Expert**:\n   - Documents sub...
2026-01-04 02:27:30,993 - RootCauseAnalysis - INFO - [State Update] {"consensus_iteration": 6, "consensus_decision": "DISAGREED", "current_hypothesis": "Redis is the root cause due to latency issues impacting CartService HGET operations", "current_task_instruction": "当前处于【假设验证阶段】。\n待验证的根因假设是：'Redis is the root cause due to latency issues impacting CartService HGET operations'。\n请基于 Trace 数据判断该假设是否成立。\n重点：请在返回 JSON 的 'stance' 字段中明确标记 'SUPPORT' 或 'OPPOSE'。", "raw_metric_result": {"status": "success", "message": "成功加载metric数据。UUID: fb327034-184", "anomaly_metrics": "metric_type,service_name,pod_name,node_name,metric_name,normal_median,fault_median,normal_p99,fault_p99,median_change_ratio,p99_change_ratio\r\nservice,adservice,adservice-0,N/A,client_error_ratio,0.0,0.0,0.15,0.0,0.0,2.0\r\nservice,adservice,adservice-0,N/A,error_ratio,0.0,0.0,0.15,0.0,0.0,2.0\r\nservice,currencyservice,currencyservice-0,N/A,rrt_max,5623.0,5986.0,57081.4,12676.78,0.0625,1.2731\r\nservice,shippingservice,shippingservice-2,N/A,rrt_max,1976.0,2007.0,4642.36,20742.36,0.0156,1.2685\r\nservice,cartservice,cartservice-1,N/A,rrt_max,3833.0,4229.0,18180.72,70344.64,0.0982,1.1785\r\nservice,cartservice,cartservice-0,N/A,rrt_max,4479.0,4237.0,15025.6,54349.3,0.0555,1.1337\r\nservice,cartservice,cartservice-1,N/A,rrt,1602.76,1595.46,2536.7,7122.31,0.0046,0.9495\r\npod,N/A,redis-cart-0,N/A,pod_cpu_usage,0.0,0.0,0.06,0.12,0.0,0.6755\r\nservice,cartservice,cartservice-0,N/A,rrt,1579.07,1610.53,2378.13,4527.87,0.0197,0.6226\r\nservice,shippingservice,shippingservice-2,N/A,rrt,1059.57,1069.71,1244.24,2237.05,0.0095,0.5704\r\nservice,currencyservice,currencyservice-1,N/A,rrt_max,6233.0,8509.0,111732.92,72601.2,0.3088,0.4246\r\nservice,shippingservice,shippingservice-1,N/A,rrt_max,2113.0,1928.0,7152.08,4775.8,0.0916,0.3984\r\nnode,N/A,N/A,aiops-k8s-04,node_memory_usage_rate,30.34,33.09,52.09,35.15,0.0867,0.3883\r\nservice,paymentservice,paymentservice-1,N/A,rrt_max,2420.0,2130.0,6824.28,4848.2,0.1275,0.3386\r\nservice,emailservice,emailservice-0,N/A,rrt_max,3851.0,3262.0,10485.0,7595.86,0.1656,0.3196\r\nservice,paymentservice,paymentservice-0,N/A,rrt_max,2289.0,2291.0,4734.96,6390.2,0.0009,0.2976\r\nservice,productcatalogservice,productcatalogservice-1,N/A,rrt_max,14216.0,13333.0,23115.0,30734.42,0.0641,0.283\r\nservice,redis,redis-cart-0,N/A,rrt,147.73,147.53,1051.82,1347.19,0.0014,0.2462\r\nservice,productcatalogservice,productcatalogservice-2,N/A,rrt_max,14346.0,16156.0,24601.96,19682.98,0.1187,0.2222\r\nservice,currencyservice,currencyservice-2,N/A,rrt_max,2038.0,2040.0,4559.48,5662.84,0.001,0.2159\r\nservice,frontend,frontend-2,N/A,rrt_max,279142.0,280088.0,433664.36,355410.64,0.0034,0.1983\r\nservice,cartservice,cartservice-2,N/A,rrt,1321.42,1323.19,3037.65,3660.43,0.0013,0.186\r\nservice,paymentservice,paymentservice-0,N/A,rrt,1608.08,1603.0,2157.89,2558.1,0.0032,0.1697\r\nservice,shippingservice,shippingservice-1,N/A,rrt,1130.91,1094.75,1496.95,1263.26,0.0325,0.1693\r\nservice,paymentservice,paymentservice-1,N/A,rrt,1742.17,1631.0,2766.74,2362.02,0.0659,0.1578\r\nservice,checkoutservice,checkoutservice-2,N/A,rrt_max,226329.0,217155.0,372598.0,433068.02,0.0414,0.1501\r\nnode,N/A,N/A,aiops-k8s-08,node_cpu_usage_rate,18.32,21.26,26.03,26.17,0.1486,0.0051\r\nnode,N/A,N/A,aiops-k8s-06,node_cpu_usage_rate,25.18,26.62,33.51,38.43,0.0556,0.1366\r\nservice,emailservice,emailservice-1,N/A,rrt,1813.88,1815.57,2381.11,2103.43,0.0009,0.1238\r\nservice,shippingservice,shippingservice-0,N/A,rrt_max,3128.0,3531.0,7480.68,7155.2,0.121,0.0445\r\n", "unique_entities": {"service_name": ["adservice", "cartservice", "checkoutservice", "currencyservice", "emailservice", "frontend", "paymentservice", "productcatalogservice", "recommendationservice", "redis", "shippingservice", "tidb-pd", "tidb-tidb", "tidb-tikv"], "node_name": ["aiops-k8s-01", "aiops-k8s-02", "aiops-k8s-03", "aiops-k8s-04", "aiops-k8s-05", "aiops-k8s-06", "aiops-k8s-07", "aiops-k8s-08"], "pod_name": ["adservice-0", "adservice-1", "adservice-2", "cartservice-0", "cartservice-1", "cartservice-2", "checkoutservice-0", "checkoutservice-1", "checkoutservice-2", "currencyservice-0", "currencyservice-1", "currencyservice-2", "emailservice-0", "emailservice-1", "emailservice-2", "frontend-0", "frontend-1", "frontend-2", "paymentservice-0", "paymentservice-1", "paymentservice-2", "productcatalogservice-0", "productcatalogservice-1", "productcatalogservice-2", "recommendationservice-0", "recommendationservice-1", "recommendationservice-2", "redis-cart-0", "shippingservice-0", "shippingservice-1", "shippingservice-2"]}, "node_pod_mapping": {"aiops-k8s-01": ["checkoutservice-1", "emailservice-1", "recommendationservice-2", "shippingservice-0", "productcatalogservice-1"], "aiops-k8s-02": [], "aiops-k8s-03": ["shippingservice-2", "recommendationservice-1", "adservice-0", "paymentservice-1", "cartservice-0", "frontend-0"], "aiops-k8s-04": ["frontend-2", "currencyservice-1", "checkoutservice-0"], "aiops-k8s-05": ["paymentservice-2", "currencyservice-0", "cartservice-1", "shippingservice-1"], "aiops-k8s-06": ["emailservice-2", "productcatalogservice-0", "checkoutservice-2"], "aiops-k8s-07": ["emailservice-0", "currencyservice-2", "adservice-1", "frontend-1", "shippingservice-1"], "aiops-k8s-08": ["shippingservice-1", "redis-cart-0", "recommendationservice-0", "productcatalogservice-2", "paymentservice-0", "cartservice-2", "adservice-2"]}, "matched_anomaly": "A fault occurred from 2025-06-10T03:10:34Z to 2025-06-10T03:33:34Z. Please identify the root cause.", "time_range": "2025-06-10 03:10:34+00:00 to 2025-06-10 03:33:34+00:00"}, "metric_data_collected": true, "node_pod_mapping": {"aiops-k8s-01": ["checkoutservice-1", "emailservice-1", "recommendationservice-2", "shippingservice-0", "productcatalogservice-1"], "aiops-k8s-02": [], "aiops-k8s-03": ["shippingservice-2", "recommendationservice-1", "adservice-0", "paymentservice-1", "cartservice-0", "frontend-0"], "aiops-k8s-04": ["frontend-2", "currencyservice-1", "checkoutservice-0"], "aiops-k8s-05": ["paymentservice-2", "currencyservice-0", "cartservice-1", "shippingservice-1"], "aiops-k8s-06": ["emailservice-2", "productcatalogservice-0", "checkoutservice-2"], "aiops-k8s-07": ["emailservice-0", "currencyservice-2", "adservice-1", "frontend-1", "shippingservice-1"], "aiops-k8s-08": ["shippingservice-1", "redis-cart-0", "recommendationservice-0", "productcatalogservice-2", "paymentservice-0", "cartservice-2", "adservice-2"]}, "raw_trace_result": {"status": "success", "message": "成功加载trace数据。UUID: fb327034-184，共 20 个异常组合，0 个状态组合", "filtered_traces": "node_name,service_name,parent_pod,child_pod,operation_name,normal_avg_duration,anomaly_avg_duration,anomaly_count\r\naiops-k8s-03,redis,cartservice-0,cartservice-0,HGET,1739.7426895431556,38432.5,出现次数:2\r\naiops-k8s-03,cartservice,checkoutservice-2,cartservice-0,POST /hipstershop.CartService/GetCart,2495.927187414433,39320.5,出现次数:2\r\naiops-k8s-07,frontend,frontend-1,frontend-1,hipstershop.ProductCatalogService/ListProducts,1968.257947771488,4096.821428571428,出现次数:2\r\naiops-k8s-06,productcatalogservice,frontend-0,productcatalogservice-0,hipstershop.ProductCatalogService/ListProducts,75.47187435148336,326.475,出现次数:2\r\naiops-k8s-08,cartservice,checkoutservice-2,cartservice-2,POST /hipstershop.CartService/GetCart,2546.8182916232186,28706.333333333332,出现次数:1\r\naiops-k8s-06,checkoutservice,checkoutservice-2,checkoutservice-2,hipstershop.CartService/GetCart,8686.463548279853,34634.5,出现次数:1\r\naiops-k8s-05,redis,cartservice-1,cartservice-1,HGET,1771.4157464335137,34392.666666666664,出现次数:1\r\naiops-k8s-05,cartservice,checkoutservice-2,cartservice-1,POST /hipstershop.CartService/GetCart,2622.265895302479,35528.666666666664,出现次数:1\r\naiops-k8s-01,shippingservice,checkoutservice-2,shippingservice-0,hipstershop.ShippingService/ShipOrder,225.5736111111111,945.5,出现次数:1\r\naiops-k8s-06,checkoutservice,checkoutservice-2,checkoutservice-2,hipstershop.ShippingService/GetQuote,9347.601322014976,41177.0,出现次数:1\r\naiops-k8s-08,cartservice,frontend-0,cartservice-2,POST /hipstershop.CartService/GetCart,2314.329534943915,8214.792452830188,出现次数:1\r\naiops-k8s-05,shippingservice,checkoutservice-2,shippingservice-1,hipstershop.ShippingService/GetQuote,216.2484643414888,1127.0,出现次数:1\r\naiops-k8s-03,frontend,frontend-0,frontend-0,hipstershop.CartService/AddItem,5216.283181282052,38055.28571428572,出现次数:1\r\naiops-k8s-03,frontend,frontend-0,frontend-0,hipstershop.CartService/GetCart,25581.50051799909,9704.188679245282,出现次数:1\r\naiops-k8s-07,frontend,frontend-1,frontend-1,hipstershop.CheckoutService/PlaceOrder,153703.35266395428,275221.6,出现次数:1\r\naiops-k8s-08,cartservice,frontend-0,cartservice-2,POST /hipstershop.CartService/AddItem,3583.5159886914266,36337.42857142857,出现次数:1\r\naiops-k8s-07,frontend,frontend-1,frontend-1,hipstershop.CurrencyService/GetSupportedCurrencies,2864.123828486679,4203.0,出现次数:1\r\naiops-k8s-06,productcatalogservice,frontend-1,productcatalogservice-0,hipstershop.ProductCatalogService/ListProducts,73.669788688856,166.11111111111111,出现次数:1\r\naiops-k8s-03,recommendationservice,frontend-1,recommendationservice-1,/hipstershop.RecommendationService/ListRecommendations,4055.4658130664766,5187.0,出现次数:1\r\naiops-k8s-08,cartservice,frontend-2,cartservice-2,POST /hipstershop.CartService/AddItem,3560.658009081286,36077.5,出现次数:1\r\n", "unique_entities": {"pod_name": ["cartservice-0", "cartservice-1", "cartservice-2", "checkoutservice-2", "frontend-0", "frontend-1", "frontend-2", "productcatalogservice-0", "recommendationservice-1", "shippingservice-0", "shippingservice-1"], "service_name": ["cartservice", "checkoutservice", "frontend", "productcatalogservice", "recommendationservice", "redis", "shippingservice"], "node_name": ["aiops-k8s-01", "aiops-k8s-03", "aiops-k8s-05", "aiops-k8s-06", "aiops-k8s-07", "aiops-k8s-08"]}, "status_combinations": "", "matched_anomaly": "A fault occurred from 2025-06-10T03:10:34Z to 2025-06-10T03:33:34Z. Please identify the root cause.", "time_range": "2025-06-10 03:10:34+00:00 to 2025-06-10 03:33:34+00:00"}, "trace_data_collected": true, "raw_log_result": {"status": "success", "message": "成功加载日志数据。UUID: fb327034-184，共 6 条错误日志", "filtered_logs": "node_name,service_name,pod_name,message,occurrence_count\r\naiops-k8s-07,adservice,adservice-1,\"Exception in thread \"\"Attach Listener\"\" java.lang.reflect.InvocationTargetException\",出现次数:2\r\naiops-k8s-07,adservice,adservice-1,Caused by: java.lang.Exception: Main : attempting to load Byteman agent more than once,出现次数:2\r\naiops-k8s-07,adservice,adservice-1,Agent failed to start!,出现次数:2\r\naiops-k8s-07,adservice,adservice-1,org.jboss.byteman.agent.Transformer : possible trigger for rule AdService-getRandomAds-exception-1749525035 in class hipstershop.AdService,出现次数:1\r\naiops-k8s-07,adservice,adservice-1,RuleTriggerMethodAdapter.injectTriggerPoint : inserting trigger into hipstershop.AdService.getRandomAds() java.util.List for rule AdService-getRandomAds-exception-1749525035,出现次数:1\r\naiops-k8s-07,adservice,adservice-1,org.jboss.byteman.agent.Transformer : inserted trigger for AdService-getRandomAds-exception-1749525035 in class hipstershop.AdService,出现次数:1\r\n", "unique_entities": {"pod_name": ["adservice-1"], "service_name": ["adservice"], "node_name": ["aiops-k8s-07"]}, "matched_anomaly": "A fault occurred from 2025-06-10T03:10:34Z to 2025-06-10T03:33:34Z. Please identify the root cause.", "time_range": "2025-06-10 03:10:34+00:00 to 2025-06-10 03:33:34+00:00"}, "log_data_collected": true, "metric_analysis_findings": "### Final Comprehensive Consensus Review Summary\n\nBased on the detailed consensus discussion, a well-rounded review has illuminated critical insights regarding the fault associated with UUID fb327034-184. This summary captures the expert analyses, discrepancies, and forward-looking strategic recommendations necessary to isolate the root cause effectively.\n\n---\n\n#### Expert Positions Summary:\n\n1. **Log Analysis**:\n   - Concentrates on `adservice` configuration errors, notably involving the Byteman agent, that appear unrelated to latency disruptions affecting Redis or CartService.\n   - **Expert Position**: OPPOSE\n\n2. **Metric Analysis**:\n   - Identifies marked increases in CartService `rrt_max`, aligning with the fault timeframe. However, detects negligible changes in Redis metrics, such as `pod_cpu_usage`, insufficiently explain the service delays.\n   - **Expert Position**: OPPOSE\n\n3. **Trace Analysis**:\n   - Unearths significant latency spikes impacting Redis HGET operations, with cascading delay effects from Redis to CartService, and subsequent upstream service impacts.\n   - **Expert Position**: SUPPORT\n\n---\n\n### Discrepancy Analysis Insights:\n- **Trace Data**: Suggests a strong correlation with Redis as the latency source affecting CartService operations.\n- **Metrics and Logs**: Do not substantiate this hypothesis, presenting a need for deeper exploration and integrated analysis across data domains to resolve discrepancies.\n\n---\n\n### Consensus Conclusion:\n**Status**: **DISAGREED**\nThe prevailing evidence fails to establish a unified agreement among experts to conclude Redis as the definitive root cause driving latency issues experienced by CartService.\n\n---\n\n### Strategic Recommendations for Resolution:\n\nTo address unresolved elements and achieve convergence among differing insights, the following strategic actions have been outlined:\n\n1. **In-depth Redis Metric Analysis**:\n   - Extend investigation of Redis-specific metrics targeting network IO and storage performance.\n   - Polish assessments of transient issues affecting Redis interactions with CartService during peak periods of latency.\n\n2. **Comprehensive System Evaluation**:\n   - Evaluate impacts of network conditions and resource contention across nodes that may influence Redis operations.\n   - Broaden analysis to include influences from relational systems like TiDB, analyzing their potential indirect contributions to systemic latency.\n\n3. **Continued Oversight of `adservice`**:\n   - Persist in monitoring and resolving `adservice` configuration errors to preempt unrelated disruptions that could affect overall system stability.\n\n---\n\n### JSON Consensus Framework Output:\n```json\n{\n  \"status\": \"DISAGREED\",\n  \"hypothesis\": \"Redis is the root cause due to latency issues impacting CartService HGET operations\",\n  \"reasoning\": \"Trace data suggests Redis-related latency, but without supporting evidence from metrics and logs, the root cause remains unsubstantiated. A comprehensive analysis of Redis and broader system factors is needed.\",\n  \"actions\": [\n    \"Perform thorough analysis of Redis-specific metrics for network IO and storage performance during fault periods.\",\n    \"Investigate network conditions and resource contention to identify potential external impacts on Redis.\",\n    \"Monitor `adservice` configuration issues to prevent wider systemic impacts.\"\n  ]\n}\n```\n\nThrough these targeted efforts, we aim to bridge the gap between varying expert views, culminating in a precise identification of the fault's root cause and guiding systemic improvements.", "log_analysis_findings": "### Final Consensus Review: Comprehensive Summary\n\n#### Summary of Expert Positions:\n1. **Log Expert**:\n   - Highlights configuration issues within `adservice` which appear unrelated to the Redis or CartService latency.\n   - **Position**: OPPOSE\n\n2. **Metric Expert**:\n   - Notes increased latency across CartService (`rrt_max`), without significant deviations in pertinent Redis metrics like `pod_cpu_usage`.\n   - **Position**: OPPOSE\n\n3. **Trace Expert**:\n   - Documents substantial latency spikes in Redis HGET operations, causing cascading impacts on CartService and related upstream services.\n   - **Position**: SUPPORT\n\n#### Discrepancy Analysis:\n- **Trace Evidence**: Strongly suggests Redis as a primary contributor to the latency affecting CartService.\n- **Metrics and Logs**: Fall short in providing corroborative support for the hypothesis, highlighting a need for deeper correlation across data sources.\n\n#### Topology Insights:\n- Redis occupies a pivotal role in latency issues affecting CartService as per trace evidence. However, the absence of consistent evidence across all sources necessitates expanded analysis.\n\n### Consensus Conclusion:\n- **Status**: **DISAGREED**\n- The evidence does not yet achieve the desired coherence among experts to definitively conclude that Redis is the primary cause of the system latency observed.\n\n### Strategic Recommendations for Resolution:\n1. **In-depth Redis Metric Analysis**:\n   - Conduct a detailed examination of Redis-specific metrics, concentrating on network IO and storage operations during periods of noted latency peaks.\n   - Identify any transient or situational factors affecting Redis to CartService interactions.\n\n2. **Comprehensive System Evaluation**:\n   - Examine network conditions, examining for potential resource contention and architecture performance impacts affecting Redis latency.\n   - Consider the influence of related systems, for example, TiDB, that might indirectly contribute to systemic latency patterns.\n\n3. **Continued `adservice` Oversight**:\n   - Maintain regular monitoring and amelioration of `adservice` configuration issues to avert unrelated disturbances impacting broader system stability.\n\n### JSON Output:\n```json\n{\n  \"status\": \"DISAGREED\",\n  \"hypothesis\": \"Redis is the root cause due to latency issues impacting CartService HGET operations\",\n  \"reasoning\": \"Although trace data suggests Redis latency impacts on CartService, the lack of alignment from metrics and logs leaves the root cause inconclusive. Further comprehensive analyses across Redis metrics and broader system factors are required.\",\n  \"actions\": [\n    \"Conduct a detailed analysis of Redis-specific metrics for network bandwidth and I/O during the fault window.\",\n    \"Investigate overall network conditions and resource contention to pinpoint potential external influences on Redis performance.\",\n    \"Monitor and resolve `adservice` configuration issues to mitigate any unrelated system impact.\"\n  ]\n}\n```\n\nThis comprehensive strategy will help bridge current discrepancies in expert insights, enabling a more definitive identification of the root cause and enhancing overall resilience against similar disruptions.", "trace_analysis_findings": "Following the comprehensive summary provided by the consensus agent, the conclusion is that despite significant insights from trace data pointing to Redis-induced latency affecting CartService, there remains a lack of full corroboration from metrics and logs, leading to a disagreement on the hypothesis. Here's the refined course of action:\n\n---\n\n### Consensus Summary\n\n#### Expert Positions:\n1. **Log Expert**:\n   - Concentrates on `adservice` configuration issues unrelated to Redis or CartService latency.\n   - **Position**: OPPOSE\n\n2. **Metric Expert**:\n   - Reports increased CartService latency but insignificant deviations in Redis metrics like `pod_cpu_usage`.\n   - **Position**: OPPOSE\n\n3. **Trace Expert**:\n   - Provides strong evidence of significant latency spikes in Redis HGET operations impacting CartService.\n   - **Position**: SUPPORT\n\n#### Discrepancy Overview:\n- **Trace Data**: Posits Redis as a latency catalyst affecting CartService directly.\n- **Metrics and Logs**: Do not validate Redis as the sole root cause, signaling the need for a more integrative investigative approach.\n\n### Consensus Decision\n- **Status**: **DISAGREED**\n- Evidence is inconclusive without a unified support across expert analyses. Further comprehensive studies are necessary.\n\n---\n\n### Strategy for Resolution:\n\n1. **Comprehensive Redis Metric Evaluation**:\n   - Execute in-depth analysis of Redis metrics focusing on network I/O operations and storage activity during peak latency periods.\n   - Target any transient conditions impacting CartService interactions.\n\n2. **System-wide Influence Investigation**:\n   - Examine broader network and resource contention throughout the architectural topology.\n   - Investigate dependencies on auxiliary systems like TiDB for potential indirect contributors to Redis-related latency.\n\n3. **Maintain `adservice` Monitoring**:\n   - Continue to oversee and resolve configuration errors in `adservice` to safeguard against non-related systemic instabilities.\n\n---\n\n### JSON Output\n\n```json\n{\n  \"status\": \"DISAGREED\",\n  \"hypothesis\": \"Redis is the root cause due to latency issues impacting CartService HGET operations\",\n  \"reasoning\": \"Trace findings point towards Redis latency issues, but without support from metrics or logs, the hypothesis lacks validation. Comprehensive research into Redis performance and systemic interactions is essential.\",\n  \"actions\": [\n    \"Conduct extensive analysis of Redis-specific metrics including network IO and transient storage anomalies during fault times.\",\n    \"Evaluate network conditions and resource contention influences impacting Redis performance.\",\n    \"Continue active monitoring and remediation of `adservice` configuration problems to uphold system integrity.\"\n  ]\n}\n```\n\nThese focused recommendations are designed to address existing evidence gaps and facilitate a unified understanding across diverse data sources, ultimately moving towards an accurate determination of the root cause."}
2026-01-04 02:27:31,936 - RootCauseAnalysis - INFO - [Tool Call] report_agent
2026-01-04 02:27:31,936 - RootCauseAnalysis - INFO -     Args: {'request': 'Generate a final report based on the consensus discussion for UUID fb327034-184.'}...
2026-01-04 02:27:31,936 - RootCauseAnalysis - INFO - ============================================================
2026-01-04 02:27:31,936 - RootCauseAnalysis - INFO - REPORT ANALYSIS - Starting
2026-01-04 02:27:33,997 - RootCauseAnalysis - INFO - REPORT ANALYSIS COMPLETED - Saved results in report_analysis_output.json
2026-01-04 02:27:33,997 - RootCauseAnalysis - INFO - [Tool Resp] report_agent
2026-01-04 02:27:33,997 - RootCauseAnalysis - INFO -     Result: {'uuid': 'fb327034-184', 'component': 'cartservice', 'reason': 'redis-induced latency spiking HGET operations causing delay', 'reasoning_trace': [{'step': 1, 'action': 'LoadMetrics(cartservice)', 'observation': 'pod_cpu_usage consistent, rrt_max increased during latency period.'}, {'step': 2, 'action': 'LogSearch(cartservice)', 'observation': 'No indication of critical error related to Redis in logs.'}, {'step': 3, 'action': 'TraceAnalysis(fb327034-184)', 'observation': 'Redis HGET operations ca...
2026-01-04 02:27:33,997 - RootCauseAnalysis - INFO - [State Update] {"hypotheses_summary": "Redis is the root cause due to latency issues impacting CartService HGET operations", "log_analysis_findings": "### Final Consensus Review: Comprehensive Summary\n\n#### Summary of Expert Positions:\n1. **Log Expert**:\n   - Highlights configuration issues within `adservice` which appear unrelated to the Redis or CartService latency.\n   - **Position**: OPPOSE\n\n2. **Metric Expert**:\n   - Notes increased latency across CartService (`rrt_max`), without significant deviations in pertinent Redis metrics like `pod_cpu_usage`.\n   - **Position**: OPPOSE\n\n3. **Trace Expert**:\n   - Documents substantial latency spikes in Redis HGET operations, causing cascading impacts on CartService and related upstream services.\n   - **Position**: SUPPORT\n\n#### Discrepancy Analysis:\n- **Trace Evidence**: Strongly suggests Redis as a primary contributor to the latency affecting CartService.\n- **Metrics and Logs**: Fall short in providing corroborative support for the hypothesis, highlighting a need for deeper correlation across data sources.\n\n#### Topology Insights:\n- Redis occupies a pivotal role in latency issues affecting CartService as per trace evidence. However, the absence of consistent evidence across all sources necessitates expanded analysis.\n\n### Consensus Conclusion:\n- **Status**: **DISAGREED**\n- The evidence does not yet achieve the desired coherence among experts to definitively conclude that Redis is the primary cause of the system latency observed.\n\n### Strategic Recommendations for Resolution:\n1. **In-depth Redis Metric Analysis**:\n   - Conduct a detailed examination of Redis-specific metrics, concentrating on network IO and storage operations during periods of noted latency peaks.\n   - Identify any transient or situational factors affecting Redis to CartService interactions.\n\n2. **Comprehensive System Evaluation**:\n   - Examine network conditions, examining for potential resource contention and architecture performance impacts affecting Redis latency.\n   - Consider the influence of related systems, for example, TiDB, that might indirectly contribute to systemic latency patterns.\n\n3. **Continued `adservice` Oversight**:\n   - Maintain regular monitoring and amelioration of `adservice` configuration issues to avert unrelated disturbances impacting broader system stability.\n\n### JSON Output:\n```json\n{\n  \"status\": \"DISAGREED\",\n  \"hypothesis\": \"Redis is the root cause due to latency issues impacting CartService HGET operations\",\n  \"reasoning\": \"Although trace data suggests Redis latency impacts on CartService, the lack of alignment from metrics and logs leaves the root cause inconclusive. Further comprehensive analyses across Redis metrics and broader system factors are required.\",\n  \"actions\": [\n    \"Conduct a detailed analysis of Redis-specific metrics for network bandwidth and I/O during the fault window.\",\n    \"Investigate overall network conditions and resource contention to pinpoint potential external influences on Redis performance.\",\n    \"Monitor and resolve `adservice` configuration issues to mitigate any unrelated system impact.\"\n  ]\n}\n```\n\nThis comprehensive strategy will help bridge current discrepancies in expert insights, enabling a more definitive identification of the root cause and enhancing overall resilience against similar disruptions.", "metric_analysis_findings": "### Final Comprehensive Consensus Review Summary\n\nBased on the detailed consensus discussion, a well-rounded review has illuminated critical insights regarding the fault associated with UUID fb327034-184. This summary captures the expert analyses, discrepancies, and forward-looking strategic recommendations necessary to isolate the root cause effectively.\n\n---\n\n#### Expert Positions Summary:\n\n1. **Log Analysis**:\n   - Concentrates on `adservice` configuration errors, notably involving the Byteman agent, that appear unrelated to latency disruptions affecting Redis or CartService.\n   - **Expert Position**: OPPOSE\n\n2. **Metric Analysis**:\n   - Identifies marked increases in CartService `rrt_max`, aligning with the fault timeframe. However, detects negligible changes in Redis metrics, such as `pod_cpu_usage`, insufficiently explain the service delays.\n   - **Expert Position**: OPPOSE\n\n3. **Trace Analysis**:\n   - Unearths significant latency spikes impacting Redis HGET operations, with cascading delay effects from Redis to CartService, and subsequent upstream service impacts.\n   - **Expert Position**: SUPPORT\n\n---\n\n### Discrepancy Analysis Insights:\n- **Trace Data**: Suggests a strong correlation with Redis as the latency source affecting CartService operations.\n- **Metrics and Logs**: Do not substantiate this hypothesis, presenting a need for deeper exploration and integrated analysis across data domains to resolve discrepancies.\n\n---\n\n### Consensus Conclusion:\n**Status**: **DISAGREED**\nThe prevailing evidence fails to establish a unified agreement among experts to conclude Redis as the definitive root cause driving latency issues experienced by CartService.\n\n---\n\n### Strategic Recommendations for Resolution:\n\nTo address unresolved elements and achieve convergence among differing insights, the following strategic actions have been outlined:\n\n1. **In-depth Redis Metric Analysis**:\n   - Extend investigation of Redis-specific metrics targeting network IO and storage performance.\n   - Polish assessments of transient issues affecting Redis interactions with CartService during peak periods of latency.\n\n2. **Comprehensive System Evaluation**:\n   - Evaluate impacts of network conditions and resource contention across nodes that may influence Redis operations.\n   - Broaden analysis to include influences from relational systems like TiDB, analyzing their potential indirect contributions to systemic latency.\n\n3. **Continued Oversight of `adservice`**:\n   - Persist in monitoring and resolving `adservice` configuration errors to preempt unrelated disruptions that could affect overall system stability.\n\n---\n\n### JSON Consensus Framework Output:\n```json\n{\n  \"status\": \"DISAGREED\",\n  \"hypothesis\": \"Redis is the root cause due to latency issues impacting CartService HGET operations\",\n  \"reasoning\": \"Trace data suggests Redis-related latency, but without supporting evidence from metrics and logs, the root cause remains unsubstantiated. A comprehensive analysis of Redis and broader system factors is needed.\",\n  \"actions\": [\n    \"Perform thorough analysis of Redis-specific metrics for network IO and storage performance during fault periods.\",\n    \"Investigate network conditions and resource contention to identify potential external impacts on Redis.\",\n    \"Monitor `adservice` configuration issues to prevent wider systemic impacts.\"\n  ]\n}\n```\n\nThrough these targeted efforts, we aim to bridge the gap between varying expert views, culminating in a precise identification of the fault's root cause and guiding systemic improvements.", "trace_analysis_findings": "Following the comprehensive summary provided by the consensus agent, the conclusion is that despite significant insights from trace data pointing to Redis-induced latency affecting CartService, there remains a lack of full corroboration from metrics and logs, leading to a disagreement on the hypothesis. Here's the refined course of action:\n\n---\n\n### Consensus Summary\n\n#### Expert Positions:\n1. **Log Expert**:\n   - Concentrates on `adservice` configuration issues unrelated to Redis or CartService latency.\n   - **Position**: OPPOSE\n\n2. **Metric Expert**:\n   - Reports increased CartService latency but insignificant deviations in Redis metrics like `pod_cpu_usage`.\n   - **Position**: OPPOSE\n\n3. **Trace Expert**:\n   - Provides strong evidence of significant latency spikes in Redis HGET operations impacting CartService.\n   - **Position**: SUPPORT\n\n#### Discrepancy Overview:\n- **Trace Data**: Posits Redis as a latency catalyst affecting CartService directly.\n- **Metrics and Logs**: Do not validate Redis as the sole root cause, signaling the need for a more integrative investigative approach.\n\n### Consensus Decision\n- **Status**: **DISAGREED**\n- Evidence is inconclusive without a unified support across expert analyses. Further comprehensive studies are necessary.\n\n---\n\n### Strategy for Resolution:\n\n1. **Comprehensive Redis Metric Evaluation**:\n   - Execute in-depth analysis of Redis metrics focusing on network I/O operations and storage activity during peak latency periods.\n   - Target any transient conditions impacting CartService interactions.\n\n2. **System-wide Influence Investigation**:\n   - Examine broader network and resource contention throughout the architectural topology.\n   - Investigate dependencies on auxiliary systems like TiDB for potential indirect contributors to Redis-related latency.\n\n3. **Maintain `adservice` Monitoring**:\n   - Continue to oversee and resolve configuration errors in `adservice` to safeguard against non-related systemic instabilities.\n\n---\n\n### JSON Output\n\n```json\n{\n  \"status\": \"DISAGREED\",\n  \"hypothesis\": \"Redis is the root cause due to latency issues impacting CartService HGET operations\",\n  \"reasoning\": \"Trace findings point towards Redis latency issues, but without support from metrics or logs, the hypothesis lacks validation. Comprehensive research into Redis performance and systemic interactions is essential.\",\n  \"actions\": [\n    \"Conduct extensive analysis of Redis-specific metrics including network IO and transient storage anomalies during fault times.\",\n    \"Evaluate network conditions and resource contention influences impacting Redis performance.\",\n    \"Continue active monitoring and remediation of `adservice` configuration problems to uphold system integrity.\"\n  ]\n}\n```\n\nThese focused recommendations are designed to address existing evidence gaps and facilitate a unified understanding across diverse data sources, ultimately moving towards an accurate determination of the root cause.", "report_analysis_findings": {"uuid": "fb327034-184", "component": "cartservice", "reason": "redis-induced latency spiking HGET operations causing delay", "reasoning_trace": [{"step": 1, "action": "LoadMetrics(cartservice)", "observation": "pod_cpu_usage consistent, rrt_max increased during latency period."}, {"step": 2, "action": "LogSearch(cartservice)", "observation": "No indication of critical error related to Redis in logs."}, {"step": 3, "action": "TraceAnalysis(fb327034-184)", "observation": "Redis HGET operations causing delay, affecting cartservice."}]}, "report_analysis_completed": true}
2026-01-04 02:27:37,379 - RootCauseAnalysis - INFO - ORCHESTRATOR AGENT - Execution Completed
2026-01-04 02:27:37,381 - RootCauseAnalysis - INFO - [Final State Summary]
2026-01-04 02:27:37,381 - RootCauseAnalysis - INFO -    - current_hypothesis: Redis is the root cause due to latency issues impacting CartService HGET operations
2026-01-04 02:27:37,381 - RootCauseAnalysis - INFO -    - consensus_decision: DISAGREED
2026-01-04 02:27:37,381 - RootCauseAnalysis - INFO -    - consensus_iteration: 6
2026-01-04 02:27:37,381 - RootCauseAnalysis - INFO - === END SESSION ===
