2026-01-04 12:07:29,076 - RootCauseAnalysis - INFO - === START SESSION: 3f4b31ee-402 (Run #3) ===
2026-01-04 12:07:29,077 - RootCauseAnalysis - INFO - [Processing] 3f4b31ee-402 (Run #3) | Log: logs/3f4b31ee-402/run3_20260104_120729.log
2026-01-04 12:07:29,077 - RootCauseAnalysis - INFO - ============================================================
2026-01-04 12:07:29,077 - RootCauseAnalysis - INFO - ORCHESTRATOR AGENT - Initializing
2026-01-04 12:07:29,077 - RootCauseAnalysis - INFO - ============================================================
2026-01-04 12:07:29,077 - RootCauseAnalysis - INFO - [State Update] {"query_parsed_completed": false, "raw_metric_result": "（等待写入...）", "metric_data_collected": false, "raw_log_result": "（等待写入...）", "log_data_collected": false, "raw_trace_result": "（等待写入...）", "trace_data_collected": false, "current_iteration": 0, "current_hypothesis": "（等待写入...）", "log_analysis_findings": "（等待数据收集...）", "metric_analysis_findings": "（等待数据收集...）", "trace_analysis_findings": "（等待数据收集...）"}
2026-01-04 12:07:30,218 - RootCauseAnalysis - INFO - [Tool Call] parse_user_input
2026-01-04 12:07:30,218 - RootCauseAnalysis - INFO -     Args: {'input_json': '{"Anomaly Description": "Please analyze the abnormal event between 2025-06-20T11:10:25Z and 2025-06-20T11:24:25Z and provide the root cause.", "uuid": "3f4b31ee-402"}'}...
2026-01-04 12:07:30,218 - RootCauseAnalysis - INFO - [Tool Resp] parse_user_input
2026-01-04 12:07:30,218 - RootCauseAnalysis - INFO -     Result: {'uuid': '3f4b31ee-402', 'user_query': 'Please analyze the abnormal event between 2025-06-20T11:10:25Z and 2025-06-20T11:24:25Z and provide the root cause.'}
2026-01-04 12:07:30,218 - RootCauseAnalysis - INFO - [State Update] {"query_parsed_completed": true}
2026-01-04 12:07:31,647 - RootCauseAnalysis - INFO - [Tool Call] data_collection_agent
2026-01-04 12:07:31,648 - RootCauseAnalysis - INFO -     Args: {'request': '收集与 UUID 3f4b31ee-402 相关的所有数据，以分析 2025-06-20T11:10:25Z 到 2025-06-20T11:24:25Z 之间的异常事件。'}...
2026-01-04 12:07:31,648 - RootCauseAnalysis - INFO - ============================================================
2026-01-04 12:07:31,648 - RootCauseAnalysis - INFO - METRIC ANALYSIS - Starting
2026-01-04 12:07:31,648 - RootCauseAnalysis - INFO - ============================================================
2026-01-04 12:07:31,648 - RootCauseAnalysis - INFO - METRIC AGENT - Initial Scanning
2026-01-04 12:07:31,648 - RootCauseAnalysis - INFO - ============================================================
2026-01-04 12:07:31,648 - RootCauseAnalysis - INFO - LOG ANALYSIS - Starting
2026-01-04 12:07:31,648 - RootCauseAnalysis - INFO - ============================================================
2026-01-04 12:07:31,648 - RootCauseAnalysis - INFO - LOG AGENT - Initial Scanning
2026-01-04 12:07:31,648 - RootCauseAnalysis - INFO - ============================================================
2026-01-04 12:07:31,648 - RootCauseAnalysis - INFO - TRACE ANALYSIS - Starting
2026-01-04 12:07:31,648 - RootCauseAnalysis - INFO - ============================================================
2026-01-04 12:07:31,648 - RootCauseAnalysis - INFO - TRACE AGENT - Initial Scanning
2026-01-04 12:07:56,086 - RootCauseAnalysis - WARNING - LOG AGENT - Log data not collected.
2026-01-04 12:08:01,226 - RootCauseAnalysis - INFO - TRACE AGENT - Analysis Completed
2026-01-04 12:08:01,918 - RootCauseAnalysis - INFO - METRIC AGENT - Analysis Completed
2026-01-04 12:08:01,919 - RootCauseAnalysis - INFO - [Tool Resp] data_collection_agent
2026-01-04 12:08:01,919 - RootCauseAnalysis - INFO -     Result: {'result': '根据以上提供的数据分析，识别出了多个异常调用链。重点指标变化如下：\n\n### Detected Metrics\n选择基于最高变化率的Top 3指标：\n1. `region_pending`: 数据库 IO 异常，其中 `region_pending`指数表现尤其突出。\n2. `rrt_max`: 服务性能异常，特别是多项服务的 `rrt_max` 指标大幅上升。\n3. `node_cpu_usage_rate`: Node 资源问题，`aiops-k8s-04` 和 `aiops-k8s-08` 节点的CPU使用率显著提高。\n\n### Hypotheses\n1. **TiDB 数据库 (IO 异常)**\n   - **Component**: `tidb-tikv`\n   - **Reason**: `region_pending` 指数显著上升，可能导致数据库响应变慢。\n   - **Evidence**: `region_pending` 从 12835.5 上升至 18552.65，变化率 0.3506。\n\n2. **服务性能问...
2026-01-04 12:08:01,919 - RootCauseAnalysis - INFO - [State Update] {"current_task_instruction": "当前处于【初始扫描阶段】。\n请对 Trace 数据进行全面扫描，找出所有显著的异常调用链。\n重点：请在返回 JSON 的 'stance' 字段中标记 'NEUTRAL'，并在 'hypotheses' 中列出你的发现。", "raw_trace_result": {"status": "success", "message": "成功加载trace数据。UUID: 3f4b31ee-402，共 20 个异常组合，0 个状态组合", "filtered_traces": "node_name,service_name,parent_pod,child_pod,operation_name,normal_avg_duration,anomaly_avg_duration,anomaly_count\naiops-k8s-01,productcatalogservice,frontend-0,productcatalogservice-2,hipstershop.ProductCatalogService/GetProduct,10040.36980941472,9441.226528294788,出现次数:10\naiops-k8s-01,shippingservice,checkoutservice-2,shippingservice-0,hipstershop.ShippingService/GetQuote,199.5328160027591,824.9444444444445,出现次数:3\naiops-k8s-07,cartservice,checkoutservice-2,cartservice-0,POST /hipstershop.CartService/EmptyCart,2409.518639776497,15439.0,出现次数:2\naiops-k8s-04,checkoutservice,checkoutservice-0,checkoutservice-0,hipstershop.ShippingService/GetQuote,9704.822935029075,54664.5,出现次数:2\naiops-k8s-05,checkoutservice,checkoutservice-2,checkoutservice-2,hipstershop.CartService/GetCart,8686.463548279853,30842.0,出现次数:2\naiops-k8s-03,shippingservice,checkoutservice-2,shippingservice-2,hipstershop.ShippingService/ShipOrder,228.29299252303946,840.0,出现次数:2\naiops-k8s-04,frontend,frontend-0,frontend-0,hipstershop.AdService/GetAds,5431.407014673261,8833.4,出现次数:2\naiops-k8s-04,frontend,frontend-0,frontend-0,hipstershop.RecommendationService/ListRecommendations,124078.63908275458,9968.5,出现次数:2\naiops-k8s-01,emailservice,checkoutservice-0,emailservice-1,/hipstershop.EmailService/SendOrderConfirmation,672.6779005524862,1324.0,出现次数:1\naiops-k8s-04,checkoutservice,checkoutservice-0,checkoutservice-0,hipstershop.ShippingService/ShipOrder,13942.698760082954,84930.0,出现次数:1\naiops-k8s-07,cartservice,checkoutservice-0,cartservice-0,POST /hipstershop.CartService/EmptyCart,2569.200339366516,69587.0,出现次数:1\naiops-k8s-05,cartservice,checkoutservice-0,cartservice-1,POST /hipstershop.CartService/GetCart,2556.877784026997,8231.0,出现次数:1\naiops-k8s-05,redis,cartservice-1,cartservice-1,HGET,1771.4157464335137,23688.0,出现次数:1\naiops-k8s-07,redis,cartservice-0,cartservice-0,HMSET,1573.061323856106,12499.375,出现次数:1\naiops-k8s-08,cartservice,checkoutservice-2,cartservice-2,POST /hipstershop.CartService/GetCart,2546.8182916232186,40481.0,出现次数:1\naiops-k8s-05,cartservice,checkoutservice-2,cartservice-1,POST /hipstershop.CartService/GetCart,2622.265895302479,29094.0,出现次数:1\naiops-k8s-04,frontend,frontend-0,frontend-0,hipstershop.CurrencyService/Convert,2350.851156209511,1433.1904761904761,出现次数:1\naiops-k8s-07,cartservice,checkoutservice-2,cartservice-0,POST /hipstershop.CartService/GetCart,2495.927187414433,41553.5,出现次数:1\naiops-k8s-04,frontend,frontend-0,frontend-0,hipstershop.CurrencyService/GetSupportedCurrencies,2916.966425579853,4649.428571428572,出现次数:1\naiops-k8s-04,frontend,frontend-0,frontend-0,hipstershop.ShippingService/GetQuote,1944.774309190994,3546.5,出现次数:1\n", "unique_entities": {"pod_name": ["cartservice-0", "cartservice-1", "cartservice-2", "checkoutservice-0", "checkoutservice-2", "emailservice-1", "frontend-0", "productcatalogservice-2", "shippingservice-0", "shippingservice-2"], "service_name": ["cartservice", "checkoutservice", "emailservice", "frontend", "productcatalogservice", "redis", "shippingservice"], "node_name": ["aiops-k8s-01", "aiops-k8s-03", "aiops-k8s-04", "aiops-k8s-05", "aiops-k8s-07", "aiops-k8s-08"]}, "status_combinations": "", "matched_anomaly": "Please analyze the abnormal event between 2025-06-20T11:10:25Z and 2025-06-20T11:24:25Z and provide the root cause.", "time_range": "2025-06-20 11:10:25+00:00 to 2025-06-20 11:24:25+00:00"}, "trace_data_collected": true, "raw_metric_result": {"status": "success", "message": "成功加载metric数据。UUID: 3f4b31ee-402", "anomaly_metrics": "metric_type,service_name,pod_name,node_name,metric_name,normal_median,fault_median,normal_p99,fault_p99,median_change_ratio,p99_change_ratio\nservice,adservice,adservice-1,N/A,client_error_ratio,0.0,0.0,0.48,0.0,0.0,2.0\nservice,adservice,adservice-1,N/A,error_ratio,0.0,0.0,0.48,0.0,0.0,2.0\nservice,paymentservice,paymentservice-2,N/A,rrt_max,2025.0,1863.0,4849.92,46642.08,0.0833,1.6232\nservice,emailservice,emailservice-2,N/A,rrt_max,4165.0,4089.0,7981.98,63548.0,0.0184,1.5536\nservice,currencyservice,currencyservice-0,N/A,rrt_max,2901.5,2533.0,8839.94,48007.34,0.1356,1.378\nservice,paymentservice,paymentservice-2,N/A,rrt,1490.86,1454.97,1810.69,7048.08,0.0244,1.1824\nservice,currencyservice,currencyservice-0,N/A,rrt,1365.12,1286.05,1674.33,4373.18,0.0596,0.8925\nservice,cartservice,cartservice-1,N/A,rrt_max,3976.0,6111.5,73232.22,33534.18,0.4234,0.7436\nservice,currencyservice,currencyservice-2,N/A,rrt_max,2770.5,2682.5,6095.96,13104.68,0.0323,0.7301\ntidb,tidb-tikv,N/A,N/A,region_pending,12835.5,9007.0,18552.65,10413.1,0.3506,0.562\nservice,shippingservice,shippingservice-2,N/A,rrt_max,2427.0,2266.0,10491.44,6104.67,0.0686,0.5287\nservice,currencyservice,currencyservice-1,N/A,rrt_max,13029.0,12457.5,102774.11,163781.76,0.0448,0.4577\nservice,shippingservice,shippingservice-0,N/A,rrt_max,4513.5,3431.0,9689.57,6158.2,0.2725,0.4457\ntidb,tidb-tidb,N/A,N/A,cpu_usage,0.49,0.33,0.53,0.34,0.3902,0.4438\nservice,emailservice,emailservice-2,N/A,rrt,1825.4,1797.42,2255.78,3280.55,0.0154,0.3702\nservice,redis,redis-cart-0,N/A,rrt,148.94,144.64,1443.65,1024.04,0.0293,0.3401\nservice,cartservice,cartservice-0,N/A,rrt,1777.86,1814.49,4682.26,3429.8,0.0204,0.3088\nservice,cartservice,cartservice-1,N/A,rrt,1651.98,1721.72,5454.73,4098.79,0.0413,0.2839\nservice,emailservice,emailservice-0,N/A,rrt_max,4216.5,3925.5,8159.83,10738.79,0.0715,0.2729\nnode,N/A,N/A,aiops-k8s-08,node_cpu_usage_rate,20.3,17.97,27.03,21.08,0.1218,0.2473\nservice,frontend,frontend-0,N/A,rrt_max,125066.5,159307.5,311808.19,276941.06,0.2408,0.1184\nnode,N/A,N/A,aiops-k8s-04,node_memory_MemAvailable_bytes,9933318144.0,9422135296.0,12020719247.36,9722611957.76,0.0528,0.2114\nnode,N/A,N/A,aiops-k8s-04,node_cpu_usage_rate,17.3,13.98,21.53,17.56,0.212,0.2032\nservice,emailservice,emailservice-1,N/A,rrt_max,3607.0,4443.5,7811.26,8549.7,0.2078,0.0903\ntidb,tidb-tikv,N/A,N/A,cpu_usage,0.11,0.09,0.13,0.13,0.2,0.0202\nnode,N/A,N/A,aiops-k8s-06,node_cpu_usage_rate,29.34,25.65,33.64,27.63,0.1344,0.1962\nservice,recommendationservice,recommendationservice-1,N/A,rrt_max,17077.0,17813.0,31189.97,26213.47,0.0422,0.1734\nservice,paymentservice,paymentservice-1,N/A,rrt_max,1967.0,1933.0,3724.71,4425.18,0.0174,0.1719\nnode,N/A,N/A,aiops-k8s-08,node_memory_MemAvailable_bytes,10064674816.0,9847666688.0,11694847180.8,10001656954.88,0.0218,0.1561\nservice,productcatalogservice,productcatalogservice-0,N/A,rrt_max,15390.0,15470.5,22430.02,19028.96,0.0052,0.1641\n", "unique_entities": {"service_name": ["adservice", "cartservice", "checkoutservice", "currencyservice", "emailservice", "frontend", "paymentservice", "productcatalogservice", "recommendationservice", "redis", "shippingservice", "tidb-pd", "tidb-tidb", "tidb-tikv"], "node_name": ["aiops-k8s-01", "aiops-k8s-02", "aiops-k8s-03", "aiops-k8s-04", "aiops-k8s-05", "aiops-k8s-06", "aiops-k8s-07", "aiops-k8s-08"], "pod_name": ["adservice-0", "adservice-1", "adservice-2", "cartservice-0", "cartservice-1", "cartservice-2", "checkoutservice-0", "checkoutservice-1", "checkoutservice-2", "currencyservice-0", "currencyservice-1", "currencyservice-2", "emailservice-0", "emailservice-1", "emailservice-2", "frontend-0", "frontend-1", "frontend-2", "paymentservice-0", "paymentservice-1", "paymentservice-2", "productcatalogservice-0", "productcatalogservice-1", "productcatalogservice-2", "recommendationservice-0", "recommendationservice-1", "recommendationservice-2", "redis-cart-0", "shippingservice-0", "shippingservice-1", "shippingservice-2"]}, "node_pod_mapping": {"aiops-k8s-01": ["emailservice-1", "frontend-1", "productcatalogservice-2", "recommendationservice-2", "shippingservice-0"], "aiops-k8s-02": [], "aiops-k8s-03": ["shippingservice-2", "recommendationservice-1", "adservice-0"], "aiops-k8s-04": ["paymentservice-2", "currencyservice-0", "frontend-0", "checkoutservice-0"], "aiops-k8s-05": ["paymentservice-1", "cartservice-1", "checkoutservice-2"], "aiops-k8s-06": ["productcatalogservice-1", "emailservice-2", "frontend-1"], "aiops-k8s-07": ["shippingservice-1", "emailservice-0", "currencyservice-1", "cartservice-0", "adservice-1"], "aiops-k8s-08": ["currencyservice-2", "recommendationservice-0", "paymentservice-0", "frontend-2", "checkoutservice-1", "productcatalogservice-0", "cartservice-2", "adservice-2", "redis-cart-0"]}, "matched_anomaly": "Please analyze the abnormal event between 2025-06-20T11:10:25Z and 2025-06-20T11:24:25Z and provide the root cause.", "time_range": "2025-06-20 11:10:25+00:00 to 2025-06-20 11:24:25+00:00"}, "metric_data_collected": true, "node_pod_mapping": {"aiops-k8s-01": ["emailservice-1", "frontend-1", "productcatalogservice-2", "recommendationservice-2", "shippingservice-0"], "aiops-k8s-02": [], "aiops-k8s-03": ["shippingservice-2", "recommendationservice-1", "adservice-0"], "aiops-k8s-04": ["paymentservice-2", "currencyservice-0", "frontend-0", "checkoutservice-0"], "aiops-k8s-05": ["paymentservice-1", "cartservice-1", "checkoutservice-2"], "aiops-k8s-06": ["productcatalogservice-1", "emailservice-2", "frontend-1"], "aiops-k8s-07": ["shippingservice-1", "emailservice-0", "currencyservice-1", "cartservice-0", "adservice-1"], "aiops-k8s-08": ["currencyservice-2", "recommendationservice-0", "paymentservice-0", "frontend-2", "checkoutservice-1", "productcatalogservice-0", "cartservice-2", "adservice-2", "redis-cart-0"]}, "log_analysis_findings": "```json\n{\n  \"stance\": \"NEUTRAL\",\n  \"detected_log_keys\": [],\n  \"hypotheses\": []\n}\n```", "trace_analysis_findings": "以下是对 UUID 为 3f4b31ee-402 的 Trace 数据的全面初步扫描汇总。数据展示了从 2025-06-20T11:10:25Z 到 2025-06-20T11:24:25Z 的异常调用链：\n\n```json\n{\n  \"stance\": \"NEUTRAL\",\n  \"detected_trace_keys\": [\n    \"latency_spike\",\n    \"frontend->productcatalogservice\",\n    \"checkoutservice->shippingservice\",\n    \"checkoutservice->cartservice\",\n    \"cartservice->redis\",\n    \"frontend->currencyservice\",\n    \"frontend->recommendationservice\"\n  ],\n  \"hypotheses\": [\n    {\n      \"component\": \"checkoutservice->shippingservice\",\n      \"reason\": \"调用链中 'ShippingService/GetQuote' 和 'ShippingService/ShipOrder' 明显存在延迟激增\",\n      \"evidence\": \"异值延迟：54664.5ms 和 84930.0ms，与正常平均值相比分别提升 5-6 倍\"\n    },\n    {\n      \"component\": \"checkoutservice->cartservice->redis\",\n      \"reason\": \"从 'CartService' 调用 Redis 过程中多次出现高频慢响应\",\n      \"evidence\": \"调用 'HGET': 延迟 23688.0ms，异常次数：1\"\n    },\n    {\n      \"component\": \"frontend->recommendationservice\",\n      \"reason\": \"RecommendationService 返回时间远低于预期，可能是服务快速失败\",\n      \"evidence\": \"正常时间：124078.6ms，异常时间急剧降至 9968.5ms\"\n    },\n    {\n      \"component\": \"frontend->currencyservice\",\n      \"reason\": \"调用链 'CurrencyService/Convert' 显示处理异常\",\n      \"evidence\": \"延迟有显著波动，从正常的 2350.9ms 降到了 1433.2ms，对比异常值显示处理快速失败可能\"\n    }\n  ]\n}\n```\n\n### 初步结论和发现\n- **Checkout 服务 (checkoutservice)** 似乎受 ShippingService 以及 CartService 的异常较多影响。这些异常主要集中在：\n  - **`hipstershop.ShippingService/GetQuote` 的显著延迟激增**。\n  - **使用 CartService -> Redis 的间隙变慢**。\n\n- **前端问题 (frontend)** 包括：\n  1. RecommendationService 的结果返回速度远低于正常值，暗示了它可能存在着快速失败。\n  2. CurrencyService 时间波动说明稳定性差。\n\n下一步，建议对延迟明显组件 (如 Redis 或 RecommendationService) 和调用上下文 (Checkout) 进一步深入分析原因。", "metric_analysis_findings": "根据以上提供的数据分析，识别出了多个异常调用链。重点指标变化如下：\n\n### Detected Metrics\n选择基于最高变化率的Top 3指标：\n1. `region_pending`: 数据库 IO 异常，其中 `region_pending`指数表现尤其突出。\n2. `rrt_max`: 服务性能异常，特别是多项服务的 `rrt_max` 指标大幅上升。\n3. `node_cpu_usage_rate`: Node 资源问题，`aiops-k8s-04` 和 `aiops-k8s-08` 节点的CPU使用率显著提高。\n\n### Hypotheses\n1. **TiDB 数据库 (IO 异常)**\n   - **Component**: `tidb-tikv`\n   - **Reason**: `region_pending` 指数显著上升，可能导致数据库响应变慢。\n   - **Evidence**: `region_pending` 从 12835.5 上升至 18552.65，变化率 0.3506。\n\n2. **服务性能问题 (Currency Service)**\n   - **Component**: `currencyservice`\n   - **Reason**: 多个Pod的 `rrt_max`大幅上升，可能与数据库交互效率低有关。\n   - **Evidence**: \n     - `currencyservice-0` `rrt_max` 从 2901.5 变化为 8839.94，变化率 0.1356。\n     - `currencyservice-2` `rrt_max` 从 2770.5 变化为 6095.96，变化率 0.0323。\n   \n3. **Node 资源瓶颈 (aiops-k8s-08)**\n   - **Component**: `aiops-k8s-08`\n   - **Reason**: `node_cpu_usage_rate` 与 `node_memory_MemAvailable_bytes` 变化趋势显示资源使用接近瓶颈。\n   - **Evidence**: \n     - `node_cpu_usage_rate` 从 20.3（正常中值）下降至 27.03（正常P99），变化率 0.2473。\n     - 在此节点上运行的 Pod，如 `redis-cart-0`，可能性能受影响。\n\n```json\n{\n  \"stance\": \"NEUTRAL\",\n  \"detected_metric_keys\": [\"region_pending\", \"rrt_max\", \"node_cpu_usage_rate\"],\n  \"hypotheses\": [\n    {\n      \"component\": \"tidb-tikv\",\n      \"reason\": \"region_pending metric shows significant increase, possibly leading to slow database response.\",\n      \"evidence\": \"region_pending from 12835.5 to 18552.65, change ratio 0.3506\"\n    },\n    {\n      \"component\": \"currencyservice\",\n      \"reason\": \"High rrt_max across multiple pods, potentially linked to inefficient database interactions.\",\n      \"evidence\": \"currencyservice-0 rrt_max from 2901.5 to 8839.94, change ratio 0.1356 and currencyservice-2 rrt_max from 2770.5 to 6095.96, change ratio 0.0323\"\n    },\n    {\n      \"component\": \"aiops-k8s-08\",\n      \"reason\": \"Node CPU and memory usage suggest resource exhaustion impacting service performance.\",\n      \"evidence\": \"node_cpu_usage_rate saw a significant change, affecting running pods.\"\n    }\n  ]\n}\n```"}
2026-01-04 12:08:04,818 - RootCauseAnalysis - INFO - [Tool Call] consensus_discussion_agent
2026-01-04 12:08:04,818 - RootCauseAnalysis - INFO -     Args: {'request': '启动多智能体会诊讨论，以确认和统一 2025-06-20T11:10:25Z 到 2025-06-20T11:24:25Z 异常事件的根因分析结果。'}...
2026-01-04 12:08:04,818 - RootCauseAnalysis - INFO - ============================================================
2026-01-04 12:08:04,818 - RootCauseAnalysis - INFO - CONSENSUS ANALYSIS - Round 0
2026-01-04 12:08:04,818 - RootCauseAnalysis - INFO - Current Hypothesis: （等待写入...）
2026-01-04 12:08:04,818 - RootCauseAnalysis - INFO - ============================================================
2026-01-04 12:08:10,876 - RootCauseAnalysis - INFO - CONSENSUS AGENT OUTPUT PARSED:
2026-01-04 12:08:10,876 - RootCauseAnalysis - INFO -   - Status: DISAGREED
2026-01-04 12:08:10,876 - RootCauseAnalysis - INFO -   - New Hypothesis: TiDB 数据库 IO 异常是故障根因。
2026-01-04 12:08:10,876 - RootCauseAnalysis - INFO -   - Reasoning: 结合 Metric 专家的 region_pending 异常指标及 Trace 专家指出的调用链延迟问题，指向 TiDB 数据库可能导致响应缓慢。
2026-01-04 12:08:10,876 - RootCauseAnalysis - INFO - >>> CONSENSUS NOT REACHED. Updating hypothesis and continuing loop. <<<
2026-01-04 12:08:10,876 - RootCauseAnalysis - INFO - ============================================================
2026-01-04 12:08:10,876 - RootCauseAnalysis - INFO - METRIC ANALYSIS - Starting
2026-01-04 12:08:10,876 - RootCauseAnalysis - INFO - ============================================================
2026-01-04 12:08:10,876 - RootCauseAnalysis - INFO - METRIC AGENT - Verifying Hypothesis: TiDB 数据库 IO 异常是故障根因。...
2026-01-04 12:08:10,876 - RootCauseAnalysis - INFO - ============================================================
2026-01-04 12:08:10,876 - RootCauseAnalysis - INFO - LOG ANALYSIS - Starting
2026-01-04 12:08:10,876 - RootCauseAnalysis - INFO - ============================================================
2026-01-04 12:08:10,876 - RootCauseAnalysis - INFO - LOG AGENT - Initial Scanning
2026-01-04 12:08:10,876 - RootCauseAnalysis - INFO - ============================================================
2026-01-04 12:08:10,876 - RootCauseAnalysis - INFO - TRACE ANALYSIS - Starting
2026-01-04 12:08:10,876 - RootCauseAnalysis - INFO - ============================================================
2026-01-04 12:08:10,876 - RootCauseAnalysis - INFO - TRACE AGENT - Verifying Hypothesis: TiDB 数据库 IO 异常是故障根因。...
2026-01-04 12:08:38,458 - RootCauseAnalysis - WARNING - LOG AGENT - Log data not collected.
2026-01-04 12:08:38,867 - RootCauseAnalysis - INFO - TRACE AGENT - Analysis Completed
2026-01-04 12:08:40,720 - RootCauseAnalysis - INFO - METRIC AGENT - Analysis Completed
2026-01-04 12:08:40,720 - RootCauseAnalysis - INFO - ============================================================
2026-01-04 12:08:40,720 - RootCauseAnalysis - INFO - CONSENSUS ANALYSIS - Round 1
2026-01-04 12:08:40,720 - RootCauseAnalysis - INFO - Current Hypothesis: TiDB 数据库 IO 异常是故障根因。
2026-01-04 12:08:40,720 - RootCauseAnalysis - INFO - ============================================================
2026-01-04 12:08:49,437 - RootCauseAnalysis - INFO - CONSENSUS AGENT OUTPUT PARSED:
2026-01-04 12:08:49,437 - RootCauseAnalysis - INFO -   - Status: DISAGREED
2026-01-04 12:08:49,437 - RootCauseAnalysis - INFO -   - New Hypothesis: TiDB 数据库 IO 异常是故障根因。
2026-01-04 12:08:49,437 - RootCauseAnalysis - INFO -   - Reasoning: Log 和 Metric 专家均未发现TiDB IO异常的直接证据；Trace 专家指出主要延迟集中在 checkoutservice->cartservice 的调用链，与 redis 相关。
2026-01-04 12:08:49,437 - RootCauseAnalysis - INFO - >>> CONSENSUS NOT REACHED. Updating hypothesis and continuing loop. <<<
2026-01-04 12:08:49,437 - RootCauseAnalysis - INFO - ============================================================
2026-01-04 12:08:49,437 - RootCauseAnalysis - INFO - METRIC ANALYSIS - Starting
2026-01-04 12:08:49,437 - RootCauseAnalysis - INFO - ============================================================
2026-01-04 12:08:49,437 - RootCauseAnalysis - INFO - METRIC AGENT - Verifying Hypothesis: TiDB 数据库 IO 异常是故障根因。...
2026-01-04 12:08:49,437 - RootCauseAnalysis - INFO - ============================================================
2026-01-04 12:08:49,437 - RootCauseAnalysis - INFO - LOG ANALYSIS - Starting
2026-01-04 12:08:49,437 - RootCauseAnalysis - INFO - ============================================================
2026-01-04 12:08:49,437 - RootCauseAnalysis - INFO - LOG AGENT - Initial Scanning
2026-01-04 12:08:49,437 - RootCauseAnalysis - INFO - ============================================================
2026-01-04 12:08:49,437 - RootCauseAnalysis - INFO - TRACE ANALYSIS - Starting
2026-01-04 12:08:49,437 - RootCauseAnalysis - INFO - ============================================================
2026-01-04 12:08:49,437 - RootCauseAnalysis - INFO - TRACE AGENT - Verifying Hypothesis: TiDB 数据库 IO 异常是故障根因。...
2026-01-04 12:08:52,913 - RootCauseAnalysis - WARNING - LOG AGENT - Log data not collected.
2026-01-04 12:08:53,626 - RootCauseAnalysis - INFO - TRACE AGENT - Analysis Completed
2026-01-04 12:08:55,610 - RootCauseAnalysis - INFO - METRIC AGENT - Analysis Completed
2026-01-04 12:08:55,611 - RootCauseAnalysis - INFO - ============================================================
2026-01-04 12:08:55,611 - RootCauseAnalysis - INFO - CONSENSUS ANALYSIS - Round 2
2026-01-04 12:08:55,611 - RootCauseAnalysis - INFO - Current Hypothesis: TiDB 数据库 IO 异常是故障根因。
2026-01-04 12:08:55,611 - RootCauseAnalysis - INFO - ============================================================
2026-01-04 12:09:02,489 - RootCauseAnalysis - INFO - CONSENSUS AGENT OUTPUT PARSED:
2026-01-04 12:09:02,489 - RootCauseAnalysis - INFO -   - Status: DISAGREED
2026-01-04 12:09:02,489 - RootCauseAnalysis - INFO -   - New Hypothesis: TiDB 数据库 IO 异常是故障根因。
2026-01-04 12:09:02,489 - RootCauseAnalysis - INFO -   - Reasoning: Log 和 Metric 专家未发现TiDB IO异常的直接证据；Trace 专家指出主要延迟集中在 checkoutservice->cartservice 的调用链，与 redis 相关。
2026-01-04 12:09:02,489 - RootCauseAnalysis - INFO - >>> CONSENSUS NOT REACHED. Updating hypothesis and continuing loop. <<<
2026-01-04 12:09:02,489 - RootCauseAnalysis - INFO - ============================================================
2026-01-04 12:09:02,489 - RootCauseAnalysis - INFO - METRIC ANALYSIS - Starting
2026-01-04 12:09:02,489 - RootCauseAnalysis - INFO - ============================================================
2026-01-04 12:09:02,490 - RootCauseAnalysis - INFO - METRIC AGENT - Verifying Hypothesis: TiDB 数据库 IO 异常是故障根因。...
2026-01-04 12:09:02,490 - RootCauseAnalysis - INFO - ============================================================
2026-01-04 12:09:02,490 - RootCauseAnalysis - INFO - LOG ANALYSIS - Starting
2026-01-04 12:09:02,490 - RootCauseAnalysis - INFO - ============================================================
2026-01-04 12:09:02,490 - RootCauseAnalysis - INFO - LOG AGENT - Initial Scanning
2026-01-04 12:09:02,490 - RootCauseAnalysis - INFO - ============================================================
2026-01-04 12:09:02,490 - RootCauseAnalysis - INFO - TRACE ANALYSIS - Starting
2026-01-04 12:09:02,490 - RootCauseAnalysis - INFO - ============================================================
2026-01-04 12:09:02,490 - RootCauseAnalysis - INFO - TRACE AGENT - Verifying Hypothesis: TiDB 数据库 IO 异常是故障根因。...
2026-01-04 12:09:06,365 - RootCauseAnalysis - INFO - TRACE AGENT - Analysis Completed
2026-01-04 12:09:06,951 - RootCauseAnalysis - WARNING - LOG AGENT - Log data not collected.
2026-01-04 12:09:09,832 - RootCauseAnalysis - INFO - METRIC AGENT - Analysis Completed
2026-01-04 12:09:09,833 - RootCauseAnalysis - INFO - ============================================================
2026-01-04 12:09:09,833 - RootCauseAnalysis - INFO - CONSENSUS ANALYSIS - Round 3
2026-01-04 12:09:09,833 - RootCauseAnalysis - INFO - Current Hypothesis: TiDB 数据库 IO 异常是故障根因。
2026-01-04 12:09:09,833 - RootCauseAnalysis - INFO - ============================================================
2026-01-04 12:09:18,826 - RootCauseAnalysis - INFO - CONSENSUS AGENT OUTPUT PARSED:
2026-01-04 12:09:18,827 - RootCauseAnalysis - INFO -   - Status: DISAGREED
2026-01-04 12:09:18,827 - RootCauseAnalysis - INFO -   - New Hypothesis: TiDB 数据库 IO 异常是故障根因。
2026-01-04 12:09:18,827 - RootCauseAnalysis - INFO -   - Reasoning: Log、Metric 和 Trace 专家都未发现支持 TiDB IO 异常的证据，数据明确指向 Redis 和网络相关的问题方向，因此裁定假设不成立。
2026-01-04 12:09:18,827 - RootCauseAnalysis - INFO - >>> CONSENSUS NOT REACHED. Updating hypothesis and continuing loop. <<<
2026-01-04 12:09:18,827 - RootCauseAnalysis - INFO - ============================================================
2026-01-04 12:09:18,827 - RootCauseAnalysis - INFO - METRIC ANALYSIS - Starting
2026-01-04 12:09:18,827 - RootCauseAnalysis - INFO - ============================================================
2026-01-04 12:09:18,827 - RootCauseAnalysis - INFO - METRIC AGENT - Verifying Hypothesis: TiDB 数据库 IO 异常是故障根因。...
2026-01-04 12:09:18,827 - RootCauseAnalysis - INFO - ============================================================
2026-01-04 12:09:18,827 - RootCauseAnalysis - INFO - LOG ANALYSIS - Starting
2026-01-04 12:09:18,827 - RootCauseAnalysis - INFO - ============================================================
2026-01-04 12:09:18,827 - RootCauseAnalysis - INFO - LOG AGENT - Initial Scanning
2026-01-04 12:09:18,827 - RootCauseAnalysis - INFO - ============================================================
2026-01-04 12:09:18,827 - RootCauseAnalysis - INFO - TRACE ANALYSIS - Starting
2026-01-04 12:09:18,827 - RootCauseAnalysis - INFO - ============================================================
2026-01-04 12:09:18,827 - RootCauseAnalysis - INFO - TRACE AGENT - Verifying Hypothesis: TiDB 数据库 IO 异常是故障根因。...
2026-01-04 12:09:22,713 - RootCauseAnalysis - INFO - TRACE AGENT - Analysis Completed
2026-01-04 12:09:25,070 - RootCauseAnalysis - WARNING - LOG AGENT - Log data not collected.
2026-01-04 12:09:27,416 - RootCauseAnalysis - INFO - METRIC AGENT - Analysis Completed
2026-01-04 12:09:27,417 - RootCauseAnalysis - INFO - ============================================================
2026-01-04 12:09:27,417 - RootCauseAnalysis - INFO - CONSENSUS ANALYSIS - Round 4
2026-01-04 12:09:27,417 - RootCauseAnalysis - INFO - Current Hypothesis: TiDB 数据库 IO 异常是故障根因。
2026-01-04 12:09:27,417 - RootCauseAnalysis - INFO - ============================================================
2026-01-04 12:09:35,293 - RootCauseAnalysis - INFO - CONSENSUS AGENT OUTPUT PARSED:
2026-01-04 12:09:35,293 - RootCauseAnalysis - INFO -   - Status: DISAGREED
2026-01-04 12:09:35,293 - RootCauseAnalysis - INFO -   - New Hypothesis: TiDB 数据库 IO 异常是故障根因。
2026-01-04 12:09:35,293 - RootCauseAnalysis - INFO -   - Reasoning: Log、Metric 和 Trace 专家均未发现支持 TiDB IO 异常的证据，数据明确指向 Redis 和网络相关问题，因此当前假设不成立。
2026-01-04 12:09:35,293 - RootCauseAnalysis - INFO - >>> CONSENSUS NOT REACHED. Updating hypothesis and continuing loop. <<<
2026-01-04 12:09:35,293 - RootCauseAnalysis - INFO - ============================================================
2026-01-04 12:09:35,293 - RootCauseAnalysis - INFO - METRIC ANALYSIS - Starting
2026-01-04 12:09:35,294 - RootCauseAnalysis - INFO - ============================================================
2026-01-04 12:09:35,294 - RootCauseAnalysis - INFO - METRIC AGENT - Verifying Hypothesis: TiDB 数据库 IO 异常是故障根因。...
2026-01-04 12:09:35,294 - RootCauseAnalysis - INFO - ============================================================
2026-01-04 12:09:35,294 - RootCauseAnalysis - INFO - LOG ANALYSIS - Starting
2026-01-04 12:09:35,294 - RootCauseAnalysis - INFO - ============================================================
2026-01-04 12:09:35,294 - RootCauseAnalysis - INFO - LOG AGENT - Initial Scanning
2026-01-04 12:09:35,294 - RootCauseAnalysis - INFO - ============================================================
2026-01-04 12:09:35,294 - RootCauseAnalysis - INFO - TRACE ANALYSIS - Starting
2026-01-04 12:09:35,294 - RootCauseAnalysis - INFO - ============================================================
2026-01-04 12:09:35,294 - RootCauseAnalysis - INFO - TRACE AGENT - Verifying Hypothesis: TiDB 数据库 IO 异常是故障根因。...
2026-01-04 12:09:40,202 - RootCauseAnalysis - INFO - TRACE AGENT - Analysis Completed
2026-01-04 12:09:42,874 - RootCauseAnalysis - INFO - METRIC AGENT - Analysis Completed
2026-01-04 12:09:43,271 - RootCauseAnalysis - WARNING - LOG AGENT - Log data not collected.
2026-01-04 12:09:43,272 - RootCauseAnalysis - INFO - ============================================================
2026-01-04 12:09:43,272 - RootCauseAnalysis - INFO - CONSENSUS ANALYSIS - Round 5
2026-01-04 12:09:43,272 - RootCauseAnalysis - INFO - Current Hypothesis: TiDB 数据库 IO 异常是故障根因。
2026-01-04 12:09:43,272 - RootCauseAnalysis - INFO - ============================================================
2026-01-04 12:09:51,303 - RootCauseAnalysis - INFO - CONSENSUS AGENT OUTPUT PARSED:
2026-01-04 12:09:51,303 - RootCauseAnalysis - INFO -   - Status: DISAGREED
2026-01-04 12:09:51,303 - RootCauseAnalysis - INFO -   - New Hypothesis: TiDB 数据库 IO 异常是故障根因。
2026-01-04 12:09:51,303 - RootCauseAnalysis - INFO -   - Reasoning: Log、Metric 和 Trace 专家均未发现支持 TiDB IO 异常的证据，数据明确指向 Redis 和网络的问题方向，因此该假设不成立。
2026-01-04 12:09:51,303 - RootCauseAnalysis - INFO - >>> CONSENSUS NOT REACHED. Updating hypothesis and continuing loop. <<<
2026-01-04 12:09:51,303 - RootCauseAnalysis - INFO - ============================================================
2026-01-04 12:09:51,303 - RootCauseAnalysis - INFO - METRIC ANALYSIS - Starting
2026-01-04 12:09:51,303 - RootCauseAnalysis - INFO - ============================================================
2026-01-04 12:09:51,303 - RootCauseAnalysis - INFO - METRIC AGENT - Verifying Hypothesis: TiDB 数据库 IO 异常是故障根因。...
2026-01-04 12:09:51,303 - RootCauseAnalysis - INFO - ============================================================
2026-01-04 12:09:51,303 - RootCauseAnalysis - INFO - LOG ANALYSIS - Starting
2026-01-04 12:09:51,303 - RootCauseAnalysis - INFO - ============================================================
2026-01-04 12:09:51,303 - RootCauseAnalysis - INFO - LOG AGENT - Initial Scanning
2026-01-04 12:09:51,303 - RootCauseAnalysis - INFO - ============================================================
2026-01-04 12:09:51,303 - RootCauseAnalysis - INFO - TRACE ANALYSIS - Starting
2026-01-04 12:09:51,303 - RootCauseAnalysis - INFO - ============================================================
2026-01-04 12:09:51,303 - RootCauseAnalysis - INFO - TRACE AGENT - Verifying Hypothesis: TiDB 数据库 IO 异常是故障根因。...
2026-01-04 12:09:56,342 - RootCauseAnalysis - INFO - TRACE AGENT - Analysis Completed
2026-01-04 12:09:58,537 - RootCauseAnalysis - WARNING - LOG AGENT - Log data not collected.
2026-01-04 12:09:58,727 - RootCauseAnalysis - INFO - METRIC AGENT - Analysis Completed
2026-01-04 12:09:58,729 - RootCauseAnalysis - INFO - [Tool Resp] consensus_discussion_agent
2026-01-04 12:09:58,729 - RootCauseAnalysis - INFO -     Result: {'result': '确认已收到并理解最终裁定结果。支持的假设已经被否定，并且下一个阶段聚焦于 `redis-cart` 服务的性能瓶颈或资源异常作为主要的研究方向。\n\n以下是重点行动总结及下一步步骤：\n\n1. **Redis 服务性能分析**\n   - **目标**: 确定高延迟的操作如 HGET 和 HMSET 是否因资源配置或负载分布（如热点键）问题。\n   - **方法**: 分析 Redis 的操作日志和性能指标数据，识别性能瓶颈。\n\n2. **Redis 容器资源调查**\n   - **目标**: 确保 redis-cart-0 容器的资源使用效率，避免单点资源不足导致的性能问题。\n   - **方法**: 比对相关容器的 CPU、内存、IO 数据，寻找异常用量，高峰期资源疏导策略，必要时进行调整和优化。\n\n3. **节点资源健康监测**\n   - **目标**: 提供对 `aiops-k8s-08` 节点资源的综合判断，确认其对容器服务的资源分配合理。\n   - **方法**: 通过节点级别的资源统计与性能监测，寻找瓶颈与过载风险，预备扩容方...
2026-01-04 12:09:58,729 - RootCauseAnalysis - INFO - [State Update] {"consensus_iteration": 6, "consensus_decision": "DISAGREED", "current_hypothesis": "TiDB 数据库 IO 异常是故障根因。", "current_task_instruction": "当前处于【假设验证阶段】。\n待验证的根因假设是：'TiDB 数据库 IO 异常是故障根因。'。\n请基于 Trace 数据判断该假设是否成立。\n重点：请在返回 JSON 的 'stance' 字段中明确标记 'SUPPORT' 或 'OPPOSE'。", "raw_trace_result": {"status": "success", "message": "成功加载trace数据。UUID: 3f4b31ee-402，共 20 个异常组合，0 个状态组合", "filtered_traces": "node_name,service_name,parent_pod,child_pod,operation_name,normal_avg_duration,anomaly_avg_duration,anomaly_count\naiops-k8s-01,productcatalogservice,frontend-0,productcatalogservice-2,hipstershop.ProductCatalogService/GetProduct,10040.36980941472,9441.226528294788,出现次数:10\naiops-k8s-01,shippingservice,checkoutservice-2,shippingservice-0,hipstershop.ShippingService/GetQuote,199.5328160027591,824.9444444444445,出现次数:3\naiops-k8s-07,cartservice,checkoutservice-2,cartservice-0,POST /hipstershop.CartService/EmptyCart,2409.518639776497,15439.0,出现次数:2\naiops-k8s-04,checkoutservice,checkoutservice-0,checkoutservice-0,hipstershop.ShippingService/GetQuote,9704.822935029075,54664.5,出现次数:2\naiops-k8s-05,checkoutservice,checkoutservice-2,checkoutservice-2,hipstershop.CartService/GetCart,8686.463548279853,30842.0,出现次数:2\naiops-k8s-03,shippingservice,checkoutservice-2,shippingservice-2,hipstershop.ShippingService/ShipOrder,228.29299252303946,840.0,出现次数:2\naiops-k8s-04,frontend,frontend-0,frontend-0,hipstershop.AdService/GetAds,5431.407014673261,8833.4,出现次数:2\naiops-k8s-04,frontend,frontend-0,frontend-0,hipstershop.RecommendationService/ListRecommendations,124078.63908275458,9968.5,出现次数:2\naiops-k8s-01,emailservice,checkoutservice-0,emailservice-1,/hipstershop.EmailService/SendOrderConfirmation,672.6779005524862,1324.0,出现次数:1\naiops-k8s-04,checkoutservice,checkoutservice-0,checkoutservice-0,hipstershop.ShippingService/ShipOrder,13942.698760082954,84930.0,出现次数:1\naiops-k8s-07,cartservice,checkoutservice-0,cartservice-0,POST /hipstershop.CartService/EmptyCart,2569.200339366516,69587.0,出现次数:1\naiops-k8s-05,cartservice,checkoutservice-0,cartservice-1,POST /hipstershop.CartService/GetCart,2556.877784026997,8231.0,出现次数:1\naiops-k8s-05,redis,cartservice-1,cartservice-1,HGET,1771.4157464335137,23688.0,出现次数:1\naiops-k8s-07,redis,cartservice-0,cartservice-0,HMSET,1573.061323856106,12499.375,出现次数:1\naiops-k8s-08,cartservice,checkoutservice-2,cartservice-2,POST /hipstershop.CartService/GetCart,2546.8182916232186,40481.0,出现次数:1\naiops-k8s-05,cartservice,checkoutservice-2,cartservice-1,POST /hipstershop.CartService/GetCart,2622.265895302479,29094.0,出现次数:1\naiops-k8s-04,frontend,frontend-0,frontend-0,hipstershop.CurrencyService/Convert,2350.851156209511,1433.1904761904761,出现次数:1\naiops-k8s-07,cartservice,checkoutservice-2,cartservice-0,POST /hipstershop.CartService/GetCart,2495.927187414433,41553.5,出现次数:1\naiops-k8s-04,frontend,frontend-0,frontend-0,hipstershop.CurrencyService/GetSupportedCurrencies,2916.966425579853,4649.428571428572,出现次数:1\naiops-k8s-04,frontend,frontend-0,frontend-0,hipstershop.ShippingService/GetQuote,1944.774309190994,3546.5,出现次数:1\n", "unique_entities": {"pod_name": ["cartservice-0", "cartservice-1", "cartservice-2", "checkoutservice-0", "checkoutservice-2", "emailservice-1", "frontend-0", "productcatalogservice-2", "shippingservice-0", "shippingservice-2"], "service_name": ["cartservice", "checkoutservice", "emailservice", "frontend", "productcatalogservice", "redis", "shippingservice"], "node_name": ["aiops-k8s-01", "aiops-k8s-03", "aiops-k8s-04", "aiops-k8s-05", "aiops-k8s-07", "aiops-k8s-08"]}, "status_combinations": "", "matched_anomaly": "Please analyze the abnormal event between 2025-06-20T11:10:25Z and 2025-06-20T11:24:25Z and provide the root cause.", "time_range": "2025-06-20 11:10:25+00:00 to 2025-06-20 11:24:25+00:00"}, "trace_data_collected": true, "raw_metric_result": {"status": "success", "message": "成功加载metric数据。UUID: 3f4b31ee-402", "anomaly_metrics": "metric_type,service_name,pod_name,node_name,metric_name,normal_median,fault_median,normal_p99,fault_p99,median_change_ratio,p99_change_ratio\nservice,adservice,adservice-1,N/A,client_error_ratio,0.0,0.0,0.48,0.0,0.0,2.0\nservice,adservice,adservice-1,N/A,error_ratio,0.0,0.0,0.48,0.0,0.0,2.0\nservice,paymentservice,paymentservice-2,N/A,rrt_max,2025.0,1863.0,4849.92,46642.08,0.0833,1.6232\nservice,emailservice,emailservice-2,N/A,rrt_max,4165.0,4089.0,7981.98,63548.0,0.0184,1.5536\nservice,currencyservice,currencyservice-0,N/A,rrt_max,2901.5,2533.0,8839.94,48007.34,0.1356,1.378\nservice,paymentservice,paymentservice-2,N/A,rrt,1490.86,1454.97,1810.69,7048.08,0.0244,1.1824\nservice,currencyservice,currencyservice-0,N/A,rrt,1365.12,1286.05,1674.33,4373.18,0.0596,0.8925\nservice,cartservice,cartservice-1,N/A,rrt_max,3976.0,6111.5,73232.22,33534.18,0.4234,0.7436\nservice,currencyservice,currencyservice-2,N/A,rrt_max,2770.5,2682.5,6095.96,13104.68,0.0323,0.7301\ntidb,tidb-tikv,N/A,N/A,region_pending,12835.5,9007.0,18552.65,10413.1,0.3506,0.562\nservice,shippingservice,shippingservice-2,N/A,rrt_max,2427.0,2266.0,10491.44,6104.67,0.0686,0.5287\nservice,currencyservice,currencyservice-1,N/A,rrt_max,13029.0,12457.5,102774.11,163781.76,0.0448,0.4577\nservice,shippingservice,shippingservice-0,N/A,rrt_max,4513.5,3431.0,9689.57,6158.2,0.2725,0.4457\ntidb,tidb-tidb,N/A,N/A,cpu_usage,0.49,0.33,0.53,0.34,0.3902,0.4438\nservice,emailservice,emailservice-2,N/A,rrt,1825.4,1797.42,2255.78,3280.55,0.0154,0.3702\nservice,redis,redis-cart-0,N/A,rrt,148.94,144.64,1443.65,1024.04,0.0293,0.3401\nservice,cartservice,cartservice-0,N/A,rrt,1777.86,1814.49,4682.26,3429.8,0.0204,0.3088\nservice,cartservice,cartservice-1,N/A,rrt,1651.98,1721.72,5454.73,4098.79,0.0413,0.2839\nservice,emailservice,emailservice-0,N/A,rrt_max,4216.5,3925.5,8159.83,10738.79,0.0715,0.2729\nnode,N/A,N/A,aiops-k8s-08,node_cpu_usage_rate,20.3,17.97,27.03,21.08,0.1218,0.2473\nservice,frontend,frontend-0,N/A,rrt_max,125066.5,159307.5,311808.19,276941.06,0.2408,0.1184\nnode,N/A,N/A,aiops-k8s-04,node_memory_MemAvailable_bytes,9933318144.0,9422135296.0,12020719247.36,9722611957.76,0.0528,0.2114\nnode,N/A,N/A,aiops-k8s-04,node_cpu_usage_rate,17.3,13.98,21.53,17.56,0.212,0.2032\nservice,emailservice,emailservice-1,N/A,rrt_max,3607.0,4443.5,7811.26,8549.7,0.2078,0.0903\ntidb,tidb-tikv,N/A,N/A,cpu_usage,0.11,0.09,0.13,0.13,0.2,0.0202\nnode,N/A,N/A,aiops-k8s-06,node_cpu_usage_rate,29.34,25.65,33.64,27.63,0.1344,0.1962\nservice,recommendationservice,recommendationservice-1,N/A,rrt_max,17077.0,17813.0,31189.97,26213.47,0.0422,0.1734\nservice,paymentservice,paymentservice-1,N/A,rrt_max,1967.0,1933.0,3724.71,4425.18,0.0174,0.1719\nnode,N/A,N/A,aiops-k8s-08,node_memory_MemAvailable_bytes,10064674816.0,9847666688.0,11694847180.8,10001656954.88,0.0218,0.1561\nservice,productcatalogservice,productcatalogservice-0,N/A,rrt_max,15390.0,15470.5,22430.02,19028.96,0.0052,0.1641\n", "unique_entities": {"service_name": ["adservice", "cartservice", "checkoutservice", "currencyservice", "emailservice", "frontend", "paymentservice", "productcatalogservice", "recommendationservice", "redis", "shippingservice", "tidb-pd", "tidb-tidb", "tidb-tikv"], "node_name": ["aiops-k8s-01", "aiops-k8s-02", "aiops-k8s-03", "aiops-k8s-04", "aiops-k8s-05", "aiops-k8s-06", "aiops-k8s-07", "aiops-k8s-08"], "pod_name": ["adservice-0", "adservice-1", "adservice-2", "cartservice-0", "cartservice-1", "cartservice-2", "checkoutservice-0", "checkoutservice-1", "checkoutservice-2", "currencyservice-0", "currencyservice-1", "currencyservice-2", "emailservice-0", "emailservice-1", "emailservice-2", "frontend-0", "frontend-1", "frontend-2", "paymentservice-0", "paymentservice-1", "paymentservice-2", "productcatalogservice-0", "productcatalogservice-1", "productcatalogservice-2", "recommendationservice-0", "recommendationservice-1", "recommendationservice-2", "redis-cart-0", "shippingservice-0", "shippingservice-1", "shippingservice-2"]}, "node_pod_mapping": {"aiops-k8s-01": ["emailservice-1", "frontend-1", "productcatalogservice-2", "recommendationservice-2", "shippingservice-0"], "aiops-k8s-02": [], "aiops-k8s-03": ["shippingservice-2", "recommendationservice-1", "adservice-0"], "aiops-k8s-04": ["paymentservice-2", "currencyservice-0", "frontend-0", "checkoutservice-0"], "aiops-k8s-05": ["paymentservice-1", "cartservice-1", "checkoutservice-2"], "aiops-k8s-06": ["productcatalogservice-1", "emailservice-2", "frontend-1"], "aiops-k8s-07": ["shippingservice-1", "emailservice-0", "currencyservice-1", "cartservice-0", "adservice-1"], "aiops-k8s-08": ["currencyservice-2", "recommendationservice-0", "paymentservice-0", "frontend-2", "checkoutservice-1", "productcatalogservice-0", "cartservice-2", "adservice-2", "redis-cart-0"]}, "matched_anomaly": "Please analyze the abnormal event between 2025-06-20T11:10:25Z and 2025-06-20T11:24:25Z and provide the root cause.", "time_range": "2025-06-20 11:10:25+00:00 to 2025-06-20 11:24:25+00:00"}, "metric_data_collected": true, "node_pod_mapping": {"aiops-k8s-01": ["emailservice-1", "frontend-1", "productcatalogservice-2", "recommendationservice-2", "shippingservice-0"], "aiops-k8s-02": [], "aiops-k8s-03": ["shippingservice-2", "recommendationservice-1", "adservice-0"], "aiops-k8s-04": ["paymentservice-2", "currencyservice-0", "frontend-0", "checkoutservice-0"], "aiops-k8s-05": ["paymentservice-1", "cartservice-1", "checkoutservice-2"], "aiops-k8s-06": ["productcatalogservice-1", "emailservice-2", "frontend-1"], "aiops-k8s-07": ["shippingservice-1", "emailservice-0", "currencyservice-1", "cartservice-0", "adservice-1"], "aiops-k8s-08": ["currencyservice-2", "recommendationservice-0", "paymentservice-0", "frontend-2", "checkoutservice-1", "productcatalogservice-0", "cartservice-2", "adservice-2", "redis-cart-0"]}, "log_analysis_findings": "基于专家分析和现有证据，裁定“TiDB 数据库 IO 异常是故障根因”已被确认**不成立**。我们的关注点已转向新的假设，即`redis-cart`服务的性能瓶颈或资源异常可能是导致checkoutservice调用链延迟问题的原因。\n\n### 裁定结果\n\n- **当前假设不成立**: 没有证据显示TiDB存在IO异常问题。\n- **新假设**: Redis-cart服务因性能瓶颈或资源异常导致了checkoutservice的调用链延迟问题。\n\n#### 证据基础：\n1. **日志**: 没有发现任何与TiDB IO异常相关的错误日志。\n2. **指标**: TiDB性能指标（`region_pending` 和 `cpu_usage`）显示性能改善，无异常表现。\n3. **链路追踪**: 延迟集中在`checkoutservice->cartservice->redis`，Redis的HGET和HMSET操作延迟异常。\n\n### 后续行动建议\n\n#### 新的调查重点\n\n1. **Redis服务性能分析**\n   - 检查操作日志和关键性能指标，聚焦于HGET和HMSET高延迟问题。\n   - 评估负载分布，识别是否有热点键影响性能。\n\n2. **容器资源调查**\n   - 深入了解`redis-cart-0`的CPU、内存、IO使用情况，找出高负载点。\n   - 与其他同类服务对比，排查单点异常。\n\n3. **节点资源评估**\n   - 审查`aiops-k8s-08`节点资源（CPU、内存、存储IO）状态，识别潜在瓶颈。\n   - 综合分析容器资源，考虑必要时的扩容或资源迁移。\n\n4. **网络流量分析**\n   - 监控网络流量和延迟（`checkoutservice`到`cartservice`），关注丢包和带宽问题。\n   - 检查网络配置合理性、配置错误或带宽限制情况。\n\n### 行动计划输出\n\n```json\n{\n    \"status\": \"DISAGREED\",\n    \"hypothesis\": \"TiDB 数据库 IO 异常是故障根因。\",\n    \"reasoning\": \"Log、Metric 和 Trace 专家均未发现支持 TiDB IO 异常的证据，数据明确指向 Redis 和网络的问题方向，因此该假设不成立。\",\n    \"new_hypothesis\": \"Redis 服务性能瓶颈或资源异常可能是 checkoutservice 调用链延迟异常的根本原因。\",\n    \"next_steps\": [\n        {\n            \"action\": \"分析 Redis 服务性能数据。\",\n            \"suggestion\": \"检查 redis-cart 的操作日志，聚焦高延迟的 HGET 和 HMSET 操作，检测热点键问题并定位性能瓶颈。\"\n        },\n        {\n            \"action\": \"检查 Redis 容器资源状况。\",\n            \"suggestion\": \"详细分析 redis-cart-0 容器 CPU、IO、内存的使用情况，识别压力点并进行优化。\"\n        },\n        {\n            \"action\": \"评估节点资源健康状况。\",\n            \"suggestion\": \"结合 aiops-k8s-08 节点的指标分析，确定是否存在资源瓶颈，必要时考虑资源扩容或迁移。\"\n        },\n        {\n            \"action\": \"执行网络流量分析。\",\n            \"suggestion\": \"通过工具追踪 checkoutservice 和 cartservice 之间的网络流量行为，检测是否存在延迟、丢包或带宽问题的影响。\"\n        }\n    ]\n}\n```\n\n### 聚焦方向\n\n接下来的工作将集中于`redis-cart`服务和相关资源的详细分析，以及网络的全面审查，以目标明确地改善系统性能和解决延迟问题。", "trace_analysis_findings": "根据最终裁定结果，假设“TiDB 数据库 IO 异常是故障根因”已被明确为不成立。同时，我们确认新的潜在根因是 `redis-cart` 服务的性能瓶颈或资源异常导致 `checkoutservice` 调用链的延迟异常。\n\n以下是后续行动建议和聚焦方向：\n\n### 新假设与调查重点\n\n#### 新假设\n- Redis-cart 服务的资源或性能瓶颈是 `checkoutservice` 调用链延迟的直接根因。\n\n#### 调查重点与建议措施\n1. **Redis 服务性能分析**\n   - 深入分析 Redis 的操作日志和性能指标数据，聚焦 HGET 和 HMSET 的延迟问题。\n   - 检查负载分布以识别热点键，并评估其对性能的影响。\n\n2. **Redis 容器级资源调查**\n   - 详细检查 `redis-cart-0` 容器的 CPU、内存和 IO 资源使用情况，识别可能的高压力点。\n   - 比较与同类服务的资源使用情况，排查单点异常现象。\n\n3. **节点资源状况评估**\n   - 审查 `aiops-k8s-08` 节点的资源健康状况，包括 CPU、内存和存储 IO 能力。\n   - 根据综合分析确定是否需要进行扩容或迁移，解决潜在瓶颈。\n\n4. **网络流量分析**\n   - 监控和分析 `checkoutservice` 与 `cartservice` 的网络流量和延迟情况，检查是否存在丢包或带宽问题。\n   - 遇有配置错误或限流问题，应立即进行网络配置评估和优化。\n\n### 聚焦行动的最终输出\n我们将以完整的调查和分析为基础，定位并解决故障根因，确保系统在性能和稳定性方面恢复至正常且优化状态。下一步，需要强有力的数据支持来改善 Redis 服务及其关联的网络交互，解除其对整体系统性能的影响。", "metric_analysis_findings": "确认已收到并理解最终裁定结果。支持的假设已经被否定，并且下一个阶段聚焦于 `redis-cart` 服务的性能瓶颈或资源异常作为主要的研究方向。\n\n以下是重点行动总结及下一步步骤：\n\n1. **Redis 服务性能分析**\n   - **目标**: 确定高延迟的操作如 HGET 和 HMSET 是否因资源配置或负载分布（如热点键）问题。\n   - **方法**: 分析 Redis 的操作日志和性能指标数据，识别性能瓶颈。\n\n2. **Redis 容器资源调查**\n   - **目标**: 确保 redis-cart-0 容器的资源使用效率，避免单点资源不足导致的性能问题。\n   - **方法**: 比对相关容器的 CPU、内存、IO 数据，寻找异常用量，高峰期资源疏导策略，必要时进行调整和优化。\n\n3. **节点资源健康监测**\n   - **目标**: 提供对 `aiops-k8s-08` 节点资源的综合判断，确认其对容器服务的资源分配合理。\n   - **方法**: 通过节点级别的资源统计与性能监测，寻找瓶颈与过载风险，预备扩容方案。\n\n4. **网络流量和行为分析**\n   - **目标**: 确认 `checkoutservice` 和 `cartservice` 间网络通信配置完整性，检测延迟或损耗。\n   - **方法**: 使用监控工具追踪网络通信状况，确保网络路径无误配置、流量足够。\n\n---\n\n### 确定的计划和建议：\n\n```json\n{\n  \"stance\": \"AGREE\",\n  \"reasoning\": \"当前证据明确否定 TiDB IO 异常的假设，所有指向都表明 redis-cart 服务应是主攻方向，资源和网络调查尤为关键。\",\n  \"new_hypothesis\": \"Redis-cart 服务性能瓶颈可能是调用延迟异常的根因。\",\n  \"next_steps\": [\n    {\n      \"action\": \"分析 Redis 操作性能。\",\n      \"suggestion\": \"关注高延迟的操作日志与指标，识别热点问题与负载症结，推动性能改进。\"\n    },\n    {\n      \"action\": \"监测 Redis 容器的资源利用。\",\n      \"suggestion\": \"详细记录 redis-cart-0 容器的资源利用数据与健康趋势，优化必要的配置。\"\n    },\n    {\n      \"action\": \"检查节点资源配置与性能。\",\n      \"suggestion\": \"通过 aiops-k8s-08 的详细分析，提出优化提议和扩展建议以支撑服务需求。\"\n    },\n    {\n      \"action\": \"执行网络流量与性能分析。\",\n      \"suggestion\": \"重视 checkoutservice/cartservice 的网络验证，确保服务间通信流畅与稳定。\"\n    }\n  ]\n}\n```\n\n本阶段的主要目的是通过更细致的性能和网络分析，妥善解决 Redis 服务的性能瓶颈问题。"}
2026-01-04 12:10:00,473 - RootCauseAnalysis - INFO - [Tool Call] report_agent
2026-01-04 12:10:00,473 - RootCauseAnalysis - INFO -     Args: {'request': '基于专家共识生成关于 2025-06-20T11:10:25Z 到 2025-06-20T11:24:25Z 间异常事件的最终报告，聚焦 redis-cart 服务性能瓶颈或资源问题。'}...
2026-01-04 12:10:00,474 - RootCauseAnalysis - INFO - ============================================================
2026-01-04 12:10:00,474 - RootCauseAnalysis - INFO - REPORT ANALYSIS - Starting
2026-01-04 12:10:03,551 - RootCauseAnalysis - INFO - REPORT ANALYSIS COMPLETED - Saved results in report_analysis_output.json
2026-01-04 12:10:03,552 - RootCauseAnalysis - INFO - [Tool Resp] report_agent
2026-01-04 12:10:03,552 - RootCauseAnalysis - INFO -     Result: {'uuid': '3f4b31ee-402', 'component': 'redis-cart-0', 'reason': 'pod_cpu_usage spike detected on redis-cart causing delay.', 'reasoning_trace': [{'step': 1, 'action': 'LoadMetrics(redis-cart-0)', 'observation': 'pod_cpu_usage showed high consumption indicating stress point.'}, {'step': 2, 'action': 'LogSearch(redis-cart-0)', 'observation': 'No related error logs found, but historical latency noted.'}, {'step': 3, 'action': 'TraceAnalysis(3f4b31ee-402)', 'observation': 'checkoutservice->cartservi...
2026-01-04 12:10:03,552 - RootCauseAnalysis - INFO - [State Update] {"hypotheses_summary": "TiDB 数据库 IO 异常是故障根因。", "log_analysis_findings": "基于专家分析和现有证据，裁定“TiDB 数据库 IO 异常是故障根因”已被确认**不成立**。我们的关注点已转向新的假设，即`redis-cart`服务的性能瓶颈或资源异常可能是导致checkoutservice调用链延迟问题的原因。\n\n### 裁定结果\n\n- **当前假设不成立**: 没有证据显示TiDB存在IO异常问题。\n- **新假设**: Redis-cart服务因性能瓶颈或资源异常导致了checkoutservice的调用链延迟问题。\n\n#### 证据基础：\n1. **日志**: 没有发现任何与TiDB IO异常相关的错误日志。\n2. **指标**: TiDB性能指标（`region_pending` 和 `cpu_usage`）显示性能改善，无异常表现。\n3. **链路追踪**: 延迟集中在`checkoutservice->cartservice->redis`，Redis的HGET和HMSET操作延迟异常。\n\n### 后续行动建议\n\n#### 新的调查重点\n\n1. **Redis服务性能分析**\n   - 检查操作日志和关键性能指标，聚焦于HGET和HMSET高延迟问题。\n   - 评估负载分布，识别是否有热点键影响性能。\n\n2. **容器资源调查**\n   - 深入了解`redis-cart-0`的CPU、内存、IO使用情况，找出高负载点。\n   - 与其他同类服务对比，排查单点异常。\n\n3. **节点资源评估**\n   - 审查`aiops-k8s-08`节点资源（CPU、内存、存储IO）状态，识别潜在瓶颈。\n   - 综合分析容器资源，考虑必要时的扩容或资源迁移。\n\n4. **网络流量分析**\n   - 监控网络流量和延迟（`checkoutservice`到`cartservice`），关注丢包和带宽问题。\n   - 检查网络配置合理性、配置错误或带宽限制情况。\n\n### 行动计划输出\n\n```json\n{\n    \"status\": \"DISAGREED\",\n    \"hypothesis\": \"TiDB 数据库 IO 异常是故障根因。\",\n    \"reasoning\": \"Log、Metric 和 Trace 专家均未发现支持 TiDB IO 异常的证据，数据明确指向 Redis 和网络的问题方向，因此该假设不成立。\",\n    \"new_hypothesis\": \"Redis 服务性能瓶颈或资源异常可能是 checkoutservice 调用链延迟异常的根本原因。\",\n    \"next_steps\": [\n        {\n            \"action\": \"分析 Redis 服务性能数据。\",\n            \"suggestion\": \"检查 redis-cart 的操作日志，聚焦高延迟的 HGET 和 HMSET 操作，检测热点键问题并定位性能瓶颈。\"\n        },\n        {\n            \"action\": \"检查 Redis 容器资源状况。\",\n            \"suggestion\": \"详细分析 redis-cart-0 容器 CPU、IO、内存的使用情况，识别压力点并进行优化。\"\n        },\n        {\n            \"action\": \"评估节点资源健康状况。\",\n            \"suggestion\": \"结合 aiops-k8s-08 节点的指标分析，确定是否存在资源瓶颈，必要时考虑资源扩容或迁移。\"\n        },\n        {\n            \"action\": \"执行网络流量分析。\",\n            \"suggestion\": \"通过工具追踪 checkoutservice 和 cartservice 之间的网络流量行为，检测是否存在延迟、丢包或带宽问题的影响。\"\n        }\n    ]\n}\n```\n\n### 聚焦方向\n\n接下来的工作将集中于`redis-cart`服务和相关资源的详细分析，以及网络的全面审查，以目标明确地改善系统性能和解决延迟问题。", "metric_analysis_findings": "确认已收到并理解最终裁定结果。支持的假设已经被否定，并且下一个阶段聚焦于 `redis-cart` 服务的性能瓶颈或资源异常作为主要的研究方向。\n\n以下是重点行动总结及下一步步骤：\n\n1. **Redis 服务性能分析**\n   - **目标**: 确定高延迟的操作如 HGET 和 HMSET 是否因资源配置或负载分布（如热点键）问题。\n   - **方法**: 分析 Redis 的操作日志和性能指标数据，识别性能瓶颈。\n\n2. **Redis 容器资源调查**\n   - **目标**: 确保 redis-cart-0 容器的资源使用效率，避免单点资源不足导致的性能问题。\n   - **方法**: 比对相关容器的 CPU、内存、IO 数据，寻找异常用量，高峰期资源疏导策略，必要时进行调整和优化。\n\n3. **节点资源健康监测**\n   - **目标**: 提供对 `aiops-k8s-08` 节点资源的综合判断，确认其对容器服务的资源分配合理。\n   - **方法**: 通过节点级别的资源统计与性能监测，寻找瓶颈与过载风险，预备扩容方案。\n\n4. **网络流量和行为分析**\n   - **目标**: 确认 `checkoutservice` 和 `cartservice` 间网络通信配置完整性，检测延迟或损耗。\n   - **方法**: 使用监控工具追踪网络通信状况，确保网络路径无误配置、流量足够。\n\n---\n\n### 确定的计划和建议：\n\n```json\n{\n  \"stance\": \"AGREE\",\n  \"reasoning\": \"当前证据明确否定 TiDB IO 异常的假设，所有指向都表明 redis-cart 服务应是主攻方向，资源和网络调查尤为关键。\",\n  \"new_hypothesis\": \"Redis-cart 服务性能瓶颈可能是调用延迟异常的根因。\",\n  \"next_steps\": [\n    {\n      \"action\": \"分析 Redis 操作性能。\",\n      \"suggestion\": \"关注高延迟的操作日志与指标，识别热点问题与负载症结，推动性能改进。\"\n    },\n    {\n      \"action\": \"监测 Redis 容器的资源利用。\",\n      \"suggestion\": \"详细记录 redis-cart-0 容器的资源利用数据与健康趋势，优化必要的配置。\"\n    },\n    {\n      \"action\": \"检查节点资源配置与性能。\",\n      \"suggestion\": \"通过 aiops-k8s-08 的详细分析，提出优化提议和扩展建议以支撑服务需求。\"\n    },\n    {\n      \"action\": \"执行网络流量与性能分析。\",\n      \"suggestion\": \"重视 checkoutservice/cartservice 的网络验证，确保服务间通信流畅与稳定。\"\n    }\n  ]\n}\n```\n\n本阶段的主要目的是通过更细致的性能和网络分析，妥善解决 Redis 服务的性能瓶颈问题。", "trace_analysis_findings": "根据最终裁定结果，假设“TiDB 数据库 IO 异常是故障根因”已被明确为不成立。同时，我们确认新的潜在根因是 `redis-cart` 服务的性能瓶颈或资源异常导致 `checkoutservice` 调用链的延迟异常。\n\n以下是后续行动建议和聚焦方向：\n\n### 新假设与调查重点\n\n#### 新假设\n- Redis-cart 服务的资源或性能瓶颈是 `checkoutservice` 调用链延迟的直接根因。\n\n#### 调查重点与建议措施\n1. **Redis 服务性能分析**\n   - 深入分析 Redis 的操作日志和性能指标数据，聚焦 HGET 和 HMSET 的延迟问题。\n   - 检查负载分布以识别热点键，并评估其对性能的影响。\n\n2. **Redis 容器级资源调查**\n   - 详细检查 `redis-cart-0` 容器的 CPU、内存和 IO 资源使用情况，识别可能的高压力点。\n   - 比较与同类服务的资源使用情况，排查单点异常现象。\n\n3. **节点资源状况评估**\n   - 审查 `aiops-k8s-08` 节点的资源健康状况，包括 CPU、内存和存储 IO 能力。\n   - 根据综合分析确定是否需要进行扩容或迁移，解决潜在瓶颈。\n\n4. **网络流量分析**\n   - 监控和分析 `checkoutservice` 与 `cartservice` 的网络流量和延迟情况，检查是否存在丢包或带宽问题。\n   - 遇有配置错误或限流问题，应立即进行网络配置评估和优化。\n\n### 聚焦行动的最终输出\n我们将以完整的调查和分析为基础，定位并解决故障根因，确保系统在性能和稳定性方面恢复至正常且优化状态。下一步，需要强有力的数据支持来改善 Redis 服务及其关联的网络交互，解除其对整体系统性能的影响。", "report_analysis_findings": {"uuid": "3f4b31ee-402", "component": "redis-cart-0", "reason": "pod_cpu_usage spike detected on redis-cart causing delay.", "reasoning_trace": [{"step": 1, "action": "LoadMetrics(redis-cart-0)", "observation": "pod_cpu_usage showed high consumption indicating stress point."}, {"step": 2, "action": "LogSearch(redis-cart-0)", "observation": "No related error logs found, but historical latency noted."}, {"step": 3, "action": "TraceAnalysis(3f4b31ee-402)", "observation": "checkoutservice->cartservice calls slowed, redis-cart suspected."}]}, "report_analysis_completed": true}
2026-01-04 12:10:08,185 - RootCauseAnalysis - INFO - ORCHESTRATOR AGENT - Execution Completed
2026-01-04 12:10:08,186 - RootCauseAnalysis - INFO - [Final State Summary]
2026-01-04 12:10:08,186 - RootCauseAnalysis - INFO -    - current_hypothesis: TiDB 数据库 IO 异常是故障根因。
2026-01-04 12:10:08,186 - RootCauseAnalysis - INFO -    - consensus_decision: DISAGREED
2026-01-04 12:10:08,186 - RootCauseAnalysis - INFO -    - consensus_iteration: 6
2026-01-04 12:10:08,186 - RootCauseAnalysis - INFO - === END SESSION ===
