2026-01-04 01:56:05,993 - RootCauseAnalysis - INFO - === START SESSION: a0761b38-172 (Run #2) ===
2026-01-04 01:56:05,993 - RootCauseAnalysis - INFO - [Processing] a0761b38-172 (Run #2) | Log: logs\a0761b38-172\run2_20260104_015605.log
2026-01-04 01:56:05,993 - RootCauseAnalysis - INFO - ============================================================
2026-01-04 01:56:05,993 - RootCauseAnalysis - INFO - ORCHESTRATOR AGENT - Initializing
2026-01-04 01:56:05,993 - RootCauseAnalysis - INFO - ============================================================
2026-01-04 01:56:05,993 - RootCauseAnalysis - INFO - [State Update] {"query_parsed_completed": false, "raw_metric_result": "（等待写入...）", "metric_data_collected": false, "raw_log_result": "（等待写入...）", "log_data_collected": false, "raw_trace_result": "（等待写入...）", "trace_data_collected": false, "current_iteration": 0, "current_hypothesis": "（等待写入...）", "log_analysis_findings": "（等待数据收集...）", "metric_analysis_findings": "（等待数据收集...）", "trace_analysis_findings": "（等待数据收集...）"}
2026-01-04 01:56:07,074 - RootCauseAnalysis - INFO - [Tool Call] parse_user_input
2026-01-04 01:56:07,074 - RootCauseAnalysis - INFO -     Args: {'input_json': '{"Anomaly Description": "A fault was detected from 2025-06-09T14:11:10Z to 2025-06-09T14:24:10Z. Please analyze its root cause.", "uuid": "a0761b38-172"}'}...
2026-01-04 01:56:07,081 - RootCauseAnalysis - INFO - [Tool Resp] parse_user_input
2026-01-04 01:56:07,081 - RootCauseAnalysis - INFO -     Result: {'uuid': 'a0761b38-172', 'user_query': 'A fault was detected from 2025-06-09T14:11:10Z to 2025-06-09T14:24:10Z. Please analyze its root cause.'}
2026-01-04 01:56:07,081 - RootCauseAnalysis - INFO - [State Update] {"query_parsed_completed": true}
2026-01-04 01:56:08,472 - RootCauseAnalysis - INFO - [Tool Call] data_collection_agent
2026-01-04 01:56:08,472 - RootCauseAnalysis - INFO -     Args: {'request': '正在采集 UUID 为 a0761b38-172 范围内的日志、指标和跟踪数据，以开展故障分析。'}...
2026-01-04 01:56:08,472 - RootCauseAnalysis - INFO - ============================================================
2026-01-04 01:56:08,472 - RootCauseAnalysis - INFO - METRIC ANALYSIS - Starting
2026-01-04 01:56:08,472 - RootCauseAnalysis - INFO - ============================================================
2026-01-04 01:56:08,472 - RootCauseAnalysis - INFO - METRIC AGENT - Initial Scanning
2026-01-04 01:56:08,472 - RootCauseAnalysis - INFO - ============================================================
2026-01-04 01:56:08,472 - RootCauseAnalysis - INFO - LOG ANALYSIS - Starting
2026-01-04 01:56:08,472 - RootCauseAnalysis - INFO - ============================================================
2026-01-04 01:56:08,472 - RootCauseAnalysis - INFO - LOG AGENT - Initial Scanning
2026-01-04 01:56:08,472 - RootCauseAnalysis - INFO - ============================================================
2026-01-04 01:56:08,472 - RootCauseAnalysis - INFO - TRACE ANALYSIS - Starting
2026-01-04 01:56:08,472 - RootCauseAnalysis - INFO - ============================================================
2026-01-04 01:56:08,472 - RootCauseAnalysis - INFO - TRACE AGENT - Initial Scanning
2026-01-04 01:56:23,348 - RootCauseAnalysis - WARNING - TRACE AGENT - Trace data not collected.
2026-01-04 01:56:23,942 - RootCauseAnalysis - WARNING - LOG AGENT - Log data not collected.
2026-01-04 01:56:25,053 - RootCauseAnalysis - INFO - METRIC AGENT - Analysis Completed
2026-01-04 01:56:25,055 - RootCauseAnalysis - INFO - [Tool Resp] data_collection_agent
2026-01-04 01:56:25,055 - RootCauseAnalysis - INFO -     Result: {'result': '根据获取的数据，对异常指标和异常实体进行了全面扫描，以下是分析结果：\n\n```json\n{\n  "stance": "NEUTRAL",\n  "detected_metric_keys": ["rrt_max", "rrt", "pod_cpu_usage"],\n  "hypotheses": [\n    {\n      "component": "frontend-2",\n      "reason": "服务 frontend-2 的性能指标异常，主要表现为 rrt_max 从正常的 163301.0 显著升高到 610812.0，变化率为1.1562。",\n      "evidence": "服务 `frontend-2` 的正常 P99 响应时间为 309656.46，但故障期间上升到 639729.76，性能明显下降。"\n    },\n    {\n      "component": "redis-cart-0",\n      "reason": "Pod redis-cart-0 显示 pod_cpu_usage 无法反...
2026-01-04 01:56:25,055 - RootCauseAnalysis - INFO - [State Update] {"current_task_instruction": "当前处于【初始扫描阶段】。\n请对 Trace 数据进行全面扫描，找出所有显著的异常调用链。\n重点：请在返回 JSON 的 'stance' 字段中标记 'NEUTRAL'，并在 'hypotheses' 中列出你的发现。", "raw_metric_result": {"status": "success", "message": "成功加载metric数据。UUID: a0761b38-172", "anomaly_metrics": "metric_type,service_name,pod_name,node_name,metric_name,normal_median,fault_median,normal_p99,fault_p99,median_change_ratio,p99_change_ratio\r\nservice,frontend,frontend-0,N/A,rrt_max,156594.0,608006.0,260168.85,627649.92,1.1808,0.8278\r\nservice,frontend,frontend-2,N/A,rrt_max,163301.0,610812.0,309656.46,639729.76,1.1562,0.6953\r\nservice,frontend,frontend-0,N/A,rrt,10342.35,33229.91,12329.27,44562.18,1.0506,1.1331\r\nservice,frontend,frontend-2,N/A,rrt,10383.04,34316.26,12915.94,46171.66,1.0709,1.1256\r\nservice,frontend,frontend-1,N/A,rrt_max,172015.0,609322.0,261255.3,619157.48,1.1194,0.813\r\nservice,frontend,frontend-1,N/A,rrt,10703.02,34280.88,12838.09,43966.45,1.0483,1.096\r\npod,N/A,redis-cart-0,N/A,pod_cpu_usage,0.0,0.0,0.05,0.1,0.0,0.6739\r\npod,N/A,redis-cart-0,N/A,pod_processes,1.0,1.0,2.0,1.0,0.0,0.6667\r\nservice,shippingservice,shippingservice-2,N/A,rrt_max,1419.0,1233.0,5052.42,2627.88,0.1403,0.6314\r\nservice,productcatalogservice,productcatalogservice-1,N/A,rrt_max,11712.5,7139.0,33858.0,19119.7,0.4852,0.5564\r\nservice,paymentservice,paymentservice-0,N/A,rrt_max,1855.0,1718.0,5032.52,2953.32,0.0767,0.5207\r\nservice,paymentservice,paymentservice-1,N/A,rrt_max,1658.5,1995.0,4587.61,2784.6,0.1842,0.4891\r\nservice,adservice,adservice-0,N/A,client_error_ratio,0.0,0.0,1.55,2.46,0.0,0.4545\r\nservice,adservice,adservice-0,N/A,error_ratio,0.0,0.0,1.55,2.46,0.0,0.4545\r\nservice,emailservice,emailservice-1,N/A,rrt_max,3167.0,2024.0,4820.0,5863.1,0.4404,0.1953\r\nservice,productcatalogservice,productcatalogservice-1,N/A,rrt,6012.86,3999.4,13518.39,8652.53,0.4022,0.4389\r\nservice,redis,redis-cart-0,N/A,rrt_max,2778.0,4096.0,48254.22,53226.0,0.3835,0.098\r\nservice,cartservice,cartservice-2,N/A,rrt_max,3352.0,4076.0,10348.22,14830.2,0.1949,0.356\r\ntidb,tidb-tikv,N/A,N/A,cpu_usage,0.09,0.09,0.16,0.11,0.0,0.3539\r\nservice,cartservice,cartservice-1,N/A,rrt_max,3893.5,3475.0,13845.4,9825.52,0.1136,0.3396\r\nservice,emailservice,emailservice-1,N/A,rrt,1707.0,1402.0,2269.06,3099.97,0.1962,0.3095\r\nservice,emailservice,emailservice-2,N/A,rrt_max,3285.0,3714.0,8798.56,6451.8,0.1226,0.3078\r\nservice,shippingservice,shippingservice-1,N/A,rrt_max,4295.0,3157.0,11096.96,8946.04,0.3054,0.2146\r\nservice,emailservice,emailservice-0,N/A,rrt_max,2933.0,2635.0,8303.4,6156.16,0.107,0.297\r\nnode,N/A,N/A,aiops-k8s-08,node_cpu_usage_rate,44.32,40.02,63.2,47.38,0.1021,0.2862\r\nservice,paymentservice,paymentservice-1,N/A,rrt,1457.75,1768.5,2645.46,1999.7,0.1926,0.278\r\nnode,N/A,N/A,aiops-k8s-05,node_cpu_usage_rate,30.37,23.13,39.23,34.66,0.2707,0.1238\r\nservice,emailservice,emailservice-2,N/A,rrt,1408.79,1841.5,2397.01,2614.1,0.2663,0.0866\r\nservice,paymentservice,paymentservice-0,N/A,rrt,1509.0,1576.5,2905.5,2238.13,0.0438,0.2595\r\nservice,paymentservice,paymentservice-2,N/A,rrt_max,1657.5,1505.0,2812.63,2211.12,0.0964,0.2395\r\n", "unique_entities": {"service_name": ["adservice", "cartservice", "checkoutservice", "currencyservice", "emailservice", "frontend", "paymentservice", "productcatalogservice", "recommendationservice", "redis", "shippingservice", "tidb-pd", "tidb-tidb", "tidb-tikv"], "node_name": ["aiops-k8s-01", "aiops-k8s-02", "aiops-k8s-03", "aiops-k8s-04", "aiops-k8s-05", "aiops-k8s-06", "aiops-k8s-07", "aiops-k8s-08"], "pod_name": ["adservice-0", "adservice-1", "adservice-2", "cartservice-0", "cartservice-1", "cartservice-2", "checkoutservice-0", "checkoutservice-1", "checkoutservice-2", "currencyservice-0", "currencyservice-1", "currencyservice-2", "emailservice-0", "emailservice-1", "emailservice-2", "frontend-0", "frontend-1", "frontend-2", "paymentservice-0", "paymentservice-1", "paymentservice-2", "productcatalogservice-0", "productcatalogservice-1", "productcatalogservice-2", "recommendationservice-0", "recommendationservice-1", "recommendationservice-2", "redis-cart-0", "shippingservice-0", "shippingservice-1", "shippingservice-2"]}, "node_pod_mapping": {"aiops-k8s-01": ["checkoutservice-1", "emailservice-1", "shippingservice-0", "recommendationservice-2", "productcatalogservice-1"], "aiops-k8s-02": [], "aiops-k8s-03": ["shippingservice-2", "recommendationservice-1", "cartservice-0", "productcatalogservice-2", "frontend-0", "paymentservice-1", "adservice-0"], "aiops-k8s-04": ["frontend-2", "currencyservice-1", "checkoutservice-0"], "aiops-k8s-05": ["paymentservice-2", "currencyservice-0", "cartservice-1"], "aiops-k8s-06": ["checkoutservice-2", "emailservice-2", "productcatalogservice-0"], "aiops-k8s-07": ["currencyservice-2", "adservice-1", "emailservice-0", "frontend-1"], "aiops-k8s-08": ["redis-cart-0", "adservice-2", "paymentservice-0", "recommendationservice-0", "shippingservice-1", "cartservice-2", "productcatalogservice-2"]}, "matched_anomaly": "A fault was detected from 2025-06-09T14:11:10Z to 2025-06-09T14:24:10Z. Please analyze its root cause.", "time_range": "2025-06-09 14:11:10+00:00 to 2025-06-09 14:24:10+00:00"}, "metric_data_collected": true, "node_pod_mapping": {"aiops-k8s-01": ["checkoutservice-1", "emailservice-1", "shippingservice-0", "recommendationservice-2", "productcatalogservice-1"], "aiops-k8s-02": [], "aiops-k8s-03": ["shippingservice-2", "recommendationservice-1", "cartservice-0", "productcatalogservice-2", "frontend-0", "paymentservice-1", "adservice-0"], "aiops-k8s-04": ["frontend-2", "currencyservice-1", "checkoutservice-0"], "aiops-k8s-05": ["paymentservice-2", "currencyservice-0", "cartservice-1"], "aiops-k8s-06": ["checkoutservice-2", "emailservice-2", "productcatalogservice-0"], "aiops-k8s-07": ["currencyservice-2", "adservice-1", "emailservice-0", "frontend-1"], "aiops-k8s-08": ["redis-cart-0", "adservice-2", "paymentservice-0", "recommendationservice-0", "shippingservice-1", "cartservice-2", "productcatalogservice-2"]}, "trace_analysis_findings": "我无法获取 UUID 为 `a0761b38-172` 的 Trace 数据（加载失败）。这个问题可能是数据存储端发生了错误，或是数据仍在收集中。\n\n建议重新检查数据来源或者稍后重试。若仍有问题，请确认数据管道是否正常工作，或者提供其他相关数据（如日志或指标）以便继续分析。", "log_analysis_findings": "日志数据加载失败，与 UUID 为 a0761b38-172 的范围相关的日志未能成功提取。您可以检查数据源或者尝试重新获取。以下是相关信息：\n\n- 错误消息：加载日志数据失败 (返回 None)\n- 匹配异常描述：A fault was detected from 2025-06-09T14:11:10Z to 2025-06-09T14:24:10Z. Please analyze its root cause.\n\n如果您需要进一步协助，请提供更多信息或尝试再次获取日志。", "metric_analysis_findings": "根据获取的数据，对异常指标和异常实体进行了全面扫描，以下是分析结果：\n\n```json\n{\n  \"stance\": \"NEUTRAL\",\n  \"detected_metric_keys\": [\"rrt_max\", \"rrt\", \"pod_cpu_usage\"],\n  \"hypotheses\": [\n    {\n      \"component\": \"frontend-2\",\n      \"reason\": \"服务 frontend-2 的性能指标异常，主要表现为 rrt_max 从正常的 163301.0 显著升高到 610812.0，变化率为1.1562。\",\n      \"evidence\": \"服务 `frontend-2` 的正常 P99 响应时间为 309656.46，但故障期间上升到 639729.76，性能明显下降。\"\n    },\n    {\n      \"component\": \"redis-cart-0\",\n      \"reason\": \"Pod redis-cart-0 显示 pod_cpu_usage 无法反映消耗情况，但 P99 值从0.05增加到0.1，同时 pod_processes 在故障期间的 P99 值下降，此可能有协调资源的问题。\",\n      \"evidence\": \"`redis\"+\"APP_NAME+\" retriming routine...\"\n    🔍"}
2026-01-04 01:56:26,514 - RootCauseAnalysis - INFO - [Tool Call] consensus_discussion_agent
2026-01-04 01:56:26,514 - RootCauseAnalysis - INFO -     Args: {'request': '启动讨论，以分析 UUID: a0761b38-172 的故障根因。'}...
2026-01-04 01:56:26,514 - RootCauseAnalysis - INFO - ============================================================
2026-01-04 01:56:26,514 - RootCauseAnalysis - INFO - CONSENSUS ANALYSIS - Round 0
2026-01-04 01:56:26,514 - RootCauseAnalysis - INFO - Current Hypothesis: （等待写入...）
2026-01-04 01:56:26,514 - RootCauseAnalysis - INFO - ============================================================
2026-01-04 01:56:27,893 - RootCauseAnalysis - ERROR - CONSENSUS AGENT - Failed to parse output: Expecting value: line 1 column 1 (char 0)
2026-01-04 01:56:27,900 - RootCauseAnalysis - ERROR - Raw Output: 在启动讨论之前，请您确保以下信息无误并已准备好：

- **当前假设**: 当前假设尚未提出。
- **当前轮次**: 0
- **专家证词**: 已提供

请确认后，我将根据提供的信息开始分析并提出初始假设。
2026-01-04 01:56:27,900 - RootCauseAnalysis - INFO - ============================================================
2026-01-04 01:56:27,900 - RootCauseAnalysis - INFO - METRIC ANALYSIS - Starting
2026-01-04 01:56:27,900 - RootCauseAnalysis - INFO - ============================================================
2026-01-04 01:56:27,900 - RootCauseAnalysis - INFO - METRIC AGENT - Verifying Hypothesis: （等待写入...）...
2026-01-04 01:56:27,900 - RootCauseAnalysis - INFO - ============================================================
2026-01-04 01:56:27,900 - RootCauseAnalysis - INFO - LOG ANALYSIS - Starting
2026-01-04 01:56:27,900 - RootCauseAnalysis - INFO - ============================================================
2026-01-04 01:56:27,900 - RootCauseAnalysis - INFO - LOG AGENT - Initial Scanning
2026-01-04 01:56:27,900 - RootCauseAnalysis - INFO - ============================================================
2026-01-04 01:56:27,900 - RootCauseAnalysis - INFO - TRACE ANALYSIS - Starting
2026-01-04 01:56:27,900 - RootCauseAnalysis - INFO - ============================================================
2026-01-04 01:56:27,900 - RootCauseAnalysis - INFO - TRACE AGENT - Initial Scanning
2026-01-04 01:56:42,014 - RootCauseAnalysis - WARNING - LOG AGENT - Log data not collected.
2026-01-04 01:56:42,358 - RootCauseAnalysis - WARNING - TRACE AGENT - Trace data not collected.
2026-01-04 01:56:48,095 - RootCauseAnalysis - INFO - METRIC AGENT - Analysis Completed
2026-01-04 01:56:48,095 - RootCauseAnalysis - INFO - ============================================================
2026-01-04 01:56:48,095 - RootCauseAnalysis - INFO - CONSENSUS ANALYSIS - Round 1
2026-01-04 01:56:48,095 - RootCauseAnalysis - INFO - Current Hypothesis: （等待写入...）
2026-01-04 01:56:48,095 - RootCauseAnalysis - INFO - ============================================================
2026-01-04 01:56:51,878 - RootCauseAnalysis - INFO - CONSENSUS AGENT OUTPUT PARSED:
2026-01-04 01:56:51,878 - RootCauseAnalysis - INFO -   - Status: NEUTRAL
2026-01-04 01:56:51,878 - RootCauseAnalysis - INFO -   - New Hypothesis: aiops-k8s-08 is the root cause due to node contention affecting frontend and redis-cart-0.
2026-01-04 01:56:51,878 - RootCauseAnalysis - INFO -   - Reasoning: Metric analysis shows rrt_max significantly increased for frontend-0 and frontend-2, along with increased pod_cpu_usage for redis-cart-0, suggesting underlying node contention issues.
2026-01-04 01:56:51,878 - RootCauseAnalysis - WARNING - Unknown status 'NEUTRAL'. Continuing loop...
2026-01-04 01:56:51,878 - RootCauseAnalysis - INFO - ============================================================
2026-01-04 01:56:51,878 - RootCauseAnalysis - INFO - METRIC ANALYSIS - Starting
2026-01-04 01:56:51,878 - RootCauseAnalysis - INFO - ============================================================
2026-01-04 01:56:51,878 - RootCauseAnalysis - INFO - METRIC AGENT - Verifying Hypothesis: aiops-k8s-08 is the root cause...
2026-01-04 01:56:51,878 - RootCauseAnalysis - INFO - ============================================================
2026-01-04 01:56:51,878 - RootCauseAnalysis - INFO - LOG ANALYSIS - Starting
2026-01-04 01:56:51,878 - RootCauseAnalysis - INFO - ============================================================
2026-01-04 01:56:51,878 - RootCauseAnalysis - INFO - LOG AGENT - Initial Scanning
2026-01-04 01:56:51,878 - RootCauseAnalysis - INFO - ============================================================
2026-01-04 01:56:51,878 - RootCauseAnalysis - INFO - TRACE ANALYSIS - Starting
2026-01-04 01:56:51,878 - RootCauseAnalysis - INFO - ============================================================
2026-01-04 01:56:51,878 - RootCauseAnalysis - INFO - TRACE AGENT - Initial Scanning
2026-01-04 01:56:55,161 - RootCauseAnalysis - INFO - METRIC AGENT - Analysis Completed
2026-01-04 01:56:55,612 - RootCauseAnalysis - WARNING - LOG AGENT - Log data not collected.
2026-01-04 01:56:56,190 - RootCauseAnalysis - WARNING - TRACE AGENT - Trace data not collected.
2026-01-04 01:56:56,190 - RootCauseAnalysis - INFO - ============================================================
2026-01-04 01:56:56,190 - RootCauseAnalysis - INFO - CONSENSUS ANALYSIS - Round 2
2026-01-04 01:56:56,190 - RootCauseAnalysis - INFO - Current Hypothesis: aiops-k8s-08 is the root cause due to node contention affecting frontend and redis-cart-0.
2026-01-04 01:56:56,190 - RootCauseAnalysis - INFO - ============================================================
2026-01-04 01:57:04,096 - RootCauseAnalysis - INFO - CONSENSUS AGENT OUTPUT PARSED:
2026-01-04 01:57:04,096 - RootCauseAnalysis - INFO -   - Status: DISAGREED
2026-01-04 01:57:04,096 - RootCauseAnalysis - INFO -   - New Hypothesis: aiops-k8s-08 is the root cause due to node contention affecting frontend and redis-cart-0.
2026-01-04 01:57:04,096 - RootCauseAnalysis - INFO -   - Reasoning: The current hypothesis is based on significant performance degradation observed in the metrics data for frontend-0 and redis-cart-0, both running on aiops-k8s-08. While the evidence suggests possible resource contention on the node, it is insufficient to confirm the hypothesis due to the lack of supporting log and trace analysis. Further investigations into aiops-k8s-08's resource usage and a deeper analysis of related services are necessary for validation.
2026-01-04 01:57:04,096 - RootCauseAnalysis - INFO - >>> CONSENSUS NOT REACHED. Updating hypothesis and continuing loop. <<<
2026-01-04 01:57:04,096 - RootCauseAnalysis - INFO - ============================================================
2026-01-04 01:57:04,096 - RootCauseAnalysis - INFO - METRIC ANALYSIS - Starting
2026-01-04 01:57:04,096 - RootCauseAnalysis - INFO - ============================================================
2026-01-04 01:57:04,096 - RootCauseAnalysis - INFO - METRIC AGENT - Verifying Hypothesis: aiops-k8s-08 is the root cause...
2026-01-04 01:57:04,096 - RootCauseAnalysis - INFO - ============================================================
2026-01-04 01:57:04,096 - RootCauseAnalysis - INFO - LOG ANALYSIS - Starting
2026-01-04 01:57:04,096 - RootCauseAnalysis - INFO - ============================================================
2026-01-04 01:57:04,096 - RootCauseAnalysis - INFO - LOG AGENT - Initial Scanning
2026-01-04 01:57:04,096 - RootCauseAnalysis - INFO - ============================================================
2026-01-04 01:57:04,096 - RootCauseAnalysis - INFO - TRACE ANALYSIS - Starting
2026-01-04 01:57:04,096 - RootCauseAnalysis - INFO - ============================================================
2026-01-04 01:57:04,096 - RootCauseAnalysis - INFO - TRACE AGENT - Initial Scanning
2026-01-04 01:57:07,802 - RootCauseAnalysis - WARNING - TRACE AGENT - Trace data not collected.
2026-01-04 01:57:08,968 - RootCauseAnalysis - WARNING - LOG AGENT - Log data not collected.
2026-01-04 01:57:09,211 - RootCauseAnalysis - INFO - METRIC AGENT - Analysis Completed
2026-01-04 01:57:09,213 - RootCauseAnalysis - INFO - ============================================================
2026-01-04 01:57:09,213 - RootCauseAnalysis - INFO - CONSENSUS ANALYSIS - Round 3
2026-01-04 01:57:09,213 - RootCauseAnalysis - INFO - Current Hypothesis: aiops-k8s-08 is the root cause due to node contention affecting frontend and redis-cart-0.
2026-01-04 01:57:09,213 - RootCauseAnalysis - INFO - ============================================================
2026-01-04 01:57:16,774 - RootCauseAnalysis - INFO - CONSENSUS AGENT OUTPUT PARSED:
2026-01-04 01:57:16,774 - RootCauseAnalysis - INFO -   - Status: DISAGREED
2026-01-04 01:57:16,774 - RootCauseAnalysis - INFO -   - New Hypothesis: aiops-k8s-08 is the suspected root cause due to node contention affecting frontend and redis-cart-0, pending verification.
2026-01-04 01:57:16,774 - RootCauseAnalysis - INFO -   - Reasoning: Without concrete log and trace data, the hypothesis relies heavily on metric analysis which shows performance degradation on aiops-k8s-08. Further resource and service behavior analysis is essential to confirm or refute this hypothesis.
2026-01-04 01:57:16,774 - RootCauseAnalysis - INFO - >>> CONSENSUS NOT REACHED. Updating hypothesis and continuing loop. <<<
2026-01-04 01:57:16,774 - RootCauseAnalysis - INFO - ============================================================
2026-01-04 01:57:16,774 - RootCauseAnalysis - INFO - METRIC ANALYSIS - Starting
2026-01-04 01:57:16,774 - RootCauseAnalysis - INFO - ============================================================
2026-01-04 01:57:16,774 - RootCauseAnalysis - INFO - METRIC AGENT - Verifying Hypothesis: aiops-k8s-08 is the suspected ...
2026-01-04 01:57:16,774 - RootCauseAnalysis - INFO - ============================================================
2026-01-04 01:57:16,774 - RootCauseAnalysis - INFO - LOG ANALYSIS - Starting
2026-01-04 01:57:16,774 - RootCauseAnalysis - INFO - ============================================================
2026-01-04 01:57:16,774 - RootCauseAnalysis - INFO - LOG AGENT - Initial Scanning
2026-01-04 01:57:16,774 - RootCauseAnalysis - INFO - ============================================================
2026-01-04 01:57:16,774 - RootCauseAnalysis - INFO - TRACE ANALYSIS - Starting
2026-01-04 01:57:16,774 - RootCauseAnalysis - INFO - ============================================================
2026-01-04 01:57:16,774 - RootCauseAnalysis - INFO - TRACE AGENT - Initial Scanning
2026-01-04 01:57:21,960 - RootCauseAnalysis - WARNING - TRACE AGENT - Trace data not collected.
2026-01-04 01:57:25,001 - RootCauseAnalysis - INFO - METRIC AGENT - Analysis Completed
2026-01-04 01:57:27,591 - RootCauseAnalysis - WARNING - LOG AGENT - Log data not collected.
2026-01-04 01:57:27,591 - RootCauseAnalysis - INFO - ============================================================
2026-01-04 01:57:27,591 - RootCauseAnalysis - INFO - CONSENSUS ANALYSIS - Round 4
2026-01-04 01:57:27,591 - RootCauseAnalysis - INFO - Current Hypothesis: aiops-k8s-08 is the suspected root cause due to node contention affecting frontend and redis-cart-0, pending verification.
2026-01-04 01:57:27,591 - RootCauseAnalysis - INFO - ============================================================
2026-01-04 01:57:36,277 - RootCauseAnalysis - INFO - CONSENSUS AGENT OUTPUT PARSED:
2026-01-04 01:57:36,277 - RootCauseAnalysis - INFO -   - Status: DISAGREED
2026-01-04 01:57:36,277 - RootCauseAnalysis - INFO -   - New Hypothesis: aiops-k8s-08 is the suspected root cause due to node contention affecting frontend and redis-cart-0, pending verification.
2026-01-04 01:57:36,277 - RootCauseAnalysis - INFO -   - Reasoning: The metric evidence strongly suggests resource contention on aiops-k8s-08 correlates with performance degradation of frontend and redis-cart-0. However, the absence of log and trace data prevents a full causal chain from being established. Further analysis of node resource utilization and service dependencies is required to move forward.
2026-01-04 01:57:36,277 - RootCauseAnalysis - INFO - >>> CONSENSUS NOT REACHED. Updating hypothesis and continuing loop. <<<
2026-01-04 01:57:36,277 - RootCauseAnalysis - INFO - ============================================================
2026-01-04 01:57:36,277 - RootCauseAnalysis - INFO - METRIC ANALYSIS - Starting
2026-01-04 01:57:36,277 - RootCauseAnalysis - INFO - ============================================================
2026-01-04 01:57:36,277 - RootCauseAnalysis - INFO - METRIC AGENT - Verifying Hypothesis: aiops-k8s-08 is the suspected ...
2026-01-04 01:57:36,277 - RootCauseAnalysis - INFO - ============================================================
2026-01-04 01:57:36,277 - RootCauseAnalysis - INFO - LOG ANALYSIS - Starting
2026-01-04 01:57:36,277 - RootCauseAnalysis - INFO - ============================================================
2026-01-04 01:57:36,281 - RootCauseAnalysis - INFO - LOG AGENT - Initial Scanning
2026-01-04 01:57:36,281 - RootCauseAnalysis - INFO - ============================================================
2026-01-04 01:57:36,281 - RootCauseAnalysis - INFO - TRACE ANALYSIS - Starting
2026-01-04 01:57:36,281 - RootCauseAnalysis - INFO - ============================================================
2026-01-04 01:57:36,281 - RootCauseAnalysis - INFO - TRACE AGENT - Initial Scanning
2026-01-04 01:57:39,740 - RootCauseAnalysis - WARNING - TRACE AGENT - Trace data not collected.
2026-01-04 01:57:45,031 - RootCauseAnalysis - WARNING - LOG AGENT - Log data not collected.
2026-01-04 01:57:45,654 - RootCauseAnalysis - INFO - METRIC AGENT - Analysis Completed
2026-01-04 01:57:45,654 - RootCauseAnalysis - INFO - ============================================================
2026-01-04 01:57:45,654 - RootCauseAnalysis - INFO - CONSENSUS ANALYSIS - Round 5
2026-01-04 01:57:45,654 - RootCauseAnalysis - INFO - Current Hypothesis: aiops-k8s-08 is the suspected root cause due to node contention affecting frontend and redis-cart-0, pending verification.
2026-01-04 01:57:45,654 - RootCauseAnalysis - INFO - ============================================================
2026-01-04 01:57:52,781 - RootCauseAnalysis - INFO - CONSENSUS AGENT OUTPUT PARSED:
2026-01-04 01:57:52,781 - RootCauseAnalysis - INFO -   - Status: DISAGREED
2026-01-04 01:57:52,781 - RootCauseAnalysis - INFO -   - New Hypothesis: aiops-k8s-08 is the suspected root cause due to node contention affecting frontend and redis-cart-0, pending further data collection and validation.
2026-01-04 01:57:52,781 - RootCauseAnalysis - INFO -   - Reasoning: The metric evidence strongly suggests resource contention issues on aiops-k8s-08 have affected performance for frontend and redis-cart-0. However, due to missing log and trace data, the causal chain lacks completeness. Further resource utilization checks and extended scope analysis are required before final confirmation.
2026-01-04 01:57:52,781 - RootCauseAnalysis - INFO - >>> CONSENSUS NOT REACHED. Updating hypothesis and continuing loop. <<<
2026-01-04 01:57:52,781 - RootCauseAnalysis - INFO - ============================================================
2026-01-04 01:57:52,781 - RootCauseAnalysis - INFO - METRIC ANALYSIS - Starting
2026-01-04 01:57:52,781 - RootCauseAnalysis - INFO - ============================================================
2026-01-04 01:57:52,781 - RootCauseAnalysis - INFO - METRIC AGENT - Verifying Hypothesis: aiops-k8s-08 is the suspected ...
2026-01-04 01:57:52,781 - RootCauseAnalysis - INFO - ============================================================
2026-01-04 01:57:52,781 - RootCauseAnalysis - INFO - LOG ANALYSIS - Starting
2026-01-04 01:57:52,781 - RootCauseAnalysis - INFO - ============================================================
2026-01-04 01:57:52,781 - RootCauseAnalysis - INFO - LOG AGENT - Initial Scanning
2026-01-04 01:57:52,781 - RootCauseAnalysis - INFO - ============================================================
2026-01-04 01:57:52,781 - RootCauseAnalysis - INFO - TRACE ANALYSIS - Starting
2026-01-04 01:57:52,781 - RootCauseAnalysis - INFO - ============================================================
2026-01-04 01:57:52,781 - RootCauseAnalysis - INFO - TRACE AGENT - Initial Scanning
2026-01-04 01:57:57,761 - RootCauseAnalysis - WARNING - TRACE AGENT - Trace data not collected.
2026-01-04 01:57:58,095 - RootCauseAnalysis - INFO - METRIC AGENT - Analysis Completed
2026-01-04 01:57:59,808 - RootCauseAnalysis - WARNING - LOG AGENT - Log data not collected.
2026-01-04 01:57:59,808 - RootCauseAnalysis - INFO - [Tool Resp] consensus_discussion_agent
2026-01-04 01:57:59,808 - RootCauseAnalysis - INFO -     Result: {'result': '在当前阶段的假设验证中，由于尚未得到足够的数据支持，我们需要在多个不同领域继续收集信息以增强我们的分析。以下是对现有裁定的进一步行动说明：\n\n---\n\n### 当前假设与支持:\n- **假设**: `aiops-k8s-08` 资源争用疑为 `frontend` 和 `redis-cart-0` 故障的主要根因。\n- **支持证据**: 来自 `Metric` 数据明确指出了该节点上的性能异常。\n\n### 明确问题:\n- **数据的缺失**:\n  - 日志和 Trace 数据仍未加载，导致无法从调用链层面明确验证服务之间的异常互动。\n  - 节点资源争用的具体细节仍未完全揭示。\n\n### 行动计划总结:\n#### **短期**:\n1. **数据加载再试**:\n   - 重点尝试获取故障期间的 `frontend` 和 `redis-cart-0` 日志，识别具体 error 模式。\n   - Trace 数据尝试从其他时间段扩大范围来捕获潜在的调用链问题。\n\n2. **细化资源分析**:\n   - 确定 `aiops-k8...
2026-01-04 01:57:59,808 - RootCauseAnalysis - INFO - [State Update] {"consensus_iteration": 6, "consensus_decision": "DISAGREED", "current_task_instruction": "当前处于【初始扫描阶段】。\n请对 Trace 数据进行全面扫描，找出所有显著的异常调用链。\n重点：请在返回 JSON 的 'stance' 字段中标记 'NEUTRAL'，并在 'hypotheses' 中列出你的发现。", "raw_metric_result": {"status": "success", "message": "成功加载metric数据。UUID: a0761b38-172", "anomaly_metrics": "metric_type,service_name,pod_name,node_name,metric_name,normal_median,fault_median,normal_p99,fault_p99,median_change_ratio,p99_change_ratio\r\nservice,frontend,frontend-0,N/A,rrt_max,156594.0,608006.0,260168.85,627649.92,1.1808,0.8278\r\nservice,frontend,frontend-2,N/A,rrt_max,163301.0,610812.0,309656.46,639729.76,1.1562,0.6953\r\nservice,frontend,frontend-0,N/A,rrt,10342.35,33229.91,12329.27,44562.18,1.0506,1.1331\r\nservice,frontend,frontend-2,N/A,rrt,10383.04,34316.26,12915.94,46171.66,1.0709,1.1256\r\nservice,frontend,frontend-1,N/A,rrt_max,172015.0,609322.0,261255.3,619157.48,1.1194,0.813\r\nservice,frontend,frontend-1,N/A,rrt,10703.02,34280.88,12838.09,43966.45,1.0483,1.096\r\npod,N/A,redis-cart-0,N/A,pod_cpu_usage,0.0,0.0,0.05,0.1,0.0,0.6739\r\npod,N/A,redis-cart-0,N/A,pod_processes,1.0,1.0,2.0,1.0,0.0,0.6667\r\nservice,shippingservice,shippingservice-2,N/A,rrt_max,1419.0,1233.0,5052.42,2627.88,0.1403,0.6314\r\nservice,productcatalogservice,productcatalogservice-1,N/A,rrt_max,11712.5,7139.0,33858.0,19119.7,0.4852,0.5564\r\nservice,paymentservice,paymentservice-0,N/A,rrt_max,1855.0,1718.0,5032.52,2953.32,0.0767,0.5207\r\nservice,paymentservice,paymentservice-1,N/A,rrt_max,1658.5,1995.0,4587.61,2784.6,0.1842,0.4891\r\nservice,adservice,adservice-0,N/A,client_error_ratio,0.0,0.0,1.55,2.46,0.0,0.4545\r\nservice,adservice,adservice-0,N/A,error_ratio,0.0,0.0,1.55,2.46,0.0,0.4545\r\nservice,emailservice,emailservice-1,N/A,rrt_max,3167.0,2024.0,4820.0,5863.1,0.4404,0.1953\r\nservice,productcatalogservice,productcatalogservice-1,N/A,rrt,6012.86,3999.4,13518.39,8652.53,0.4022,0.4389\r\nservice,redis,redis-cart-0,N/A,rrt_max,2778.0,4096.0,48254.22,53226.0,0.3835,0.098\r\nservice,cartservice,cartservice-2,N/A,rrt_max,3352.0,4076.0,10348.22,14830.2,0.1949,0.356\r\ntidb,tidb-tikv,N/A,N/A,cpu_usage,0.09,0.09,0.16,0.11,0.0,0.3539\r\nservice,cartservice,cartservice-1,N/A,rrt_max,3893.5,3475.0,13845.4,9825.52,0.1136,0.3396\r\nservice,emailservice,emailservice-1,N/A,rrt,1707.0,1402.0,2269.06,3099.97,0.1962,0.3095\r\nservice,emailservice,emailservice-2,N/A,rrt_max,3285.0,3714.0,8798.56,6451.8,0.1226,0.3078\r\nservice,shippingservice,shippingservice-1,N/A,rrt_max,4295.0,3157.0,11096.96,8946.04,0.3054,0.2146\r\nservice,emailservice,emailservice-0,N/A,rrt_max,2933.0,2635.0,8303.4,6156.16,0.107,0.297\r\nnode,N/A,N/A,aiops-k8s-08,node_cpu_usage_rate,44.32,40.02,63.2,47.38,0.1021,0.2862\r\nservice,paymentservice,paymentservice-1,N/A,rrt,1457.75,1768.5,2645.46,1999.7,0.1926,0.278\r\nnode,N/A,N/A,aiops-k8s-05,node_cpu_usage_rate,30.37,23.13,39.23,34.66,0.2707,0.1238\r\nservice,emailservice,emailservice-2,N/A,rrt,1408.79,1841.5,2397.01,2614.1,0.2663,0.0866\r\nservice,paymentservice,paymentservice-0,N/A,rrt,1509.0,1576.5,2905.5,2238.13,0.0438,0.2595\r\nservice,paymentservice,paymentservice-2,N/A,rrt_max,1657.5,1505.0,2812.63,2211.12,0.0964,0.2395\r\n", "unique_entities": {"service_name": ["adservice", "cartservice", "checkoutservice", "currencyservice", "emailservice", "frontend", "paymentservice", "productcatalogservice", "recommendationservice", "redis", "shippingservice", "tidb-pd", "tidb-tidb", "tidb-tikv"], "node_name": ["aiops-k8s-01", "aiops-k8s-02", "aiops-k8s-03", "aiops-k8s-04", "aiops-k8s-05", "aiops-k8s-06", "aiops-k8s-07", "aiops-k8s-08"], "pod_name": ["adservice-0", "adservice-1", "adservice-2", "cartservice-0", "cartservice-1", "cartservice-2", "checkoutservice-0", "checkoutservice-1", "checkoutservice-2", "currencyservice-0", "currencyservice-1", "currencyservice-2", "emailservice-0", "emailservice-1", "emailservice-2", "frontend-0", "frontend-1", "frontend-2", "paymentservice-0", "paymentservice-1", "paymentservice-2", "productcatalogservice-0", "productcatalogservice-1", "productcatalogservice-2", "recommendationservice-0", "recommendationservice-1", "recommendationservice-2", "redis-cart-0", "shippingservice-0", "shippingservice-1", "shippingservice-2"]}, "node_pod_mapping": {"aiops-k8s-01": ["checkoutservice-1", "emailservice-1", "shippingservice-0", "recommendationservice-2", "productcatalogservice-1"], "aiops-k8s-02": [], "aiops-k8s-03": ["shippingservice-2", "recommendationservice-1", "cartservice-0", "productcatalogservice-2", "frontend-0", "paymentservice-1", "adservice-0"], "aiops-k8s-04": ["frontend-2", "currencyservice-1", "checkoutservice-0"], "aiops-k8s-05": ["paymentservice-2", "currencyservice-0", "cartservice-1"], "aiops-k8s-06": ["checkoutservice-2", "emailservice-2", "productcatalogservice-0"], "aiops-k8s-07": ["currencyservice-2", "adservice-1", "emailservice-0", "frontend-1"], "aiops-k8s-08": ["redis-cart-0", "adservice-2", "paymentservice-0", "recommendationservice-0", "shippingservice-1", "cartservice-2", "productcatalogservice-2"]}, "matched_anomaly": "A fault was detected from 2025-06-09T14:11:10Z to 2025-06-09T14:24:10Z. Please analyze its root cause.", "time_range": "2025-06-09 14:11:10+00:00 to 2025-06-09 14:24:10+00:00"}, "metric_data_collected": true, "node_pod_mapping": {"aiops-k8s-01": ["checkoutservice-1", "emailservice-1", "shippingservice-0", "recommendationservice-2", "productcatalogservice-1"], "aiops-k8s-02": [], "aiops-k8s-03": ["shippingservice-2", "recommendationservice-1", "cartservice-0", "productcatalogservice-2", "frontend-0", "paymentservice-1", "adservice-0"], "aiops-k8s-04": ["frontend-2", "currencyservice-1", "checkoutservice-0"], "aiops-k8s-05": ["paymentservice-2", "currencyservice-0", "cartservice-1"], "aiops-k8s-06": ["checkoutservice-2", "emailservice-2", "productcatalogservice-0"], "aiops-k8s-07": ["currencyservice-2", "adservice-1", "emailservice-0", "frontend-1"], "aiops-k8s-08": ["redis-cart-0", "adservice-2", "paymentservice-0", "recommendationservice-0", "shippingservice-1", "cartservice-2", "productcatalogservice-2"]}, "log_analysis_findings": "在当前阶段的假设验证中，由于尚未得到足够的数据支持，我们需要在多个不同领域继续收集信息以增强我们的分析。以下是对现有裁定的进一步行动说明：\n\n---\n\n### 当前假设与支持:\n- **假设**: `aiops-k8s-08` 资源争用疑为 `frontend` 和 `redis-cart-0` 故障的主要根因。\n- **支持证据**: 来自 `Metric` 数据明确指出了该节点上的性能异常。\n\n### 明确问题:\n- **数据的缺失**:\n  - 日志和 Trace 数据仍未加载，导致无法从调用链层面明确验证服务之间的异常互动。\n  - 节点资源争用的具体细节仍未完全揭示。\n\n### 行动计划总结:\n#### **短期**:\n1. **数据加载再试**:\n   - 重点尝试获取故障期间的 `frontend` 和 `redis-cart-0` 日志，识别具体 error 模式。\n   - Trace 数据尝试从其他时间段扩大范围来捕获潜在的调用链问题。\n\n2. **细化资源分析**:\n   - 确定 `aiops-k8s-08` 节点在故障期间的 CPU、内存、网络和 IO 状态。\n   - 使用 `round-robin` 或更复杂的调度策略分析单核过载问题。\n\n#### **中期**:\n3. **扩大影响范围分析**:\n   - 确定 `aiops-k8s-08` 上的其他服务是否也表现出相同的资源问题。\n   - 检查其它节点的类似情况，确定是否为普遍性问题。\n\n4. **服务交互链路验证**:\n   - 检查 `frontend` 和 `redis-cart-0` 与其上游和下游服务的交互异常。\n   - 寻找潜在的外围影响因素。\n\n#### **远期**:\n5. **监控优化**:\n   - 扩展监控工具以提高对节点性能瓶颈的感知能力。\n   - 改善日志和 Trace 数据采集策略，确保数据的连贯和完整。\n\n---\n\n### 最终裁定:\n虽然当前的假设在某种程度上得到指标数据的支持，但由于缺乏日志和 Trace 证据，无法形成完整的因果链。因此后续工作应集中于获取和验证这些缺失的数据，以确保结论的准确性和完整性。\n\n期待继续开展计划中的分析并期待后续的数据更新和评估结果。", "trace_analysis_findings": "目前阶段已具备相对清晰的方向，即认为 `aiops-k8s-08` 节点的资源争用可能是导致 `frontend` 和 `redis-cart-0` 性能问题的主要原因。然而，由于缺乏日志和 Trace 数据等具体证据来验证调用链异常，该假设仍需进一步确认。以下是我们建议的下一步行动计划：\n\n### 行动计划\n\n#### 短期任务\n1. **获取日志与 Trace 数据**：\n   - 优先重试获取 `frontend-0` 和 `redis-cart-0` 的完整日志，以捕捉错误和异常模式。\n   - 获取 Trace 数据，以排查服务调用链中的性能异常。\n\n2. **节点资源深入分析**：\n   - 详细检查 `aiops-k8s-08` 的 CPU 使用情况，关注单线程瓶颈或整体CPU饱和情况。\n   - 分析内存使用状态，检查是否有内存耗尽（OOMKilled）记录。\n   - 验证磁盘 IO和网络传输的性能，排除可能的传输瓶颈。\n\n#### 中期任务\n3. **扩展性能影响范围**：\n   - 分析该节点上其他 Pod（如 `adservice-2`, `shippingservice-1`）是否出现类似性能问题。\n   - 评估宽泛的资源瓶颈或级联影响情况，确保全面覆盖。\n\n4. **服务依赖关系的进一步分析**：\n   - 检查 `frontend` 和 `redis-cart-0` 的上下游服务调用环节，确认外围依赖是否在故障时段表现异常。\n\n#### 远期任务\n5. **优化监控与跟踪机制**：\n   - 提升节点资源监控的深度和广度，包括 CPU 线程饥饿、磁盘 IO性能分析。\n   - 改进日志和 Trace 管理机制，减少关键数据的丢失，以提供更加可靠的分析支持。\n\n通过以上措施，我们希望能够填补当前缺失的关键数据支持，以针对这一假设作出更准确的验证。如有新的数据或分析结果，请及时更新，共同推进故障根因探索。", "metric_analysis_findings": "根据最新的裁定，我们明确了当前假设：`aiops-k8s-08` 的资源争用可能是导致 `frontend` 和 `redis-cart-0` 性能下降的主要根因。当前的证据主要来自指标数据分析，显示此节点上的 Pod 遭遇了显著的性能问题。然而，我们仍需从更多数据源（特别是日志和Trace）获取更具体的因果链证据以做最终判断。\n\n### 下一步工作计划：\n\n#### **短期任务**\n1. **优化获取日志与 Trace 数据**:\n   - 提高 `frontend-0` 和 `redis-cart-0` 的日志获取优先级来分析故障期间的请求处理路径。\n   - 重新加载所有相关的Trace数据，重点关注服务调用链中的延迟源。\n   \n2. **深入的节点资源分析**:\n   - 详细检查 `aiops-k8s-08` 故障时段内的 CPU 和内存使用情况，是否存在异常的使用峰值。\n   - 分析是否有异常的磁盘 IO 或网络传输延迟，作为资源竞争的佐证。\n\n#### **中期任务**\n3. **扩展影响范围验证**:\n   - 检查该节点上的其他Pod如`adservice-2`，`shippingservice-1`是否有类似的性能影响，以确认问题是否广泛传播。\n   \n4. **全面服务依赖检查**:\n   - 分析 `frontend` 和 `redis-cart-0` 的上下游交互服务关系，核实是否有外围依赖服务出现异常。\n\n#### **远期任务**\n5. **建立更完善的监控方案**:\n   - 增强对节点资源使用的实时监控，聚焦于发现潜在瓶颈如CPU线程饥饿、磁盘IO延迟等。\n   - 改进日志追踪管理，确保数据完整性以避免丢失关键事件数据。\n\n### 结论：\n在现阶段，我们的假设基于有力的指标分析得到了部分支持。然而主因仍需更综合的证据链来确立。我们努力通过增加数据采集和分析的深度，以期获得更扎实的诊断结果。请在执行建议中的行动并更新数据时实时调整分析策略，确保尽可能精准地识别故障根因。", "current_hypothesis": "aiops-k8s-08 is the suspected root cause due to node contention affecting frontend and redis-cart-0, pending further data collection and validation."}
2026-01-04 01:58:01,742 - RootCauseAnalysis - INFO - [Tool Call] report_agent
2026-01-04 01:58:01,742 - RootCauseAnalysis - INFO -     Args: {'request': '生成关于 UUID: a0761b38-172 的故障根因分析报告。'}...
2026-01-04 01:58:01,742 - RootCauseAnalysis - INFO - ============================================================
2026-01-04 01:58:01,742 - RootCauseAnalysis - INFO - REPORT ANALYSIS - Starting
2026-01-04 01:58:04,559 - RootCauseAnalysis - INFO - REPORT ANALYSIS COMPLETED - Saved results in report_analysis_output.json
2026-01-04 01:58:04,559 - RootCauseAnalysis - INFO - [Tool Resp] report_agent
2026-01-04 01:58:04,559 - RootCauseAnalysis - INFO -     Result: {'uuid': 'a0761b38-172', 'component': 'aiops-k8s-08', 'reason': 'node_cpu_usage_rate and pod_cpu_usage contention suspected causing service degradation', 'reasoning_trace': [{'step': 1, 'action': 'LoadMetrics(aiops-k8s-08)', 'observation': 'node_cpu_usage_rate shows contention during fault window, impacting pod performance.'}, {'step': 2, 'action': 'LogSearch(frontend-0, redis-cart-0)', 'observation': 'No critical errors logged; requires further trace data for confirmation.'}, {'step': 3, 'actio...
2026-01-04 01:58:04,559 - RootCauseAnalysis - INFO - [State Update] {"hypotheses_summary": "aiops-k8s-08 is the suspected root cause due to node contention affecting frontend and redis-cart-0, pending further data collection and validation.", "log_analysis_findings": "在当前阶段的假设验证中，由于尚未得到足够的数据支持，我们需要在多个不同领域继续收集信息以增强我们的分析。以下是对现有裁定的进一步行动说明：\n\n---\n\n### 当前假设与支持:\n- **假设**: `aiops-k8s-08` 资源争用疑为 `frontend` 和 `redis-cart-0` 故障的主要根因。\n- **支持证据**: 来自 `Metric` 数据明确指出了该节点上的性能异常。\n\n### 明确问题:\n- **数据的缺失**:\n  - 日志和 Trace 数据仍未加载，导致无法从调用链层面明确验证服务之间的异常互动。\n  - 节点资源争用的具体细节仍未完全揭示。\n\n### 行动计划总结:\n#### **短期**:\n1. **数据加载再试**:\n   - 重点尝试获取故障期间的 `frontend` 和 `redis-cart-0` 日志，识别具体 error 模式。\n   - Trace 数据尝试从其他时间段扩大范围来捕获潜在的调用链问题。\n\n2. **细化资源分析**:\n   - 确定 `aiops-k8s-08` 节点在故障期间的 CPU、内存、网络和 IO 状态。\n   - 使用 `round-robin` 或更复杂的调度策略分析单核过载问题。\n\n#### **中期**:\n3. **扩大影响范围分析**:\n   - 确定 `aiops-k8s-08` 上的其他服务是否也表现出相同的资源问题。\n   - 检查其它节点的类似情况，确定是否为普遍性问题。\n\n4. **服务交互链路验证**:\n   - 检查 `frontend` 和 `redis-cart-0` 与其上游和下游服务的交互异常。\n   - 寻找潜在的外围影响因素。\n\n#### **远期**:\n5. **监控优化**:\n   - 扩展监控工具以提高对节点性能瓶颈的感知能力。\n   - 改善日志和 Trace 数据采集策略，确保数据的连贯和完整。\n\n---\n\n### 最终裁定:\n虽然当前的假设在某种程度上得到指标数据的支持，但由于缺乏日志和 Trace 证据，无法形成完整的因果链。因此后续工作应集中于获取和验证这些缺失的数据，以确保结论的准确性和完整性。\n\n期待继续开展计划中的分析并期待后续的数据更新和评估结果。", "metric_analysis_findings": "根据最新的裁定，我们明确了当前假设：`aiops-k8s-08` 的资源争用可能是导致 `frontend` 和 `redis-cart-0` 性能下降的主要根因。当前的证据主要来自指标数据分析，显示此节点上的 Pod 遭遇了显著的性能问题。然而，我们仍需从更多数据源（特别是日志和Trace）获取更具体的因果链证据以做最终判断。\n\n### 下一步工作计划：\n\n#### **短期任务**\n1. **优化获取日志与 Trace 数据**:\n   - 提高 `frontend-0` 和 `redis-cart-0` 的日志获取优先级来分析故障期间的请求处理路径。\n   - 重新加载所有相关的Trace数据，重点关注服务调用链中的延迟源。\n   \n2. **深入的节点资源分析**:\n   - 详细检查 `aiops-k8s-08` 故障时段内的 CPU 和内存使用情况，是否存在异常的使用峰值。\n   - 分析是否有异常的磁盘 IO 或网络传输延迟，作为资源竞争的佐证。\n\n#### **中期任务**\n3. **扩展影响范围验证**:\n   - 检查该节点上的其他Pod如`adservice-2`，`shippingservice-1`是否有类似的性能影响，以确认问题是否广泛传播。\n   \n4. **全面服务依赖检查**:\n   - 分析 `frontend` 和 `redis-cart-0` 的上下游交互服务关系，核实是否有外围依赖服务出现异常。\n\n#### **远期任务**\n5. **建立更完善的监控方案**:\n   - 增强对节点资源使用的实时监控，聚焦于发现潜在瓶颈如CPU线程饥饿、磁盘IO延迟等。\n   - 改进日志追踪管理，确保数据完整性以避免丢失关键事件数据。\n\n### 结论：\n在现阶段，我们的假设基于有力的指标分析得到了部分支持。然而主因仍需更综合的证据链来确立。我们努力通过增加数据采集和分析的深度，以期获得更扎实的诊断结果。请在执行建议中的行动并更新数据时实时调整分析策略，确保尽可能精准地识别故障根因。", "trace_analysis_findings": "目前阶段已具备相对清晰的方向，即认为 `aiops-k8s-08` 节点的资源争用可能是导致 `frontend` 和 `redis-cart-0` 性能问题的主要原因。然而，由于缺乏日志和 Trace 数据等具体证据来验证调用链异常，该假设仍需进一步确认。以下是我们建议的下一步行动计划：\n\n### 行动计划\n\n#### 短期任务\n1. **获取日志与 Trace 数据**：\n   - 优先重试获取 `frontend-0` 和 `redis-cart-0` 的完整日志，以捕捉错误和异常模式。\n   - 获取 Trace 数据，以排查服务调用链中的性能异常。\n\n2. **节点资源深入分析**：\n   - 详细检查 `aiops-k8s-08` 的 CPU 使用情况，关注单线程瓶颈或整体CPU饱和情况。\n   - 分析内存使用状态，检查是否有内存耗尽（OOMKilled）记录。\n   - 验证磁盘 IO和网络传输的性能，排除可能的传输瓶颈。\n\n#### 中期任务\n3. **扩展性能影响范围**：\n   - 分析该节点上其他 Pod（如 `adservice-2`, `shippingservice-1`）是否出现类似性能问题。\n   - 评估宽泛的资源瓶颈或级联影响情况，确保全面覆盖。\n\n4. **服务依赖关系的进一步分析**：\n   - 检查 `frontend` 和 `redis-cart-0` 的上下游服务调用环节，确认外围依赖是否在故障时段表现异常。\n\n#### 远期任务\n5. **优化监控与跟踪机制**：\n   - 提升节点资源监控的深度和广度，包括 CPU 线程饥饿、磁盘 IO性能分析。\n   - 改进日志和 Trace 管理机制，减少关键数据的丢失，以提供更加可靠的分析支持。\n\n通过以上措施，我们希望能够填补当前缺失的关键数据支持，以针对这一假设作出更准确的验证。如有新的数据或分析结果，请及时更新，共同推进故障根因探索。", "report_analysis_findings": {"uuid": "a0761b38-172", "component": "aiops-k8s-08", "reason": "node_cpu_usage_rate and pod_cpu_usage contention suspected causing service degradation", "reasoning_trace": [{"step": 1, "action": "LoadMetrics(aiops-k8s-08)", "observation": "node_cpu_usage_rate shows contention during fault window, impacting pod performance."}, {"step": 2, "action": "LogSearch(frontend-0, redis-cart-0)", "observation": "No critical errors logged; requires further trace data for confirmation."}, {"step": 3, "action": "TraceAnalysis(a0761b38-172)", "observation": "No trace data; pending valid service dependency correlation clarification."}]}, "report_analysis_completed": true}
2026-01-04 01:58:08,426 - RootCauseAnalysis - INFO - ORCHESTRATOR AGENT - Execution Completed
2026-01-04 01:58:08,426 - RootCauseAnalysis - INFO - [Final State Summary]
2026-01-04 01:58:08,426 - RootCauseAnalysis - INFO -    - current_hypothesis: aiops-k8s-08 is the suspected root cause due to node contention affecting frontend and redis-cart-0, pending further data collection and validation.
2026-01-04 01:58:08,426 - RootCauseAnalysis - INFO -    - consensus_decision: DISAGREED
2026-01-04 01:58:08,426 - RootCauseAnalysis - INFO -    - consensus_iteration: 6
2026-01-04 01:58:08,426 - RootCauseAnalysis - INFO - === END SESSION ===
