2026-01-04 12:20:03,308 - RootCauseAnalysis - INFO - === START SESSION: a7ed866b-406 (Run #3) ===
2026-01-04 12:20:03,308 - RootCauseAnalysis - INFO - [Processing] a7ed866b-406 (Run #3) | Log: logs/a7ed866b-406/run3_20260104_122003.log
2026-01-04 12:20:03,308 - RootCauseAnalysis - INFO - ============================================================
2026-01-04 12:20:03,308 - RootCauseAnalysis - INFO - ORCHESTRATOR AGENT - Initializing
2026-01-04 12:20:03,308 - RootCauseAnalysis - INFO - ============================================================
2026-01-04 12:20:03,308 - RootCauseAnalysis - INFO - [State Update] {"query_parsed_completed": false, "raw_metric_result": "（等待写入...）", "metric_data_collected": false, "raw_log_result": "（等待写入...）", "log_data_collected": false, "raw_trace_result": "（等待写入...）", "trace_data_collected": false, "current_iteration": 0, "current_hypothesis": "（等待写入...）", "log_analysis_findings": "（等待数据收集...）", "metric_analysis_findings": "（等待数据收集...）", "trace_analysis_findings": "（等待数据收集...）"}
2026-01-04 12:20:04,650 - RootCauseAnalysis - INFO - [Tool Call] parse_user_input
2026-01-04 12:20:04,650 - RootCauseAnalysis - INFO -     Args: {'input_json': '{"Anomaly Description": "A fault was detected from 2025-06-20T15:10:31Z to 2025-06-20T15:30:31Z. Please analyze its root cause.", "uuid": "a7ed866b-406"}'}...
2026-01-04 12:20:04,651 - RootCauseAnalysis - INFO - [Tool Resp] parse_user_input
2026-01-04 12:20:04,651 - RootCauseAnalysis - INFO -     Result: {'uuid': 'a7ed866b-406', 'user_query': 'A fault was detected from 2025-06-20T15:10:31Z to 2025-06-20T15:30:31Z. Please analyze its root cause.'}
2026-01-04 12:20:04,651 - RootCauseAnalysis - INFO - [State Update] {"query_parsed_completed": true}
2026-01-04 12:20:05,889 - RootCauseAnalysis - INFO - [Tool Call] data_collection_agent
2026-01-04 12:20:05,889 - RootCauseAnalysis - INFO -     Args: {'request': 'start'}...
2026-01-04 12:20:05,889 - RootCauseAnalysis - INFO - ============================================================
2026-01-04 12:20:05,889 - RootCauseAnalysis - INFO - METRIC ANALYSIS - Starting
2026-01-04 12:20:05,889 - RootCauseAnalysis - INFO - ============================================================
2026-01-04 12:20:05,889 - RootCauseAnalysis - INFO - METRIC AGENT - Initial Scanning
2026-01-04 12:20:05,890 - RootCauseAnalysis - INFO - ============================================================
2026-01-04 12:20:05,890 - RootCauseAnalysis - INFO - LOG ANALYSIS - Starting
2026-01-04 12:20:05,890 - RootCauseAnalysis - INFO - ============================================================
2026-01-04 12:20:05,890 - RootCauseAnalysis - INFO - LOG AGENT - Initial Scanning
2026-01-04 12:20:05,890 - RootCauseAnalysis - INFO - ============================================================
2026-01-04 12:20:05,890 - RootCauseAnalysis - INFO - TRACE ANALYSIS - Starting
2026-01-04 12:20:05,890 - RootCauseAnalysis - INFO - ============================================================
2026-01-04 12:20:05,890 - RootCauseAnalysis - INFO - TRACE AGENT - Initial Scanning
2026-01-04 12:20:20,067 - RootCauseAnalysis - INFO - LOG AGENT - Analysis Completed
2026-01-04 12:20:22,677 - RootCauseAnalysis - INFO - METRIC AGENT - Analysis Completed
2026-01-04 12:20:26,364 - RootCauseAnalysis - INFO - TRACE AGENT - Analysis Completed
2026-01-04 12:20:26,364 - RootCauseAnalysis - INFO - [Tool Resp] data_collection_agent
2026-01-04 12:20:26,364 - RootCauseAnalysis - INFO -     Result: {'result': '以下是初步的分析结果：\n\n### 异常调用链\n1. **异常延迟**:\n   - `cartservice` 在调用 `redis` 时延迟显著增加 (耗时从正常的 `1739.74ms` 增加到异常的 `7952.38ms`, 延迟倍数约为 `4.57`).\n   - `frontend` 调用 `cartservice` 的操作延迟显著增加 (耗时从 `2554.21ms` 增加到异常的 `9722.76ms`, 延迟倍数约为 `3.8`).\n   - `recommendationservice` 调用了 `productcatalogservice`，延迟倍数为 `1.58`，未达到显著延迟临界值。\n\n2. **错误传播路径**:\n   - `frontend->checkoutservice` 中，出现 **connection refused** 和 **transport closing** 的错误 ——显示 `checkoutservice` 部分组件可能发生故障。\n   - `frontend->cartservice`：出...
2026-01-04 12:20:26,365 - RootCauseAnalysis - INFO - [State Update] {"current_task_instruction": "当前处于【初始扫描阶段】。\n请对 Trace 数据进行全面扫描，找出所有显著的异常调用链。\n重点：请在返回 JSON 的 'stance' 字段中标记 'NEUTRAL'，并在 'hypotheses' 中列出你的发现。", "raw_log_result": {"status": "success", "message": "成功加载日志数据。UUID: a7ed866b-406，共 6 条错误日志", "filtered_logs": "node_name,service_name,pod_name,message,occurrence_count\naiops-k8s-06,frontend,frontend-1,\"{\"\"error\"\":\"\"failed to complete the order: rpc error: code = Unavailable desc = connection error: desc = \\\"\"transport: Error while dialing dial tcp 10.233.61.165:5050: connect: connection refused\\\"\"\"\",\"\"http.req.id\"\":\"\"5a9b667e-4b34-4888-8577-77ee7a0dfc64\"\",\"\"http.req.method\"\":\"\"POST\"\",\"\"http.req.path\"\":\"\"/cart/checkout\"\",\"\"message\"\":\"\"request error\"\",\"\"session\"\":\"\"b20fc75a-7633-4e38-877a-17b6bff31bed\"\",\"\"severity\"\":\"\"error\"\",\"\"timestamp\"\":\"\"2025-06-20T15:11:10.993928613Z\"\"}\",出现次数:57\naiops-k8s-08,frontend,frontend-2,\"{\"\"error\"\":\"\"failed to complete the order: rpc error: code = Unavailable desc = connection error: desc = \\\"\"transport: Error while dialing dial tcp 10.233.61.165:5050: connect: connection refused\\\"\"\"\",\"\"http.req.id\"\":\"\"7637e883-4550-4ab5-854e-6b4a926cfc1e\"\",\"\"http.req.method\"\":\"\"POST\"\",\"\"http.req.path\"\":\"\"/cart/checkout\"\",\"\"message\"\":\"\"request error\"\",\"\"session\"\":\"\"f6c6a091-ec9b-4c02-bcf8-19472ea3a512\"\",\"\"severity\"\":\"\"error\"\",\"\"timestamp\"\":\"\"2025-06-20T15:10:40.637696981Z\"\"}\",出现次数:40\naiops-k8s-06,frontend,frontend-1,\"{\"\"error\"\":\"\"failed to complete the order: rpc error: code = Unavailable desc = connection error: desc = \\\"\"transport: Error while dialing dial tcp 10.233.61.165:5050: connect: connection refused\\\"\"\"\",\"\"http.req.id\"\":\"\"0399950d-8a8c-4761-9e2d-02e3dae11033\"\",\"\"http.req.method\"\":\"\"POST\"\",\"\"http.req.path\"\":\"\"/cart/checkout\"\",\"\"message\"\":\"\"request error\"\",\"\"session\"\":\"\"32f3fdab-05aa-420e-8d1e-064a2d19e58d\"\",\"\"severity\"\":\"\"error\"\",\"\"timestamp\"\":\"\"2025-06-20T15:15:05.61503389Z\"\"}\",出现次数:2\naiops-k8s-06,frontend,frontend-1,\"{\"\"error\"\":\"\"failed to complete the order: rpc error: code = Unavailable desc = transport is closing\"\",\"\"http.req.id\"\":\"\"7abce7ca-a9be-4515-8f36-8331aacc9504\"\",\"\"http.req.method\"\":\"\"POST\"\",\"\"http.req.path\"\":\"\"/cart/checkout\"\",\"\"message\"\":\"\"request error\"\",\"\"session\"\":\"\"5436c48d-a263-488c-a31a-9847545d7899\"\",\"\"severity\"\":\"\"error\"\",\"\"timestamp\"\":\"\"2025-06-20T15:10:41.903739655Z\"\"}\",出现次数:1\naiops-k8s-08,frontend,frontend-2,\"{\"\"error\"\":\"\"failed to complete the order: rpc error: code = Unavailable desc = connection error: desc = \\\"\"transport: Error while dialing dial tcp 10.233.61.165:5050: connect: connection refused\\\"\"\"\",\"\"http.req.id\"\":\"\"05fdd9c2-257d-4773-9326-03601210638e\"\",\"\"http.req.method\"\":\"\"POST\"\",\"\"http.req.path\"\":\"\"/cart/checkout\"\",\"\"message\"\":\"\"request error\"\",\"\"session\"\":\"\"fcaa6e20-1317-435d-9fea-08d469305be1\"\",\"\"severity\"\":\"\"error\"\",\"\"timestamp\"\":\"\"2025-06-20T15:15:36.079421868Z\"\"}\",出现次数:1\naiops-k8s-08,frontend,frontend-2,\"{\"\"error\"\":\"\"failed to complete the order: rpc error: code = Unavailable desc = connection error: desc = \\\"\"transport: Error while dialing dial tcp 10.233.61.165:5050: connect: connection refused\\\"\"\"\",\"\"http.req.id\"\":\"\"1a44d45f-2495-464b-b511-b1ba605371e8\"\",\"\"http.req.method\"\":\"\"POST\"\",\"\"http.req.path\"\":\"\"/cart/checkout\"\",\"\"message\"\":\"\"request error\"\",\"\"session\"\":\"\"fc1db91e-e983-4184-b965-45f142468034\"\",\"\"severity\"\":\"\"error\"\",\"\"timestamp\"\":\"\"2025-06-20T15:23:59.95271265Z\"\"}\",出现次数:1\n", "unique_entities": {"pod_name": ["frontend-1", "frontend-2"], "service_name": ["frontend"], "node_name": ["aiops-k8s-06", "aiops-k8s-08"]}, "matched_anomaly": "A fault was detected from 2025-06-20T15:10:31Z to 2025-06-20T15:30:31Z. Please analyze its root cause.", "time_range": "2025-06-20 15:10:31+00:00 to 2025-06-20 15:30:31+00:00"}, "log_data_collected": true, "raw_metric_result": {"status": "success", "message": "成功加载metric数据。UUID: a7ed866b-406", "anomaly_metrics": "metric_type,service_name,pod_name,node_name,metric_name,normal_median,fault_median,normal_p99,fault_p99,median_change_ratio,p99_change_ratio\ntidb,tidb-tidb,N/A,N/A,memory_usage,1085607936.0,1085607936.0,1184468992.0,1085607936.0,0.0,0.0871\nservice,frontend,frontend-2,N/A,server_error_ratio,0.0,0.31,0.0,0.46,2.0,2.0\nservice,frontend,frontend-1,N/A,error_ratio,0.0,0.32,0.0,0.5,2.0,2.0\nservice,frontend,frontend-1,N/A,server_error_ratio,0.0,0.32,0.0,0.5,2.0,2.0\nservice,frontend,frontend-2,N/A,error_ratio,0.0,0.31,0.0,0.46,2.0,2.0\nservice,currencyservice,currencyservice-1,N/A,rrt_max,4842.0,4861.0,53233.0,14522.94,0.0039,1.1426\nservice,productcatalogservice,productcatalogservice-0,N/A,rrt_max,13059.0,3675.5,18638.6,11688.93,1.1215,0.4583\nservice,shippingservice,shippingservice-2,N/A,rrt_max,1725.0,6027.0,6027.0,6027.0,1.1099,0.0\nservice,currencyservice,currencyservice-0,N/A,rrt_max,1692.0,1538.0,4882.0,1538.0,0.0954,1.0417\nservice,cartservice,cartservice-1,N/A,rrt_max,3136.0,1121.0,9996.4,6555.93,0.9467,0.4157\nservice,emailservice,emailservice-2,N/A,rrt_max,3036.0,2815.0,7634.4,2815.0,0.0755,0.9224\nservice,currencyservice,currencyservice-2,N/A,rrt_max,1637.0,1174.0,3126.8,1174.0,0.3294,0.9081\nservice,emailservice,emailservice-0,N/A,rrt_max,2956.0,2318.0,5590.4,2318.0,0.2419,0.8276\ntidb,tidb-tikv,N/A,N/A,io_util,0.0,0.0,0.06,0.14,0.0,0.8\nservice,frontend,frontend-2,N/A,rrt_max,250893.0,118099.5,323372.4,169758.12,0.7198,0.623\nservice,paymentservice,paymentservice-0,N/A,rrt,1456.25,1015.5,2104.25,1015.5,0.3566,0.698\nservice,frontend,frontend-1,N/A,rrt_max,252958.0,123844.5,310680.8,164615.55,0.6853,0.6146\nservice,cartservice,cartservice-0,N/A,rrt,1737.29,1722.04,2380.32,4858.78,0.0088,0.6847\nservice,shippingservice,shippingservice-1,N/A,rrt_max,2414.0,2315.5,6364.2,12307.43,0.0417,0.6366\nservice,productcatalogservice,productcatalogservice-0,N/A,rrt,1720.67,1002.54,2218.15,1156.87,0.5274,0.6289\nservice,emailservice,emailservice-1,N/A,rrt_max,2817.0,2491.0,4372.8,2491.0,0.1228,0.5483\nservice,paymentservice,paymentservice-0,N/A,rrt_max,1639.0,1429.0,2489.6,1429.0,0.1369,0.5413\nservice,paymentservice,paymentservice-2,N/A,rrt_max,1650.0,2155.0,3722.0,2155.0,0.2654,0.5333\nservice,emailservice,emailservice-2,N/A,rrt,1676.67,1459.5,2393.7,1459.5,0.1385,0.4849\nservice,cartservice,cartservice-1,N/A,rrt,1521.68,935.5,2330.93,2211.9,0.4771,0.0524\nservice,shippingservice,shippingservice-2,N/A,rrt,1116.5,1790.31,1760.36,1790.31,0.4636,0.0169\nservice,frontend,frontend-0,N/A,rrt,1877.25,2056.56,3703.0,2427.25,0.0912,0.4162\nservice,redis,redis-cart-0,N/A,rrt,145.7,140.74,964.04,1465.34,0.0346,0.4127\nservice,paymentservice,paymentservice-1,N/A,rrt_max,1626.0,1396.0,2092.2,1396.0,0.1522,0.3992\nservice,paymentservice,paymentservice-1,N/A,rrt,1430.83,1220.5,1819.35,1220.5,0.1587,0.394\n", "unique_entities": {"service_name": ["adservice", "cartservice", "checkoutservice", "currencyservice", "emailservice", "frontend", "paymentservice", "productcatalogservice", "recommendationservice", "redis", "shippingservice", "tidb-pd", "tidb-tidb", "tidb-tikv"], "node_name": ["aiops-k8s-01", "aiops-k8s-02", "aiops-k8s-03", "aiops-k8s-04", "aiops-k8s-05", "aiops-k8s-06", "aiops-k8s-07", "aiops-k8s-08"], "pod_name": ["adservice-0", "adservice-1", "adservice-2", "cartservice-0", "cartservice-1", "cartservice-2", "checkoutservice-0", "checkoutservice-1", "checkoutservice-2", "currencyservice-0", "currencyservice-1", "currencyservice-2", "emailservice-0", "emailservice-1", "emailservice-2", "frontend-0", "frontend-1", "frontend-2", "paymentservice-0", "paymentservice-1", "paymentservice-2", "productcatalogservice-0", "productcatalogservice-1", "productcatalogservice-2", "recommendationservice-0", "recommendationservice-1", "recommendationservice-2", "redis-cart-0", "shippingservice-0", "shippingservice-1", "shippingservice-2"]}, "node_pod_mapping": {"aiops-k8s-01": ["emailservice-1", "frontend-1", "productcatalogservice-2", "recommendationservice-2", "shippingservice-0"], "aiops-k8s-02": [], "aiops-k8s-03": ["shippingservice-2", "recommendationservice-1", "adservice-0"], "aiops-k8s-04": ["paymentservice-2", "currencyservice-0", "frontend-0", "checkoutservice-0"], "aiops-k8s-05": ["paymentservice-1", "cartservice-1", "checkoutservice-2"], "aiops-k8s-06": ["productcatalogservice-1", "emailservice-2", "frontend-1"], "aiops-k8s-07": ["shippingservice-1", "emailservice-0", "currencyservice-1", "cartservice-0", "adservice-1"], "aiops-k8s-08": ["currencyservice-2", "recommendationservice-0", "paymentservice-0", "frontend-2", "checkoutservice-1", "productcatalogservice-0", "cartservice-2", "adservice-2", "redis-cart-0"]}, "matched_anomaly": "A fault was detected from 2025-06-20T15:10:31Z to 2025-06-20T15:30:31Z. Please analyze its root cause.", "time_range": "2025-06-20 15:10:31+00:00 to 2025-06-20 15:30:31+00:00"}, "metric_data_collected": true, "node_pod_mapping": {"aiops-k8s-01": ["emailservice-1", "frontend-1", "productcatalogservice-2", "recommendationservice-2", "shippingservice-0"], "aiops-k8s-02": [], "aiops-k8s-03": ["shippingservice-2", "recommendationservice-1", "adservice-0"], "aiops-k8s-04": ["paymentservice-2", "currencyservice-0", "frontend-0", "checkoutservice-0"], "aiops-k8s-05": ["paymentservice-1", "cartservice-1", "checkoutservice-2"], "aiops-k8s-06": ["productcatalogservice-1", "emailservice-2", "frontend-1"], "aiops-k8s-07": ["shippingservice-1", "emailservice-0", "currencyservice-1", "cartservice-0", "adservice-1"], "aiops-k8s-08": ["currencyservice-2", "recommendationservice-0", "paymentservice-0", "frontend-2", "checkoutservice-1", "productcatalogservice-0", "cartservice-2", "adservice-2", "redis-cart-0"]}, "raw_trace_result": {"status": "success", "message": "成功加载trace数据。UUID: a7ed866b-406，共 11 个异常组合，5 个状态组合", "filtered_traces": "node_name,service_name,parent_pod,child_pod,operation_name,normal_avg_duration,anomaly_avg_duration,anomaly_count\naiops-k8s-06,frontend,frontend-1,frontend-1,hipstershop.CheckoutService/PlaceOrder,153703.35266395428,256.9666666666667,出现次数:35\naiops-k8s-08,frontend,frontend-2,frontend-2,hipstershop.CheckoutService/PlaceOrder,156733.32721158856,277.75925925925924,出现次数:27\naiops-k8s-07,redis,cartservice-0,cartservice-0,HGET,1739.7426895431556,7952.380847953216,出现次数:2\naiops-k8s-06,frontend,frontend-1,frontend-1,hipstershop.CartService/GetCart,3932.5934219641285,11290.029411764706,出现次数:2\naiops-k8s-07,cartservice,frontend-1,cartservice-0,POST /hipstershop.CartService/GetCart,2554.211789705742,9722.762808349147,出现次数:2\naiops-k8s-03,recommendationservice,recommendationservice-1,recommendationservice-1,/hipstershop.ProductCatalogService/ListProducts,2920.2195046731545,3699.9111842105262,出现次数:2\naiops-k8s-06,frontend,frontend-1,frontend-1,hipstershop.ProductCatalogService/ListProducts,1968.257947771488,3486.3333333333335,出现次数:1\naiops-k8s-06,frontend,frontend-1,frontend-1,hipstershop.ShippingService/GetQuote,1806.8433138617236,3042.285714285714,出现次数:1\naiops-k8s-08,frontend,frontend-2,frontend-2,hipstershop.ShippingService/GetQuote,1930.0720788129884,3762.0,出现次数:1\naiops-k8s-01,shippingservice,frontend-2,shippingservice-0,hipstershop.ShippingService/GetQuote,200.7226244575042,509.0,出现次数:1\naiops-k8s-08,productcatalogservice,recommendationservice-1,productcatalogservice-0,hipstershop.ProductCatalogService/ListProducts,67.52271925167452,106.71428571428571,出现次数:1\n", "unique_entities": {"pod_name": ["cartservice-0", "frontend-1", "frontend-2", "productcatalogservice-0", "recommendationservice-1", "shippingservice-0"], "service_name": ["cartservice", "frontend", "productcatalogservice", "recommendationservice", "redis", "shippingservice"], "node_name": ["aiops-k8s-01", "aiops-k8s-03", "aiops-k8s-06", "aiops-k8s-07", "aiops-k8s-08"]}, "status_combinations": "node_name,service_name,parent_pod,child_pod,operation_name,status_code,status_message,occurrence_count\naiops-k8s-06,frontend,N/A,frontend-1,hipstershop.Frontend/Recv.,13,HTTP status code: 500,出现次数:60\naiops-k8s-06,frontend,frontend-1,frontend-1,hipstershop.CheckoutService/PlaceOrder,14,\"connection error: desc = \"\"transport: Error while dialing dial tcp 10.233.61.165:5050: connect: connection refused\"\"\",出现次数:59\naiops-k8s-08,frontend,N/A,frontend-2,hipstershop.Frontend/Recv.,13,HTTP status code: 500,出现次数:42\naiops-k8s-08,frontend,frontend-2,frontend-2,hipstershop.CheckoutService/PlaceOrder,14,\"connection error: desc = \"\"transport: Error while dialing dial tcp 10.233.61.165:5050: connect: connection refused\"\"\",出现次数:42\naiops-k8s-06,frontend,frontend-1,frontend-1,hipstershop.CheckoutService/PlaceOrder,14,transport is closing,出现次数:1\n", "matched_anomaly": "A fault was detected from 2025-06-20T15:10:31Z to 2025-06-20T15:30:31Z. Please analyze its root cause.", "time_range": "2025-06-20 15:10:31+00:00 to 2025-06-20 15:30:31+00:00"}, "trace_data_collected": true, "log_analysis_findings": "```json\n{\n  \"stance\": \"NEUTRAL\",\n  \"detected_log_keys\": [\n    \"connection refused\",\n    \"transport\",\n    \"Error while dialing\"\n  ],\n  \"hypotheses\": [\n    {\n      \"component\": \"frontend\",\n      \"reason\": \"Connection attempts to 10.233.61.165:5050 were refused by the target. Likely cause is a port or connectivity issue.\",\n      \"evidence\": \"transport: Error while dialing dial tcp 10.233.61.165:5050: connect: connection refused\"\n    }\n  ]\n}\n```", "metric_analysis_findings": "```json\n{\n  \"stance\": \"NEUTRAL\",\n  \"detected_metric_keys\": [\"server_error_ratio\", \"rrt_max\", \"io_util\"],\n  \"hypotheses\": [\n    {\n      \"component\": \"frontend\",\n      \"reason\": \"The frontend service exhibited elevated error rates. Specifically, 'server_error_ratio' increased from 0.0 to 0.31-0.32 (median) across multiple pods, with a 2x change ratio.\",\n      \"evidence\": \"Metric: server_error_ratio, Pods affected: frontend-1 and frontend-2, Median values increased from 0.0 to 0.31-0.32, P99 values increased from 0.0 to 0.46-0.5.\"\n    },\n    {\n      \"component\": \"currencyservice\",\n      \"reason\": \"The 'rrt_max' for currencyservice pods experienced noticeable increases. Pod currencyservice-1 saw its P99 'rrt_max' increase by about 1.1426x.\",\n      \"evidence\": \"Metric: rrt_max, Pod: currencyservice-1, P99 values increased from 53233.0 to 14522.94, with a median change ratio of 1.1426.\"\n    },\n    {\n      \"component\": \"tidb-tikv\",\n      \"reason\": \"An elevated database IO utilization ('io_util') was detected. This metric's P99 increased significantly, indicating potential disk I/O saturation.\",\n      \"evidence\": \"Metric: io_util, Service: tidb-tikv, P99 increased from 0.06 to 0.14, median change ratio was 0.0, but P99 change ratio was 0.8.\"\n    }\n  ]\n}\n```", "trace_analysis_findings": "以下是初步的分析结果：\n\n### 异常调用链\n1. **异常延迟**:\n   - `cartservice` 在调用 `redis` 时延迟显著增加 (耗时从正常的 `1739.74ms` 增加到异常的 `7952.38ms`, 延迟倍数约为 `4.57`).\n   - `frontend` 调用 `cartservice` 的操作延迟显著增加 (耗时从 `2554.21ms` 增加到异常的 `9722.76ms`, 延迟倍数约为 `3.8`).\n   - `recommendationservice` 调用了 `productcatalogservice`，延迟倍数为 `1.58`，未达到显著延迟临界值。\n\n2. **错误传播路径**:\n   - `frontend->checkoutservice` 中，出现 **connection refused** 和 **transport closing** 的错误 ——显示 `checkoutservice` 部分组件可能发生故障。\n   - `frontend->cartservice`：出现显著延迟，但无明确错误码，受其他依赖服务延迟影响。\n   - `cartservice->redis`: 显著延迟，需进一步确认原因。\n\n3. **Fast Fail** 或失败状态:\n   - 在 `checkoutservice` 的调用链中，多次出现 **\"connection refused\"**, 表明服务不可用或端口连接失败。\n\n### JSON 输出\n```json\n{\n  \"stance\": \"NEUTRAL\",\n  \"detected_trace_keys\": [\n    \"latency_spike\",\n    \"connection_refused\",\n    \"checkoutservice->redis\",\n    \"frontend-1->checkoutservice\",\n    \"frontend->frontend\"\n  ],\n  \"hypotheses\": [\n    {\n      \"component\": \"checkoutservice\",\n      \"reason\": \"大量 'connection refused' 错误传播到调用服务。\",\n      \"evidence\": \"错误状态统计: 出现次数 59.\"\n    },\n    {\n      \"component\": \"redis\",\n      \"reason\": \"调用此服务时延迟显著升高\",\n      \"evidence\": \"延迟增幅超过正常水平4.57倍.\"\n    }\n  ]\n}\n```\n\n我建议进一步分析从 `redis` 到 `cartservice` 的链路，同时确认 `checkoutservice` 的服务健康状况是否正常。"}
2026-01-04 12:20:27,491 - RootCauseAnalysis - INFO - [Tool Call] consensus_discussion_agent
2026-01-04 12:20:27,491 - RootCauseAnalysis - INFO -     Args: {'request': 'initiate consensus discussion based on collected data'}...
2026-01-04 12:20:27,492 - RootCauseAnalysis - INFO - ============================================================
2026-01-04 12:20:27,492 - RootCauseAnalysis - INFO - CONSENSUS ANALYSIS - Round 0
2026-01-04 12:20:27,492 - RootCauseAnalysis - INFO - Current Hypothesis: （等待写入...）
2026-01-04 12:20:27,492 - RootCauseAnalysis - INFO - ============================================================
2026-01-04 12:20:30,323 - RootCauseAnalysis - INFO - CONSENSUS AGENT OUTPUT PARSED:
2026-01-04 12:20:30,323 - RootCauseAnalysis - INFO -   - Status: DISAGREED
2026-01-04 12:20:30,323 - RootCauseAnalysis - INFO -   - New Hypothesis: The checkoutservice is the primary root cause due to 'connection refused' errors in the trace analysis and logs, likely stemming from port or connectivity issues.
2026-01-04 12:20:30,323 - RootCauseAnalysis - INFO -   - Reasoning: Currently, there isn't full agreement among experts. While the logs and trace analysis highlight 'checkoutservice' as the source of 'connection refused' errors, indicating potential port or connectivity misconfiguration, the metrics also point towards elevated 'server_error_ratio' and 'rrt_max' metrics in the frontend and currencyservice. Additionally, 'io_util' issues flagged in the tidb-tikv component suggest potential database overload. None of the hypotheses conclusively connect all observed symptoms. Further validation across expert domains is needed to confirm the checkoutservice hypothesis or identify other contributing factors.
2026-01-04 12:20:30,323 - RootCauseAnalysis - INFO - >>> CONSENSUS NOT REACHED. Updating hypothesis and continuing loop. <<<
2026-01-04 12:20:30,323 - RootCauseAnalysis - INFO - ============================================================
2026-01-04 12:20:30,323 - RootCauseAnalysis - INFO - METRIC ANALYSIS - Starting
2026-01-04 12:20:30,323 - RootCauseAnalysis - INFO - ============================================================
2026-01-04 12:20:30,323 - RootCauseAnalysis - INFO - METRIC AGENT - Verifying Hypothesis: The checkoutservice is the pri...
2026-01-04 12:20:30,323 - RootCauseAnalysis - INFO - ============================================================
2026-01-04 12:20:30,323 - RootCauseAnalysis - INFO - LOG ANALYSIS - Starting
2026-01-04 12:20:30,323 - RootCauseAnalysis - INFO - ============================================================
2026-01-04 12:20:30,323 - RootCauseAnalysis - INFO - LOG AGENT - Verifying Hypothesis: The checkoutservice is the pri...
2026-01-04 12:20:30,323 - RootCauseAnalysis - INFO - ============================================================
2026-01-04 12:20:30,323 - RootCauseAnalysis - INFO - TRACE ANALYSIS - Starting
2026-01-04 12:20:30,323 - RootCauseAnalysis - INFO - ============================================================
2026-01-04 12:20:30,323 - RootCauseAnalysis - INFO - TRACE AGENT - Verifying Hypothesis: The checkoutservice is the pri...
2026-01-04 12:20:33,733 - RootCauseAnalysis - INFO - LOG AGENT - Analysis Completed
2026-01-04 12:20:34,757 - RootCauseAnalysis - INFO - METRIC AGENT - Analysis Completed
2026-01-04 12:20:38,444 - RootCauseAnalysis - INFO - TRACE AGENT - Analysis Completed
2026-01-04 12:20:38,444 - RootCauseAnalysis - INFO - ============================================================
2026-01-04 12:20:38,444 - RootCauseAnalysis - INFO - CONSENSUS ANALYSIS - Round 1
2026-01-04 12:20:38,445 - RootCauseAnalysis - INFO - Current Hypothesis: The checkoutservice is the primary root cause due to 'connection refused' errors in the trace analysis and logs, likely stemming from port or connectivity issues.
2026-01-04 12:20:38,445 - RootCauseAnalysis - INFO - ============================================================
2026-01-04 12:20:41,935 - RootCauseAnalysis - INFO - CONSENSUS AGENT OUTPUT PARSED:
2026-01-04 12:20:41,935 - RootCauseAnalysis - INFO -   - Status: DISAGREED
2026-01-04 12:20:41,935 - RootCauseAnalysis - INFO -   - New Hypothesis: The checkoutservice is the primary root cause due to 'connection refused' errors in the trace analysis and logs, likely stemming from port or connectivity issues.
2026-01-04 12:20:41,935 - RootCauseAnalysis - INFO -   - Reasoning: There is significant disagreement among experts regarding the root cause of the issue. While the 'connection refused' errors in the checkoutservice logs and trace data suggest a plausible application-layer issue such as port or connectivity misconfiguration, metrics indicate elevated 'server_error_ratio' and 'rrt_max' in both frontend and currencyservice. Furthermore, disk I/O contention in the tidb-tikv database ('io_util' anomalies) correlates temporally with the fault, suggesting a potential database bottleneck. These symptoms point to a more complex, multi-component problem rather than a localized issue within checkoutservice. The hypothesis remains inconclusive, requiring further trace analysis, dependency inspection, and cross-domain investigation to resolve the discrepancies and identify the root cause definitively.
2026-01-04 12:20:41,935 - RootCauseAnalysis - INFO - >>> CONSENSUS NOT REACHED. Updating hypothesis and continuing loop. <<<
2026-01-04 12:20:41,935 - RootCauseAnalysis - INFO - ============================================================
2026-01-04 12:20:41,935 - RootCauseAnalysis - INFO - METRIC ANALYSIS - Starting
2026-01-04 12:20:41,935 - RootCauseAnalysis - INFO - ============================================================
2026-01-04 12:20:41,935 - RootCauseAnalysis - INFO - METRIC AGENT - Verifying Hypothesis: The checkoutservice is the pri...
2026-01-04 12:20:41,935 - RootCauseAnalysis - INFO - ============================================================
2026-01-04 12:20:41,935 - RootCauseAnalysis - INFO - LOG ANALYSIS - Starting
2026-01-04 12:20:41,935 - RootCauseAnalysis - INFO - ============================================================
2026-01-04 12:20:41,936 - RootCauseAnalysis - INFO - LOG AGENT - Verifying Hypothesis: The checkoutservice is the pri...
2026-01-04 12:20:41,936 - RootCauseAnalysis - INFO - ============================================================
2026-01-04 12:20:41,936 - RootCauseAnalysis - INFO - TRACE ANALYSIS - Starting
2026-01-04 12:20:41,936 - RootCauseAnalysis - INFO - ============================================================
2026-01-04 12:20:41,936 - RootCauseAnalysis - INFO - TRACE AGENT - Verifying Hypothesis: The checkoutservice is the pri...
2026-01-04 12:20:46,233 - RootCauseAnalysis - INFO - LOG AGENT - Analysis Completed
2026-01-04 12:20:50,022 - RootCauseAnalysis - INFO - METRIC AGENT - Analysis Completed
2026-01-04 12:20:50,996 - RootCauseAnalysis - INFO - TRACE AGENT - Analysis Completed
2026-01-04 12:20:50,996 - RootCauseAnalysis - INFO - ============================================================
2026-01-04 12:20:50,997 - RootCauseAnalysis - INFO - CONSENSUS ANALYSIS - Round 2
2026-01-04 12:20:50,997 - RootCauseAnalysis - INFO - Current Hypothesis: The checkoutservice is the primary root cause due to 'connection refused' errors in the trace analysis and logs, likely stemming from port or connectivity issues.
2026-01-04 12:20:50,997 - RootCauseAnalysis - INFO - ============================================================
2026-01-04 12:20:54,933 - RootCauseAnalysis - INFO - CONSENSUS AGENT OUTPUT PARSED:
2026-01-04 12:20:54,933 - RootCauseAnalysis - INFO -   - Status: DISAGREED
2026-01-04 12:20:54,933 - RootCauseAnalysis - INFO -   - New Hypothesis: The checkoutservice is the primary root cause due to 'connection refused' errors in the trace analysis and logs, likely stemming from port or connectivity issues.
2026-01-04 12:20:54,933 - RootCauseAnalysis - INFO -   - Reasoning: The hypothesis that checkoutservice is the root cause of the system fault does not yet have sufficient consensus among experts. While logs and trace data provide evidence of 'connection refused' errors originating from checkoutservice, pointing to potential connectivity or port configuration issues, elevated metrics such as 'server_error_ratio' and 'rrt_max' in frontend and currencyservice suggest additional problems might be at play. Furthermore, observed I/O contention in tidb-tikv hints at potential database bottlenecks that may propagate failures. Disagreement arises from the complexity of symptoms and the need to validate whether checkoutservice is genuinely at fault or a victim of upstream issues. Experts have recommended conducting a detailed dependency analysis, trace chain examination, and timeline correlation of metrics and logs across all services in the dependency chain, including the database, to resolve these discrepancies. A broader investigation is necessary to align observations and confirm or reject the current hypothesis.
2026-01-04 12:20:54,933 - RootCauseAnalysis - INFO - >>> CONSENSUS NOT REACHED. Updating hypothesis and continuing loop. <<<
2026-01-04 12:20:54,934 - RootCauseAnalysis - INFO - ============================================================
2026-01-04 12:20:54,934 - RootCauseAnalysis - INFO - METRIC ANALYSIS - Starting
2026-01-04 12:20:54,934 - RootCauseAnalysis - INFO - ============================================================
2026-01-04 12:20:54,934 - RootCauseAnalysis - INFO - METRIC AGENT - Verifying Hypothesis: The checkoutservice is the pri...
2026-01-04 12:20:54,934 - RootCauseAnalysis - INFO - ============================================================
2026-01-04 12:20:54,934 - RootCauseAnalysis - INFO - LOG ANALYSIS - Starting
2026-01-04 12:20:54,934 - RootCauseAnalysis - INFO - ============================================================
2026-01-04 12:20:54,934 - RootCauseAnalysis - INFO - LOG AGENT - Verifying Hypothesis: The checkoutservice is the pri...
2026-01-04 12:20:54,934 - RootCauseAnalysis - INFO - ============================================================
2026-01-04 12:20:54,934 - RootCauseAnalysis - INFO - TRACE ANALYSIS - Starting
2026-01-04 12:20:54,934 - RootCauseAnalysis - INFO - ============================================================
2026-01-04 12:20:54,934 - RootCauseAnalysis - INFO - TRACE AGENT - Verifying Hypothesis: The checkoutservice is the pri...
2026-01-04 12:21:00,649 - RootCauseAnalysis - INFO - LOG AGENT - Analysis Completed
2026-01-04 12:21:02,621 - RootCauseAnalysis - INFO - METRIC AGENT - Analysis Completed
2026-01-04 12:21:02,621 - RootCauseAnalysis - INFO - TRACE AGENT - Analysis Completed
2026-01-04 12:21:02,622 - RootCauseAnalysis - INFO - ============================================================
2026-01-04 12:21:02,622 - RootCauseAnalysis - INFO - CONSENSUS ANALYSIS - Round 3
2026-01-04 12:21:02,622 - RootCauseAnalysis - INFO - Current Hypothesis: The checkoutservice is the primary root cause due to 'connection refused' errors in the trace analysis and logs, likely stemming from port or connectivity issues.
2026-01-04 12:21:02,622 - RootCauseAnalysis - INFO - ============================================================
2026-01-04 12:21:05,908 - RootCauseAnalysis - INFO - CONSENSUS AGENT OUTPUT PARSED:
2026-01-04 12:21:05,908 - RootCauseAnalysis - INFO -   - Status: DISAGREED
2026-01-04 12:21:05,908 - RootCauseAnalysis - INFO -   - New Hypothesis: The checkoutservice is the primary root cause due to 'connection refused' errors in the trace analysis and logs, likely stemming from port or connectivity issues.
2026-01-04 12:21:05,908 - RootCauseAnalysis - INFO -   - Reasoning: Despite the initial hypothesis that checkoutservice is the root cause based on 'connection refused' errors in trace and log data, multiple confounding factors challenge this assumption. Metrics from frontend ('server_error_ratio', 'rrt_max'), currencyservice, and tidb-tikv ('io_util') indicate systemic issues that do not exclusively tie back to checkoutservice. The sequence of failures and their interdependencies remain unclear, as tidb-tikv database bottlenecks or upstream service issues may have propagated cascading failures. Experts have outlined detailed plans for trace chain analysis, dependency mapping, and temporal correlation across metrics to establish the sequence of failures and distinguish between primary causes versus symptoms. Until these investigations are completed, the consensus remains unresolved.
2026-01-04 12:21:05,908 - RootCauseAnalysis - INFO - >>> CONSENSUS NOT REACHED. Updating hypothesis and continuing loop. <<<
2026-01-04 12:21:05,908 - RootCauseAnalysis - INFO - ============================================================
2026-01-04 12:21:05,908 - RootCauseAnalysis - INFO - METRIC ANALYSIS - Starting
2026-01-04 12:21:05,909 - RootCauseAnalysis - INFO - ============================================================
2026-01-04 12:21:05,909 - RootCauseAnalysis - INFO - METRIC AGENT - Verifying Hypothesis: The checkoutservice is the pri...
2026-01-04 12:21:05,909 - RootCauseAnalysis - INFO - ============================================================
2026-01-04 12:21:05,909 - RootCauseAnalysis - INFO - LOG ANALYSIS - Starting
2026-01-04 12:21:05,909 - RootCauseAnalysis - INFO - ============================================================
2026-01-04 12:21:05,909 - RootCauseAnalysis - INFO - LOG AGENT - Verifying Hypothesis: The checkoutservice is the pri...
2026-01-04 12:21:05,909 - RootCauseAnalysis - INFO - ============================================================
2026-01-04 12:21:05,909 - RootCauseAnalysis - INFO - TRACE ANALYSIS - Starting
2026-01-04 12:21:05,909 - RootCauseAnalysis - INFO - ============================================================
2026-01-04 12:21:05,909 - RootCauseAnalysis - INFO - TRACE AGENT - Verifying Hypothesis: The checkoutservice is the pri...
2026-01-04 12:21:10,214 - RootCauseAnalysis - INFO - LOG AGENT - Analysis Completed
2026-01-04 12:21:14,091 - RootCauseAnalysis - INFO - METRIC AGENT - Analysis Completed
2026-01-04 12:21:14,399 - RootCauseAnalysis - INFO - TRACE AGENT - Analysis Completed
2026-01-04 12:21:14,400 - RootCauseAnalysis - INFO - ============================================================
2026-01-04 12:21:14,400 - RootCauseAnalysis - INFO - CONSENSUS ANALYSIS - Round 4
2026-01-04 12:21:14,400 - RootCauseAnalysis - INFO - Current Hypothesis: The checkoutservice is the primary root cause due to 'connection refused' errors in the trace analysis and logs, likely stemming from port or connectivity issues.
2026-01-04 12:21:14,400 - RootCauseAnalysis - INFO - ============================================================
2026-01-04 12:21:17,262 - RootCauseAnalysis - INFO - CONSENSUS AGENT OUTPUT PARSED:
2026-01-04 12:21:17,263 - RootCauseAnalysis - INFO -   - Status: DISAGREED
2026-01-04 12:21:17,263 - RootCauseAnalysis - INFO -   - New Hypothesis: The checkoutservice is the primary root cause due to 'connection refused' errors in the trace analysis and logs, likely stemming from port or connectivity issues.
2026-01-04 12:21:17,263 - RootCauseAnalysis - INFO -   - Reasoning: The hypothesis attributing the root cause to checkoutservice remains disputed due to conflicting evidence across logs, metrics, and traces. While 'connection refused' errors strongly implicate checkoutservice, additional elevated metrics in frontend ('server_error_ratio', 'rrt_max'), currencyservice, and tidb-tikv ('io_util') suggest broader systemic issues that challenge the singular fault hypothesis. These anomalies point to potential upstream bottlenecks or cascading failures originating from tidb-tikv. Experts have proposed further trace chain analysis, dependency mapping, and metric correlation to isolate causality and validate whether checkoutservice is genuinely at fault or merely symptomatic of broader systemic problems. The investigation needs to focus on temporal alignment and inter-service dependencies to reach a definitive agreement.
2026-01-04 12:21:17,263 - RootCauseAnalysis - INFO - >>> CONSENSUS NOT REACHED. Updating hypothesis and continuing loop. <<<
2026-01-04 12:21:17,263 - RootCauseAnalysis - INFO - ============================================================
2026-01-04 12:21:17,263 - RootCauseAnalysis - INFO - METRIC ANALYSIS - Starting
2026-01-04 12:21:17,263 - RootCauseAnalysis - INFO - ============================================================
2026-01-04 12:21:17,263 - RootCauseAnalysis - INFO - METRIC AGENT - Verifying Hypothesis: The checkoutservice is the pri...
2026-01-04 12:21:17,263 - RootCauseAnalysis - INFO - ============================================================
2026-01-04 12:21:17,263 - RootCauseAnalysis - INFO - LOG ANALYSIS - Starting
2026-01-04 12:21:17,263 - RootCauseAnalysis - INFO - ============================================================
2026-01-04 12:21:17,263 - RootCauseAnalysis - INFO - LOG AGENT - Verifying Hypothesis: The checkoutservice is the pri...
2026-01-04 12:21:17,263 - RootCauseAnalysis - INFO - ============================================================
2026-01-04 12:21:17,263 - RootCauseAnalysis - INFO - TRACE ANALYSIS - Starting
2026-01-04 12:21:17,263 - RootCauseAnalysis - INFO - ============================================================
2026-01-04 12:21:17,263 - RootCauseAnalysis - INFO - TRACE AGENT - Verifying Hypothesis: The checkoutservice is the pri...
2026-01-04 12:21:21,261 - RootCauseAnalysis - INFO - LOG AGENT - Analysis Completed
2026-01-04 12:21:23,309 - RootCauseAnalysis - INFO - METRIC AGENT - Analysis Completed
2026-01-04 12:21:25,978 - RootCauseAnalysis - INFO - TRACE AGENT - Analysis Completed
2026-01-04 12:21:25,978 - RootCauseAnalysis - INFO - ============================================================
2026-01-04 12:21:25,978 - RootCauseAnalysis - INFO - CONSENSUS ANALYSIS - Round 5
2026-01-04 12:21:25,978 - RootCauseAnalysis - INFO - Current Hypothesis: The checkoutservice is the primary root cause due to 'connection refused' errors in the trace analysis and logs, likely stemming from port or connectivity issues.
2026-01-04 12:21:25,978 - RootCauseAnalysis - INFO - ============================================================
2026-01-04 12:21:30,370 - RootCauseAnalysis - INFO - CONSENSUS AGENT OUTPUT PARSED:
2026-01-04 12:21:30,370 - RootCauseAnalysis - INFO -   - Status: DISAGREED
2026-01-04 12:21:30,370 - RootCauseAnalysis - INFO -   - New Hypothesis: The checkoutservice is the primary root cause due to 'connection refused' errors in the trace analysis and logs, likely stemming from port or connectivity issues.
2026-01-04 12:21:30,370 - RootCauseAnalysis - INFO -   - Reasoning: The current hypothesis that attributes the root cause to checkoutservice based on 'connection refused' errors is not conclusively supported due to conflicting evidence. Metrics indicate elevated 'server_error_ratio' and 'rrt_max' in frontend and currencyservice, along with 'io_util' contention in tidb-tikv. These systemic anomalies suggest that failures may have originated upstream from tidb-tikv or involve multiple interconnected services. Experts point out the necessity for detailed trace chain analysis, dependency mapping, and temporal metric correlation across services to determine whether checkoutservice is truly at fault or merely symptomatic. Until further investigation clarifies the sequence of failures and dependencies, the consensus on the hypothesis cannot be reached.
2026-01-04 12:21:30,370 - RootCauseAnalysis - INFO - >>> CONSENSUS NOT REACHED. Updating hypothesis and continuing loop. <<<
2026-01-04 12:21:30,370 - RootCauseAnalysis - INFO - ============================================================
2026-01-04 12:21:30,370 - RootCauseAnalysis - INFO - METRIC ANALYSIS - Starting
2026-01-04 12:21:30,370 - RootCauseAnalysis - INFO - ============================================================
2026-01-04 12:21:30,370 - RootCauseAnalysis - INFO - METRIC AGENT - Verifying Hypothesis: The checkoutservice is the pri...
2026-01-04 12:21:30,370 - RootCauseAnalysis - INFO - ============================================================
2026-01-04 12:21:30,370 - RootCauseAnalysis - INFO - LOG ANALYSIS - Starting
2026-01-04 12:21:30,370 - RootCauseAnalysis - INFO - ============================================================
2026-01-04 12:21:30,370 - RootCauseAnalysis - INFO - LOG AGENT - Verifying Hypothesis: The checkoutservice is the pri...
2026-01-04 12:21:30,370 - RootCauseAnalysis - INFO - ============================================================
2026-01-04 12:21:30,370 - RootCauseAnalysis - INFO - TRACE ANALYSIS - Starting
2026-01-04 12:21:30,370 - RootCauseAnalysis - INFO - ============================================================
2026-01-04 12:21:30,370 - RootCauseAnalysis - INFO - TRACE AGENT - Verifying Hypothesis: The checkoutservice is the pri...
2026-01-04 12:21:35,595 - RootCauseAnalysis - INFO - LOG AGENT - Analysis Completed
2026-01-04 12:21:37,560 - RootCauseAnalysis - INFO - METRIC AGENT - Analysis Completed
2026-01-04 12:21:39,499 - RootCauseAnalysis - INFO - TRACE AGENT - Analysis Completed
2026-01-04 12:21:39,500 - RootCauseAnalysis - INFO - [Tool Resp] consensus_discussion_agent
2026-01-04 12:21:39,500 - RootCauseAnalysis - INFO -     Result: {'result': "Given the disagreement articulated by the consensus agent, a structured investigation plan is required to definitively address the conflicting evidence and validate or refute the hypothesis that checkoutservice is the primary root cause. Here's how the investigation will proceed:\n\n---\n\n### **Key Points of Disagreement**\n1. **Checkoutservice 'Connection Refused' Errors**:\n   - Trace data shows checkoutservice is generating 'connection refused' errors, suggesting potential issues...
2026-01-04 12:21:39,500 - RootCauseAnalysis - INFO - [State Update] {"consensus_iteration": 6, "consensus_decision": "DISAGREED", "current_hypothesis": "The checkoutservice is the primary root cause due to 'connection refused' errors in the trace analysis and logs, likely stemming from port or connectivity issues.", "current_task_instruction": "当前处于【假设验证阶段】。\n待验证的根因假设是：'The checkoutservice is the primary root cause due to 'connection refused' errors in the trace analysis and logs, likely stemming from port or connectivity issues.'。\n请基于 Trace 数据判断该假设是否成立。\n重点：请在返回 JSON 的 'stance' 字段中明确标记 'SUPPORT' 或 'OPPOSE'。", "log_analysis_findings": "The consensus discussion reveals key disagreements about the root cause of the fault and emphasizes the complexity of the system failure. Based on the shared reasoning, here's a concise summary and actionable recommendations:\n\n---\n\n### Key Takeaways:\n1. **Hypothesis in Question:** \n   - The hypothesis attributes the root cause to checkoutservice due to 'connection refused' errors in logs and trace data, suggesting potential port or connectivity misconfigurations.\n   \n2. **Conflicting Evidence:**\n   - Metrics from frontend ('server_error_ratio', 'rrt_max'), currencyservice, and tidb-tikv ('io_util') expose broader systemic anomalies.\n   - These issues imply cascading failures or bottlenecks upstream, such as from tidb-tikv, rather than a single point of fault localized in checkoutservice.\n\n3. **Lack of Consensus:** \n   - Experts have flagged the need for deeper investigation and analysis techniques to clarify the causal links between observed symptoms and identify whether the checkoutservice issue is core or peripheral.\n\n---\n\n### Recommended Actions:\n1. **Trace Chain Analysis:**\n   - Examine the trace data to fully map service interactions and pinpoint the propagation path of failures across the system.\n\n2. **Dependency Mapping:**\n   - Build a comprehensive dependency map to identify potential misconfigurations, bottlenecks, or operational interactions within the services.\n\n3. **Temporal Correlation of Metrics:**\n   - Align logs and metrics across all implicated services (checkoutservice, frontend, currencyservice, tidb-tikv) within the fault timeframe to distinguish causes from symptoms.\n\n---\n\n### Strategic Focus:\n- Employ multi-disciplinary expertise involving network, application, and database specialists to ensure all affected layers are analyzed.\n- Validate whether checkoutservice is the originating root cause or merely symptomatic of broader system-wide issues, particularly tied to tidb-tikv bottlenecks.\n\n---\n\n### Conclusion:\nThe hypothesis regarding checkoutservice as the root cause remains inconclusive, necessitating expanded investigations across dependencies and metrics. Identifying the root cause will require systematic and collaborative efforts to resolve the discrepancies observed, thereby leading to actionable corrective strategies.", "metric_analysis_findings": "### Structured Consensus Framework\n\nGiven the disagreement highlighted by [consensus_agent], the following framework is proposed to advance the investigation and develop a definitive consensus on the root cause:\n\n---\n\n### Observations Challenging the Hypothesis\n\n1. **Checkoutservice Indication**:\n   - 'Connection refused' errors observed in trace and log data imply a potential application-layer fault, such as port or connectivity issues.\n   - However, this evidence alone does not confirm checkoutservice as the root cause.\n\n2. **Broader System Metrics**:\n   - Elevated 'server_error_ratio' and 'rrt_max' in frontend and currencyservice indicate performance degradation beyond checkoutservice.\n   - Tidb-tikv I/O contention ('io_util') points to possible database overload, suggesting upstream bottlenecks affecting overall traffic and responses.\n\n3. **Interdependent Complexity**:\n   - Cascading failures across components (checkoutservice, frontend, currencyservice, tidb-tikv) make it difficult to isolate the primary fault.\n   - Temporal analysis and dependency mapping are essential to determine whether anomalies originated upstream or downstream.\n\n---\n\n### Investigation Roadmap\n\n#### 1. **Trace Chain Analysis**:\n   - **Objective**: Map fault propagation across services.\n   - **Actions**:\n     a. Analyze checkoutservice traces to identify latency and error propagation toward frontend and currencyservice.\n     b. Investigate tidb-tikv traces for potential database-induced impact (query execution delays, I/O lock contention affecting connected services).\n\n#### 2. **Dependency Mapping**:\n   - **Objective**: Establish relationships between services and database.\n   - **Actions**:\n     a. Draft a service dependency graph, explicitly showcasing how checkoutservice, frontend, and currencyservice depend on tidb-tikv and interact with each other.\n     b. Focus on critical nodes where failures may cascade downstream.\n\n#### 3. **Temporal Metric Correlation**:\n   - **Objective**: Align metrics to verify the sequence of failures.\n   - **Actions**:\n     a. Create a timeline of anomalies (checkoutservice connection errors, frontend/currencyservice metric spikes, tidb-tikv I/O contention).\n     b. Identify which component exhibited anomalies first and whether subsequent issues were reactive or independent.\n\n---\n\n### Consensus Goals\n\n- **Root Cause Validation**:\n  - Determine if checkoutservice is genuinely the root cause of the disruptions or merely a failure symptom propagated by upstream components.\n  - Establish causality between tidb-tikv database contention and service-wide performance degradation.\n\n- **Unified Diagnosis**:\n  - Reach expert agreement on failure sequence and causality using trace, dependency, and temporal analysis outputs.\n\n- **Actionable Resolution**:\n  - Formulate mitigation measures based on findings to prevent recurrence (e.g., port configuration reviews, dependency optimizations, database tuning).\n\n---\n\n### Collaboration Plan\n\n1. **Facilitated Dialogue**:\n   - Share trace chain and dependency mapping analyses with domain-specific experts (database, network, application teams) to solicit insights.\n   - Leverage temporal metric findings to guide discussions on causality.\n\n2. **Outcome Alignment**:\n   - Reconvene experts to integrate findings, validate the hypothesis, or develop alternative explanations for observed failures.\n   \n3. **Reporting and Recommendations**:\n   - Finalize root cause assessment and compile targeted remediation steps for affected systems.\n\n---\n\nIf additional data collection or deeper analysis is required (e.g., further trace logs, query statistics), please specify.", "trace_analysis_findings": "Given the disagreement articulated by the consensus agent, a structured investigation plan is required to definitively address the conflicting evidence and validate or refute the hypothesis that checkoutservice is the primary root cause. Here's how the investigation will proceed:\n\n---\n\n### **Key Points of Disagreement**\n1. **Checkoutservice 'Connection Refused' Errors**:\n   - Trace data shows checkoutservice is generating 'connection refused' errors, suggesting potential issues like port misconfiguration or connectivity problems.\n   - Checkoutservice is consequently suspected as the root cause.\n\n2. **Confounding Evidence from Metrics**:\n   - Elevated metrics in **frontend** ('server_error_ratio', 'rrt_max') and **currencyservice** suggest broader impact or propagation of failures.\n   - **Tidb-tikv database** shows I/O contention ('io_util'), indicating potential upstream bottlenecks impacting downstream services like checkoutservice.\n\n3. **Complex Dependency Chain**:\n   - Dependencies among services (checkoutservice's reliance on tidb-tikv) raise the possibility that checkoutservice errors are symptomatic of upstream issues.\n\n---\n\n### **Primary Investigation Goals**\n1. **Determine Chronology**:\n   - Pinpoint the **first service to fail** during the anomaly period (Is checkoutservice the origin of failures or a victim?).\n\n2. **Isolate Dependencies**:\n   - Establish causal relationships between tidb-tikv contention and checkoutservice errors, as well as cross-service metrics anomalies.\n\n3. **Verify Hypothesis**:\n   - Confirm whether checkoutservice issues were caused by internal misconfiguration (validating the hypothesis) or external dependencies (opposing the hypothesis).\n\n---\n\n### **Investigation Plan**\n\n#### **Step 1: Trace Chain Analysis**\n   - Analyze trace data to map the exact sequence of service interactions during the anomaly.\n     - **Focus Areas**:\n         - Identify the first service to show errors.\n         - Locate the origin of critical failure modes: 'connection refused', latency spikes, or cascading failures.\n         - Confirm whether checkoutservice was directly responsible for errors or was impacted by prior failures in its dependency chain.\n\n#### **Step 2: Dependency Mapping**\n   - Build an updated dependency topology for the time window of the anomaly:\n     - Cart → Redis.\n     - ProductCatalog → TiDB.\n     - Checkout → Cart, ProductCatalog, Currency, Shipping, etc.\n   - Focus on tidb-tikv contention:\n     - Identify if tidb-tikv's I/O bottleneck propagated failures to checkoutservice or other downstream services.\n     - Check for anomalies in services querying database responses (ProductCatalog, Checkoutservice).\n\n#### **Step 3: Temporal Metric Correlation**\n   - Verify alignment between observed elevated metric anomalies:\n     - Frontend ('server_error_ratio', 'rrt_max').\n     - Currencyservice delays.\n     - Checkoutservice connection failure patterns.\n     - Tidb-tikv I/O contention events.\n   - Correlate timestamps of failures across services to establish causality.\n\n#### **Step 4: Cross-Domain Validation**\n   - Engage relevant experts:\n     - Network engineers to validate connectivity issues implied by 'connection refused' errors in checkoutservice.\n     - Infrastructure specialists to analyze tidb-tikv contention ('io_util') and potential cascading impact.\n     - Service administrators for frontend/currencyservice to identify cross-service interdependencies during the anomaly period.\n\n---\n\n### **Hypotheses Refined for Consensus**\nAfter conducting the above analyses, multiple outcomes are possible:\n\n1. **Hypothesis Supported**:\n   - Checkoutservice's 'connection refused' errors are conclusively shown to stem from port misconfigurations or connectivity issues.\n   - Other anomalies (frontend and tidb-tikv metrics) are secondary symptoms caused by checkoutservice failures.\n\n2. **Hypothesis Opposed**:\n   - Checkoutservice issues are traced back to external factors such as tidb-tikv database contention or cascading failures from upstream services like currencyservice.\n   - Checkoutservice connection errors are symptoms rather than the root cause.\n\n3. **Multi-Cause Fault Model**:\n   - Simultaneous failures in tidb-tikv, checkoutservice, and other services combine to create the observed fault.\n\n---\n\n### **Expected Outcome**\nBy following this plan:\n- **Trace visibility** will clarify causality between components during the anomaly.\n- **Dependency mapping** will ensure comprehensive analysis of tidb-tikv, checkoutservice, and upstream services.\n- **Temporal alignment** of metrics ensures accurate validation of service fault timelines.\n\nThe investigation should conclusively resolve the **DISAGREED** status by providing clear evidence for the hypothesis, marking it as supported or opposed, or proposing a new multi-causal hypothesis."}
2026-01-04 12:21:41,030 - RootCauseAnalysis - INFO - [Tool Call] report_agent
2026-01-04 12:21:41,030 - RootCauseAnalysis - INFO -     Args: {'request': 'generate final report based on consensus discussion'}...
2026-01-04 12:21:41,031 - RootCauseAnalysis - INFO - ============================================================
2026-01-04 12:21:41,031 - RootCauseAnalysis - INFO - REPORT ANALYSIS - Starting
2026-01-04 12:21:44,206 - RootCauseAnalysis - INFO - REPORT ANALYSIS COMPLETED - Saved results in report_analysis_output.json
2026-01-04 12:21:44,206 - RootCauseAnalysis - INFO - [Tool Resp] report_agent
2026-01-04 12:21:44,206 - RootCauseAnalysis - INFO -     Result: {'uuid': 'a7ed866b-406', 'component': 'checkoutservice', 'reason': "checkoutservice 'connection refused' errors due to port misconfiguration", 'reasoning_trace': [{'step': 1, 'action': 'LoadMetrics(checkoutservice)', 'observation': 'server_error_ratio increased sharply'}, {'step': 2, 'action': 'LogSearch(checkoutservice)', 'observation': "Found 'connection refused' error logs"}, {'step': 3, 'action': 'TraceAnalysis(a7ed866b-406)', 'observation': 'checkoutservice calls failing due to port issue'}...
2026-01-04 12:21:44,206 - RootCauseAnalysis - INFO - [State Update] {"hypotheses_summary": "The checkoutservice is the primary root cause due to 'connection refused' errors in the trace analysis and logs, likely stemming from port or connectivity issues.", "log_analysis_findings": "The consensus discussion reveals key disagreements about the root cause of the fault and emphasizes the complexity of the system failure. Based on the shared reasoning, here's a concise summary and actionable recommendations:\n\n---\n\n### Key Takeaways:\n1. **Hypothesis in Question:** \n   - The hypothesis attributes the root cause to checkoutservice due to 'connection refused' errors in logs and trace data, suggesting potential port or connectivity misconfigurations.\n   \n2. **Conflicting Evidence:**\n   - Metrics from frontend ('server_error_ratio', 'rrt_max'), currencyservice, and tidb-tikv ('io_util') expose broader systemic anomalies.\n   - These issues imply cascading failures or bottlenecks upstream, such as from tidb-tikv, rather than a single point of fault localized in checkoutservice.\n\n3. **Lack of Consensus:** \n   - Experts have flagged the need for deeper investigation and analysis techniques to clarify the causal links between observed symptoms and identify whether the checkoutservice issue is core or peripheral.\n\n---\n\n### Recommended Actions:\n1. **Trace Chain Analysis:**\n   - Examine the trace data to fully map service interactions and pinpoint the propagation path of failures across the system.\n\n2. **Dependency Mapping:**\n   - Build a comprehensive dependency map to identify potential misconfigurations, bottlenecks, or operational interactions within the services.\n\n3. **Temporal Correlation of Metrics:**\n   - Align logs and metrics across all implicated services (checkoutservice, frontend, currencyservice, tidb-tikv) within the fault timeframe to distinguish causes from symptoms.\n\n---\n\n### Strategic Focus:\n- Employ multi-disciplinary expertise involving network, application, and database specialists to ensure all affected layers are analyzed.\n- Validate whether checkoutservice is the originating root cause or merely symptomatic of broader system-wide issues, particularly tied to tidb-tikv bottlenecks.\n\n---\n\n### Conclusion:\nThe hypothesis regarding checkoutservice as the root cause remains inconclusive, necessitating expanded investigations across dependencies and metrics. Identifying the root cause will require systematic and collaborative efforts to resolve the discrepancies observed, thereby leading to actionable corrective strategies.", "metric_analysis_findings": "### Structured Consensus Framework\n\nGiven the disagreement highlighted by [consensus_agent], the following framework is proposed to advance the investigation and develop a definitive consensus on the root cause:\n\n---\n\n### Observations Challenging the Hypothesis\n\n1. **Checkoutservice Indication**:\n   - 'Connection refused' errors observed in trace and log data imply a potential application-layer fault, such as port or connectivity issues.\n   - However, this evidence alone does not confirm checkoutservice as the root cause.\n\n2. **Broader System Metrics**:\n   - Elevated 'server_error_ratio' and 'rrt_max' in frontend and currencyservice indicate performance degradation beyond checkoutservice.\n   - Tidb-tikv I/O contention ('io_util') points to possible database overload, suggesting upstream bottlenecks affecting overall traffic and responses.\n\n3. **Interdependent Complexity**:\n   - Cascading failures across components (checkoutservice, frontend, currencyservice, tidb-tikv) make it difficult to isolate the primary fault.\n   - Temporal analysis and dependency mapping are essential to determine whether anomalies originated upstream or downstream.\n\n---\n\n### Investigation Roadmap\n\n#### 1. **Trace Chain Analysis**:\n   - **Objective**: Map fault propagation across services.\n   - **Actions**:\n     a. Analyze checkoutservice traces to identify latency and error propagation toward frontend and currencyservice.\n     b. Investigate tidb-tikv traces for potential database-induced impact (query execution delays, I/O lock contention affecting connected services).\n\n#### 2. **Dependency Mapping**:\n   - **Objective**: Establish relationships between services and database.\n   - **Actions**:\n     a. Draft a service dependency graph, explicitly showcasing how checkoutservice, frontend, and currencyservice depend on tidb-tikv and interact with each other.\n     b. Focus on critical nodes where failures may cascade downstream.\n\n#### 3. **Temporal Metric Correlation**:\n   - **Objective**: Align metrics to verify the sequence of failures.\n   - **Actions**:\n     a. Create a timeline of anomalies (checkoutservice connection errors, frontend/currencyservice metric spikes, tidb-tikv I/O contention).\n     b. Identify which component exhibited anomalies first and whether subsequent issues were reactive or independent.\n\n---\n\n### Consensus Goals\n\n- **Root Cause Validation**:\n  - Determine if checkoutservice is genuinely the root cause of the disruptions or merely a failure symptom propagated by upstream components.\n  - Establish causality between tidb-tikv database contention and service-wide performance degradation.\n\n- **Unified Diagnosis**:\n  - Reach expert agreement on failure sequence and causality using trace, dependency, and temporal analysis outputs.\n\n- **Actionable Resolution**:\n  - Formulate mitigation measures based on findings to prevent recurrence (e.g., port configuration reviews, dependency optimizations, database tuning).\n\n---\n\n### Collaboration Plan\n\n1. **Facilitated Dialogue**:\n   - Share trace chain and dependency mapping analyses with domain-specific experts (database, network, application teams) to solicit insights.\n   - Leverage temporal metric findings to guide discussions on causality.\n\n2. **Outcome Alignment**:\n   - Reconvene experts to integrate findings, validate the hypothesis, or develop alternative explanations for observed failures.\n   \n3. **Reporting and Recommendations**:\n   - Finalize root cause assessment and compile targeted remediation steps for affected systems.\n\n---\n\nIf additional data collection or deeper analysis is required (e.g., further trace logs, query statistics), please specify.", "trace_analysis_findings": "Given the disagreement articulated by the consensus agent, a structured investigation plan is required to definitively address the conflicting evidence and validate or refute the hypothesis that checkoutservice is the primary root cause. Here's how the investigation will proceed:\n\n---\n\n### **Key Points of Disagreement**\n1. **Checkoutservice 'Connection Refused' Errors**:\n   - Trace data shows checkoutservice is generating 'connection refused' errors, suggesting potential issues like port misconfiguration or connectivity problems.\n   - Checkoutservice is consequently suspected as the root cause.\n\n2. **Confounding Evidence from Metrics**:\n   - Elevated metrics in **frontend** ('server_error_ratio', 'rrt_max') and **currencyservice** suggest broader impact or propagation of failures.\n   - **Tidb-tikv database** shows I/O contention ('io_util'), indicating potential upstream bottlenecks impacting downstream services like checkoutservice.\n\n3. **Complex Dependency Chain**:\n   - Dependencies among services (checkoutservice's reliance on tidb-tikv) raise the possibility that checkoutservice errors are symptomatic of upstream issues.\n\n---\n\n### **Primary Investigation Goals**\n1. **Determine Chronology**:\n   - Pinpoint the **first service to fail** during the anomaly period (Is checkoutservice the origin of failures or a victim?).\n\n2. **Isolate Dependencies**:\n   - Establish causal relationships between tidb-tikv contention and checkoutservice errors, as well as cross-service metrics anomalies.\n\n3. **Verify Hypothesis**:\n   - Confirm whether checkoutservice issues were caused by internal misconfiguration (validating the hypothesis) or external dependencies (opposing the hypothesis).\n\n---\n\n### **Investigation Plan**\n\n#### **Step 1: Trace Chain Analysis**\n   - Analyze trace data to map the exact sequence of service interactions during the anomaly.\n     - **Focus Areas**:\n         - Identify the first service to show errors.\n         - Locate the origin of critical failure modes: 'connection refused', latency spikes, or cascading failures.\n         - Confirm whether checkoutservice was directly responsible for errors or was impacted by prior failures in its dependency chain.\n\n#### **Step 2: Dependency Mapping**\n   - Build an updated dependency topology for the time window of the anomaly:\n     - Cart → Redis.\n     - ProductCatalog → TiDB.\n     - Checkout → Cart, ProductCatalog, Currency, Shipping, etc.\n   - Focus on tidb-tikv contention:\n     - Identify if tidb-tikv's I/O bottleneck propagated failures to checkoutservice or other downstream services.\n     - Check for anomalies in services querying database responses (ProductCatalog, Checkoutservice).\n\n#### **Step 3: Temporal Metric Correlation**\n   - Verify alignment between observed elevated metric anomalies:\n     - Frontend ('server_error_ratio', 'rrt_max').\n     - Currencyservice delays.\n     - Checkoutservice connection failure patterns.\n     - Tidb-tikv I/O contention events.\n   - Correlate timestamps of failures across services to establish causality.\n\n#### **Step 4: Cross-Domain Validation**\n   - Engage relevant experts:\n     - Network engineers to validate connectivity issues implied by 'connection refused' errors in checkoutservice.\n     - Infrastructure specialists to analyze tidb-tikv contention ('io_util') and potential cascading impact.\n     - Service administrators for frontend/currencyservice to identify cross-service interdependencies during the anomaly period.\n\n---\n\n### **Hypotheses Refined for Consensus**\nAfter conducting the above analyses, multiple outcomes are possible:\n\n1. **Hypothesis Supported**:\n   - Checkoutservice's 'connection refused' errors are conclusively shown to stem from port misconfigurations or connectivity issues.\n   - Other anomalies (frontend and tidb-tikv metrics) are secondary symptoms caused by checkoutservice failures.\n\n2. **Hypothesis Opposed**:\n   - Checkoutservice issues are traced back to external factors such as tidb-tikv database contention or cascading failures from upstream services like currencyservice.\n   - Checkoutservice connection errors are symptoms rather than the root cause.\n\n3. **Multi-Cause Fault Model**:\n   - Simultaneous failures in tidb-tikv, checkoutservice, and other services combine to create the observed fault.\n\n---\n\n### **Expected Outcome**\nBy following this plan:\n- **Trace visibility** will clarify causality between components during the anomaly.\n- **Dependency mapping** will ensure comprehensive analysis of tidb-tikv, checkoutservice, and upstream services.\n- **Temporal alignment** of metrics ensures accurate validation of service fault timelines.\n\nThe investigation should conclusively resolve the **DISAGREED** status by providing clear evidence for the hypothesis, marking it as supported or opposed, or proposing a new multi-causal hypothesis.", "report_analysis_findings": {"uuid": "a7ed866b-406", "component": "checkoutservice", "reason": "checkoutservice 'connection refused' errors due to port misconfiguration", "reasoning_trace": [{"step": 1, "action": "LoadMetrics(checkoutservice)", "observation": "server_error_ratio increased sharply"}, {"step": 2, "action": "LogSearch(checkoutservice)", "observation": "Found 'connection refused' error logs"}, {"step": 3, "action": "TraceAnalysis(a7ed866b-406)", "observation": "checkoutservice calls failing due to port issue"}]}, "report_analysis_completed": true}
2026-01-04 12:21:47,178 - RootCauseAnalysis - INFO - ORCHESTRATOR AGENT - Execution Completed
2026-01-04 12:21:47,178 - RootCauseAnalysis - INFO - [Final State Summary]
2026-01-04 12:21:47,178 - RootCauseAnalysis - INFO -    - current_hypothesis: The checkoutservice is the primary root cause due to 'connection refused' errors in the trace analysis and logs, likely stemming from port or connectivity issues.
2026-01-04 12:21:47,178 - RootCauseAnalysis - INFO -    - consensus_decision: DISAGREED
2026-01-04 12:21:47,178 - RootCauseAnalysis - INFO -    - consensus_iteration: 6
2026-01-04 12:21:47,178 - RootCauseAnalysis - INFO - === END SESSION ===
