2026-01-04 10:45:44,936 - RootCauseAnalysis - INFO - === START SESSION: 9ce187ea-493 (Run #2) ===
2026-01-04 10:45:44,936 - RootCauseAnalysis - INFO - [Processing] 9ce187ea-493 (Run #2) | Log: logs/9ce187ea-493/run2_20260104_104544.log
2026-01-04 10:45:44,936 - RootCauseAnalysis - INFO - ============================================================
2026-01-04 10:45:44,936 - RootCauseAnalysis - INFO - ORCHESTRATOR AGENT - Initializing
2026-01-04 10:45:44,936 - RootCauseAnalysis - INFO - ============================================================
2026-01-04 10:45:44,936 - RootCauseAnalysis - INFO - [State Update] {"query_parsed_completed": false, "raw_metric_result": "（等待写入...）", "metric_data_collected": false, "raw_log_result": "（等待写入...）", "log_data_collected": false, "raw_trace_result": "（等待写入...）", "trace_data_collected": false, "current_iteration": 0, "current_hypothesis": "（等待写入...）", "log_analysis_findings": "（等待数据收集...）", "metric_analysis_findings": "（等待数据收集...）", "trace_analysis_findings": "（等待数据收集...）"}
2026-01-04 10:45:46,586 - RootCauseAnalysis - INFO - [Tool Call] parse_user_input
2026-01-04 10:45:46,586 - RootCauseAnalysis - INFO -     Args: {'input_json': '{"Anomaly Description": "The system experienced an anomaly from 2025-06-24T06:10:34Z to 2025-06-24T06:23:34Z. Please infer the possible cause.", "uuid": "9ce187ea-493"}'}...
2026-01-04 10:45:46,586 - RootCauseAnalysis - INFO - [Tool Resp] parse_user_input
2026-01-04 10:45:46,586 - RootCauseAnalysis - INFO -     Result: {'uuid': '9ce187ea-493', 'user_query': 'The system experienced an anomaly from 2025-06-24T06:10:34Z to 2025-06-24T06:23:34Z. Please infer the possible cause.'}
2026-01-04 10:45:46,586 - RootCauseAnalysis - INFO - [State Update] {"query_parsed_completed": true}
2026-01-04 10:45:48,303 - RootCauseAnalysis - INFO - [Tool Call] data_collection_agent
2026-01-04 10:45:48,303 - RootCauseAnalysis - INFO -     Args: {'request': '开始针对 UUID 为 9ce187ea-493 的系统进行全量数据采集，包括 Logs、Metrics 和 Traces 数据，以支持后续根因分析流程。'}...
2026-01-04 10:45:48,303 - RootCauseAnalysis - INFO - ============================================================
2026-01-04 10:45:48,303 - RootCauseAnalysis - INFO - METRIC ANALYSIS - Starting
2026-01-04 10:45:48,303 - RootCauseAnalysis - INFO - ============================================================
2026-01-04 10:45:48,303 - RootCauseAnalysis - INFO - METRIC AGENT - Initial Scanning
2026-01-04 10:45:48,303 - RootCauseAnalysis - INFO - ============================================================
2026-01-04 10:45:48,303 - RootCauseAnalysis - INFO - LOG ANALYSIS - Starting
2026-01-04 10:45:48,303 - RootCauseAnalysis - INFO - ============================================================
2026-01-04 10:45:48,303 - RootCauseAnalysis - INFO - LOG AGENT - Initial Scanning
2026-01-04 10:45:48,303 - RootCauseAnalysis - INFO - ============================================================
2026-01-04 10:45:48,303 - RootCauseAnalysis - INFO - TRACE ANALYSIS - Starting
2026-01-04 10:45:48,303 - RootCauseAnalysis - INFO - ============================================================
2026-01-04 10:45:48,303 - RootCauseAnalysis - INFO - TRACE AGENT - Initial Scanning
2026-01-04 10:46:10,806 - RootCauseAnalysis - WARNING - LOG AGENT - Log data not collected.
2026-01-04 10:46:12,858 - RootCauseAnalysis - INFO - METRIC AGENT - Analysis Completed
2026-01-04 10:46:13,622 - RootCauseAnalysis - INFO - TRACE AGENT - Analysis Completed
2026-01-04 10:46:13,623 - RootCauseAnalysis - INFO - [Tool Resp] data_collection_agent
2026-01-04 10:46:13,623 - RootCauseAnalysis - INFO -     Result: {'result': '```json\n{\n  "stance": "NEUTRAL",\n  "detected_trace_keys": [\n    "latency_spike",\n    "checkoutservice->cartservice",\n    "cartservice->redis",\n    "checkoutservice->paymentservice",\n    "checkoutservice->shippingservice",\n    "checkoutservice->emailservice"\n  ],\n  "hypotheses": [\n    {\n      "component": "checkoutservice",\n      "reason": "显著延迟超高倍数，可能是主要瓶颈",\n      "evidence": "hipstershop.CheckoutService/PlaceOrder 平均时长从 154721.13 增加到 262093.08"\n    },\n    {\n      "...
2026-01-04 10:46:13,623 - RootCauseAnalysis - INFO - [State Update] {"current_task_instruction": "当前处于【初始扫描阶段】。\n请对 Trace 数据进行全面扫描，找出所有显著的异常调用链。\n重点：请在返回 JSON 的 'stance' 字段中标记 'NEUTRAL'，并在 'hypotheses' 中列出你的发现。", "raw_metric_result": {"status": "success", "message": "成功加载metric数据。UUID: 9ce187ea-493", "anomaly_metrics": "metric_type,service_name,pod_name,node_name,metric_name,normal_median,fault_median,normal_p99,fault_p99,median_change_ratio,p99_change_ratio\nservice,emailservice,emailservice-2,N/A,rrt_max,5465.0,4641.0,9409.24,63027.8,0.1631,1.4804\nservice,currencyservice,currencyservice-1,N/A,rrt_max,8174.0,8023.0,77155.72,15304.36,0.0186,1.3379\nservice,shippingservice,shippingservice-0,N/A,rrt_max,5216.0,5177.0,10918.9,40480.84,0.0075,1.1503\nservice,adservice,adservice-2,N/A,client_error_ratio,0.0,0.0,0.23,0.57,0.0,0.8341\nservice,adservice,adservice-2,N/A,error_ratio,0.0,0.0,0.23,0.57,0.0,0.8341\nservice,emailservice,emailservice-0,N/A,rrt_max,3567.0,3554.0,31128.96,13116.76,0.0037,0.8142\nservice,shippingservice,shippingservice-1,N/A,rrt_max,2551.0,2261.0,11445.86,5057.92,0.1205,0.7741\nservice,cartservice,cartservice-1,N/A,rrt,1610.38,1717.18,4056.57,7938.48,0.0642,0.6473\nservice,productcatalogservice,productcatalogservice-2,N/A,rrt_max,34779.5,45643.0,61427.8,118850.28,0.2702,0.637\nservice,recommendationservice,recommendationservice-0,N/A,rrt_max,18256.5,19849.0,39727.48,24586.52,0.0836,0.4708\nnode,N/A,N/A,aiops-k8s-04,node_memory_usage_rate,27.15,42.03,41.88,42.68,0.4302,0.0189\nservice,shippingservice,shippingservice-2,N/A,rrt_max,2425.0,3146.0,10078.36,6526.84,0.2588,0.4278\nnode,N/A,N/A,aiops-k8s-03,node_memory_usage_rate,27.24,41.28,39.82,42.49,0.4096,0.0649\nservice,emailservice,emailservice-2,N/A,rrt,1852.73,1872.13,2833.94,4172.25,0.0104,0.382\nservice,currencyservice,currencyservice-2,N/A,rrt_max,8973.0,7284.0,54419.26,78730.84,0.2078,0.3652\nservice,cartservice,cartservice-2,N/A,rrt,1448.35,1411.18,4125.27,2859.45,0.026,0.3625\nnode,N/A,N/A,aiops-k8s-01,node_memory_usage_rate,48.16,47.12,67.59,47.47,0.0217,0.3498\nservice,shippingservice,shippingservice-1,N/A,rrt,1156.44,1037.6,1865.84,1313.2,0.1083,0.3477\nservice,paymentservice,paymentservice-2,N/A,rrt_max,2087.0,1987.0,5310.88,7526.44,0.0491,0.3452\nservice,cartservice,cartservice-0,N/A,rrt_max,10239.5,10571.0,84362.7,113331.56,0.0319,0.2931\nnode,N/A,N/A,aiops-k8s-04,node_memory_MemAvailable_bytes,11889610752.0,9393512448.0,12451833077.76,9661427712.0,0.2346,0.2524\nnode,N/A,N/A,aiops-k8s-03,node_memory_MemAvailable_bytes,11659796480.0,9305239552.0,12012371066.88,9774633287.68,0.2246,0.2054\nservice,redis,redis-cart-0,N/A,rrt,165.95,167.82,1483.32,1168.92,0.0112,0.2371\nservice,paymentservice,paymentservice-0,N/A,rrt_max,2175.0,2119.0,6321.8,4998.04,0.0261,0.2339\nservice,paymentservice,paymentservice-1,N/A,rrt,1992.89,2081.75,3115.18,2521.18,0.0436,0.2108\nnode,N/A,N/A,aiops-k8s-08,node_memory_MemAvailable_bytes,9155629056.0,11082215424.0,12110699479.04,11267299409.92,0.1904,0.0722\nservice,emailservice,emailservice-1,N/A,rrt_max,3588.0,4404.0,8383.04,8025.48,0.2042,0.0436\nservice,emailservice,emailservice-0,N/A,rrt,1618.74,1622.38,2694.12,2211.27,0.0022,0.1969\npod,N/A,redis-cart-0,N/A,pod_cpu_usage,0.0,0.0,0.09,0.11,0.0,0.1968\nservice,productcatalogservice,productcatalogservice-0,N/A,rrt_max,15136.5,17627.0,23712.89,28772.08,0.152,0.1928\n", "unique_entities": {"service_name": ["adservice", "cartservice", "checkoutservice", "currencyservice", "emailservice", "frontend", "paymentservice", "productcatalogservice", "recommendationservice", "redis", "shippingservice", "tidb-pd", "tidb-tidb", "tidb-tikv"], "node_name": ["aiops-k8s-01", "aiops-k8s-02", "aiops-k8s-03", "aiops-k8s-04", "aiops-k8s-05", "aiops-k8s-06", "aiops-k8s-07", "aiops-k8s-08"], "pod_name": ["adservice-0", "adservice-1", "adservice-2", "cartservice-0", "cartservice-1", "cartservice-2", "checkoutservice-0", "checkoutservice-1", "checkoutservice-2", "currencyservice-0", "currencyservice-1", "currencyservice-2", "emailservice-0", "emailservice-1", "emailservice-2", "frontend-0", "frontend-1", "frontend-2", "paymentservice-0", "paymentservice-1", "paymentservice-2", "productcatalogservice-0", "productcatalogservice-1", "productcatalogservice-2", "recommendationservice-0", "recommendationservice-1", "recommendationservice-2", "redis-cart-0", "shippingservice-0", "shippingservice-1", "shippingservice-2"]}, "node_pod_mapping": {"aiops-k8s-01": ["checkoutservice-2", "emailservice-1", "shippingservice-0", "recommendationservice-2"], "aiops-k8s-02": [], "aiops-k8s-03": ["currencyservice-2", "shippingservice-2", "productcatalogservice-2", "recommendationservice-1", "adservice-0", "cartservice-1"], "aiops-k8s-04": ["paymentservice-2", "frontend-0", "currencyservice-0", "cartservice-0", "productcatalogservice-1"], "aiops-k8s-05": ["productcatalogservice-1", "paymentservice-1", "checkoutservice-0"], "aiops-k8s-06": ["emailservice-2", "currencyservice-1", "frontend-1"], "aiops-k8s-07": ["shippingservice-1", "emailservice-0", "adservice-1"], "aiops-k8s-08": ["frontend-2", "cartservice-2", "redis-cart-0", "productcatalogservice-0", "paymentservice-0", "checkoutservice-1", "recommendationservice-0", "adservice-2"]}, "matched_anomaly": "The system experienced an anomaly from 2025-06-24T06:10:34Z to 2025-06-24T06:23:34Z. Please infer the possible cause.", "time_range": "2025-06-24 06:10:34+00:00 to 2025-06-24 06:23:34+00:00"}, "metric_data_collected": true, "node_pod_mapping": {"aiops-k8s-01": ["checkoutservice-2", "emailservice-1", "shippingservice-0", "recommendationservice-2"], "aiops-k8s-02": [], "aiops-k8s-03": ["currencyservice-2", "shippingservice-2", "productcatalogservice-2", "recommendationservice-1", "adservice-0", "cartservice-1"], "aiops-k8s-04": ["paymentservice-2", "frontend-0", "currencyservice-0", "cartservice-0", "productcatalogservice-1"], "aiops-k8s-05": ["productcatalogservice-1", "paymentservice-1", "checkoutservice-0"], "aiops-k8s-06": ["emailservice-2", "currencyservice-1", "frontend-1"], "aiops-k8s-07": ["shippingservice-1", "emailservice-0", "adservice-1"], "aiops-k8s-08": ["frontend-2", "cartservice-2", "redis-cart-0", "productcatalogservice-0", "paymentservice-0", "checkoutservice-1", "recommendationservice-0", "adservice-2"]}, "raw_trace_result": {"status": "success", "message": "成功加载trace数据。UUID: 9ce187ea-493，共 20 个异常组合，0 个状态组合", "filtered_traces": "node_name,service_name,parent_pod,child_pod,operation_name,normal_avg_duration,anomaly_avg_duration,anomaly_count\naiops-k8s-03,productcatalogservice,frontend-0,productcatalogservice-2,hipstershop.ProductCatalogService/GetProduct,10040.36980941472,11094.386547693857,出现次数:7\naiops-k8s-03,productcatalogservice,frontend-1,productcatalogservice-2,hipstershop.ProductCatalogService/GetProduct,10037.802504364336,10998.65898556625,出现次数:4\naiops-k8s-08,checkoutservice,frontend-2,checkoutservice-1,hipstershop.CheckoutService/PlaceOrder,154721.13372237785,262093.08333333334,出现次数:2\naiops-k8s-03,cartservice,checkoutservice-1,cartservice-1,POST /hipstershop.CartService/EmptyCart,2414.1330128205127,24201.333333333336,出现次数:2\naiops-k8s-03,redis,cartservice-1,cartservice-1,HMSET,1655.4384269092025,23432.0,出现次数:2\naiops-k8s-08,frontend,frontend-2,frontend-2,hipstershop.CheckoutService/PlaceOrder,156733.32721158856,265099.75,出现次数:2\naiops-k8s-08,checkoutservice,checkoutservice-1,checkoutservice-1,hipstershop.CartService/GetCart,8152.600102326045,14703.7,出现次数:2\naiops-k8s-04,redis,cartservice-0,cartservice-0,HGET,1739.7426895431556,8256.269841269841,出现次数:1\naiops-k8s-03,redis,cartservice-1,cartservice-1,HGET,1771.4157464335137,24056.5,出现次数:1\naiops-k8s-04,cartservice,checkoutservice-1,cartservice-0,POST /hipstershop.CartService/GetCart,2348.5319264069267,25573.666666666668,出现次数:1\naiops-k8s-08,checkoutservice,checkoutservice-1,checkoutservice-1,hipstershop.PaymentService/Charge,13865.837972945994,37287.0,出现次数:1\naiops-k8s-08,cartservice,checkoutservice-1,cartservice-2,POST /hipstershop.CartService/GetCart,2014.9075854700857,27208.333333333332,出现次数:1\naiops-k8s-03,cartservice,checkoutservice-1,cartservice-1,POST /hipstershop.CartService/GetCart,2263.9962365591396,24922.5,出现次数:1\naiops-k8s-04,frontend,frontend-0,frontend-0,hipstershop.CheckoutService/PlaceOrder,148672.4155652128,315352.0,出现次数:1\naiops-k8s-07,shippingservice,checkoutservice-1,shippingservice-1,hipstershop.ShippingService/ShipOrder,240.47435897435898,903.0,出现次数:1\naiops-k8s-06,emailservice,checkoutservice-1,emailservice-2,/hipstershop.EmailService/SendOrderConfirmation,753.5763888888888,2649.0,出现次数:1\naiops-k8s-04,cartservice,frontend-1,cartservice-0,POST /hipstershop.CartService/GetCart,2554.211789705742,10054.636363636364,出现次数:1\naiops-k8s-06,frontend,frontend-1,frontend-1,hipstershop.CurrencyService/GetSupportedCurrencies,2864.123828486679,5372.964285714285,出现次数:1\naiops-k8s-06,frontend,frontend-1,frontend-1,hipstershop.CartService/GetCart,3932.5934219641285,11849.472727272727,出现次数:1\naiops-k8s-03,productcatalogservice,frontend-2,productcatalogservice-2,hipstershop.ProductCatalogService/GetProduct,9500.514608593403,11525.930894308944,出现次数:1\n", "unique_entities": {"pod_name": ["cartservice-0", "cartservice-1", "cartservice-2", "checkoutservice-1", "emailservice-2", "frontend-0", "frontend-1", "frontend-2", "productcatalogservice-2", "shippingservice-1"], "service_name": ["cartservice", "checkoutservice", "emailservice", "frontend", "productcatalogservice", "redis", "shippingservice"], "node_name": ["aiops-k8s-03", "aiops-k8s-04", "aiops-k8s-06", "aiops-k8s-07", "aiops-k8s-08"]}, "status_combinations": "", "matched_anomaly": "The system experienced an anomaly from 2025-06-24T06:10:34Z to 2025-06-24T06:23:34Z. Please infer the possible cause.", "time_range": "2025-06-24 06:10:34+00:00 to 2025-06-24 06:23:34+00:00"}, "trace_data_collected": true, "log_analysis_findings": "采集结果已完成。目前所有分析工具均未返回任何相关的错误日志或异常记录。UUID `9ce187ea-493` 的时间范围内系统似乎未检测到显著的异常数据。\n\n### 初步结果\n- **日志分析 (UUID)**: 未发现错误日志。\n- **日志分析 (关键词 'logs')**: 未匹配到异常记录。\n- **指标/调用链分析**: 未匹配到相关的异常记录或数据。\n\n### 返回 JSON 格式\n```json\n{\n  \"stance\": \"NEUTRAL\",\n  \"detected_log_keys\": [],\n  \"hypotheses\": []\n}\n```\n\n后续是否需要特定排查方向，或扩展数据查询范围？", "metric_analysis_findings": "已成功加载与 UUID 为 9ce187ea-493 的系统相关的指标数据，通过初步扫描找到以下显著的异常调用链信息。\n\n### 扫描结果 JSON\n```json\n{\n  \"stance\": \"NEUTRAL\",\n  \"detected_metric_keys\": [\n    \"rrt_max\",\n    \"node_memory_usage_rate\",\n    \"node_memory_MemAvailable_bytes\"\n  ],\n  \"hypotheses\": [\n    {\n      \"component\": \"aiops-k8s-04\",\n      \"reason\": \"node_memory_usage_rate 异常升高，从 27.15% 增至 42.03%。与之相对应，node_memory_MemAvailable_bytes 显著下降，从 11.89 GB 降至 9.39 GB。\",\n      \"evidence\": \"node_memory_usage_rate median_change_ratio: 0.4302, node_memory_MemAvailable_bytes median_change_ratio: 0.2346。受影响 Pod 包括 currencyservice-0, paymentservice-2, currencyservice-0 等。\"\n    },\n    {\n      \"component\": \"aiops-k8s-03\",\n      \"reason\": \"node_memory_usage_rate 异常升高，从 27.24% 增至 41.28%。与之相对应，node_memory_MemAvailable_bytes 从 11.66 GB 降至 9.3 GB。\",\n      \"evidence\": \"node_memory_usage_rate median_change_ratio: 0.4096, node_memory_MemAvailable_bytes median_change_ratio: 0.2246。直接影响到运行在该节点上的流水线服务 currencyservice-2, shippingservice-2, 等。\"\n    },\n    {\n      \"component\": \"emailservice\",\n      \"reason\": \"服务性能异常，rrt_max 指标突增，最高值从 9409.24 μs 跃升至 63027.8 μs，表明该服务响应延迟显著增长。\",\n      \"evidence\": \"rrt_max metric_name median_change_ratio: 0.1631, p99_change_ratio: 1.4804。\"\n    }\n  ]\n}\n```\n\n下阶段建议：\n- 重点分析 aiops-k8s-03 和 aiops-k8s-04 节点的内存使用情况，以确认是否存在物理资源瓶颈或内存泄露的风险。\n- 对 emailservice 的服务延迟问题进行深度 Profiling 调试，以定位引起响应时间骤增的代码瓶颈或网络问题。", "trace_analysis_findings": "```json\n{\n  \"stance\": \"NEUTRAL\",\n  \"detected_trace_keys\": [\n    \"latency_spike\",\n    \"checkoutservice->cartservice\",\n    \"cartservice->redis\",\n    \"checkoutservice->paymentservice\",\n    \"checkoutservice->shippingservice\",\n    \"checkoutservice->emailservice\"\n  ],\n  \"hypotheses\": [\n    {\n      \"component\": \"checkoutservice\",\n      \"reason\": \"显著延迟超高倍数，可能是主要瓶颈\",\n      \"evidence\": \"hipstershop.CheckoutService/PlaceOrder 平均时长从 154721.13 增加到 262093.08\"\n    },\n    {\n      \"component\": \"cartservice\",\n      \"reason\": \"显著延迟，可能影响到 checkoutservice\",\n      \"evidence\": \"POST /hipstershop.CartService/EmptyCart 平均时长从 2414.13 增加到 24201.33\"\n    },\n    {\n      \"component\": \"redis\",\n      \"reason\": \"redis 可能是 cartservice 延迟的下游根因\",\n      \"evidence\": \"HMSET 从 1655.44 增加到 23432.0\"\n    },\n    {\n      \"component\": \"paymentservice\",\n      \"reason\": \"checkoutservice 内部的延迟也可能波及到它\",\n      \"evidence\": \"hipstershop.PaymentService/Charge 平均时长从 13865.84 增加到 37287.0\"\n    },\n    {\n      \"component\": \"shippingservice\",\n      \"reason\": \"显著延迟影响\",\n      \"evidence\": \"hipstershop.ShippingService/ShipOrder 平均时长从 240.47 增加到 903.0\"\n    },\n    {\n      \"component\": \"emailservice\",\n      \"reason\": \"响应时间增加\",\n      \"evidence\": \"hipstershop.EmailService/SendOrderConfirmation 平均时长从 753.58 增加到 2649.0\"\n    }\n  ]\n}\n```\n\n### 详细分析\n- **checkoutservice** 作为调用链的一个较为上游的服务，显示出显著的延迟增加，可能是整个链路的主要瓶颈。\n- **cartservice 和 redis** 均显示出较显著的延迟增加，特别是 `cartservice->redis` 中的操作，这些可能导致 checkoutservice 的延迟升高。\n- **其他服务**如 **paymentservice, shippingservice, emailservice** 也展示了一定的延迟，这些可能是由于 checkoutservice 的性能问题导致的扩散效应。\n\n请用这份数据用于进一步的追踪分析或优化措施。"}
2026-01-04 10:46:14,942 - RootCauseAnalysis - INFO - [Tool Call] consensus_discussion_agent
2026-01-04 10:46:14,942 - RootCauseAnalysis - INFO -     Args: {'request': '全量数据采集已完成，针对 UUID 为 9ce187ea-493 的事件，召集 Log、Metric、Trace 专家智能体进行多轮讨论，以达成关于事件根因的共识。'}...
2026-01-04 10:46:14,943 - RootCauseAnalysis - INFO - ============================================================
2026-01-04 10:46:14,943 - RootCauseAnalysis - INFO - CONSENSUS ANALYSIS - Round 0
2026-01-04 10:46:14,943 - RootCauseAnalysis - INFO - Current Hypothesis: （等待写入...）
2026-01-04 10:46:14,943 - RootCauseAnalysis - INFO - ============================================================
2026-01-04 10:46:20,668 - RootCauseAnalysis - INFO - CONSENSUS AGENT OUTPUT PARSED:
2026-01-04 10:46:20,668 - RootCauseAnalysis - INFO -   - Status: DISAGREED
2026-01-04 10:46:20,668 - RootCauseAnalysis - INFO -   - New Hypothesis: aiops-k8s-03 and aiops-k8s-04 potentially root causes due to node_memory_usage_rate anomalies
2026-01-04 10:46:20,668 - RootCauseAnalysis - INFO -   - Reasoning: Metrics indicate significant memory usage spikes on aiops-k8s-03 and aiops-k8s-04, correlating with increased service latency across checkoutservice dependencies.
2026-01-04 10:46:20,668 - RootCauseAnalysis - INFO - >>> CONSENSUS NOT REACHED. Updating hypothesis and continuing loop. <<<
2026-01-04 10:46:20,668 - RootCauseAnalysis - INFO - ============================================================
2026-01-04 10:46:20,668 - RootCauseAnalysis - INFO - METRIC ANALYSIS - Starting
2026-01-04 10:46:20,668 - RootCauseAnalysis - INFO - ============================================================
2026-01-04 10:46:20,668 - RootCauseAnalysis - INFO - METRIC AGENT - Verifying Hypothesis: aiops-k8s-03 and aiops-k8s-04 ...
2026-01-04 10:46:20,668 - RootCauseAnalysis - INFO - ============================================================
2026-01-04 10:46:20,668 - RootCauseAnalysis - INFO - LOG ANALYSIS - Starting
2026-01-04 10:46:20,668 - RootCauseAnalysis - INFO - ============================================================
2026-01-04 10:46:20,668 - RootCauseAnalysis - INFO - LOG AGENT - Initial Scanning
2026-01-04 10:46:20,668 - RootCauseAnalysis - INFO - ============================================================
2026-01-04 10:46:20,668 - RootCauseAnalysis - INFO - TRACE ANALYSIS - Starting
2026-01-04 10:46:20,668 - RootCauseAnalysis - INFO - ============================================================
2026-01-04 10:46:20,668 - RootCauseAnalysis - INFO - TRACE AGENT - Verifying Hypothesis: aiops-k8s-03 and aiops-k8s-04 ...
2026-01-04 10:46:43,045 - RootCauseAnalysis - WARNING - LOG AGENT - Log data not collected.
2026-01-04 10:46:46,698 - RootCauseAnalysis - INFO - METRIC AGENT - Analysis Completed
2026-01-04 10:46:47,515 - RootCauseAnalysis - INFO - TRACE AGENT - Analysis Completed
2026-01-04 10:46:47,515 - RootCauseAnalysis - INFO - ============================================================
2026-01-04 10:46:47,515 - RootCauseAnalysis - INFO - CONSENSUS ANALYSIS - Round 1
2026-01-04 10:46:47,515 - RootCauseAnalysis - INFO - Current Hypothesis: aiops-k8s-03 and aiops-k8s-04 potentially root causes due to node_memory_usage_rate anomalies
2026-01-04 10:46:47,515 - RootCauseAnalysis - INFO - ============================================================
2026-01-04 10:46:53,863 - RootCauseAnalysis - INFO - CONSENSUS AGENT OUTPUT PARSED:
2026-01-04 10:46:53,863 - RootCauseAnalysis - INFO -   - Status: DISAGREED
2026-01-04 10:46:53,863 - RootCauseAnalysis - INFO -   - New Hypothesis: aiops-k8s-03 and aiops-k8s-04 potentially root causes due to node_memory_usage_rate anomalies
2026-01-04 10:46:53,863 - RootCauseAnalysis - INFO -   - Reasoning: Metric data supports significant memory resource issues on aiops-k8s-03 and aiops-k8s-04. However, lack of log evidence and trace distribution not concentrated on these nodes oppose this hypothesis.
2026-01-04 10:46:53,863 - RootCauseAnalysis - INFO - >>> CONSENSUS NOT REACHED. Updating hypothesis and continuing loop. <<<
2026-01-04 10:46:53,863 - RootCauseAnalysis - INFO - ============================================================
2026-01-04 10:46:53,863 - RootCauseAnalysis - INFO - METRIC ANALYSIS - Starting
2026-01-04 10:46:53,863 - RootCauseAnalysis - INFO - ============================================================
2026-01-04 10:46:53,863 - RootCauseAnalysis - INFO - METRIC AGENT - Verifying Hypothesis: aiops-k8s-03 and aiops-k8s-04 ...
2026-01-04 10:46:53,863 - RootCauseAnalysis - INFO - ============================================================
2026-01-04 10:46:53,863 - RootCauseAnalysis - INFO - LOG ANALYSIS - Starting
2026-01-04 10:46:53,863 - RootCauseAnalysis - INFO - ============================================================
2026-01-04 10:46:53,863 - RootCauseAnalysis - INFO - LOG AGENT - Initial Scanning
2026-01-04 10:46:53,863 - RootCauseAnalysis - INFO - ============================================================
2026-01-04 10:46:53,863 - RootCauseAnalysis - INFO - TRACE ANALYSIS - Starting
2026-01-04 10:46:53,863 - RootCauseAnalysis - INFO - ============================================================
2026-01-04 10:46:53,863 - RootCauseAnalysis - INFO - TRACE AGENT - Verifying Hypothesis: aiops-k8s-03 and aiops-k8s-04 ...
2026-01-04 10:46:57,726 - RootCauseAnalysis - INFO - METRIC AGENT - Analysis Completed
2026-01-04 10:46:59,087 - RootCauseAnalysis - INFO - TRACE AGENT - Analysis Completed
2026-01-04 10:46:59,170 - RootCauseAnalysis - WARNING - LOG AGENT - Log data not collected.
2026-01-04 10:46:59,171 - RootCauseAnalysis - INFO - ============================================================
2026-01-04 10:46:59,171 - RootCauseAnalysis - INFO - CONSENSUS ANALYSIS - Round 2
2026-01-04 10:46:59,171 - RootCauseAnalysis - INFO - Current Hypothesis: aiops-k8s-03 and aiops-k8s-04 potentially root causes due to node_memory_usage_rate anomalies
2026-01-04 10:46:59,171 - RootCauseAnalysis - INFO - ============================================================
2026-01-04 10:47:06,048 - RootCauseAnalysis - INFO - CONSENSUS AGENT OUTPUT PARSED:
2026-01-04 10:47:06,048 - RootCauseAnalysis - INFO -   - Status: DISAGREED
2026-01-04 10:47:06,048 - RootCauseAnalysis - INFO -   - New Hypothesis: aiops-k8s-03 and aiops-k8s-04 potentially root causes due to node_memory_usage_rate anomalies
2026-01-04 10:47:06,048 - RootCauseAnalysis - INFO -   - Reasoning: Metric data supports significant memory resource issues on aiops-k8s-03 and aiops-k8s-04. However, lack of log evidence and trace data distribution oppose the hypothesis.
2026-01-04 10:47:06,048 - RootCauseAnalysis - INFO - >>> CONSENSUS NOT REACHED. Updating hypothesis and continuing loop. <<<
2026-01-04 10:47:06,048 - RootCauseAnalysis - INFO - ============================================================
2026-01-04 10:47:06,048 - RootCauseAnalysis - INFO - METRIC ANALYSIS - Starting
2026-01-04 10:47:06,048 - RootCauseAnalysis - INFO - ============================================================
2026-01-04 10:47:06,048 - RootCauseAnalysis - INFO - METRIC AGENT - Verifying Hypothesis: aiops-k8s-03 and aiops-k8s-04 ...
2026-01-04 10:47:06,048 - RootCauseAnalysis - INFO - ============================================================
2026-01-04 10:47:06,048 - RootCauseAnalysis - INFO - LOG ANALYSIS - Starting
2026-01-04 10:47:06,048 - RootCauseAnalysis - INFO - ============================================================
2026-01-04 10:47:06,048 - RootCauseAnalysis - INFO - LOG AGENT - Initial Scanning
2026-01-04 10:47:06,048 - RootCauseAnalysis - INFO - ============================================================
2026-01-04 10:47:06,048 - RootCauseAnalysis - INFO - TRACE ANALYSIS - Starting
2026-01-04 10:47:06,048 - RootCauseAnalysis - INFO - ============================================================
2026-01-04 10:47:06,048 - RootCauseAnalysis - INFO - TRACE AGENT - Verifying Hypothesis: aiops-k8s-03 and aiops-k8s-04 ...
2026-01-04 10:47:09,944 - RootCauseAnalysis - WARNING - LOG AGENT - Log data not collected.
2026-01-04 10:47:10,138 - RootCauseAnalysis - INFO - METRIC AGENT - Analysis Completed
2026-01-04 10:47:12,046 - RootCauseAnalysis - INFO - TRACE AGENT - Analysis Completed
2026-01-04 10:47:12,046 - RootCauseAnalysis - INFO - ============================================================
2026-01-04 10:47:12,046 - RootCauseAnalysis - INFO - CONSENSUS ANALYSIS - Round 3
2026-01-04 10:47:12,046 - RootCauseAnalysis - INFO - Current Hypothesis: aiops-k8s-03 and aiops-k8s-04 potentially root causes due to node_memory_usage_rate anomalies
2026-01-04 10:47:12,046 - RootCauseAnalysis - INFO - ============================================================
2026-01-04 10:47:20,482 - RootCauseAnalysis - INFO - CONSENSUS AGENT OUTPUT PARSED:
2026-01-04 10:47:20,483 - RootCauseAnalysis - INFO -   - Status: DISAGREED
2026-01-04 10:47:20,483 - RootCauseAnalysis - INFO -   - New Hypothesis: aiops-k8s-03 and aiops-k8s-04 potentially root causes due to node_memory_usage_rate anomalies
2026-01-04 10:47:20,483 - RootCauseAnalysis - INFO -   - Reasoning: Metric data provides evidence for memory resource issues on aiops-k8s-03 and aiops-k8s-04. However, trace data does not show concentrated latency on these nodes and log data lacks corresponding errors, opposing the hypothesis.
2026-01-04 10:47:20,483 - RootCauseAnalysis - INFO - >>> CONSENSUS NOT REACHED. Updating hypothesis and continuing loop. <<<
2026-01-04 10:47:20,483 - RootCauseAnalysis - INFO - ============================================================
2026-01-04 10:47:20,483 - RootCauseAnalysis - INFO - METRIC ANALYSIS - Starting
2026-01-04 10:47:20,483 - RootCauseAnalysis - INFO - ============================================================
2026-01-04 10:47:20,483 - RootCauseAnalysis - INFO - METRIC AGENT - Verifying Hypothesis: aiops-k8s-03 and aiops-k8s-04 ...
2026-01-04 10:47:20,483 - RootCauseAnalysis - INFO - ============================================================
2026-01-04 10:47:20,483 - RootCauseAnalysis - INFO - LOG ANALYSIS - Starting
2026-01-04 10:47:20,483 - RootCauseAnalysis - INFO - ============================================================
2026-01-04 10:47:20,483 - RootCauseAnalysis - INFO - LOG AGENT - Initial Scanning
2026-01-04 10:47:20,483 - RootCauseAnalysis - INFO - ============================================================
2026-01-04 10:47:20,483 - RootCauseAnalysis - INFO - TRACE ANALYSIS - Starting
2026-01-04 10:47:20,483 - RootCauseAnalysis - INFO - ============================================================
2026-01-04 10:47:20,483 - RootCauseAnalysis - INFO - TRACE AGENT - Verifying Hypothesis: aiops-k8s-03 and aiops-k8s-04 ...
2026-01-04 10:47:24,273 - RootCauseAnalysis - INFO - METRIC AGENT - Analysis Completed
2026-01-04 10:47:25,186 - RootCauseAnalysis - WARNING - LOG AGENT - Log data not collected.
2026-01-04 10:47:27,127 - RootCauseAnalysis - INFO - TRACE AGENT - Analysis Completed
2026-01-04 10:47:27,127 - RootCauseAnalysis - INFO - ============================================================
2026-01-04 10:47:27,127 - RootCauseAnalysis - INFO - CONSENSUS ANALYSIS - Round 4
2026-01-04 10:47:27,127 - RootCauseAnalysis - INFO - Current Hypothesis: aiops-k8s-03 and aiops-k8s-04 potentially root causes due to node_memory_usage_rate anomalies
2026-01-04 10:47:27,127 - RootCauseAnalysis - INFO - ============================================================
2026-01-04 10:47:33,418 - RootCauseAnalysis - INFO - CONSENSUS AGENT OUTPUT PARSED:
2026-01-04 10:47:33,418 - RootCauseAnalysis - INFO -   - Status: DISAGREED
2026-01-04 10:47:33,418 - RootCauseAnalysis - INFO -   - New Hypothesis: aiops-k8s-03 and aiops-k8s-04 potentially root causes due to node_memory_usage_rate anomalies
2026-01-04 10:47:33,418 - RootCauseAnalysis - INFO -   - Reasoning: Metric data highlights memory resource exhaustion on aiops-k8s-03 and aiops-k8s-04, but trace data and log data do not support these nodes as the root cause of system latency issues.
2026-01-04 10:47:33,418 - RootCauseAnalysis - INFO - >>> CONSENSUS NOT REACHED. Updating hypothesis and continuing loop. <<<
2026-01-04 10:47:33,418 - RootCauseAnalysis - INFO - ============================================================
2026-01-04 10:47:33,418 - RootCauseAnalysis - INFO - METRIC ANALYSIS - Starting
2026-01-04 10:47:33,418 - RootCauseAnalysis - INFO - ============================================================
2026-01-04 10:47:33,418 - RootCauseAnalysis - INFO - METRIC AGENT - Verifying Hypothesis: aiops-k8s-03 and aiops-k8s-04 ...
2026-01-04 10:47:33,418 - RootCauseAnalysis - INFO - ============================================================
2026-01-04 10:47:33,418 - RootCauseAnalysis - INFO - LOG ANALYSIS - Starting
2026-01-04 10:47:33,418 - RootCauseAnalysis - INFO - ============================================================
2026-01-04 10:47:33,418 - RootCauseAnalysis - INFO - LOG AGENT - Initial Scanning
2026-01-04 10:47:33,419 - RootCauseAnalysis - INFO - ============================================================
2026-01-04 10:47:33,419 - RootCauseAnalysis - INFO - TRACE ANALYSIS - Starting
2026-01-04 10:47:33,419 - RootCauseAnalysis - INFO - ============================================================
2026-01-04 10:47:33,419 - RootCauseAnalysis - INFO - TRACE AGENT - Verifying Hypothesis: aiops-k8s-03 and aiops-k8s-04 ...
2026-01-04 10:47:37,995 - RootCauseAnalysis - WARNING - LOG AGENT - Log data not collected.
2026-01-04 10:47:39,218 - RootCauseAnalysis - INFO - METRIC AGENT - Analysis Completed
2026-01-04 10:47:41,118 - RootCauseAnalysis - INFO - TRACE AGENT - Analysis Completed
2026-01-04 10:47:41,119 - RootCauseAnalysis - INFO - ============================================================
2026-01-04 10:47:41,119 - RootCauseAnalysis - INFO - CONSENSUS ANALYSIS - Round 5
2026-01-04 10:47:41,119 - RootCauseAnalysis - INFO - Current Hypothesis: aiops-k8s-03 and aiops-k8s-04 potentially root causes due to node_memory_usage_rate anomalies
2026-01-04 10:47:41,119 - RootCauseAnalysis - INFO - ============================================================
2026-01-04 10:47:52,125 - RootCauseAnalysis - INFO - CONSENSUS AGENT OUTPUT PARSED:
2026-01-04 10:47:52,125 - RootCauseAnalysis - INFO -   - Status: DISAGREED
2026-01-04 10:47:52,125 - RootCauseAnalysis - INFO -   - New Hypothesis: aiops-k8s-03 and aiops-k8s-04 potentially root causes due to node_memory_usage_rate anomalies
2026-01-04 10:47:52,125 - RootCauseAnalysis - INFO -   - Reasoning: Metric data highlights significant memory resource issues on aiops-k8s-03 and aiops-k8s-04. However, log and trace evidence do not align with these nodes being the root cause due to distributed latency and lack of logs during the anomaly timeline.
2026-01-04 10:47:52,126 - RootCauseAnalysis - INFO - >>> CONSENSUS NOT REACHED. Updating hypothesis and continuing loop. <<<
2026-01-04 10:47:52,126 - RootCauseAnalysis - INFO - ============================================================
2026-01-04 10:47:52,126 - RootCauseAnalysis - INFO - METRIC ANALYSIS - Starting
2026-01-04 10:47:52,126 - RootCauseAnalysis - INFO - ============================================================
2026-01-04 10:47:52,126 - RootCauseAnalysis - INFO - METRIC AGENT - Verifying Hypothesis: aiops-k8s-03 and aiops-k8s-04 ...
2026-01-04 10:47:52,126 - RootCauseAnalysis - INFO - ============================================================
2026-01-04 10:47:52,126 - RootCauseAnalysis - INFO - LOG ANALYSIS - Starting
2026-01-04 10:47:52,126 - RootCauseAnalysis - INFO - ============================================================
2026-01-04 10:47:52,126 - RootCauseAnalysis - INFO - LOG AGENT - Initial Scanning
2026-01-04 10:47:52,126 - RootCauseAnalysis - INFO - ============================================================
2026-01-04 10:47:52,126 - RootCauseAnalysis - INFO - TRACE ANALYSIS - Starting
2026-01-04 10:47:52,126 - RootCauseAnalysis - INFO - ============================================================
2026-01-04 10:47:52,126 - RootCauseAnalysis - INFO - TRACE AGENT - Verifying Hypothesis: aiops-k8s-03 and aiops-k8s-04 ...
2026-01-04 10:47:56,630 - RootCauseAnalysis - WARNING - LOG AGENT - Log data not collected.
2026-01-04 10:47:58,884 - RootCauseAnalysis - INFO - METRIC AGENT - Analysis Completed
2026-01-04 10:48:00,522 - RootCauseAnalysis - INFO - TRACE AGENT - Analysis Completed
2026-01-04 10:48:00,523 - RootCauseAnalysis - INFO - [Tool Resp] consensus_discussion_agent
2026-01-04 10:48:00,523 - RootCauseAnalysis - INFO -     Result: {'result': '### 最终裁定结果: 事件根因假设与后续行动建议\n\n我们经由专家团队对 UUID `9ce187ea-493` 事件开展的综合性核验和深度探讨，对假设 "aiops-k8s-03 和 aiops-k8s-04 因内存使用率异常成为根因" 做出最终决策。\n\n---\n\n### 决策状态\n\n**状态**: **DISAGREED**  \n综合考量三位专家提供的 Log、Metric 和 Trace 数据后，该假设未能作为系统故障的唯一或主要根因被确定。\n\n---\n\n#### 核心理由与分析\n\n1. **Metric 专家支持意见**:\n   - 基于指标数据 `node_memory_usage_rate` 和 `node_memory_MemAvailable_bytes`，`aiops-k8s-03` 和 `aiops-k8s-04` 的内存使用异常显著，提示可能是影响系统的部分因素。\n   - 衡量节点的内存资源压力在事件期间突出。\n\n2. **Log 专家反对意见**:\n   - 缺乏相关误差日志或异常记录，阻碍内存异...
2026-01-04 10:48:00,523 - RootCauseAnalysis - INFO - [State Update] {"consensus_iteration": 6, "consensus_decision": "DISAGREED", "current_hypothesis": "aiops-k8s-03 and aiops-k8s-04 potentially root causes due to node_memory_usage_rate anomalies", "current_task_instruction": "当前处于【假设验证阶段】。\n待验证的根因假设是：'aiops-k8s-03 and aiops-k8s-04 potentially root causes due to node_memory_usage_rate anomalies'。\n请基于 Trace 数据判断该假设是否成立。\n重点：请在返回 JSON 的 'stance' 字段中明确标记 'SUPPORT' 或 'OPPOSE'。", "raw_trace_result": {"status": "success", "message": "成功加载trace数据。UUID: 9ce187ea-493，共 20 个异常组合，0 个状态组合", "filtered_traces": "node_name,service_name,parent_pod,child_pod,operation_name,normal_avg_duration,anomaly_avg_duration,anomaly_count\naiops-k8s-03,productcatalogservice,frontend-0,productcatalogservice-2,hipstershop.ProductCatalogService/GetProduct,10040.36980941472,11094.386547693857,出现次数:7\naiops-k8s-03,productcatalogservice,frontend-1,productcatalogservice-2,hipstershop.ProductCatalogService/GetProduct,10037.802504364336,10998.65898556625,出现次数:4\naiops-k8s-08,checkoutservice,frontend-2,checkoutservice-1,hipstershop.CheckoutService/PlaceOrder,154721.13372237785,262093.08333333334,出现次数:2\naiops-k8s-03,cartservice,checkoutservice-1,cartservice-1,POST /hipstershop.CartService/EmptyCart,2414.1330128205127,24201.333333333336,出现次数:2\naiops-k8s-03,redis,cartservice-1,cartservice-1,HMSET,1655.4384269092025,23432.0,出现次数:2\naiops-k8s-08,frontend,frontend-2,frontend-2,hipstershop.CheckoutService/PlaceOrder,156733.32721158856,265099.75,出现次数:2\naiops-k8s-08,checkoutservice,checkoutservice-1,checkoutservice-1,hipstershop.CartService/GetCart,8152.600102326045,14703.7,出现次数:2\naiops-k8s-04,redis,cartservice-0,cartservice-0,HGET,1739.7426895431556,8256.269841269841,出现次数:1\naiops-k8s-03,redis,cartservice-1,cartservice-1,HGET,1771.4157464335137,24056.5,出现次数:1\naiops-k8s-04,cartservice,checkoutservice-1,cartservice-0,POST /hipstershop.CartService/GetCart,2348.5319264069267,25573.666666666668,出现次数:1\naiops-k8s-08,checkoutservice,checkoutservice-1,checkoutservice-1,hipstershop.PaymentService/Charge,13865.837972945994,37287.0,出现次数:1\naiops-k8s-08,cartservice,checkoutservice-1,cartservice-2,POST /hipstershop.CartService/GetCart,2014.9075854700857,27208.333333333332,出现次数:1\naiops-k8s-03,cartservice,checkoutservice-1,cartservice-1,POST /hipstershop.CartService/GetCart,2263.9962365591396,24922.5,出现次数:1\naiops-k8s-04,frontend,frontend-0,frontend-0,hipstershop.CheckoutService/PlaceOrder,148672.4155652128,315352.0,出现次数:1\naiops-k8s-07,shippingservice,checkoutservice-1,shippingservice-1,hipstershop.ShippingService/ShipOrder,240.47435897435898,903.0,出现次数:1\naiops-k8s-06,emailservice,checkoutservice-1,emailservice-2,/hipstershop.EmailService/SendOrderConfirmation,753.5763888888888,2649.0,出现次数:1\naiops-k8s-04,cartservice,frontend-1,cartservice-0,POST /hipstershop.CartService/GetCart,2554.211789705742,10054.636363636364,出现次数:1\naiops-k8s-06,frontend,frontend-1,frontend-1,hipstershop.CurrencyService/GetSupportedCurrencies,2864.123828486679,5372.964285714285,出现次数:1\naiops-k8s-06,frontend,frontend-1,frontend-1,hipstershop.CartService/GetCart,3932.5934219641285,11849.472727272727,出现次数:1\naiops-k8s-03,productcatalogservice,frontend-2,productcatalogservice-2,hipstershop.ProductCatalogService/GetProduct,9500.514608593403,11525.930894308944,出现次数:1\n", "unique_entities": {"pod_name": ["cartservice-0", "cartservice-1", "cartservice-2", "checkoutservice-1", "emailservice-2", "frontend-0", "frontend-1", "frontend-2", "productcatalogservice-2", "shippingservice-1"], "service_name": ["cartservice", "checkoutservice", "emailservice", "frontend", "productcatalogservice", "redis", "shippingservice"], "node_name": ["aiops-k8s-03", "aiops-k8s-04", "aiops-k8s-06", "aiops-k8s-07", "aiops-k8s-08"]}, "status_combinations": "", "matched_anomaly": "The system experienced an anomaly from 2025-06-24T06:10:34Z to 2025-06-24T06:23:34Z. Please infer the possible cause.", "time_range": "2025-06-24 06:10:34+00:00 to 2025-06-24 06:23:34+00:00"}, "trace_data_collected": true, "raw_metric_result": {"status": "success", "message": "成功加载metric数据。UUID: 9ce187ea-493", "anomaly_metrics": "metric_type,service_name,pod_name,node_name,metric_name,normal_median,fault_median,normal_p99,fault_p99,median_change_ratio,p99_change_ratio\nservice,emailservice,emailservice-2,N/A,rrt_max,5465.0,4641.0,9409.24,63027.8,0.1631,1.4804\nservice,currencyservice,currencyservice-1,N/A,rrt_max,8174.0,8023.0,77155.72,15304.36,0.0186,1.3379\nservice,shippingservice,shippingservice-0,N/A,rrt_max,5216.0,5177.0,10918.9,40480.84,0.0075,1.1503\nservice,adservice,adservice-2,N/A,client_error_ratio,0.0,0.0,0.23,0.57,0.0,0.8341\nservice,adservice,adservice-2,N/A,error_ratio,0.0,0.0,0.23,0.57,0.0,0.8341\nservice,emailservice,emailservice-0,N/A,rrt_max,3567.0,3554.0,31128.96,13116.76,0.0037,0.8142\nservice,shippingservice,shippingservice-1,N/A,rrt_max,2551.0,2261.0,11445.86,5057.92,0.1205,0.7741\nservice,cartservice,cartservice-1,N/A,rrt,1610.38,1717.18,4056.57,7938.48,0.0642,0.6473\nservice,productcatalogservice,productcatalogservice-2,N/A,rrt_max,34779.5,45643.0,61427.8,118850.28,0.2702,0.637\nservice,recommendationservice,recommendationservice-0,N/A,rrt_max,18256.5,19849.0,39727.48,24586.52,0.0836,0.4708\nnode,N/A,N/A,aiops-k8s-04,node_memory_usage_rate,27.15,42.03,41.88,42.68,0.4302,0.0189\nservice,shippingservice,shippingservice-2,N/A,rrt_max,2425.0,3146.0,10078.36,6526.84,0.2588,0.4278\nnode,N/A,N/A,aiops-k8s-03,node_memory_usage_rate,27.24,41.28,39.82,42.49,0.4096,0.0649\nservice,emailservice,emailservice-2,N/A,rrt,1852.73,1872.13,2833.94,4172.25,0.0104,0.382\nservice,currencyservice,currencyservice-2,N/A,rrt_max,8973.0,7284.0,54419.26,78730.84,0.2078,0.3652\nservice,cartservice,cartservice-2,N/A,rrt,1448.35,1411.18,4125.27,2859.45,0.026,0.3625\nnode,N/A,N/A,aiops-k8s-01,node_memory_usage_rate,48.16,47.12,67.59,47.47,0.0217,0.3498\nservice,shippingservice,shippingservice-1,N/A,rrt,1156.44,1037.6,1865.84,1313.2,0.1083,0.3477\nservice,paymentservice,paymentservice-2,N/A,rrt_max,2087.0,1987.0,5310.88,7526.44,0.0491,0.3452\nservice,cartservice,cartservice-0,N/A,rrt_max,10239.5,10571.0,84362.7,113331.56,0.0319,0.2931\nnode,N/A,N/A,aiops-k8s-04,node_memory_MemAvailable_bytes,11889610752.0,9393512448.0,12451833077.76,9661427712.0,0.2346,0.2524\nnode,N/A,N/A,aiops-k8s-03,node_memory_MemAvailable_bytes,11659796480.0,9305239552.0,12012371066.88,9774633287.68,0.2246,0.2054\nservice,redis,redis-cart-0,N/A,rrt,165.95,167.82,1483.32,1168.92,0.0112,0.2371\nservice,paymentservice,paymentservice-0,N/A,rrt_max,2175.0,2119.0,6321.8,4998.04,0.0261,0.2339\nservice,paymentservice,paymentservice-1,N/A,rrt,1992.89,2081.75,3115.18,2521.18,0.0436,0.2108\nnode,N/A,N/A,aiops-k8s-08,node_memory_MemAvailable_bytes,9155629056.0,11082215424.0,12110699479.04,11267299409.92,0.1904,0.0722\nservice,emailservice,emailservice-1,N/A,rrt_max,3588.0,4404.0,8383.04,8025.48,0.2042,0.0436\nservice,emailservice,emailservice-0,N/A,rrt,1618.74,1622.38,2694.12,2211.27,0.0022,0.1969\npod,N/A,redis-cart-0,N/A,pod_cpu_usage,0.0,0.0,0.09,0.11,0.0,0.1968\nservice,productcatalogservice,productcatalogservice-0,N/A,rrt_max,15136.5,17627.0,23712.89,28772.08,0.152,0.1928\n", "unique_entities": {"service_name": ["adservice", "cartservice", "checkoutservice", "currencyservice", "emailservice", "frontend", "paymentservice", "productcatalogservice", "recommendationservice", "redis", "shippingservice", "tidb-pd", "tidb-tidb", "tidb-tikv"], "node_name": ["aiops-k8s-01", "aiops-k8s-02", "aiops-k8s-03", "aiops-k8s-04", "aiops-k8s-05", "aiops-k8s-06", "aiops-k8s-07", "aiops-k8s-08"], "pod_name": ["adservice-0", "adservice-1", "adservice-2", "cartservice-0", "cartservice-1", "cartservice-2", "checkoutservice-0", "checkoutservice-1", "checkoutservice-2", "currencyservice-0", "currencyservice-1", "currencyservice-2", "emailservice-0", "emailservice-1", "emailservice-2", "frontend-0", "frontend-1", "frontend-2", "paymentservice-0", "paymentservice-1", "paymentservice-2", "productcatalogservice-0", "productcatalogservice-1", "productcatalogservice-2", "recommendationservice-0", "recommendationservice-1", "recommendationservice-2", "redis-cart-0", "shippingservice-0", "shippingservice-1", "shippingservice-2"]}, "node_pod_mapping": {"aiops-k8s-01": ["checkoutservice-2", "emailservice-1", "shippingservice-0", "recommendationservice-2"], "aiops-k8s-02": [], "aiops-k8s-03": ["currencyservice-2", "shippingservice-2", "productcatalogservice-2", "recommendationservice-1", "adservice-0", "cartservice-1"], "aiops-k8s-04": ["paymentservice-2", "frontend-0", "currencyservice-0", "cartservice-0", "productcatalogservice-1"], "aiops-k8s-05": ["productcatalogservice-1", "paymentservice-1", "checkoutservice-0"], "aiops-k8s-06": ["emailservice-2", "currencyservice-1", "frontend-1"], "aiops-k8s-07": ["shippingservice-1", "emailservice-0", "adservice-1"], "aiops-k8s-08": ["frontend-2", "cartservice-2", "redis-cart-0", "productcatalogservice-0", "paymentservice-0", "checkoutservice-1", "recommendationservice-0", "adservice-2"]}, "matched_anomaly": "The system experienced an anomaly from 2025-06-24T06:10:34Z to 2025-06-24T06:23:34Z. Please infer the possible cause.", "time_range": "2025-06-24 06:10:34+00:00 to 2025-06-24 06:23:34+00:00"}, "metric_data_collected": true, "node_pod_mapping": {"aiops-k8s-01": ["checkoutservice-2", "emailservice-1", "shippingservice-0", "recommendationservice-2"], "aiops-k8s-02": [], "aiops-k8s-03": ["currencyservice-2", "shippingservice-2", "productcatalogservice-2", "recommendationservice-1", "adservice-0", "cartservice-1"], "aiops-k8s-04": ["paymentservice-2", "frontend-0", "currencyservice-0", "cartservice-0", "productcatalogservice-1"], "aiops-k8s-05": ["productcatalogservice-1", "paymentservice-1", "checkoutservice-0"], "aiops-k8s-06": ["emailservice-2", "currencyservice-1", "frontend-1"], "aiops-k8s-07": ["shippingservice-1", "emailservice-0", "adservice-1"], "aiops-k8s-08": ["frontend-2", "cartservice-2", "redis-cart-0", "productcatalogservice-0", "paymentservice-0", "checkoutservice-1", "recommendationservice-0", "adservice-2"]}, "log_analysis_findings": "感谢提供总结并明确的裁定，并结合专家的多轮讨论和分析，以下是我的最终验证输出：\n\n### JSON 输出\n\n```json\n{\n  \"status\": \"DISAGREED\",\n  \"hypothesis\": \"aiops-k8s-03 and aiops-k8s-04 potentially root causes due to node_memory_usage_rate anomalies\",\n  \"reasoning\": \"Metric data highlights significant memory resource issues on aiops-k8s-03 and aiops-k8s-04. However, log and trace evidence do not align with these nodes being the root cause due to distributed latency and lack of logs during the anomaly timeline.\",\n  \"recommendation\": [\n    \"Deeply investigate cross-node network bottlenecks and communication anomalies.\",\n    \"Conduct service-level profiling of emailservice and checkoutservice for code-level bottlenecks or configuration flaws.\",\n    \"Expand resource monitoring scope to all nodes to identify systemic patterns of bottlenecks.\",\n    \"Analyze checkoutservice and redis dependency interactions to clarify cascading failures or resource contention.\"\n  ]\n}\n```\n\n### 最终结论\n- **状态**: DISAGREED  \n  综合 Log、Metric 和 Trace 的分析结果，由于缺乏跨领域的协同证据支持，`aiops-k8s-03` 和 `aiops-k8s-04` 的内存使用率异常尚不足以证明其作为根因。\n  \n- **主要发现**:\n  - Metric 数据中确实识别到这两个节点的内存异常。\n  - 日志数据中未检出任何与问题相关的错误记录。\n  - Trace 分析则表明系统问题的延迟分布较为分散，未集中发生在这两个节点上。\n\n- **推荐措施**：\n  请依据推荐行动计划，从网络通信、服务级 Profiling、资源监控扩展及调用链分析四个方向继续调查，以便全面排查并定位更深层的问题根因。", "metric_analysis_findings": "根据全面的最终裁定结果，并结合 Metric、Log 和 Trace 三位专家的多轮意见，以下是对当前事件的最终总结和下一步骤的建议：\n\n### 事件总结\n- **状态**: **DISAGREED**\n  尽管 Metric 数据指出 `aiops-k8s-03` 和 `aiops-k8s-04` 的内存使用存在显著异常，但不足以被认定为此次系统故障的直接根因。这一判断基于 Log 和 Trace 专家提供的相左见解：Log 没有对应错误或异常日志，Trace 数据显示延迟分布在多个节点而非仅限于这两个节点，因此没有充分证据指向它们作为直接问题根源。\n\n### 核心原因\n- **Metric 数据**支持内存资源异常可以是问题的部分因素。\n- **Log 和 Trace 数据**反对它们作为根因的理由在于遗漏的日志证据与分散的链路延迟分布。\n\n### 推荐下一步行动\n1. **网络性能分析**:\n   - 深入网络通信的性能诊断，以检测网络瓶颈、数据传输效率低下等问题。\n   - 确保网络问题不会导致级联效应，从而影响系统其他组件。\n\n2. **细致的服务级分析**:\n   - 对 `emailservice` 和 `checkoutservice` 的性能表现及其内部因素进行详细 Profiling。\n   - 识别和修正可能导致额外压力的异常行为，例如低效的重试策略。\n\n3. **全面的系统资源监控**:\n   - 将监控覆盖面扩展至其他关键节点，以发现潜在的全局资源瓶颈或异常。\n   - 从系统层面检测一致性或者趋势模式，表现出资源利用失衡。\n\n4. **依赖传播行为的深入解析**:\n   - 聚焦于服务间关键依赖链路（如 `checkoutservice` 和 `redis`）的交互，分析是否存在资源争用或传播中的异常路径。\n   - 针对异步调用如何导致服务级别的延迟或效能下降进行深入研究。\n\n### 总结与展望\n次事件分析强调了将从整体系统表现出发，跨多个维度综合评估潜在故障的复杂性的重要性。通过展开上述建议的行动，将有助于全面揭示问题的根本原因，最终提升系统的稳健性和性能表现。继续监控和评估改进措施的效果，确保系统能够应对未来类似的潜在风险。", "trace_analysis_findings": "### 最终裁定结果: 事件根因假设与后续行动建议\n\n我们经由专家团队对 UUID `9ce187ea-493` 事件开展的综合性核验和深度探讨，对假设 \"aiops-k8s-03 和 aiops-k8s-04 因内存使用率异常成为根因\" 做出最终决策。\n\n---\n\n### 决策状态\n\n**状态**: **DISAGREED**  \n综合考量三位专家提供的 Log、Metric 和 Trace 数据后，该假设未能作为系统故障的唯一或主要根因被确定。\n\n---\n\n#### 核心理由与分析\n\n1. **Metric 专家支持意见**:\n   - 基于指标数据 `node_memory_usage_rate` 和 `node_memory_MemAvailable_bytes`，`aiops-k8s-03` 和 `aiops-k8s-04` 的内存使用异常显著，提示可能是影响系统的部分因素。\n   - 衡量节点的内存资源压力在事件期间突出。\n\n2. **Log 专家反对意见**:\n   - 缺乏相关误差日志或异常记录，阻碍内存异常作为根因的成立。\n   - 日志分析未能与假设形成足够的支持关联。\n\n3. **Trace 专家反对意见**:\n   - 延迟问题在多个节点上扩散未集中在 `aiops-k8s-03` 和 `aiops-k8s-04`，这些节点可能仅是事件传播链中的受影响者。\n   - 调用链分析未能支持假设作为中央异常原因。\n\n---\n\n### 推荐行动计划\n\n基于各领域专家的深度见解，我们提出以下行动建议，以有效锁定系统问题根因并防止未来类似问题：\n\n1. **跨节点网络性能分析**:\n   - 深入审视跨节点网络效果，包括流量拥塞与数据包丢失。\n   - 优化跨服务的网络通信，排除潜在级联效应。\n\n2. **服务级 Profiling 及代码分析**:\n   - 重点分析 `emailservice` 和 `checkoutservice`，梳理代码逻辑、配置错误及潜在压力点。\n   - 校订重试机制是否对系统造成过度压力。\n\n3. **资源监控的全局覆盖**:\n   - 丰富对其他节点资源监控范围，评估系统性瓶颈是否存在。\n   - 深度发掘内存、CPU 及 I/O 异常使用模式。\n\n4. **调用链的传播行为分析**:\n   - 剖析 `checkoutservice` 和 `redis` 间的关键交互，明确依赖关系中可能的资源竞争或传递压力。\n   - 扩大分析节点对多调用链异常路径的全面性探查。\n\n---\n\n### 最终输出 JSON\n\n```json\n{\n  \"status\": \"DISAGREED\",\n  \"hypothesis\": \"aiops-k8s-03 and aiops-k8s-04 potentially root causes due to node_memory_usage_rate anomalies\",\n  \"reasoning\": \"Metric data highlights significant memory resource issues on aiops-k8s-03 and aiops-k8s-04. However, log and trace evidence do not align with these nodes being the root cause due to distributed latency and lack of logs during the anomaly timeline.\",\n  \"recommendation\": [\n    \"Deeply investigate cross-node network bottlenecks and communication anomalies.\",\n    \"Conduct service-level profiling of emailservice and checkoutservice for code-level bottlenecks or configuration flaws.\",\n    \"Expand resource monitoring scope to all nodes to identify systemic patterns of bottlenecks.\",\n    \"Analyze checkoutservice and redis dependency interactions to clarify cascading failures or resource contention.\"\n  ]\n}\n```\n\n---\n\n### 压缩总结\n\n尽管 `aiops-k8s-03` 和 `aiops-k8s-04` 的内存压力状况值得关注，现有数据不足以明确支持其作为事件的直接根因。建议从提高系统的跨节点网络诊断能力、服务性能分析、资源监控覆盖及调用链传播路径研究多维展开深入调查。"}
2026-01-04 10:48:05,231 - RootCauseAnalysis - INFO - [Tool Call] report_agent
2026-01-04 10:48:05,231 - RootCauseAnalysis - INFO -     Args: {'request': '专家会诊已完成，请基于讨论结果为 UUID 为 9ce187ea-493 的事件生成一份标准报告，概要内容如下：\n\n### 最终结论\n- **状态**: 经过多轮会诊探讨，无法确认 "aiops-k8s-03 和 aiops-k8s-04 因内存异常为唯一根因"。\n- **主要原因**: Trace 与日志数据无法完全支持，分布式延迟更可能是多点问题的表现。\n- **推荐行动**: 提供多条优化建议，如跨节点网络分析、服务 Profiling、资源监控覆盖与调用链传播机制。\n\n### 期望输出\n- 报告详细描述最终决策的 JSON 表达与原始证据：包含意见、量化支持数据、行动建议等。\n- 形式化展现分析核心逻辑、排查方法与脑图轮廓。'}...
2026-01-04 10:48:05,231 - RootCauseAnalysis - INFO - ============================================================
2026-01-04 10:48:05,231 - RootCauseAnalysis - INFO - REPORT ANALYSIS - Starting
2026-01-04 10:48:08,502 - RootCauseAnalysis - INFO - REPORT ANALYSIS COMPLETED - Saved results in report_analysis_output.json
2026-01-04 10:48:08,503 - RootCauseAnalysis - INFO - [Tool Resp] report_agent
2026-01-04 10:48:08,503 - RootCauseAnalysis - INFO -     Result: {'uuid': '9ce187ea-493', 'component': 'aiops-k8s-03', 'reason': 'node_memory_usage_rate anomalies observed but not definitive root cause', 'reasoning_trace': [{'step': 1, 'action': 'LoadMetrics(aiops-k8s-03)', 'observation': 'High node_memory_usage_rate detected, over normal threshold during the anomaly interval'}, {'step': 2, 'action': 'LogSearch(aiops-k8s-03)', 'observation': 'No related error logs or significant issues present'}, {'step': 3, 'action': 'TraceAnalysis(9ce187ea-493)', 'observati...
2026-01-04 10:48:08,503 - RootCauseAnalysis - INFO - [State Update] {"hypotheses_summary": "aiops-k8s-03 and aiops-k8s-04 potentially root causes due to node_memory_usage_rate anomalies", "log_analysis_findings": "感谢提供总结并明确的裁定，并结合专家的多轮讨论和分析，以下是我的最终验证输出：\n\n### JSON 输出\n\n```json\n{\n  \"status\": \"DISAGREED\",\n  \"hypothesis\": \"aiops-k8s-03 and aiops-k8s-04 potentially root causes due to node_memory_usage_rate anomalies\",\n  \"reasoning\": \"Metric data highlights significant memory resource issues on aiops-k8s-03 and aiops-k8s-04. However, log and trace evidence do not align with these nodes being the root cause due to distributed latency and lack of logs during the anomaly timeline.\",\n  \"recommendation\": [\n    \"Deeply investigate cross-node network bottlenecks and communication anomalies.\",\n    \"Conduct service-level profiling of emailservice and checkoutservice for code-level bottlenecks or configuration flaws.\",\n    \"Expand resource monitoring scope to all nodes to identify systemic patterns of bottlenecks.\",\n    \"Analyze checkoutservice and redis dependency interactions to clarify cascading failures or resource contention.\"\n  ]\n}\n```\n\n### 最终结论\n- **状态**: DISAGREED  \n  综合 Log、Metric 和 Trace 的分析结果，由于缺乏跨领域的协同证据支持，`aiops-k8s-03` 和 `aiops-k8s-04` 的内存使用率异常尚不足以证明其作为根因。\n  \n- **主要发现**:\n  - Metric 数据中确实识别到这两个节点的内存异常。\n  - 日志数据中未检出任何与问题相关的错误记录。\n  - Trace 分析则表明系统问题的延迟分布较为分散，未集中发生在这两个节点上。\n\n- **推荐措施**：\n  请依据推荐行动计划，从网络通信、服务级 Profiling、资源监控扩展及调用链分析四个方向继续调查，以便全面排查并定位更深层的问题根因。", "metric_analysis_findings": "根据全面的最终裁定结果，并结合 Metric、Log 和 Trace 三位专家的多轮意见，以下是对当前事件的最终总结和下一步骤的建议：\n\n### 事件总结\n- **状态**: **DISAGREED**\n  尽管 Metric 数据指出 `aiops-k8s-03` 和 `aiops-k8s-04` 的内存使用存在显著异常，但不足以被认定为此次系统故障的直接根因。这一判断基于 Log 和 Trace 专家提供的相左见解：Log 没有对应错误或异常日志，Trace 数据显示延迟分布在多个节点而非仅限于这两个节点，因此没有充分证据指向它们作为直接问题根源。\n\n### 核心原因\n- **Metric 数据**支持内存资源异常可以是问题的部分因素。\n- **Log 和 Trace 数据**反对它们作为根因的理由在于遗漏的日志证据与分散的链路延迟分布。\n\n### 推荐下一步行动\n1. **网络性能分析**:\n   - 深入网络通信的性能诊断，以检测网络瓶颈、数据传输效率低下等问题。\n   - 确保网络问题不会导致级联效应，从而影响系统其他组件。\n\n2. **细致的服务级分析**:\n   - 对 `emailservice` 和 `checkoutservice` 的性能表现及其内部因素进行详细 Profiling。\n   - 识别和修正可能导致额外压力的异常行为，例如低效的重试策略。\n\n3. **全面的系统资源监控**:\n   - 将监控覆盖面扩展至其他关键节点，以发现潜在的全局资源瓶颈或异常。\n   - 从系统层面检测一致性或者趋势模式，表现出资源利用失衡。\n\n4. **依赖传播行为的深入解析**:\n   - 聚焦于服务间关键依赖链路（如 `checkoutservice` 和 `redis`）的交互，分析是否存在资源争用或传播中的异常路径。\n   - 针对异步调用如何导致服务级别的延迟或效能下降进行深入研究。\n\n### 总结与展望\n次事件分析强调了将从整体系统表现出发，跨多个维度综合评估潜在故障的复杂性的重要性。通过展开上述建议的行动，将有助于全面揭示问题的根本原因，最终提升系统的稳健性和性能表现。继续监控和评估改进措施的效果，确保系统能够应对未来类似的潜在风险。", "trace_analysis_findings": "### 最终裁定结果: 事件根因假设与后续行动建议\n\n我们经由专家团队对 UUID `9ce187ea-493` 事件开展的综合性核验和深度探讨，对假设 \"aiops-k8s-03 和 aiops-k8s-04 因内存使用率异常成为根因\" 做出最终决策。\n\n---\n\n### 决策状态\n\n**状态**: **DISAGREED**  \n综合考量三位专家提供的 Log、Metric 和 Trace 数据后，该假设未能作为系统故障的唯一或主要根因被确定。\n\n---\n\n#### 核心理由与分析\n\n1. **Metric 专家支持意见**:\n   - 基于指标数据 `node_memory_usage_rate` 和 `node_memory_MemAvailable_bytes`，`aiops-k8s-03` 和 `aiops-k8s-04` 的内存使用异常显著，提示可能是影响系统的部分因素。\n   - 衡量节点的内存资源压力在事件期间突出。\n\n2. **Log 专家反对意见**:\n   - 缺乏相关误差日志或异常记录，阻碍内存异常作为根因的成立。\n   - 日志分析未能与假设形成足够的支持关联。\n\n3. **Trace 专家反对意见**:\n   - 延迟问题在多个节点上扩散未集中在 `aiops-k8s-03` 和 `aiops-k8s-04`，这些节点可能仅是事件传播链中的受影响者。\n   - 调用链分析未能支持假设作为中央异常原因。\n\n---\n\n### 推荐行动计划\n\n基于各领域专家的深度见解，我们提出以下行动建议，以有效锁定系统问题根因并防止未来类似问题：\n\n1. **跨节点网络性能分析**:\n   - 深入审视跨节点网络效果，包括流量拥塞与数据包丢失。\n   - 优化跨服务的网络通信，排除潜在级联效应。\n\n2. **服务级 Profiling 及代码分析**:\n   - 重点分析 `emailservice` 和 `checkoutservice`，梳理代码逻辑、配置错误及潜在压力点。\n   - 校订重试机制是否对系统造成过度压力。\n\n3. **资源监控的全局覆盖**:\n   - 丰富对其他节点资源监控范围，评估系统性瓶颈是否存在。\n   - 深度发掘内存、CPU 及 I/O 异常使用模式。\n\n4. **调用链的传播行为分析**:\n   - 剖析 `checkoutservice` 和 `redis` 间的关键交互，明确依赖关系中可能的资源竞争或传递压力。\n   - 扩大分析节点对多调用链异常路径的全面性探查。\n\n---\n\n### 最终输出 JSON\n\n```json\n{\n  \"status\": \"DISAGREED\",\n  \"hypothesis\": \"aiops-k8s-03 and aiops-k8s-04 potentially root causes due to node_memory_usage_rate anomalies\",\n  \"reasoning\": \"Metric data highlights significant memory resource issues on aiops-k8s-03 and aiops-k8s-04. However, log and trace evidence do not align with these nodes being the root cause due to distributed latency and lack of logs during the anomaly timeline.\",\n  \"recommendation\": [\n    \"Deeply investigate cross-node network bottlenecks and communication anomalies.\",\n    \"Conduct service-level profiling of emailservice and checkoutservice for code-level bottlenecks or configuration flaws.\",\n    \"Expand resource monitoring scope to all nodes to identify systemic patterns of bottlenecks.\",\n    \"Analyze checkoutservice and redis dependency interactions to clarify cascading failures or resource contention.\"\n  ]\n}\n```\n\n---\n\n### 压缩总结\n\n尽管 `aiops-k8s-03` 和 `aiops-k8s-04` 的内存压力状况值得关注，现有数据不足以明确支持其作为事件的直接根因。建议从提高系统的跨节点网络诊断能力、服务性能分析、资源监控覆盖及调用链传播路径研究多维展开深入调查。", "report_analysis_findings": {"uuid": "9ce187ea-493", "component": "aiops-k8s-03", "reason": "node_memory_usage_rate anomalies observed but not definitive root cause", "reasoning_trace": [{"step": 1, "action": "LoadMetrics(aiops-k8s-03)", "observation": "High node_memory_usage_rate detected, over normal threshold during the anomaly interval"}, {"step": 2, "action": "LogSearch(aiops-k8s-03)", "observation": "No related error logs or significant issues present"}, {"step": 3, "action": "TraceAnalysis(9ce187ea-493)", "observation": "Distributed latency patterns observed across multiple nodes, non-specific to aiops-k8s-03"}]}, "report_analysis_completed": true}
2026-01-04 10:48:14,243 - RootCauseAnalysis - INFO - ORCHESTRATOR AGENT - Execution Completed
2026-01-04 10:48:14,243 - RootCauseAnalysis - INFO - [Final State Summary]
2026-01-04 10:48:14,243 - RootCauseAnalysis - INFO -    - current_hypothesis: aiops-k8s-03 and aiops-k8s-04 potentially root causes due to node_memory_usage_rate anomalies
2026-01-04 10:48:14,243 - RootCauseAnalysis - INFO -    - consensus_decision: DISAGREED
2026-01-04 10:48:14,243 - RootCauseAnalysis - INFO -    - consensus_iteration: 6
2026-01-04 10:48:14,243 - RootCauseAnalysis - INFO - === END SESSION ===
