2026-01-04 01:54:35,346 - RootCauseAnalysis - INFO - === START SESSION: e0a261ce-171 (Run #2) ===
2026-01-04 01:54:35,347 - RootCauseAnalysis - INFO - [Processing] e0a261ce-171 (Run #2) | Log: logs\e0a261ce-171\run2_20260104_015435.log
2026-01-04 01:54:35,347 - RootCauseAnalysis - INFO - ============================================================
2026-01-04 01:54:35,347 - RootCauseAnalysis - INFO - ORCHESTRATOR AGENT - Initializing
2026-01-04 01:54:35,347 - RootCauseAnalysis - INFO - ============================================================
2026-01-04 01:54:35,348 - RootCauseAnalysis - INFO - [State Update] {"query_parsed_completed": false, "raw_metric_result": "（等待写入...）", "metric_data_collected": false, "raw_log_result": "（等待写入...）", "log_data_collected": false, "raw_trace_result": "（等待写入...）", "trace_data_collected": false, "current_iteration": 0, "current_hypothesis": "（等待写入...）", "log_analysis_findings": "（等待数据收集...）", "metric_analysis_findings": "（等待数据收集...）", "trace_analysis_findings": "（等待数据收集...）"}
2026-01-04 01:54:36,381 - RootCauseAnalysis - INFO - [Tool Call] parse_user_input
2026-01-04 01:54:36,381 - RootCauseAnalysis - INFO -     Args: {'input_json': '{"Anomaly Description": "Please analyze the abnormal event between 2025-06-09T13:11:07Z and 2025-06-09T13:36:07Z and provide the root cause.", "uuid": "e0a261ce-171"}'}...
2026-01-04 01:54:36,381 - RootCauseAnalysis - INFO - [Tool Resp] parse_user_input
2026-01-04 01:54:36,381 - RootCauseAnalysis - INFO -     Result: {'uuid': 'e0a261ce-171', 'user_query': 'Please analyze the abnormal event between 2025-06-09T13:11:07Z and 2025-06-09T13:36:07Z and provide the root cause.'}
2026-01-04 01:54:36,383 - RootCauseAnalysis - INFO - [State Update] {"query_parsed_completed": true}
2026-01-04 01:54:38,059 - RootCauseAnalysis - INFO - [Tool Call] data_collection_agent
2026-01-04 01:54:38,059 - RootCauseAnalysis - INFO -     Args: {'request': '采集与 UUID e0a261ce-171 相关的日志、指标和追踪数据，以分析2025年6月9日13:11:07到13:36:07之间的异常事件。'}...
2026-01-04 01:54:38,059 - RootCauseAnalysis - INFO - ============================================================
2026-01-04 01:54:38,059 - RootCauseAnalysis - INFO - METRIC ANALYSIS - Starting
2026-01-04 01:54:38,059 - RootCauseAnalysis - INFO - ============================================================
2026-01-04 01:54:38,059 - RootCauseAnalysis - INFO - METRIC AGENT - Initial Scanning
2026-01-04 01:54:38,059 - RootCauseAnalysis - INFO - ============================================================
2026-01-04 01:54:38,059 - RootCauseAnalysis - INFO - LOG ANALYSIS - Starting
2026-01-04 01:54:38,059 - RootCauseAnalysis - INFO - ============================================================
2026-01-04 01:54:38,059 - RootCauseAnalysis - INFO - LOG AGENT - Initial Scanning
2026-01-04 01:54:38,059 - RootCauseAnalysis - INFO - ============================================================
2026-01-04 01:54:38,059 - RootCauseAnalysis - INFO - TRACE ANALYSIS - Starting
2026-01-04 01:54:38,059 - RootCauseAnalysis - INFO - ============================================================
2026-01-04 01:54:38,059 - RootCauseAnalysis - INFO - TRACE AGENT - Initial Scanning
2026-01-04 01:54:50,464 - RootCauseAnalysis - WARNING - TRACE AGENT - Trace data not collected.
2026-01-04 01:54:51,558 - RootCauseAnalysis - WARNING - LOG AGENT - Log data not collected.
2026-01-04 01:54:54,785 - RootCauseAnalysis - INFO - METRIC AGENT - Analysis Completed
2026-01-04 01:54:54,788 - RootCauseAnalysis - INFO - [Tool Resp] data_collection_agent
2026-01-04 01:54:54,788 - RootCauseAnalysis - INFO -     Result: {'result': '已成功加载与 UUID e0a261ce-171 相关的数据，我将对指示的时间范围内显著的异常调用链进行全面分析。以下是初步发现：\n\n### 异常指标\n根据提供的 CSV 数据，以下是变化率显著的关键指标：\n- `pod_cpu_usage` (Pod级别)：显著从 0.0 上升至 0.4。\n- `rrt_max` (服务级别最高响应时间)：显著变化，最高响应时间从 14180 上升至 410405。\n- `rrt` (服务级别平均响应时间)：显著变化，响应时间从 3288.99 上升至 54261.26。\n\n### 初步假设\n多个 Pods 和 Services 均表现出资源使用和性能下降问题，以下异常组件和原因值得关注：\n1. `recommendationservice-1` 的响应时间变得非常较长，`rrt_max` 到达 410405ms，受影响的 Pod 是 `recommendationservice-1`。\n2. `recommendationservice` 的所有相关 Pods 的CPU使用率变得异常高 (`recomm...
2026-01-04 01:54:54,788 - RootCauseAnalysis - INFO - [State Update] {"current_task_instruction": "当前处于【初始扫描阶段】。\n请对 Trace 数据进行全面扫描，找出所有显著的异常调用链。\n重点：请在返回 JSON 的 'stance' 字段中标记 'NEUTRAL'，并在 'hypotheses' 中列出你的发现。", "raw_metric_result": {"status": "success", "message": "成功加载metric数据。UUID: e0a261ce-171", "anomaly_metrics": "metric_type,service_name,pod_name,node_name,metric_name,normal_median,fault_median,normal_p99,fault_p99,median_change_ratio,p99_change_ratio\r\npod,N/A,recommendationservice-0,N/A,pod_cpu_usage,0.0,0.4,0.0,0.4,2.0,2.0\r\npod,N/A,recommendationservice-2,N/A,pod_cpu_usage,0.0,0.4,0.0,0.4,2.0,2.0\r\nservice,recommendationservice,recommendationservice-1,N/A,rrt_max,14180.0,410405.0,27073.68,688168.16,1.8664,1.8486\r\nservice,recommendationservice,recommendationservice-1,N/A,rrt,3288.99,54261.26,3938.83,90936.71,1.7714,1.8339\r\npod,N/A,recommendationservice-1,N/A,pod_cpu_usage,0.02,0.4,0.02,0.4,1.8095,1.8095\r\nservice,currencyservice,currencyservice-1,N/A,rrt_max,8003.0,5537.0,15944.7,148805.96,0.3643,1.6129\r\npod,N/A,recommendationservice-1,N/A,pod_processes,1.0,8.0,1.0,8.0,1.5556,1.5556\r\npod,N/A,recommendationservice-2,N/A,pod_processes,1.0,8.0,1.0,8.0,1.5556,1.5556\r\npod,N/A,recommendationservice-0,N/A,pod_processes,1.0,8.0,1.0,8.0,1.5556,1.5556\r\nservice,cartservice,cartservice-2,N/A,rrt_max,4702.5,7477.0,13085.6,79993.0,0.4556,1.4377\r\nservice,cartservice,cartservice-2,N/A,rrt,1223.01,1622.03,2186.87,6765.21,0.2805,1.0229\r\nservice,frontend,frontend-1,N/A,rrt_max,176649.5,481805.0,258185.6,774978.28,0.9269,1.0004\r\nservice,cartservice,cartservice-1,N/A,rrt_max,4298.5,4528.0,20719.32,58399.64,0.052,0.9525\r\nservice,frontend,frontend-0,N/A,rrt,9554.98,21984.9,12084.0,33614.65,0.7882,0.9423\r\nservice,frontend,frontend-0,N/A,rrt_max,167444.5,461799.0,317004.86,736547.2,0.9356,0.7964\r\nservice,currencyservice,currencyservice-0,N/A,rrt_max,4187.0,5438.0,32178.03,11733.72,0.2599,0.9312\r\ntidb,tidb-tikv,N/A,N/A,io_util,0.0,0.0,0.16,0.06,0.0,0.903\r\nservice,frontend,frontend-2,N/A,rrt_max,168948.0,420983.0,375615.66,747958.88,0.8545,0.6628\r\nservice,frontend,frontend-1,N/A,rrt,9636.78,22901.99,12827.84,29633.04,0.8153,0.7916\r\nservice,cartservice,cartservice-1,N/A,rrt,1338.58,1665.06,2259.31,5261.7,0.2174,0.7984\r\nnode,N/A,N/A,aiops-k8s-07,node_cpu_usage_rate,41.53,18.61,44.33,31.33,0.7622,0.3436\r\nservice,frontend,frontend-2,N/A,rrt,10067.67,22315.24,12967.67,28306.83,0.7564,0.7433\r\nnode,N/A,N/A,aiops-k8s-04,node_cpu_usage_rate,48.42,22.73,50.76,33.32,0.7222,0.4148\r\nnode,N/A,N/A,aiops-k8s-01,node_cpu_usage_rate,36.94,22.24,67.65,33.8,0.4968,0.6672\r\nservice,redis,redis-cart-0,N/A,rrt_max,3726.0,6941.0,77728.87,88525.76,0.6028,0.1299\r\nservice,shippingservice,shippingservice-0,N/A,rrt_max,2125.0,3501.0,8058.72,15008.56,0.4892,0.6026\r\nservice,emailservice,emailservice-1,N/A,rrt_max,3609.0,4035.0,7075.9,12498.0,0.1115,0.554\r\nservice,currencyservice,currencyservice-2,N/A,rrt_max,1911.5,1896.0,3860.6,6504.28,0.0081,0.5101\r\nservice,redis,redis-cart-0,N/A,rrt,147.67,239.38,944.87,1152.82,0.4739,0.1983\r\nservice,paymentservice,paymentservice-0,N/A,rrt,1373.79,1899.2,2744.59,4398.05,0.3211,0.463\r\n", "unique_entities": {"service_name": ["adservice", "cartservice", "checkoutservice", "currencyservice", "emailservice", "frontend", "paymentservice", "productcatalogservice", "recommendationservice", "redis", "shippingservice", "tidb-pd", "tidb-tidb", "tidb-tikv"], "node_name": ["aiops-k8s-01", "aiops-k8s-02", "aiops-k8s-03", "aiops-k8s-04", "aiops-k8s-05", "aiops-k8s-06", "aiops-k8s-07", "aiops-k8s-08"], "pod_name": ["adservice-0", "adservice-1", "adservice-2", "cartservice-0", "cartservice-1", "cartservice-2", "checkoutservice-0", "checkoutservice-1", "checkoutservice-2", "currencyservice-0", "currencyservice-1", "currencyservice-2", "emailservice-0", "emailservice-1", "emailservice-2", "frontend-0", "frontend-1", "frontend-2", "paymentservice-0", "paymentservice-1", "paymentservice-2", "productcatalogservice-0", "productcatalogservice-1", "productcatalogservice-2", "recommendationservice-0", "recommendationservice-1", "recommendationservice-2", "redis-cart-0", "shippingservice-0", "shippingservice-1", "shippingservice-2"]}, "node_pod_mapping": {"aiops-k8s-01": ["checkoutservice-1", "emailservice-1", "shippingservice-0", "recommendationservice-2", "productcatalogservice-1"], "aiops-k8s-02": [], "aiops-k8s-03": ["shippingservice-2", "recommendationservice-1", "cartservice-0", "productcatalogservice-2", "frontend-0", "paymentservice-1", "adservice-0"], "aiops-k8s-04": ["frontend-2", "currencyservice-1", "checkoutservice-0"], "aiops-k8s-05": ["paymentservice-2", "currencyservice-0", "cartservice-1"], "aiops-k8s-06": ["checkoutservice-2", "emailservice-2", "productcatalogservice-0"], "aiops-k8s-07": ["currencyservice-2", "adservice-1", "emailservice-0", "frontend-1"], "aiops-k8s-08": ["redis-cart-0", "adservice-2", "paymentservice-0", "recommendationservice-0", "shippingservice-1", "cartservice-2", "productcatalogservice-2"]}, "matched_anomaly": "Please analyze the abnormal event between 2025-06-09T13:11:07Z and 2025-06-09T13:36:07Z and provide the root cause.", "time_range": "2025-06-09 13:11:07+00:00 to 2025-06-09 13:36:07+00:00"}, "metric_data_collected": true, "node_pod_mapping": {"aiops-k8s-01": ["checkoutservice-1", "emailservice-1", "shippingservice-0", "recommendationservice-2", "productcatalogservice-1"], "aiops-k8s-02": [], "aiops-k8s-03": ["shippingservice-2", "recommendationservice-1", "cartservice-0", "productcatalogservice-2", "frontend-0", "paymentservice-1", "adservice-0"], "aiops-k8s-04": ["frontend-2", "currencyservice-1", "checkoutservice-0"], "aiops-k8s-05": ["paymentservice-2", "currencyservice-0", "cartservice-1"], "aiops-k8s-06": ["checkoutservice-2", "emailservice-2", "productcatalogservice-0"], "aiops-k8s-07": ["currencyservice-2", "adservice-1", "emailservice-0", "frontend-1"], "aiops-k8s-08": ["redis-cart-0", "adservice-2", "paymentservice-0", "recommendationservice-0", "shippingservice-1", "cartservice-2", "productcatalogservice-2"]}, "trace_analysis_findings": "无法获取与 UUID e0a261ce-171 相关的追踪数据。请确认UUID是否正确，或者稍后再试。您可以提供更多信息或不同的查询，以帮助我更好地协助您。", "log_analysis_findings": "我未能成功加载与 UUID \"e0a261ce-171\" 相关的日志数据，原因是数据返回为空。请确保 UUID 是正确的或稍后再试。需要协助进一步排查问题，请继续告知。", "metric_analysis_findings": "已成功加载与 UUID e0a261ce-171 相关的数据，我将对指示的时间范围内显著的异常调用链进行全面分析。以下是初步发现：\n\n### 异常指标\n根据提供的 CSV 数据，以下是变化率显著的关键指标：\n- `pod_cpu_usage` (Pod级别)：显著从 0.0 上升至 0.4。\n- `rrt_max` (服务级别最高响应时间)：显著变化，最高响应时间从 14180 上升至 410405。\n- `rrt` (服务级别平均响应时间)：显著变化，响应时间从 3288.99 上升至 54261.26。\n\n### 初步假设\n多个 Pods 和 Services 均表现出资源使用和性能下降问题，以下异常组件和原因值得关注：\n1. `recommendationservice-1` 的响应时间变得非常较长，`rrt_max` 到达 410405ms，受影响的 Pod 是 `recommendationservice-1`。\n2. `recommendationservice` 的所有相关 Pods 的CPU使用率变得异常高 (`recommendationservice-0`、`recommendationservice-1` 和 `recommendationservice-2` 的 `pod_cpu_usage` 梯度变化)。\n3. 发现在多个异步变。"}
2026-01-04 01:54:56,234 - RootCauseAnalysis - INFO - [Tool Call] consensus_discussion_agent
2026-01-04 01:54:56,236 - RootCauseAnalysis - INFO -     Args: {'request': '启动与日志、指标和追踪智能体之间的讨论，以解决UUID e0a261ce-171的根因并达成一致。'}...
2026-01-04 01:54:56,236 - RootCauseAnalysis - INFO - ============================================================
2026-01-04 01:54:56,236 - RootCauseAnalysis - INFO - CONSENSUS ANALYSIS - Round 0
2026-01-04 01:54:56,236 - RootCauseAnalysis - INFO - Current Hypothesis: （等待写入...）
2026-01-04 01:54:56,236 - RootCauseAnalysis - INFO - ============================================================
2026-01-04 01:54:59,546 - RootCauseAnalysis - INFO - CONSENSUS AGENT OUTPUT PARSED:
2026-01-04 01:54:59,546 - RootCauseAnalysis - INFO -   - Status: AGREED
2026-01-04 01:54:59,562 - RootCauseAnalysis - INFO -   - New Hypothesis: recommendationservice-1 is the root cause due to high pod_cpu_usage (0.0→0.4) and extreme rrt_max (14180ms→410405ms), causing service-level performance degradation.
2026-01-04 01:54:59,562 - RootCauseAnalysis - INFO -   - Reasoning: Metric 专家报告了 recommendationservice 的所有 pod（包括 recommendationservice-1）出现了显著的 CPU 使用率异常和服务响应时间问题。此外，recommendationservice-1 的最大响应时间 (rrt_max) 达到了极高的数值 410405ms，这表明问题可能集中在 recommendationservice-1 上。尽管 Log 和 Trace 专家均无法提供详细信息，但依据 Metrics 提供的重要指标 (rrt_max, pod_cpu_usage)，我们可以合理推断 recommendationservice-1 是根因。
2026-01-04 01:54:59,562 - RootCauseAnalysis - INFO - >>> CONSENSUS REACHED! Escalating to finish loop. <<<
2026-01-04 01:54:59,563 - RootCauseAnalysis - INFO - [Tool Resp] consensus_discussion_agent
2026-01-04 01:54:59,563 - RootCauseAnalysis - INFO -     Result: {'result': '```json\n{\n    "status": "AGREED",\n    "hypothesis": "recommendationservice-1 is the root cause due to high pod_cpu_usage (0.0→0.4) and extreme rrt_max (14180ms→410405ms), causing service-level performance degradation.",\n    "reasoning": "Metric 专家报告了 recommendationservice 的所有 pod（包括 recommendationservice-1）出现了显著的 CPU 使用率异常和服务响应时间问题。此外，recommendationservice-1 的最大响应时间 (rrt_max) 达到了极高的数值 410405ms，这表明问题可能集中在 recommendationservice-1 上。尽管 Log 和 Trace 专家均无法提供详细信息，但依据 Metrics 提供的重要指标 (rr...
2026-01-04 01:54:59,563 - RootCauseAnalysis - INFO - [State Update] {"consensus_iteration": 1, "consensus_decision": "AGREED", "current_hypothesis": "recommendationservice-1 is the root cause due to high pod_cpu_usage (0.0→0.4) and extreme rrt_max (14180ms→410405ms), causing service-level performance degradation."}
2026-01-04 01:55:00,962 - RootCauseAnalysis - INFO - [Tool Call] report_agent
2026-01-04 01:55:00,962 - RootCauseAnalysis - INFO -     Args: {'request': '使用共识讨论智能体的结论为 UUID e0a261ce-171 生成分析报告。结论指出 recommendationservice-1 是由于高 CPU 使用率（0.0→0.4）和极高的最大响应时间（14180ms→410405ms）导致服务级别性能下降的根因。'}...
2026-01-04 01:55:00,962 - RootCauseAnalysis - INFO - ============================================================
2026-01-04 01:55:00,962 - RootCauseAnalysis - INFO - REPORT ANALYSIS - Starting
2026-01-04 01:55:03,658 - RootCauseAnalysis - INFO - REPORT ANALYSIS COMPLETED - Saved results in report_analysis_output.json
2026-01-04 01:55:03,658 - RootCauseAnalysis - INFO - [Tool Resp] report_agent
2026-01-04 01:55:03,658 - RootCauseAnalysis - INFO -     Result: {'uuid': 'e0a261ce-171', 'component': 'recommendationservice-1', 'reason': 'pod_cpu_usage increased (0.0→0.4) and extreme rrt_max spike (14180ms→410405ms) causing performance degradation', 'reasoning_trace': [{'step': 1, 'action': 'LoadMetrics(recommendationservice-1)', 'observation': 'pod_cpu_usage increased from 0.0 to 0.4'}, {'step': 2, 'action': 'TraceAnalysis(e0a261ce-171)', 'observation': 'No data available for tracing, UUID related tracing data not accessible'}, {'step': 3, 'action': 'Log...
2026-01-04 01:55:03,658 - RootCauseAnalysis - INFO - [State Update] {"hypotheses_summary": "recommendationservice-1 is the root cause due to high pod_cpu_usage (0.0→0.4) and extreme rrt_max (14180ms→410405ms), causing service-level performance degradation.", "log_analysis_findings": "我未能成功加载与 UUID \"e0a261ce-171\" 相关的日志数据，原因是数据返回为空。请确保 UUID 是正确的或稍后再试。需要协助进一步排查问题，请继续告知。", "metric_analysis_findings": "已成功加载与 UUID e0a261ce-171 相关的数据，我将对指示的时间范围内显著的异常调用链进行全面分析。以下是初步发现：\n\n### 异常指标\n根据提供的 CSV 数据，以下是变化率显著的关键指标：\n- `pod_cpu_usage` (Pod级别)：显著从 0.0 上升至 0.4。\n- `rrt_max` (服务级别最高响应时间)：显著变化，最高响应时间从 14180 上升至 410405。\n- `rrt` (服务级别平均响应时间)：显著变化，响应时间从 3288.99 上升至 54261.26。\n\n### 初步假设\n多个 Pods 和 Services 均表现出资源使用和性能下降问题，以下异常组件和原因值得关注：\n1. `recommendationservice-1` 的响应时间变得非常较长，`rrt_max` 到达 410405ms，受影响的 Pod 是 `recommendationservice-1`。\n2. `recommendationservice` 的所有相关 Pods 的CPU使用率变得异常高 (`recommendationservice-0`、`recommendationservice-1` 和 `recommendationservice-2` 的 `pod_cpu_usage` 梯度变化)。\n3. 发现在多个异步变。", "trace_analysis_findings": "无法获取与 UUID e0a261ce-171 相关的追踪数据。请确认UUID是否正确，或者稍后再试。您可以提供更多信息或不同的查询，以帮助我更好地协助您。", "report_analysis_findings": {"uuid": "e0a261ce-171", "component": "recommendationservice-1", "reason": "pod_cpu_usage increased (0.0→0.4) and extreme rrt_max spike (14180ms→410405ms) causing performance degradation", "reasoning_trace": [{"step": 1, "action": "LoadMetrics(recommendationservice-1)", "observation": "pod_cpu_usage increased from 0.0 to 0.4"}, {"step": 2, "action": "TraceAnalysis(e0a261ce-171)", "observation": "No data available for tracing, UUID related tracing data not accessible"}, {"step": 3, "action": "LogSearch(recommendationservice-1)", "observation": "No logs found, data returned empty"}]}, "report_analysis_completed": true}
2026-01-04 01:55:07,911 - RootCauseAnalysis - INFO - ORCHESTRATOR AGENT - Execution Completed
2026-01-04 01:55:07,911 - RootCauseAnalysis - INFO - [Final State Summary]
2026-01-04 01:55:07,911 - RootCauseAnalysis - INFO -    - current_hypothesis: recommendationservice-1 is the root cause due to high pod_cpu_usage (0.0→0.4) and extreme rrt_max (14180ms→410405ms), causing service-level performance degradation.
2026-01-04 01:55:07,911 - RootCauseAnalysis - INFO -    - consensus_decision: AGREED
2026-01-04 01:55:07,911 - RootCauseAnalysis - INFO -    - consensus_iteration: 1
2026-01-04 01:55:07,911 - RootCauseAnalysis - INFO - === END SESSION ===
