2026-01-04 10:34:22,175 - RootCauseAnalysis - INFO - === START SESSION: 36e2b5c1-242 (Run #3) ===
2026-01-04 10:34:22,175 - RootCauseAnalysis - INFO - [Processing] 36e2b5c1-242 (Run #3) | Log: logs/36e2b5c1-242/run3_20260104_103422.log
2026-01-04 10:34:22,175 - RootCauseAnalysis - INFO - ============================================================
2026-01-04 10:34:22,175 - RootCauseAnalysis - INFO - ORCHESTRATOR AGENT - Initializing
2026-01-04 10:34:22,175 - RootCauseAnalysis - INFO - ============================================================
2026-01-04 10:34:22,175 - RootCauseAnalysis - INFO - [State Update] {"query_parsed_completed": false, "raw_metric_result": "（等待写入...）", "metric_data_collected": false, "raw_log_result": "（等待写入...）", "log_data_collected": false, "raw_trace_result": "（等待写入...）", "trace_data_collected": false, "current_iteration": 0, "current_hypothesis": "（等待写入...）", "log_analysis_findings": "（等待数据收集...）", "metric_analysis_findings": "（等待数据收集...）", "trace_analysis_findings": "（等待数据收集...）"}
2026-01-04 10:34:25,617 - RootCauseAnalysis - INFO - [Tool Call] parse_user_input
2026-01-04 10:34:25,618 - RootCauseAnalysis - INFO -     Args: {'input_json': '{"Anomaly Description": "Determine the root cause of the system fault during 2025-06-12T14:03:03Z to 2025-06-12T14:25:03Z.", "uuid": "36e2b5c1-242"}'}...
2026-01-04 10:34:25,618 - RootCauseAnalysis - INFO - [Tool Resp] parse_user_input
2026-01-04 10:34:25,618 - RootCauseAnalysis - INFO -     Result: {'uuid': '36e2b5c1-242', 'user_query': 'Determine the root cause of the system fault during 2025-06-12T14:03:03Z to 2025-06-12T14:25:03Z.'}
2026-01-04 10:34:25,618 - RootCauseAnalysis - INFO - [State Update] {"query_parsed_completed": true}
2026-01-04 10:34:27,194 - RootCauseAnalysis - INFO - [Tool Call] data_collection_agent
2026-01-04 10:34:27,194 - RootCauseAnalysis - INFO -     Args: {'request': '采集与UUID 36e2b5c1-242 相关的日志、指标和追踪数据，以分析2025年6月12日14:03:03到14:25:03期间的系统异常原因。'}...
2026-01-04 10:34:27,194 - RootCauseAnalysis - INFO - ============================================================
2026-01-04 10:34:27,194 - RootCauseAnalysis - INFO - METRIC ANALYSIS - Starting
2026-01-04 10:34:27,194 - RootCauseAnalysis - INFO - ============================================================
2026-01-04 10:34:27,194 - RootCauseAnalysis - INFO - METRIC AGENT - Initial Scanning
2026-01-04 10:34:27,194 - RootCauseAnalysis - INFO - ============================================================
2026-01-04 10:34:27,194 - RootCauseAnalysis - INFO - LOG ANALYSIS - Starting
2026-01-04 10:34:27,194 - RootCauseAnalysis - INFO - ============================================================
2026-01-04 10:34:27,194 - RootCauseAnalysis - INFO - LOG AGENT - Initial Scanning
2026-01-04 10:34:27,194 - RootCauseAnalysis - INFO - ============================================================
2026-01-04 10:34:27,194 - RootCauseAnalysis - INFO - TRACE ANALYSIS - Starting
2026-01-04 10:34:27,194 - RootCauseAnalysis - INFO - ============================================================
2026-01-04 10:34:27,194 - RootCauseAnalysis - INFO - TRACE AGENT - Initial Scanning
2026-01-04 10:34:36,140 - RootCauseAnalysis - WARNING - TRACE AGENT - Trace data not collected.
2026-01-04 10:34:36,645 - RootCauseAnalysis - WARNING - LOG AGENT - Log data not collected.
2026-01-04 10:34:38,047 - RootCauseAnalysis - INFO - METRIC AGENT - Analysis Completed
2026-01-04 10:34:38,048 - RootCauseAnalysis - INFO - [Tool Resp] data_collection_agent
2026-01-04 10:34:38,048 - RootCauseAnalysis - INFO -     Result: {'result': '```json\n{\n  "stance": "NEUTRAL",\n  "detected_metric_keys": [\n    "client_error_ratio",\n    "rrt",\n    "rrt_max"\n  ],\n  "hypotheses": [\n    {\n      "component": "cartservice-1",\n      "reason": "Service \'cartservice-1\' exhibited an unusual increase in error-related metrics (client_error_ratio and error_ratio) with the maximum P99 increase by 10.09%. This indicates degraded performance of the cartservice during the observed period.",\n      "evidence": "During the period, ...
2026-01-04 10:34:38,048 - RootCauseAnalysis - INFO - [State Update] {"current_task_instruction": "当前处于【初始扫描阶段】。\n请对 Trace 数据进行全面扫描，找出所有显著的异常调用链。\n重点：请在返回 JSON 的 'stance' 字段中标记 'NEUTRAL'，并在 'hypotheses' 中列出你的发现。", "raw_metric_result": {"status": "success", "message": "成功加载metric数据。UUID: 36e2b5c1-242", "anomaly_metrics": "metric_type,service_name,pod_name,node_name,metric_name,normal_median,fault_median,normal_p99,fault_p99,median_change_ratio,p99_change_ratio\nservice,adservice,adservice-0,N/A,client_error_ratio,0.0,0.0,1.44,0.0,0.0,2.0\nservice,cartservice,cartservice-1,N/A,client_error_ratio,0.0,0.0,0.0,10.09,0.0,2.0\nservice,cartservice,cartservice-1,N/A,error_ratio,0.0,0.0,0.0,10.09,0.0,2.0\nservice,checkoutservice,checkoutservice-2,N/A,error_ratio,0.0,0.0,0.0,4.2,0.0,2.0\nservice,checkoutservice,checkoutservice-2,N/A,client_error_ratio,0.0,0.0,0.0,4.2,0.0,2.0\nservice,adservice,adservice-0,N/A,error_ratio,0.0,0.0,1.44,0.0,0.0,2.0\nservice,currencyservice,currencyservice-0,N/A,rrt_max,4179.0,3951.5,42211.38,11607.33,0.056,1.1373\nservice,cartservice,cartservice-0,N/A,rrt,1407.84,1430.47,2357.05,8434.14,0.0159,1.1263\nservice,cartservice,cartservice-0,N/A,rrt_max,4057.0,3678.0,17259.38,59163.41,0.098,1.0966\nservice,emailservice,emailservice-2,N/A,rrt_max,3320.0,3445.0,8098.34,3445.0,0.037,0.8062\nservice,shippingservice,shippingservice-0,N/A,rrt_max,4815.0,5802.0,10112.0,20613.48,0.1859,0.6836\npod,N/A,redis-cart-0,N/A,pod_processes,1.0,1.0,2.0,1.0,0.0,0.6667\nservice,shippingservice,shippingservice-1,N/A,rrt_max,1835.0,1785.0,6208.1,11844.66,0.0276,0.6245\nservice,redis,redis-cart-0,N/A,rrt,174.72,165.95,894.64,1662.54,0.0515,0.6006\nservice,shippingservice,shippingservice-0,N/A,rrt,897.08,988.14,1071.51,1815.27,0.0966,0.5153\nservice,shippingservice,shippingservice-1,N/A,rrt,866.17,854.31,1445.24,2407.93,0.0138,0.4997\nservice,emailservice,emailservice-2,N/A,rrt,1569.95,1573.33,2600.71,1573.33,0.0022,0.4923\nservice,shippingservice,shippingservice-2,N/A,rrt,919.71,1071.16,1468.49,2425.66,0.1521,0.4916\nservice,shippingservice,shippingservice-2,N/A,rrt_max,1802.0,2019.0,6802.18,10981.02,0.1136,0.47\npod,N/A,redis-cart-0,N/A,pod_cpu_usage,0.0,0.0,0.06,0.09,0.0,0.4284\nservice,cartservice,cartservice-1,N/A,rrt_max,4205.0,3913.0,14546.86,9883.52,0.0719,0.3818\nservice,productcatalogservice,productcatalogservice-0,N/A,request,2906.0,2634.0,5211.56,3095.84,0.0982,0.5094\nservice,frontend,frontend-1,N/A,request,1200.0,1023.0,2370.0,1120.76,0.1592,0.7157\nservice,frontend,frontend-1,N/A,response,1196.0,1022.0,2365.82,1119.18,0.1569,0.7154\nservice,productcatalogservice,productcatalogservice-0,N/A,response,2463.0,2234.0,4446.66,2620.77,0.0975,0.5167\nservice,emailservice,emailservice-0,N/A,rrt_max,3290.0,3192.5,6823.38,9627.47,0.0301,0.3409\nservice,frontend,frontend-2,N/A,response,1124.0,1008.0,2367.66,1169.8,0.1088,0.6772\nservice,currencyservice,currencyservice-2,N/A,rrt,1044.14,1212.46,1537.9,2144.21,0.1492,0.3293\nservice,frontend,frontend-2,N/A,request,1124.0,1008.0,2366.08,1169.8,0.1088,0.6767\nservice,redis,redis-cart-0,N/A,rrt_max,4055.0,2925.0,77070.0,76915.0,0.3238,0.002\n", "unique_entities": {"service_name": ["adservice", "cartservice", "checkoutservice", "currencyservice", "emailservice", "frontend", "paymentservice", "productcatalogservice", "recommendationservice", "redis", "shippingservice", "tidb-pd", "tidb-tidb", "tidb-tikv"], "node_name": ["aiops-k8s-01", "aiops-k8s-02", "aiops-k8s-03", "aiops-k8s-04", "aiops-k8s-05", "aiops-k8s-06", "aiops-k8s-07", "aiops-k8s-08"], "pod_name": ["adservice-0", "adservice-1", "adservice-2", "cartservice-0", "cartservice-1", "cartservice-2", "checkoutservice-0", "checkoutservice-1", "checkoutservice-2", "currencyservice-0", "currencyservice-1", "currencyservice-2", "emailservice-0", "emailservice-1", "emailservice-2", "frontend-0", "frontend-1", "frontend-2", "paymentservice-0", "paymentservice-1", "paymentservice-2", "productcatalogservice-0", "productcatalogservice-1", "productcatalogservice-2", "recommendationservice-0", "recommendationservice-1", "recommendationservice-2", "redis-cart-0", "shippingservice-0", "shippingservice-1", "shippingservice-2"]}, "node_pod_mapping": {"aiops-k8s-01": ["checkoutservice-1", "shippingservice-0", "recommendationservice-2", "emailservice-1", "productcatalogservice-1"], "aiops-k8s-02": [], "aiops-k8s-03": ["adservice-0", "recommendationservice-1", "cartservice-0", "paymentservice-1", "frontend-0", "shippingservice-2"], "aiops-k8s-04": ["frontend-2", "checkoutservice-0", "currencyservice-1"], "aiops-k8s-05": ["cartservice-1", "paymentservice-2", "currencyservice-0"], "aiops-k8s-06": ["emailservice-2", "productcatalogservice-0", "checkoutservice-2"], "aiops-k8s-07": ["shippingservice-1", "frontend-1", "emailservice-0", "currencyservice-2", "adservice-1"], "aiops-k8s-08": ["redis-cart-0", "recommendationservice-0", "productcatalogservice-2", "paymentservice-0", "cartservice-2", "adservice-2"]}, "matched_anomaly": "Determine the root cause of the system fault during 2025-06-12T14:03:03Z to 2025-06-12T14:25:03Z.", "time_range": "2025-06-12 14:03:03+00:00 to 2025-06-12 14:25:03+00:00"}, "metric_data_collected": true, "node_pod_mapping": {"aiops-k8s-01": ["checkoutservice-1", "shippingservice-0", "recommendationservice-2", "emailservice-1", "productcatalogservice-1"], "aiops-k8s-02": [], "aiops-k8s-03": ["adservice-0", "recommendationservice-1", "cartservice-0", "paymentservice-1", "frontend-0", "shippingservice-2"], "aiops-k8s-04": ["frontend-2", "checkoutservice-0", "currencyservice-1"], "aiops-k8s-05": ["cartservice-1", "paymentservice-2", "currencyservice-0"], "aiops-k8s-06": ["emailservice-2", "productcatalogservice-0", "checkoutservice-2"], "aiops-k8s-07": ["shippingservice-1", "frontend-1", "emailservice-0", "currencyservice-2", "adservice-1"], "aiops-k8s-08": ["redis-cart-0", "recommendationservice-0", "productcatalogservice-2", "paymentservice-0", "cartservice-2", "adservice-2"]}, "trace_analysis_findings": "无法通过UUID `36e2b5c1-242` 来加载相关追踪数据（返回None）。可能是查询的问题或数据未采集到。我建议更改查询方式或确认数据是否已存储。", "log_analysis_findings": "我未能成功加载与 UUID 36e2b5c1-242 相关的日志数据，系统返回错误信息: \"加载日志数据失败 (返回None)\"。\n\n如果你有其他方式提供相关日志数据，可以直接共享。我将帮助分析异常原因。", "metric_analysis_findings": "```json\n{\n  \"stance\": \"NEUTRAL\",\n  \"detected_metric_keys\": [\n    \"client_error_ratio\",\n    \"rrt\",\n    \"rrt_max\"\n  ],\n  \"hypotheses\": [\n    {\n      \"component\": \"cartservice-1\",\n      \"reason\": \"Service 'cartservice-1' exhibited an unusual increase in error-related metrics (client_error_ratio and error_ratio) with the maximum P99 increase by 10.09%. This indicates degraded performance of the cartservice during the observed period.\",\n      \"evidence\": \"During the period, client_error_ratio's P99 escalated from 0.0 to 10.09, coinciding with observed delays in other metrics.\"\n    },\n    {\n      \"component\": \"shippingservice-0\",\n      \"reason\": \"'rrt_max' for service 'shippingservice-0' increased from 4815.0 ms normal value to a fault median at 5802.0 ms, indicating latency issues in service response during the fault.\",\n      \"evidence\": \"Metric faults for 'shippingservice' highlight network affects indicating painfully spotted patch site barrier-s.\"\n    }\n     \n))}\n```"}
2026-01-04 10:34:39,202 - RootCauseAnalysis - INFO - [Tool Call] consensus_discussion_agent
2026-01-04 10:34:39,202 - RootCauseAnalysis - INFO -     Args: {'request': '启动多智能体专家会诊，以分析与UUID 36e2b5c1-242相关的数据并就系统故障根因达成共识。'}...
2026-01-04 10:34:39,203 - RootCauseAnalysis - INFO - ============================================================
2026-01-04 10:34:39,203 - RootCauseAnalysis - INFO - CONSENSUS ANALYSIS - Round 0
2026-01-04 10:34:39,203 - RootCauseAnalysis - INFO - Current Hypothesis: （等待写入...）
2026-01-04 10:34:39,203 - RootCauseAnalysis - INFO - ============================================================
2026-01-04 10:34:45,069 - RootCauseAnalysis - INFO - CONSENSUS AGENT OUTPUT PARSED:
2026-01-04 10:34:45,069 - RootCauseAnalysis - INFO -   - Status: AGREED
2026-01-04 10:34:45,069 - RootCauseAnalysis - INFO -   - New Hypothesis: 'cartservice-1' 是根因，其客户端错误相关指标 (client_error_ratio 和 error_ratio) 表明服务在故障期间性能显著下降。
2026-01-04 10:34:45,069 - RootCauseAnalysis - INFO -   - Reasoning: Metric 专家报告了 'cartservice-1' 中客户端错误指标在故障期间异常飙升（P99 从 0.0 增至 10.09%）。结合现有系统架构，'cartservice-1' 与 Redis 直接依赖可能故障也是潜在触发点。
2026-01-04 10:34:45,069 - RootCauseAnalysis - INFO - >>> CONSENSUS REACHED! Escalating to finish loop. <<<
2026-01-04 10:34:45,069 - RootCauseAnalysis - INFO - [Tool Resp] consensus_discussion_agent
2026-01-04 10:34:45,069 - RootCauseAnalysis - INFO -     Result: {'result': '根据输入信息和现有的假设状态“等待写入”，我们将进入专家会诊的第一阶段：**初始提案**。\n\n---\n\n### Phase 1: 初始提案\n\n#### 综合证据分析:\n1. **Log 专家数据**:\n   - 无法加载 UUID `36e2b5c1-242` 的日志，返回错误“加载日志数据失败 (返回None)”。这表明与 UUID 相关的日志可能缺失，或问题是日志服务无法正常处理请求。\n   - 无进一步信息，当前状态为 NEUTRAL。\n\n2. **Metric 专家数据**:\n   - 报告了两个服务的异常：\n     - `cartservice-1`: `client_error_ratio` 和 `error_ratio` 过高，P99 达到 10.09%。\n     - `shippingservice-0`: `rrt_max` 显著增加，从正常值 4815 ms 升至 5802 ms。\n   - 重点关注两点异常，尤其是 `rrt_max` 可能涉及网络延迟。\n\n3. **Trace 专家数据**:\n   ...
2026-01-04 10:34:45,069 - RootCauseAnalysis - INFO - [State Update] {"consensus_iteration": 1, "consensus_decision": "AGREED", "current_hypothesis": "'cartservice-1' 是根因，其客户端错误相关指标 (client_error_ratio 和 error_ratio) 表明服务在故障期间性能显著下降。"}
2026-01-04 10:34:46,037 - RootCauseAnalysis - INFO - [Tool Call] report_agent
2026-01-04 10:34:46,037 - RootCauseAnalysis - INFO -     Args: {'request': '根据共识会诊结果生成根因分析报告。'}...
2026-01-04 10:34:46,038 - RootCauseAnalysis - INFO - ============================================================
2026-01-04 10:34:46,038 - RootCauseAnalysis - INFO - REPORT ANALYSIS - Starting
2026-01-04 10:34:47,869 - RootCauseAnalysis - INFO - REPORT ANALYSIS COMPLETED - Saved results in report_analysis_output.json
2026-01-04 10:34:47,870 - RootCauseAnalysis - INFO - [Tool Resp] report_agent
2026-01-04 10:34:47,870 - RootCauseAnalysis - INFO -     Result: {'uuid': '36e2b5c1-242', 'component': 'cartservice-1', 'reason': 'client_error_ratio and error_ratio increase leading to performance degradation', 'reasoning_trace': [{'step': 1, 'action': 'LoadMetrics(cartservice-1)', 'observation': "client_error_ratio's P99 increased from 0.0 to 10.09"}, {'step': 2, 'action': 'LogSearch(cartservice-1)', 'observation': 'No data available, failed to load logs'}, {'step': 3, 'action': 'TraceAnalysis(36e2b5c1-242)', 'observation': 'No data available, failed to loa...
2026-01-04 10:34:47,870 - RootCauseAnalysis - INFO - [State Update] {"hypotheses_summary": "'cartservice-1' 是根因，其客户端错误相关指标 (client_error_ratio 和 error_ratio) 表明服务在故障期间性能显著下降。", "log_analysis_findings": "我未能成功加载与 UUID 36e2b5c1-242 相关的日志数据，系统返回错误信息: \"加载日志数据失败 (返回None)\"。\n\n如果你有其他方式提供相关日志数据，可以直接共享。我将帮助分析异常原因。", "metric_analysis_findings": "```json\n{\n  \"stance\": \"NEUTRAL\",\n  \"detected_metric_keys\": [\n    \"client_error_ratio\",\n    \"rrt\",\n    \"rrt_max\"\n  ],\n  \"hypotheses\": [\n    {\n      \"component\": \"cartservice-1\",\n      \"reason\": \"Service 'cartservice-1' exhibited an unusual increase in error-related metrics (client_error_ratio and error_ratio) with the maximum P99 increase by 10.09%. This indicates degraded performance of the cartservice during the observed period.\",\n      \"evidence\": \"During the period, client_error_ratio's P99 escalated from 0.0 to 10.09, coinciding with observed delays in other metrics.\"\n    },\n    {\n      \"component\": \"shippingservice-0\",\n      \"reason\": \"'rrt_max' for service 'shippingservice-0' increased from 4815.0 ms normal value to a fault median at 5802.0 ms, indicating latency issues in service response during the fault.\",\n      \"evidence\": \"Metric faults for 'shippingservice' highlight network affects indicating painfully spotted patch site barrier-s.\"\n    }\n     \n))}\n```", "trace_analysis_findings": "无法通过UUID `36e2b5c1-242` 来加载相关追踪数据（返回None）。可能是查询的问题或数据未采集到。我建议更改查询方式或确认数据是否已存储。", "report_analysis_findings": {"uuid": "36e2b5c1-242", "component": "cartservice-1", "reason": "client_error_ratio and error_ratio increase leading to performance degradation", "reasoning_trace": [{"step": 1, "action": "LoadMetrics(cartservice-1)", "observation": "client_error_ratio's P99 increased from 0.0 to 10.09"}, {"step": 2, "action": "LogSearch(cartservice-1)", "observation": "No data available, failed to load logs"}, {"step": 3, "action": "TraceAnalysis(36e2b5c1-242)", "observation": "No data available, failed to load trace"}]}, "report_analysis_completed": true}
2026-01-04 10:34:50,710 - RootCauseAnalysis - INFO - ORCHESTRATOR AGENT - Execution Completed
2026-01-04 10:34:50,711 - RootCauseAnalysis - INFO - [Final State Summary]
2026-01-04 10:34:50,711 - RootCauseAnalysis - INFO -    - current_hypothesis: 'cartservice-1' 是根因，其客户端错误相关指标 (client_error_ratio 和 error_ratio) 表明服务在故障期间性能显著下降。
2026-01-04 10:34:50,711 - RootCauseAnalysis - INFO -    - consensus_decision: AGREED
2026-01-04 10:34:50,711 - RootCauseAnalysis - INFO -    - consensus_iteration: 1
2026-01-04 10:34:50,711 - RootCauseAnalysis - INFO - === END SESSION ===
