2026-01-04 02:03:36,186 - RootCauseAnalysis - INFO - === START SESSION: f78ef469-175 (Run #1) ===
2026-01-04 02:03:36,186 - RootCauseAnalysis - INFO - [Processing] f78ef469-175 (Run #1) | Log: logs\f78ef469-175\run1_20260104_020336.log
2026-01-04 02:03:36,186 - RootCauseAnalysis - INFO - ============================================================
2026-01-04 02:03:36,186 - RootCauseAnalysis - INFO - ORCHESTRATOR AGENT - Initializing
2026-01-04 02:03:36,186 - RootCauseAnalysis - INFO - ============================================================
2026-01-04 02:03:36,186 - RootCauseAnalysis - INFO - [State Update] {"query_parsed_completed": false, "raw_metric_result": "（等待写入...）", "metric_data_collected": false, "raw_log_result": "（等待写入...）", "log_data_collected": false, "raw_trace_result": "（等待写入...）", "trace_data_collected": false, "current_iteration": 0, "current_hypothesis": "（等待写入...）", "log_analysis_findings": "（等待数据收集...）", "metric_analysis_findings": "（等待数据收集...）", "trace_analysis_findings": "（等待数据收集...）"}
2026-01-04 02:03:37,198 - RootCauseAnalysis - INFO - [Tool Call] parse_user_input
2026-01-04 02:03:37,198 - RootCauseAnalysis - INFO -     Args: {'input_json': '{"Anomaly Description": "The system experienced an anomaly from 2025-06-09T17:10:03Z to 2025-06-09T17:22:03Z. Please infer the possible cause.", "uuid": "f78ef469-175"}'}...
2026-01-04 02:03:37,199 - RootCauseAnalysis - INFO - [Tool Resp] parse_user_input
2026-01-04 02:03:37,199 - RootCauseAnalysis - INFO -     Result: {'uuid': 'f78ef469-175', 'user_query': 'The system experienced an anomaly from 2025-06-09T17:10:03Z to 2025-06-09T17:22:03Z. Please infer the possible cause.'}
2026-01-04 02:03:37,199 - RootCauseAnalysis - INFO - [State Update] {"query_parsed_completed": true}
2026-01-04 02:03:38,259 - RootCauseAnalysis - INFO - [Tool Call] data_collection_agent
2026-01-04 02:03:38,259 - RootCauseAnalysis - INFO -     Args: {'request': 'f78ef469-175'}...
2026-01-04 02:03:38,259 - RootCauseAnalysis - INFO - ============================================================
2026-01-04 02:03:38,259 - RootCauseAnalysis - INFO - METRIC ANALYSIS - Starting
2026-01-04 02:03:38,259 - RootCauseAnalysis - INFO - ============================================================
2026-01-04 02:03:38,259 - RootCauseAnalysis - INFO - METRIC AGENT - Initial Scanning
2026-01-04 02:03:38,259 - RootCauseAnalysis - INFO - ============================================================
2026-01-04 02:03:38,259 - RootCauseAnalysis - INFO - LOG ANALYSIS - Starting
2026-01-04 02:03:38,259 - RootCauseAnalysis - INFO - ============================================================
2026-01-04 02:03:38,259 - RootCauseAnalysis - INFO - LOG AGENT - Initial Scanning
2026-01-04 02:03:38,259 - RootCauseAnalysis - INFO - ============================================================
2026-01-04 02:03:38,259 - RootCauseAnalysis - INFO - TRACE ANALYSIS - Starting
2026-01-04 02:03:38,259 - RootCauseAnalysis - INFO - ============================================================
2026-01-04 02:03:38,259 - RootCauseAnalysis - INFO - TRACE AGENT - Initial Scanning
2026-01-04 02:03:52,270 - RootCauseAnalysis - WARNING - LOG AGENT - Log data not collected.
2026-01-04 02:03:52,434 - RootCauseAnalysis - WARNING - TRACE AGENT - Trace data not collected.
2026-01-04 02:03:54,105 - RootCauseAnalysis - INFO - METRIC AGENT - Analysis Completed
2026-01-04 02:03:54,105 - RootCauseAnalysis - INFO - [Tool Resp] data_collection_agent
2026-01-04 02:03:54,105 - RootCauseAnalysis - INFO -     Result: {'result': '```json\n{\n  "stance": "NEUTRAL",\n  "detected_metric_keys": [\n    "rrt_max",\n    "node_memory_usage_rate",\n    "node_cpu_usage_rate"\n  ],\n  "hypotheses": [\n    {\n      "component": "currencyservice",\n      "reason": "Significant increase in RRT Max (rrt_max) from 4587.0 to 6229.0 and P99 latency showing a 1.3389x increase, affecting both node and service performance.",\n      "evidence": "Component\'s rrt_max median increased by 30.36%, going from 4587.0 to 6229.0."\n    },...
2026-01-04 02:03:54,105 - RootCauseAnalysis - INFO - [State Update] {"current_task_instruction": "当前处于【初始扫描阶段】。\n请对 Trace 数据进行全面扫描，找出所有显著的异常调用链。\n重点：请在返回 JSON 的 'stance' 字段中标记 'NEUTRAL'，并在 'hypotheses' 中列出你的发现。", "raw_metric_result": {"status": "success", "message": "成功加载metric数据。UUID: f78ef469-175", "anomaly_metrics": "metric_type,service_name,pod_name,node_name,metric_name,normal_median,fault_median,normal_p99,fault_p99,median_change_ratio,p99_change_ratio\r\nservice,currencyservice,currencyservice-1,N/A,rrt_max,4587.0,6229.0,33250.18,167931.47,0.3036,1.3389\r\nservice,redis,redis-cart-0,N/A,rrt_max,3815.5,1456.0,78775.09,69985.8,0.8952,0.1182\r\nservice,currencyservice,currencyservice-0,N/A,rrt_max,3941.5,3320.5,10502.17,4058.91,0.171,0.885\r\npod,N/A,redis-cart-0,N/A,pod_cpu_usage,0.0,0.0,0.06,0.03,0.0,0.8107\r\nservice,paymentservice,paymentservice-2,N/A,rrt,1477.25,1498.62,2461.18,5683.41,0.0144,0.7913\r\nnode,N/A,N/A,aiops-k8s-05,node_memory_usage_rate,34.52,29.0,59.41,29.04,0.1739,0.6867\r\nnode,N/A,N/A,aiops-k8s-06,node_memory_usage_rate,24.77,24.22,42.6,24.37,0.0227,0.5442\r\nnode,N/A,N/A,aiops-k8s-03,node_memory_usage_rate,30.08,29.93,48.83,30.02,0.005,0.4772\r\nnode,N/A,N/A,aiops-k8s-08,node_cpu_usage_rate,32.68,24.42,41.61,25.64,0.2893,0.4748\r\nservice,paymentservice,paymentservice-2,N/A,rrt_max,1722.5,1783.5,3701.86,5841.16,0.0348,0.4483\r\nservice,redis,redis-cart-0,N/A,rrt,181.55,148.91,1160.07,758.33,0.1975,0.4188\r\nservice,cartservice,cartservice-2,N/A,rrt_max,3241.5,3310.5,14870.62,9918.84,0.0211,0.3995\r\nservice,cartservice,cartservice-2,N/A,rrt,1370.77,1295.97,2647.44,1810.31,0.0561,0.3756\r\nnode,N/A,N/A,aiops-k8s-04,node_memory_usage_rate,37.9,38.03,55.44,38.17,0.0036,0.369\r\nservice,cartservice,cartservice-1,N/A,rrt_max,3629.5,3506.5,7193.88,10427.85,0.0345,0.367\r\nservice,emailservice,emailservice-1,N/A,rrt_max,2836.5,2802.5,4844.92,6970.88,0.0121,0.3599\r\nservice,shippingservice,shippingservice-1,N/A,rrt_max,3629.5,2543.0,8426.88,8273.73,0.352,0.0183\r\nnode,N/A,N/A,aiops-k8s-01,node_memory_usage_rate,40.88,35.28,50.51,35.4,0.1468,0.3519\r\nservice,emailservice,emailservice-0,N/A,rrt_max,3020.0,2952.0,6536.8,4706.61,0.0228,0.3256\r\nservice,paymentservice,paymentservice-0,N/A,rrt_max,1976.5,1861.5,4366.85,3152.35,0.0599,0.323\r\nservice,emailservice,emailservice-1,N/A,rrt,1649.92,1594.7,2130.1,2947.26,0.034,0.3219\r\nservice,paymentservice,paymentservice-1,N/A,rrt_max,1993.0,1862.0,3957.0,2873.94,0.068,0.3171\r\nnode,N/A,N/A,aiops-k8s-08,node_memory_usage_rate,58.01,57.86,77.93,57.93,0.0025,0.2944\r\nservice,cartservice,cartservice-0,N/A,rrt,1754.18,1661.22,4003.05,2997.58,0.0544,0.2873\r\nservice,shippingservice,shippingservice-2,N/A,rrt_max,1642.0,1729.0,4102.56,3094.83,0.0516,0.28\r\nnode,N/A,N/A,aiops-k8s-07,node_cpu_usage_rate,15.6,14.75,20.53,15.87,0.0563,0.256\r\ntidb,tidb-tikv,N/A,N/A,cpu_usage,0.09,0.07,0.09,0.11,0.25,0.18\r\nnode,N/A,N/A,aiops-k8s-05,node_cpu_usage_rate,17.04,15.5,20.57,16.46,0.094,0.2217\r\nnode,N/A,N/A,aiops-k8s-01,node_cpu_usage_rate,13.5,12.76,17.39,14.04,0.056,0.213\r\nservice,frontend,frontend-0,N/A,rrt_max,220598.0,225577.5,332195.7,274264.63,0.0223,0.191\r\n", "unique_entities": {"service_name": ["adservice", "cartservice", "checkoutservice", "currencyservice", "emailservice", "frontend", "paymentservice", "productcatalogservice", "recommendationservice", "redis", "shippingservice", "tidb-pd", "tidb-tidb", "tidb-tikv"], "node_name": ["aiops-k8s-01", "aiops-k8s-02", "aiops-k8s-03", "aiops-k8s-04", "aiops-k8s-05", "aiops-k8s-06", "aiops-k8s-07", "aiops-k8s-08"], "pod_name": ["adservice-0", "adservice-1", "adservice-2", "cartservice-0", "cartservice-1", "cartservice-2", "checkoutservice-0", "checkoutservice-1", "checkoutservice-2", "currencyservice-0", "currencyservice-1", "currencyservice-2", "emailservice-0", "emailservice-1", "emailservice-2", "frontend-0", "frontend-1", "frontend-2", "paymentservice-0", "paymentservice-1", "paymentservice-2", "productcatalogservice-0", "productcatalogservice-1", "productcatalogservice-2", "recommendationservice-0", "recommendationservice-1", "recommendationservice-2", "redis-cart-0", "shippingservice-0", "shippingservice-1", "shippingservice-2"]}, "node_pod_mapping": {"aiops-k8s-01": ["checkoutservice-1", "emailservice-1", "recommendationservice-2", "shippingservice-0", "productcatalogservice-1"], "aiops-k8s-02": [], "aiops-k8s-03": ["shippingservice-2", "recommendationservice-1", "adservice-0", "paymentservice-1", "cartservice-0", "frontend-0"], "aiops-k8s-04": ["frontend-2", "currencyservice-1", "checkoutservice-0"], "aiops-k8s-05": ["paymentservice-2", "currencyservice-0", "cartservice-1", "shippingservice-1"], "aiops-k8s-06": ["emailservice-2", "productcatalogservice-0", "checkoutservice-2"], "aiops-k8s-07": ["emailservice-0", "currencyservice-2", "adservice-1", "frontend-1", "shippingservice-1"], "aiops-k8s-08": ["shippingservice-1", "redis-cart-0", "recommendationservice-0", "productcatalogservice-2", "paymentservice-0", "cartservice-2", "adservice-2"]}, "matched_anomaly": "The system experienced an anomaly from 2025-06-09T17:10:03Z to 2025-06-09T17:22:03Z. Please infer the possible cause.", "time_range": "2025-06-09 17:10:03+00:00 to 2025-06-09 17:22:03+00:00"}, "metric_data_collected": true, "node_pod_mapping": {"aiops-k8s-01": ["checkoutservice-1", "emailservice-1", "recommendationservice-2", "shippingservice-0", "productcatalogservice-1"], "aiops-k8s-02": [], "aiops-k8s-03": ["shippingservice-2", "recommendationservice-1", "adservice-0", "paymentservice-1", "cartservice-0", "frontend-0"], "aiops-k8s-04": ["frontend-2", "currencyservice-1", "checkoutservice-0"], "aiops-k8s-05": ["paymentservice-2", "currencyservice-0", "cartservice-1", "shippingservice-1"], "aiops-k8s-06": ["emailservice-2", "productcatalogservice-0", "checkoutservice-2"], "aiops-k8s-07": ["emailservice-0", "currencyservice-2", "adservice-1", "frontend-1", "shippingservice-1"], "aiops-k8s-08": ["shippingservice-1", "redis-cart-0", "recommendationservice-0", "productcatalogservice-2", "paymentservice-0", "cartservice-2", "adservice-2"]}, "log_analysis_findings": "```json\n{\n  \"stance\": \"NEUTRAL\",\n  \"detected_log_keys\": [],\n  \"hypotheses\": []\n}\n```", "trace_analysis_findings": "我无法加载与给定 UUID 相关的调用链数据，因此不能对异常调用链进行分析。这可能是由于系统暂时无法访问所需数据或输入有误。请确认 UUID 的正确性或稍后重试。", "metric_analysis_findings": "```json\n{\n  \"stance\": \"NEUTRAL\",\n  \"detected_metric_keys\": [\n    \"rrt_max\",\n    \"node_memory_usage_rate\",\n    \"node_cpu_usage_rate\"\n  ],\n  \"hypotheses\": [\n    {\n      \"component\": \"currencyservice\",\n      \"reason\": \"Significant increase in RRT Max (rrt_max) from 4587.0 to 6229.0 and P99 latency showing a 1.3389x increase, affecting both node and service performance.\",\n      \"evidence\": \"Component's rrt_max median increased by 30.36%, going from 4587.0 to 6229.0.\"\n    },\n    {\n      \"component\": \"aiops-k8-System/bootstrap**\",\n```"}
2026-01-04 02:03:55,255 - RootCauseAnalysis - INFO - [Tool Call] consensus_discussion_agent
2026-01-04 02:03:55,255 - RootCauseAnalysis - INFO -     Args: {'request': 'f78ef469-175'}...
2026-01-04 02:03:55,255 - RootCauseAnalysis - INFO - ============================================================
2026-01-04 02:03:55,255 - RootCauseAnalysis - INFO - CONSENSUS ANALYSIS - Round 0
2026-01-04 02:03:55,255 - RootCauseAnalysis - INFO - Current Hypothesis: （等待写入...）
2026-01-04 02:03:55,255 - RootCauseAnalysis - INFO - ============================================================
2026-01-04 02:04:00,396 - RootCauseAnalysis - INFO - CONSENSUS AGENT OUTPUT PARSED:
2026-01-04 02:04:00,396 - RootCauseAnalysis - INFO -   - Status: AGREED
2026-01-04 02:04:00,396 - RootCauseAnalysis - INFO -   - New Hypothesis: currencyservice is the root cause due to significant increase in RRT Max (30.36%) and P99 latency (1.3389x).
2026-01-04 02:04:00,396 - RootCauseAnalysis - INFO -   - Reasoning: Metric 专家发现了 `currencyservice` 的 `rrt_max` 显著增加（30.36%），同时 P99 延迟增加了 1.3389 倍。这些指标表明 `currencyservice` 的性能受到了影响。虽然 Log 和 Trace 专家目前未提供其他显著证据，但假设符合已知指标，最为可信。
2026-01-04 02:04:00,396 - RootCauseAnalysis - INFO - >>> CONSENSUS REACHED! Escalating to finish loop. <<<
2026-01-04 02:04:00,399 - RootCauseAnalysis - INFO - [Tool Resp] consensus_discussion_agent
2026-01-04 02:04:00,399 - RootCauseAnalysis - INFO -     Result: {'result': '根据提供的信息与输入内容，以下是我的分析与裁决：\n\n---\n\n### Phase 1: 初始提案\n\n#### 分析专家证词\n\n1. **Log 专家**:\n   - 声明状态: NEUTRAL\n   - 没有检测到任何相关的日志关键词。\n   - 没有提出假设。\n\n2. **Metric 专家**:\n   - 声明状态: NEUTRAL\n   - 检测到的指标：`rrt_max`, `node_memory_usage_rate`, `node_cpu_usage_rate`。\n   - 提出了两个假设：\n     - **Hypothesis 1**: `currencyservice` 是极有可能的根因，由于其 `rrt_max` 出现显著上涨（30.36% 增长），并且 P99 延迟增加了 1.3389 倍，影响服务和相关 Node 的性能。\n     - **Hypothesis 2**: 信息不完整（涉及 `aiops-k8-System/bootstrap**`）。\n\n3. **Trace 专家**:\n   ...
2026-01-04 02:04:00,399 - RootCauseAnalysis - INFO - [State Update] {"consensus_iteration": 1, "consensus_decision": "AGREED", "current_hypothesis": "currencyservice is the root cause due to significant increase in RRT Max (30.36%) and P99 latency (1.3389x)."}
2026-01-04 02:04:01,539 - RootCauseAnalysis - INFO - [Tool Call] report_agent
2026-01-04 02:04:01,539 - RootCauseAnalysis - INFO -     Args: {'request': 'f78ef469-175'}...
2026-01-04 02:04:01,554 - RootCauseAnalysis - INFO - ============================================================
2026-01-04 02:04:01,554 - RootCauseAnalysis - INFO - REPORT ANALYSIS - Starting
2026-01-04 02:04:03,706 - RootCauseAnalysis - INFO - REPORT ANALYSIS COMPLETED - Saved results in report_analysis_output.json
2026-01-04 02:04:03,706 - RootCauseAnalysis - INFO - [Tool Resp] report_agent
2026-01-04 02:04:03,706 - RootCauseAnalysis - INFO -     Result: {'uuid': 'f78ef469-175', 'component': 'currencyservice', 'reason': 'rrt_max increased by 30.36%, P99 latency surged 1.3389x', 'reasoning_trace': [{'step': 1, 'action': 'LoadMetrics(currencyservice)', 'observation': 'rrt_max rose from 4587.0 to 6229.0, affecting latency performance.'}, {'step': 2, 'action': 'LogSearch(currencyservice)', 'observation': 'No data available due to missing log keys.'}, {'step': 3, 'action': 'TraceAnalysis(f78ef469-175)', 'observation': 'No trace data accessible for de...
2026-01-04 02:04:03,706 - RootCauseAnalysis - INFO - [State Update] {"hypotheses_summary": "currencyservice is the root cause due to significant increase in RRT Max (30.36%) and P99 latency (1.3389x).", "log_analysis_findings": "```json\n{\n  \"stance\": \"NEUTRAL\",\n  \"detected_log_keys\": [],\n  \"hypotheses\": []\n}\n```", "metric_analysis_findings": "```json\n{\n  \"stance\": \"NEUTRAL\",\n  \"detected_metric_keys\": [\n    \"rrt_max\",\n    \"node_memory_usage_rate\",\n    \"node_cpu_usage_rate\"\n  ],\n  \"hypotheses\": [\n    {\n      \"component\": \"currencyservice\",\n      \"reason\": \"Significant increase in RRT Max (rrt_max) from 4587.0 to 6229.0 and P99 latency showing a 1.3389x increase, affecting both node and service performance.\",\n      \"evidence\": \"Component's rrt_max median increased by 30.36%, going from 4587.0 to 6229.0.\"\n    },\n    {\n      \"component\": \"aiops-k8-System/bootstrap**\",\n```", "trace_analysis_findings": "我无法加载与给定 UUID 相关的调用链数据，因此不能对异常调用链进行分析。这可能是由于系统暂时无法访问所需数据或输入有误。请确认 UUID 的正确性或稍后重试。", "report_analysis_findings": {"uuid": "f78ef469-175", "component": "currencyservice", "reason": "rrt_max increased by 30.36%, P99 latency surged 1.3389x", "reasoning_trace": [{"step": 1, "action": "LoadMetrics(currencyservice)", "observation": "rrt_max rose from 4587.0 to 6229.0, affecting latency performance."}, {"step": 2, "action": "LogSearch(currencyservice)", "observation": "No data available due to missing log keys."}, {"step": 3, "action": "TraceAnalysis(f78ef469-175)", "observation": "No trace data accessible for detailed anomaly verification."}]}, "report_analysis_completed": true}
2026-01-04 02:04:07,639 - RootCauseAnalysis - INFO - ORCHESTRATOR AGENT - Execution Completed
2026-01-04 02:04:07,639 - RootCauseAnalysis - INFO - [Final State Summary]
2026-01-04 02:04:07,639 - RootCauseAnalysis - INFO -    - current_hypothesis: currencyservice is the root cause due to significant increase in RRT Max (30.36%) and P99 latency (1.3389x).
2026-01-04 02:04:07,639 - RootCauseAnalysis - INFO -    - consensus_decision: AGREED
2026-01-04 02:04:07,639 - RootCauseAnalysis - INFO -    - consensus_iteration: 1
2026-01-04 02:04:07,639 - RootCauseAnalysis - INFO - === END SESSION ===
