2026-01-04 01:55:28,393 - RootCauseAnalysis - INFO - === START SESSION: a0761b38-172 (Run #1) ===
2026-01-04 01:55:28,393 - RootCauseAnalysis - INFO - [Processing] a0761b38-172 (Run #1) | Log: logs\a0761b38-172\run1_20260104_015528.log
2026-01-04 01:55:28,393 - RootCauseAnalysis - INFO - ============================================================
2026-01-04 01:55:28,393 - RootCauseAnalysis - INFO - ORCHESTRATOR AGENT - Initializing
2026-01-04 01:55:28,393 - RootCauseAnalysis - INFO - ============================================================
2026-01-04 01:55:28,393 - RootCauseAnalysis - INFO - [State Update] {"query_parsed_completed": false, "raw_metric_result": "（等待写入...）", "metric_data_collected": false, "raw_log_result": "（等待写入...）", "log_data_collected": false, "raw_trace_result": "（等待写入...）", "trace_data_collected": false, "current_iteration": 0, "current_hypothesis": "（等待写入...）", "log_analysis_findings": "（等待数据收集...）", "metric_analysis_findings": "（等待数据收集...）", "trace_analysis_findings": "（等待数据收集...）"}
2026-01-04 01:55:29,995 - RootCauseAnalysis - INFO - [Tool Call] parse_user_input
2026-01-04 01:55:29,996 - RootCauseAnalysis - INFO -     Args: {'input_json': '{"Anomaly Description": "A fault was detected from 2025-06-09T14:11:10Z to 2025-06-09T14:24:10Z. Please analyze its root cause.", "uuid": "a0761b38-172"}'}...
2026-01-04 01:55:29,997 - RootCauseAnalysis - INFO - [Tool Resp] parse_user_input
2026-01-04 01:55:29,997 - RootCauseAnalysis - INFO -     Result: {'uuid': 'a0761b38-172', 'user_query': 'A fault was detected from 2025-06-09T14:11:10Z to 2025-06-09T14:24:10Z. Please analyze its root cause.'}
2026-01-04 01:55:29,997 - RootCauseAnalysis - INFO - [State Update] {"query_parsed_completed": true}
2026-01-04 01:55:31,351 - RootCauseAnalysis - INFO - [Tool Call] data_collection_agent
2026-01-04 01:55:31,351 - RootCauseAnalysis - INFO -     Args: {'request': '开始进行数据采集'}...
2026-01-04 01:55:31,351 - RootCauseAnalysis - INFO - ============================================================
2026-01-04 01:55:31,351 - RootCauseAnalysis - INFO - METRIC ANALYSIS - Starting
2026-01-04 01:55:31,351 - RootCauseAnalysis - INFO - ============================================================
2026-01-04 01:55:31,351 - RootCauseAnalysis - INFO - METRIC AGENT - Initial Scanning
2026-01-04 01:55:31,351 - RootCauseAnalysis - INFO - ============================================================
2026-01-04 01:55:31,351 - RootCauseAnalysis - INFO - LOG ANALYSIS - Starting
2026-01-04 01:55:31,351 - RootCauseAnalysis - INFO - ============================================================
2026-01-04 01:55:31,351 - RootCauseAnalysis - INFO - LOG AGENT - Initial Scanning
2026-01-04 01:55:31,351 - RootCauseAnalysis - INFO - ============================================================
2026-01-04 01:55:31,351 - RootCauseAnalysis - INFO - TRACE ANALYSIS - Starting
2026-01-04 01:55:31,351 - RootCauseAnalysis - INFO - ============================================================
2026-01-04 01:55:31,351 - RootCauseAnalysis - INFO - TRACE AGENT - Initial Scanning
2026-01-04 01:55:45,236 - RootCauseAnalysis - WARNING - TRACE AGENT - Trace data not collected.
2026-01-04 01:55:48,667 - RootCauseAnalysis - WARNING - LOG AGENT - Log data not collected.
2026-01-04 01:55:49,650 - RootCauseAnalysis - INFO - METRIC AGENT - Analysis Completed
2026-01-04 01:55:49,652 - RootCauseAnalysis - INFO - [Tool Resp] data_collection_agent
2026-01-04 01:55:49,652 - RootCauseAnalysis - INFO -     Result: {'result': '根据收集到的指标数据，我将在以下输出中标记显著的异常指标和受影响的调用链。结果显示多项异常的关键性指标。\n```json\n{\n  "stance": "NEUTRAL",\n  "detected_metric_keys": ["rrt_max", "rrt", "pod_cpu_usage"],\n  "hypotheses": [\n    {\n      "component": "frontend-0",\n      "reason": "rrt_max 指标显著升高，正常中值 156594，上升至 608006，变化率为 1.1808。",\n      "evidence": "故障期间的 rrt_max 中值（608006）比正常值高出约 481412。"\n    },\n    {\n      "component": "frontend-2",\n      "reason": "rrt_max 指标显著升高，正常中值 163301，上升至 610812，变化率为 1.1562。",\n      "evidence": "故障期...
2026-01-04 01:55:49,652 - RootCauseAnalysis - INFO - [State Update] {"current_task_instruction": "当前处于【初始扫描阶段】。\n请对 Trace 数据进行全面扫描，找出所有显著的异常调用链。\n重点：请在返回 JSON 的 'stance' 字段中标记 'NEUTRAL'，并在 'hypotheses' 中列出你的发现。", "raw_metric_result": {"status": "success", "message": "成功加载metric数据。UUID: a0761b38-172", "anomaly_metrics": "metric_type,service_name,pod_name,node_name,metric_name,normal_median,fault_median,normal_p99,fault_p99,median_change_ratio,p99_change_ratio\r\nservice,frontend,frontend-0,N/A,rrt_max,156594.0,608006.0,260168.85,627649.92,1.1808,0.8278\r\nservice,frontend,frontend-2,N/A,rrt_max,163301.0,610812.0,309656.46,639729.76,1.1562,0.6953\r\nservice,frontend,frontend-0,N/A,rrt,10342.35,33229.91,12329.27,44562.18,1.0506,1.1331\r\nservice,frontend,frontend-2,N/A,rrt,10383.04,34316.26,12915.94,46171.66,1.0709,1.1256\r\nservice,frontend,frontend-1,N/A,rrt_max,172015.0,609322.0,261255.3,619157.48,1.1194,0.813\r\nservice,frontend,frontend-1,N/A,rrt,10703.02,34280.88,12838.09,43966.45,1.0483,1.096\r\npod,N/A,redis-cart-0,N/A,pod_cpu_usage,0.0,0.0,0.05,0.1,0.0,0.6739\r\npod,N/A,redis-cart-0,N/A,pod_processes,1.0,1.0,2.0,1.0,0.0,0.6667\r\nservice,shippingservice,shippingservice-2,N/A,rrt_max,1419.0,1233.0,5052.42,2627.88,0.1403,0.6314\r\nservice,productcatalogservice,productcatalogservice-1,N/A,rrt_max,11712.5,7139.0,33858.0,19119.7,0.4852,0.5564\r\nservice,paymentservice,paymentservice-0,N/A,rrt_max,1855.0,1718.0,5032.52,2953.32,0.0767,0.5207\r\nservice,paymentservice,paymentservice-1,N/A,rrt_max,1658.5,1995.0,4587.61,2784.6,0.1842,0.4891\r\nservice,adservice,adservice-0,N/A,client_error_ratio,0.0,0.0,1.55,2.46,0.0,0.4545\r\nservice,adservice,adservice-0,N/A,error_ratio,0.0,0.0,1.55,2.46,0.0,0.4545\r\nservice,emailservice,emailservice-1,N/A,rrt_max,3167.0,2024.0,4820.0,5863.1,0.4404,0.1953\r\nservice,productcatalogservice,productcatalogservice-1,N/A,rrt,6012.86,3999.4,13518.39,8652.53,0.4022,0.4389\r\nservice,redis,redis-cart-0,N/A,rrt_max,2778.0,4096.0,48254.22,53226.0,0.3835,0.098\r\nservice,cartservice,cartservice-2,N/A,rrt_max,3352.0,4076.0,10348.22,14830.2,0.1949,0.356\r\ntidb,tidb-tikv,N/A,N/A,cpu_usage,0.09,0.09,0.16,0.11,0.0,0.3539\r\nservice,cartservice,cartservice-1,N/A,rrt_max,3893.5,3475.0,13845.4,9825.52,0.1136,0.3396\r\nservice,emailservice,emailservice-1,N/A,rrt,1707.0,1402.0,2269.06,3099.97,0.1962,0.3095\r\nservice,emailservice,emailservice-2,N/A,rrt_max,3285.0,3714.0,8798.56,6451.8,0.1226,0.3078\r\nservice,shippingservice,shippingservice-1,N/A,rrt_max,4295.0,3157.0,11096.96,8946.04,0.3054,0.2146\r\nservice,emailservice,emailservice-0,N/A,rrt_max,2933.0,2635.0,8303.4,6156.16,0.107,0.297\r\nnode,N/A,N/A,aiops-k8s-08,node_cpu_usage_rate,44.32,40.02,63.2,47.38,0.1021,0.2862\r\nservice,paymentservice,paymentservice-1,N/A,rrt,1457.75,1768.5,2645.46,1999.7,0.1926,0.278\r\nnode,N/A,N/A,aiops-k8s-05,node_cpu_usage_rate,30.37,23.13,39.23,34.66,0.2707,0.1238\r\nservice,emailservice,emailservice-2,N/A,rrt,1408.79,1841.5,2397.01,2614.1,0.2663,0.0866\r\nservice,paymentservice,paymentservice-0,N/A,rrt,1509.0,1576.5,2905.5,2238.13,0.0438,0.2595\r\nservice,paymentservice,paymentservice-2,N/A,rrt_max,1657.5,1505.0,2812.63,2211.12,0.0964,0.2395\r\n", "unique_entities": {"service_name": ["adservice", "cartservice", "checkoutservice", "currencyservice", "emailservice", "frontend", "paymentservice", "productcatalogservice", "recommendationservice", "redis", "shippingservice", "tidb-pd", "tidb-tidb", "tidb-tikv"], "node_name": ["aiops-k8s-01", "aiops-k8s-02", "aiops-k8s-03", "aiops-k8s-04", "aiops-k8s-05", "aiops-k8s-06", "aiops-k8s-07", "aiops-k8s-08"], "pod_name": ["adservice-0", "adservice-1", "adservice-2", "cartservice-0", "cartservice-1", "cartservice-2", "checkoutservice-0", "checkoutservice-1", "checkoutservice-2", "currencyservice-0", "currencyservice-1", "currencyservice-2", "emailservice-0", "emailservice-1", "emailservice-2", "frontend-0", "frontend-1", "frontend-2", "paymentservice-0", "paymentservice-1", "paymentservice-2", "productcatalogservice-0", "productcatalogservice-1", "productcatalogservice-2", "recommendationservice-0", "recommendationservice-1", "recommendationservice-2", "redis-cart-0", "shippingservice-0", "shippingservice-1", "shippingservice-2"]}, "node_pod_mapping": {"aiops-k8s-01": ["checkoutservice-1", "emailservice-1", "shippingservice-0", "recommendationservice-2", "productcatalogservice-1"], "aiops-k8s-02": [], "aiops-k8s-03": ["shippingservice-2", "recommendationservice-1", "cartservice-0", "productcatalogservice-2", "frontend-0", "paymentservice-1", "adservice-0"], "aiops-k8s-04": ["frontend-2", "currencyservice-1", "checkoutservice-0"], "aiops-k8s-05": ["paymentservice-2", "currencyservice-0", "cartservice-1"], "aiops-k8s-06": ["checkoutservice-2", "emailservice-2", "productcatalogservice-0"], "aiops-k8s-07": ["currencyservice-2", "adservice-1", "emailservice-0", "frontend-1"], "aiops-k8s-08": ["redis-cart-0", "adservice-2", "paymentservice-0", "recommendationservice-0", "shippingservice-1", "cartservice-2", "productcatalogservice-2"]}, "matched_anomaly": "A fault was detected from 2025-06-09T14:11:10Z to 2025-06-09T14:24:10Z. Please analyze its root cause.", "time_range": "2025-06-09 14:11:10+00:00 to 2025-06-09 14:24:10+00:00"}, "metric_data_collected": true, "node_pod_mapping": {"aiops-k8s-01": ["checkoutservice-1", "emailservice-1", "shippingservice-0", "recommendationservice-2", "productcatalogservice-1"], "aiops-k8s-02": [], "aiops-k8s-03": ["shippingservice-2", "recommendationservice-1", "cartservice-0", "productcatalogservice-2", "frontend-0", "paymentservice-1", "adservice-0"], "aiops-k8s-04": ["frontend-2", "currencyservice-1", "checkoutservice-0"], "aiops-k8s-05": ["paymentservice-2", "currencyservice-0", "cartservice-1"], "aiops-k8s-06": ["checkoutservice-2", "emailservice-2", "productcatalogservice-0"], "aiops-k8s-07": ["currencyservice-2", "adservice-1", "emailservice-0", "frontend-1"], "aiops-k8s-08": ["redis-cart-0", "adservice-2", "paymentservice-0", "recommendationservice-0", "shippingservice-1", "cartservice-2", "productcatalogservice-2"]}, "trace_analysis_findings": "数据采集失败，未能加载相关 trace 数据。请检查数据源或 UUID 是否正确，然后重试。", "log_analysis_findings": "我未能成功从系统中加载到日志数据，可能是由于日志文件不可用或访问受限。如果您有其他方法提供相关日志信息或进一步的操作指令，请告知我以继续进行分析。", "metric_analysis_findings": "根据收集到的指标数据，我将在以下输出中标记显著的异常指标和受影响的调用链。结果显示多项异常的关键性指标。\n```json\n{\n  \"stance\": \"NEUTRAL\",\n  \"detected_metric_keys\": [\"rrt_max\", \"rrt\", \"pod_cpu_usage\"],\n  \"hypotheses\": [\n    {\n      \"component\": \"frontend-0\",\n      \"reason\": \"rrt_max 指标显著升高，正常中值 156594，上升至 608006，变化率为 1.1808。\",\n      \"evidence\": \"故障期间的 rrt_max 中值（608006）比正常值高出约 481412。\"\n    },\n    {\n      \"component\": \"frontend-2\",\n      \"reason\": \"rrt_max 指标显著升高，正常中值 163301，上升至 610812，变化率为 1.1562。\",\n      \"evidence\": \"故障期间的 rrt_max 中值（610812）比正常值高出约 447511。\"\n    },\n    {\n      \"component\": \"frontend-1\",\n      \"reason\": \"rrt_max 指标显著升高，正常中值 172015，上升至 609322，变化率为 1.1194。\",\n      \"evidence\": \"故障期间的 rrt_max 中值（609322）比正常值高出约 437307。\"\n    },\n    {\n      \"component\": \"redis-cart-0\",\n      \"reason\": \"在处理相关过程中，pod_cpu_usage 和 pod_processes 指标未改变，但其他服务受影响可能与物理主机节点资源有关。\",\n      \"evidence\": \"物理节点评估无明显瓶颈。\"\n    }\n  ]\n}\n```"}
2026-01-04 01:55:50,957 - RootCauseAnalysis - INFO - [Tool Call] consensus_discussion_agent
2026-01-04 01:55:50,958 - RootCauseAnalysis - INFO -     Args: {'request': '已进行数据采集，进入共识讨论阶段。'}...
2026-01-04 01:55:50,958 - RootCauseAnalysis - INFO - ============================================================
2026-01-04 01:55:50,958 - RootCauseAnalysis - INFO - CONSENSUS ANALYSIS - Round 0
2026-01-04 01:55:50,958 - RootCauseAnalysis - INFO - Current Hypothesis: （等待写入...）
2026-01-04 01:55:50,958 - RootCauseAnalysis - INFO - ============================================================
2026-01-04 01:55:57,044 - RootCauseAnalysis - INFO - CONSENSUS AGENT OUTPUT PARSED:
2026-01-04 01:55:57,045 - RootCauseAnalysis - INFO -   - Status: AGREED
2026-01-04 01:55:57,045 - RootCauseAnalysis - INFO -   - New Hypothesis: frontend service is the initial root cause due to rrt_max abnormality across multiple pods (frontend-{0,1,2})
2026-01-04 01:55:57,045 - RootCauseAnalysis - INFO -   - Reasoning: Metric expert identified frontend-0, frontend-1, and frontend-2 exhibiting significant rrt_max anomalies (increase >400,000 units above baseline). No Node-level or storage-level evidence was provided to suggest alternatives.
2026-01-04 01:55:57,045 - RootCauseAnalysis - INFO - >>> CONSENSUS REACHED! Escalating to finish loop. <<<
2026-01-04 01:55:57,045 - RootCauseAnalysis - INFO - [Tool Resp] consensus_discussion_agent
2026-01-04 01:55:57,045 - RootCauseAnalysis - INFO -     Result: {'result': '我们现在进入共识讨论的第一阶段，根据当前的专家证词和数据采集结果，需要对根因作出初始提案。在进行裁决前，将综合 Metrics、Logs 和 Traces 的证词进行评估。\n\n---\n\n### 当前假设状态: "等待写入"\n\n**专家观点总结**:\n1. **Log 专家**: 无日志数据可用，因此无法为故障根因提供直接支持或反对，保持 `NEUTRAL` 的立场。\n2. **Metric 专家**: `rrt_max`、`rrt` 和 `pod_cpu_usage` 指标出现显著异常，主要集中在前端服务 `frontend` 的多个 Pod（frontend-0, frontend-1, frontend-2）。通过问题表达的特征，服务 `redis-cart-0` 被提及，但尚未发现直接证据。\n3. **Trace 专家**: 无法加载 Trace 数据，无法提供进一步观点，保持 `NEUTRAL` 的立场。\n\n---\n\n### 裁决逻辑分析\n\n由于目前 `Log` 和 `Trace` 数据不可用，需基于 `Metric 专家`...
2026-01-04 01:55:57,045 - RootCauseAnalysis - INFO - [State Update] {"consensus_iteration": 1, "consensus_decision": "AGREED", "current_hypothesis": "frontend service is the initial root cause due to rrt_max abnormality across multiple pods (frontend-{0,1,2})"}
2026-01-04 01:55:58,543 - RootCauseAnalysis - INFO - [Tool Call] report_agent
2026-01-04 01:55:58,543 - RootCauseAnalysis - INFO -     Args: {'request': '根据共识讨论的结果生成根因分析报告。'}...
2026-01-04 01:55:58,543 - RootCauseAnalysis - INFO - ============================================================
2026-01-04 01:55:58,543 - RootCauseAnalysis - INFO - REPORT ANALYSIS - Starting
2026-01-04 01:56:00,442 - RootCauseAnalysis - INFO - REPORT ANALYSIS COMPLETED - Saved results in report_analysis_output.json
2026-01-04 01:56:00,444 - RootCauseAnalysis - INFO - [Tool Resp] report_agent
2026-01-04 01:56:00,444 - RootCauseAnalysis - INFO -     Result: {'uuid': 'a0761b38-172', 'component': 'frontend-0', 'reason': 'rrt_max spike observed on frontend pods during fault.', 'reasoning_trace': [{'step': 1, 'action': 'LoadMetrics(frontend-0)', 'observation': 'rrt_max increased from 156594 to 608006 during incident.'}, {'step': 2, 'action': 'LogSearch(frontend-0)', 'observation': 'No relevant log data found for error correlation.'}, {'step': 3, 'action': 'TraceAnalysis(a0761b38-172)', 'observation': 'Trace data unavailable for detailed service flow an...
2026-01-04 01:56:00,444 - RootCauseAnalysis - INFO - [State Update] {"hypotheses_summary": "frontend service is the initial root cause due to rrt_max abnormality across multiple pods (frontend-{0,1,2})", "log_analysis_findings": "我未能成功从系统中加载到日志数据，可能是由于日志文件不可用或访问受限。如果您有其他方法提供相关日志信息或进一步的操作指令，请告知我以继续进行分析。", "metric_analysis_findings": "根据收集到的指标数据，我将在以下输出中标记显著的异常指标和受影响的调用链。结果显示多项异常的关键性指标。\n```json\n{\n  \"stance\": \"NEUTRAL\",\n  \"detected_metric_keys\": [\"rrt_max\", \"rrt\", \"pod_cpu_usage\"],\n  \"hypotheses\": [\n    {\n      \"component\": \"frontend-0\",\n      \"reason\": \"rrt_max 指标显著升高，正常中值 156594，上升至 608006，变化率为 1.1808。\",\n      \"evidence\": \"故障期间的 rrt_max 中值（608006）比正常值高出约 481412。\"\n    },\n    {\n      \"component\": \"frontend-2\",\n      \"reason\": \"rrt_max 指标显著升高，正常中值 163301，上升至 610812，变化率为 1.1562。\",\n      \"evidence\": \"故障期间的 rrt_max 中值（610812）比正常值高出约 447511。\"\n    },\n    {\n      \"component\": \"frontend-1\",\n      \"reason\": \"rrt_max 指标显著升高，正常中值 172015，上升至 609322，变化率为 1.1194。\",\n      \"evidence\": \"故障期间的 rrt_max 中值（609322）比正常值高出约 437307。\"\n    },\n    {\n      \"component\": \"redis-cart-0\",\n      \"reason\": \"在处理相关过程中，pod_cpu_usage 和 pod_processes 指标未改变，但其他服务受影响可能与物理主机节点资源有关。\",\n      \"evidence\": \"物理节点评估无明显瓶颈。\"\n    }\n  ]\n}\n```", "trace_analysis_findings": "数据采集失败，未能加载相关 trace 数据。请检查数据源或 UUID 是否正确，然后重试。", "report_analysis_findings": {"uuid": "a0761b38-172", "component": "frontend-0", "reason": "rrt_max spike observed on frontend pods during fault.", "reasoning_trace": [{"step": 1, "action": "LoadMetrics(frontend-0)", "observation": "rrt_max increased from 156594 to 608006 during incident."}, {"step": 2, "action": "LogSearch(frontend-0)", "observation": "No relevant log data found for error correlation."}, {"step": 3, "action": "TraceAnalysis(a0761b38-172)", "observation": "Trace data unavailable for detailed service flow analysis."}]}, "report_analysis_completed": true}
2026-01-04 01:56:05,991 - RootCauseAnalysis - INFO - ORCHESTRATOR AGENT - Execution Completed
2026-01-04 01:56:05,993 - RootCauseAnalysis - INFO - [Final State Summary]
2026-01-04 01:56:05,993 - RootCauseAnalysis - INFO -    - current_hypothesis: frontend service is the initial root cause due to rrt_max abnormality across multiple pods (frontend-{0,1,2})
2026-01-04 01:56:05,993 - RootCauseAnalysis - INFO -    - consensus_decision: AGREED
2026-01-04 01:56:05,993 - RootCauseAnalysis - INFO -    - consensus_iteration: 1
2026-01-04 01:56:05,993 - RootCauseAnalysis - INFO - === END SESSION ===
