2026-01-04 01:58:08,441 - RootCauseAnalysis - INFO - === START SESSION: a0761b38-172 (Run #3) ===
2026-01-04 01:58:08,441 - RootCauseAnalysis - INFO - [Processing] a0761b38-172 (Run #3) | Log: logs\a0761b38-172\run3_20260104_015808.log
2026-01-04 01:58:08,442 - RootCauseAnalysis - INFO - ============================================================
2026-01-04 01:58:08,442 - RootCauseAnalysis - INFO - ORCHESTRATOR AGENT - Initializing
2026-01-04 01:58:08,442 - RootCauseAnalysis - INFO - ============================================================
2026-01-04 01:58:08,442 - RootCauseAnalysis - INFO - [State Update] {"query_parsed_completed": false, "raw_metric_result": "（等待写入...）", "metric_data_collected": false, "raw_log_result": "（等待写入...）", "log_data_collected": false, "raw_trace_result": "（等待写入...）", "trace_data_collected": false, "current_iteration": 0, "current_hypothesis": "（等待写入...）", "log_analysis_findings": "（等待数据收集...）", "metric_analysis_findings": "（等待数据收集...）", "trace_analysis_findings": "（等待数据收集...）"}
2026-01-04 01:58:09,967 - RootCauseAnalysis - INFO - [Tool Call] parse_user_input
2026-01-04 01:58:09,967 - RootCauseAnalysis - INFO -     Args: {'input_json': '{"Anomaly Description": "A fault was detected from 2025-06-09T14:11:10Z to 2025-06-09T14:24:10Z. Please analyze its root cause.", "uuid": "a0761b38-172"}'}...
2026-01-04 01:58:09,967 - RootCauseAnalysis - INFO - [Tool Resp] parse_user_input
2026-01-04 01:58:09,967 - RootCauseAnalysis - INFO -     Result: {'uuid': 'a0761b38-172', 'user_query': 'A fault was detected from 2025-06-09T14:11:10Z to 2025-06-09T14:24:10Z. Please analyze its root cause.'}
2026-01-04 01:58:09,967 - RootCauseAnalysis - INFO - [State Update] {"query_parsed_completed": true}
2026-01-04 01:58:10,960 - RootCauseAnalysis - INFO - [Tool Call] data_collection_agent
2026-01-04 01:58:10,960 - RootCauseAnalysis - INFO -     Args: {'request': '开始故障分析数据采集，UUID：a0761b38-172'}...
2026-01-04 01:58:10,960 - RootCauseAnalysis - INFO - ============================================================
2026-01-04 01:58:10,960 - RootCauseAnalysis - INFO - METRIC ANALYSIS - Starting
2026-01-04 01:58:10,960 - RootCauseAnalysis - INFO - ============================================================
2026-01-04 01:58:10,960 - RootCauseAnalysis - INFO - METRIC AGENT - Initial Scanning
2026-01-04 01:58:10,960 - RootCauseAnalysis - INFO - ============================================================
2026-01-04 01:58:10,960 - RootCauseAnalysis - INFO - LOG ANALYSIS - Starting
2026-01-04 01:58:10,960 - RootCauseAnalysis - INFO - ============================================================
2026-01-04 01:58:10,960 - RootCauseAnalysis - INFO - LOG AGENT - Initial Scanning
2026-01-04 01:58:10,960 - RootCauseAnalysis - INFO - ============================================================
2026-01-04 01:58:10,960 - RootCauseAnalysis - INFO - TRACE ANALYSIS - Starting
2026-01-04 01:58:10,960 - RootCauseAnalysis - INFO - ============================================================
2026-01-04 01:58:10,960 - RootCauseAnalysis - INFO - TRACE AGENT - Initial Scanning
2026-01-04 01:58:23,446 - RootCauseAnalysis - WARNING - LOG AGENT - Log data not collected.
2026-01-04 01:58:24,999 - RootCauseAnalysis - WARNING - TRACE AGENT - Trace data not collected.
2026-01-04 01:58:27,906 - RootCauseAnalysis - INFO - METRIC AGENT - Analysis Completed
2026-01-04 01:58:27,906 - RootCauseAnalysis - INFO - [Tool Resp] data_collection_agent
2026-01-04 01:58:27,906 - RootCauseAnalysis - INFO -     Result: {'result': '### 分析结果\n\nI have completed the initial analysis of the collected data. Below are the anomalies detected during the specified fault period:\n\n```json\n{\n  "stance": "NEUTRAL",\n  "detected_metric_keys": ["rrt_max", "rrt", "node_cpu_usage_rate"],\n  "hypotheses": [\n    {\n      "component": "frontend",\n      "reason": "Significant increase in response time metrics (rrt_max and rrt) indicating potential frontend service issues.",\n      "evidence": "frontend service observed an in...
2026-01-04 01:58:27,906 - RootCauseAnalysis - INFO - [State Update] {"current_task_instruction": "当前处于【初始扫描阶段】。\n请对 Trace 数据进行全面扫描，找出所有显著的异常调用链。\n重点：请在返回 JSON 的 'stance' 字段中标记 'NEUTRAL'，并在 'hypotheses' 中列出你的发现。", "raw_metric_result": {"status": "success", "message": "成功加载metric数据。UUID: a0761b38-172", "anomaly_metrics": "metric_type,service_name,pod_name,node_name,metric_name,normal_median,fault_median,normal_p99,fault_p99,median_change_ratio,p99_change_ratio\r\nservice,frontend,frontend-0,N/A,rrt_max,156594.0,608006.0,260168.85,627649.92,1.1808,0.8278\r\nservice,frontend,frontend-2,N/A,rrt_max,163301.0,610812.0,309656.46,639729.76,1.1562,0.6953\r\nservice,frontend,frontend-0,N/A,rrt,10342.35,33229.91,12329.27,44562.18,1.0506,1.1331\r\nservice,frontend,frontend-2,N/A,rrt,10383.04,34316.26,12915.94,46171.66,1.0709,1.1256\r\nservice,frontend,frontend-1,N/A,rrt_max,172015.0,609322.0,261255.3,619157.48,1.1194,0.813\r\nservice,frontend,frontend-1,N/A,rrt,10703.02,34280.88,12838.09,43966.45,1.0483,1.096\r\npod,N/A,redis-cart-0,N/A,pod_cpu_usage,0.0,0.0,0.05,0.1,0.0,0.6739\r\npod,N/A,redis-cart-0,N/A,pod_processes,1.0,1.0,2.0,1.0,0.0,0.6667\r\nservice,shippingservice,shippingservice-2,N/A,rrt_max,1419.0,1233.0,5052.42,2627.88,0.1403,0.6314\r\nservice,productcatalogservice,productcatalogservice-1,N/A,rrt_max,11712.5,7139.0,33858.0,19119.7,0.4852,0.5564\r\nservice,paymentservice,paymentservice-0,N/A,rrt_max,1855.0,1718.0,5032.52,2953.32,0.0767,0.5207\r\nservice,paymentservice,paymentservice-1,N/A,rrt_max,1658.5,1995.0,4587.61,2784.6,0.1842,0.4891\r\nservice,adservice,adservice-0,N/A,client_error_ratio,0.0,0.0,1.55,2.46,0.0,0.4545\r\nservice,adservice,adservice-0,N/A,error_ratio,0.0,0.0,1.55,2.46,0.0,0.4545\r\nservice,emailservice,emailservice-1,N/A,rrt_max,3167.0,2024.0,4820.0,5863.1,0.4404,0.1953\r\nservice,productcatalogservice,productcatalogservice-1,N/A,rrt,6012.86,3999.4,13518.39,8652.53,0.4022,0.4389\r\nservice,redis,redis-cart-0,N/A,rrt_max,2778.0,4096.0,48254.22,53226.0,0.3835,0.098\r\nservice,cartservice,cartservice-2,N/A,rrt_max,3352.0,4076.0,10348.22,14830.2,0.1949,0.356\r\ntidb,tidb-tikv,N/A,N/A,cpu_usage,0.09,0.09,0.16,0.11,0.0,0.3539\r\nservice,cartservice,cartservice-1,N/A,rrt_max,3893.5,3475.0,13845.4,9825.52,0.1136,0.3396\r\nservice,emailservice,emailservice-1,N/A,rrt,1707.0,1402.0,2269.06,3099.97,0.1962,0.3095\r\nservice,emailservice,emailservice-2,N/A,rrt_max,3285.0,3714.0,8798.56,6451.8,0.1226,0.3078\r\nservice,shippingservice,shippingservice-1,N/A,rrt_max,4295.0,3157.0,11096.96,8946.04,0.3054,0.2146\r\nservice,emailservice,emailservice-0,N/A,rrt_max,2933.0,2635.0,8303.4,6156.16,0.107,0.297\r\nnode,N/A,N/A,aiops-k8s-08,node_cpu_usage_rate,44.32,40.02,63.2,47.38,0.1021,0.2862\r\nservice,paymentservice,paymentservice-1,N/A,rrt,1457.75,1768.5,2645.46,1999.7,0.1926,0.278\r\nnode,N/A,N/A,aiops-k8s-05,node_cpu_usage_rate,30.37,23.13,39.23,34.66,0.2707,0.1238\r\nservice,emailservice,emailservice-2,N/A,rrt,1408.79,1841.5,2397.01,2614.1,0.2663,0.0866\r\nservice,paymentservice,paymentservice-0,N/A,rrt,1509.0,1576.5,2905.5,2238.13,0.0438,0.2595\r\nservice,paymentservice,paymentservice-2,N/A,rrt_max,1657.5,1505.0,2812.63,2211.12,0.0964,0.2395\r\n", "unique_entities": {"service_name": ["adservice", "cartservice", "checkoutservice", "currencyservice", "emailservice", "frontend", "paymentservice", "productcatalogservice", "recommendationservice", "redis", "shippingservice", "tidb-pd", "tidb-tidb", "tidb-tikv"], "node_name": ["aiops-k8s-01", "aiops-k8s-02", "aiops-k8s-03", "aiops-k8s-04", "aiops-k8s-05", "aiops-k8s-06", "aiops-k8s-07", "aiops-k8s-08"], "pod_name": ["adservice-0", "adservice-1", "adservice-2", "cartservice-0", "cartservice-1", "cartservice-2", "checkoutservice-0", "checkoutservice-1", "checkoutservice-2", "currencyservice-0", "currencyservice-1", "currencyservice-2", "emailservice-0", "emailservice-1", "emailservice-2", "frontend-0", "frontend-1", "frontend-2", "paymentservice-0", "paymentservice-1", "paymentservice-2", "productcatalogservice-0", "productcatalogservice-1", "productcatalogservice-2", "recommendationservice-0", "recommendationservice-1", "recommendationservice-2", "redis-cart-0", "shippingservice-0", "shippingservice-1", "shippingservice-2"]}, "node_pod_mapping": {"aiops-k8s-01": ["checkoutservice-1", "emailservice-1", "shippingservice-0", "recommendationservice-2", "productcatalogservice-1"], "aiops-k8s-02": [], "aiops-k8s-03": ["shippingservice-2", "recommendationservice-1", "cartservice-0", "productcatalogservice-2", "frontend-0", "paymentservice-1", "adservice-0"], "aiops-k8s-04": ["frontend-2", "currencyservice-1", "checkoutservice-0"], "aiops-k8s-05": ["paymentservice-2", "currencyservice-0", "cartservice-1"], "aiops-k8s-06": ["checkoutservice-2", "emailservice-2", "productcatalogservice-0"], "aiops-k8s-07": ["currencyservice-2", "adservice-1", "emailservice-0", "frontend-1"], "aiops-k8s-08": ["redis-cart-0", "adservice-2", "paymentservice-0", "recommendationservice-0", "shippingservice-1", "cartservice-2", "productcatalogservice-2"]}, "matched_anomaly": "A fault was detected from 2025-06-09T14:11:10Z to 2025-06-09T14:24:10Z. Please analyze its root cause.", "time_range": "2025-06-09 14:11:10+00:00 to 2025-06-09 14:24:10+00:00"}, "metric_data_collected": true, "node_pod_mapping": {"aiops-k8s-01": ["checkoutservice-1", "emailservice-1", "shippingservice-0", "recommendationservice-2", "productcatalogservice-1"], "aiops-k8s-02": [], "aiops-k8s-03": ["shippingservice-2", "recommendationservice-1", "cartservice-0", "productcatalogservice-2", "frontend-0", "paymentservice-1", "adservice-0"], "aiops-k8s-04": ["frontend-2", "currencyservice-1", "checkoutservice-0"], "aiops-k8s-05": ["paymentservice-2", "currencyservice-0", "cartservice-1"], "aiops-k8s-06": ["checkoutservice-2", "emailservice-2", "productcatalogservice-0"], "aiops-k8s-07": ["currencyservice-2", "adservice-1", "emailservice-0", "frontend-1"], "aiops-k8s-08": ["redis-cart-0", "adservice-2", "paymentservice-0", "recommendationservice-0", "shippingservice-1", "cartservice-2", "productcatalogservice-2"]}, "log_analysis_findings": "日志数据加载失败，无法获取 UUID: a0761b38-172 的相关日志信息。请检查 UUID 或数据源是否有问题。当前无法进行故障分析。", "trace_analysis_findings": "调用链数据加载失败，未能获取UUID：a0761b38-172对应的异常数据。我将尝试重新分析数据集或验证异常概述。请稍等片刻。", "metric_analysis_findings": "### 分析结果\n\nI have completed the initial analysis of the collected data. Below are the anomalies detected during the specified fault period:\n\n```json\n{\n  \"stance\": \"NEUTRAL\",\n  \"detected_metric_keys\": [\"rrt_max\", \"rrt\", \"node_cpu_usage_rate\"],\n  \"hypotheses\": [\n    {\n      \"component\": \"frontend\",\n      \"reason\": \"Significant increase in response time metrics (rrt_max and rrt) indicating potential frontend service issues.\",\n      \"evidence\": \"frontend service observed an increase in rrt_max from 156594 to 608006 (frontend-0) and other instances similarly, with median change ratios of over 1.1.\"\n    },\n    {\n      \"component\": \"aiops-k8s-08\",\n      \"reason\": \"Potential resource-related issues caused by node_cpu_usage_rate, which saw a reduction from an average of 44.32% to 40.02% during the fault.\",\n      \"evidence\": \"The node aiops-k8s-08 experienced a noticeable CPU usage pattern with a median reduction, possibly due to load distribution or other overheads impacting services hosted such as redis-cart-0 and recommendationservice-0.\"\n    }\n  ]\n}\n```\n\n### Further Actions\n- **Frontend Service Investigation**: Focus should be directed towards understanding what changes occurred in the frontend service instances, particularly around code deployments or external API call patterns affecting `rrt_max` and `rrt`.\n- **Node Resource Examination**: Review the behavior and logs of node `aiops-k8s-08` to check for any irregularities, including the allocation of resources, particularly the implication of CPU usage fluctuations, potentially affecting the pods residing on this node."}
2026-01-04 01:58:30,141 - RootCauseAnalysis - INFO - [Tool Call] consensus_discussion_agent
2026-01-04 01:58:30,143 - RootCauseAnalysis - INFO -     Args: {'request': '启动多领域智能体专家会诊，基于采集到的Log、Metric、Trace数据进行失败根因分析。'}...
2026-01-04 01:58:30,143 - RootCauseAnalysis - INFO - ============================================================
2026-01-04 01:58:30,143 - RootCauseAnalysis - INFO - CONSENSUS ANALYSIS - Round 0
2026-01-04 01:58:30,143 - RootCauseAnalysis - INFO - Current Hypothesis: （等待写入...）
2026-01-04 01:58:30,143 - RootCauseAnalysis - INFO - ============================================================
2026-01-04 01:58:33,646 - RootCauseAnalysis - INFO - CONSENSUS AGENT OUTPUT PARSED:
2026-01-04 01:58:33,646 - RootCauseAnalysis - INFO -   - Status: DISAGREED
2026-01-04 01:58:33,646 - RootCauseAnalysis - INFO -   - New Hypothesis: Node aiops-k8s-08 encountered resource-related issues, impacting services deployed on it, such as redis-cart and recommendationservice.
2026-01-04 01:58:33,646 - RootCauseAnalysis - INFO -   - Reasoning: Currently, the Log and Trace experts have not provided relevant evidence due to data loading failures, leaving Metric expert data as the primary input for analysis. Metric data highlights anomalies in node_cpu_usage_rate tied to aiops-k8s-08, with a noticeable reduction in median CPU usage (44.32% → 40.02%) during the fault period. This impacts services hosted on it, particularly redis-cart and recommendationservice. The response time (rrt_max and rrt) spike observed in frontend also establishes symptomatic evidence, possibly downstream effects from redis-cart, indirectly linked to aiops-k8s-08's resource contention. Further investigation into logs and traces is essential to validate or refine this hypothesis.
2026-01-04 01:58:33,646 - RootCauseAnalysis - INFO - >>> CONSENSUS NOT REACHED. Updating hypothesis and continuing loop. <<<
2026-01-04 01:58:33,646 - RootCauseAnalysis - INFO - ============================================================
2026-01-04 01:58:33,646 - RootCauseAnalysis - INFO - METRIC ANALYSIS - Starting
2026-01-04 01:58:33,646 - RootCauseAnalysis - INFO - ============================================================
2026-01-04 01:58:33,646 - RootCauseAnalysis - INFO - METRIC AGENT - Verifying Hypothesis: Node aiops-k8s-08 encountered ...
2026-01-04 01:58:33,646 - RootCauseAnalysis - INFO - ============================================================
2026-01-04 01:58:33,646 - RootCauseAnalysis - INFO - LOG ANALYSIS - Starting
2026-01-04 01:58:33,646 - RootCauseAnalysis - INFO - ============================================================
2026-01-04 01:58:33,646 - RootCauseAnalysis - INFO - LOG AGENT - Initial Scanning
2026-01-04 01:58:33,646 - RootCauseAnalysis - INFO - ============================================================
2026-01-04 01:58:33,646 - RootCauseAnalysis - INFO - TRACE ANALYSIS - Starting
2026-01-04 01:58:33,646 - RootCauseAnalysis - INFO - ============================================================
2026-01-04 01:58:33,646 - RootCauseAnalysis - INFO - TRACE AGENT - Initial Scanning
2026-01-04 01:58:46,009 - RootCauseAnalysis - WARNING - LOG AGENT - Log data not collected.
2026-01-04 01:58:46,009 - RootCauseAnalysis - WARNING - TRACE AGENT - Trace data not collected.
2026-01-04 01:58:50,076 - RootCauseAnalysis - INFO - METRIC AGENT - Analysis Completed
2026-01-04 01:58:50,076 - RootCauseAnalysis - INFO - ============================================================
2026-01-04 01:58:50,076 - RootCauseAnalysis - INFO - CONSENSUS ANALYSIS - Round 1
2026-01-04 01:58:50,076 - RootCauseAnalysis - INFO - Current Hypothesis: Node aiops-k8s-08 encountered resource-related issues, impacting services deployed on it, such as redis-cart and recommendationservice.
2026-01-04 01:58:50,076 - RootCauseAnalysis - INFO - ============================================================
2026-01-04 01:58:52,494 - RootCauseAnalysis - INFO - CONSENSUS AGENT OUTPUT PARSED:
2026-01-04 01:58:52,494 - RootCauseAnalysis - INFO -   - Status: DISAGREED
2026-01-04 01:58:52,494 - RootCauseAnalysis - INFO -   - New Hypothesis: aiops-k8s-08 is the root cause due to node_cpu_usage_rate reduction, impacting services such as redis-cart and recommendationservice.
2026-01-04 01:58:52,494 - RootCauseAnalysis - INFO -   - Reasoning: The Metric expert provided evidence of a reduction in node_cpu_usage_rate on aiops-k8s-08 during the fault period, which could have led to performance degradation in services hosted on this node, including redis-cart and recommendationservice. Frontend's rrt_max spike might indicate a downstream effect from these pods experiencing issues. However, without Log and Trace data, further verification or falsification of this hypothesis requires additional information. No consensus reached due to missing corroborative evidence from other experts.
2026-01-04 01:58:52,494 - RootCauseAnalysis - INFO - >>> CONSENSUS NOT REACHED. Updating hypothesis and continuing loop. <<<
2026-01-04 01:58:52,494 - RootCauseAnalysis - INFO - ============================================================
2026-01-04 01:58:52,494 - RootCauseAnalysis - INFO - METRIC ANALYSIS - Starting
2026-01-04 01:58:52,494 - RootCauseAnalysis - INFO - ============================================================
2026-01-04 01:58:52,494 - RootCauseAnalysis - INFO - METRIC AGENT - Verifying Hypothesis: aiops-k8s-08 is the root cause...
2026-01-04 01:58:52,494 - RootCauseAnalysis - INFO - ============================================================
2026-01-04 01:58:52,494 - RootCauseAnalysis - INFO - LOG ANALYSIS - Starting
2026-01-04 01:58:52,494 - RootCauseAnalysis - INFO - ============================================================
2026-01-04 01:58:52,494 - RootCauseAnalysis - INFO - LOG AGENT - Initial Scanning
2026-01-04 01:58:52,494 - RootCauseAnalysis - INFO - ============================================================
2026-01-04 01:58:52,494 - RootCauseAnalysis - INFO - TRACE ANALYSIS - Starting
2026-01-04 01:58:52,494 - RootCauseAnalysis - INFO - ============================================================
2026-01-04 01:58:52,494 - RootCauseAnalysis - INFO - TRACE AGENT - Initial Scanning
2026-01-04 01:58:54,550 - RootCauseAnalysis - WARNING - LOG AGENT - Log data not collected.
2026-01-04 01:58:56,171 - RootCauseAnalysis - INFO - METRIC AGENT - Analysis Completed
2026-01-04 01:58:57,339 - RootCauseAnalysis - WARNING - TRACE AGENT - Trace data not collected.
2026-01-04 01:58:57,339 - RootCauseAnalysis - INFO - ============================================================
2026-01-04 01:58:57,339 - RootCauseAnalysis - INFO - CONSENSUS ANALYSIS - Round 2
2026-01-04 01:58:57,339 - RootCauseAnalysis - INFO - Current Hypothesis: aiops-k8s-08 is the root cause due to node_cpu_usage_rate reduction, impacting services such as redis-cart and recommendationservice.
2026-01-04 01:58:57,339 - RootCauseAnalysis - INFO - ============================================================
2026-01-04 01:59:00,782 - RootCauseAnalysis - INFO - CONSENSUS AGENT OUTPUT PARSED:
2026-01-04 01:59:00,782 - RootCauseAnalysis - INFO -   - Status: DISAGREED
2026-01-04 01:59:00,782 - RootCauseAnalysis - INFO -   - New Hypothesis: aiops-k8s-08 is the root cause due to node_cpu_usage_rate reduction, impacting services such as redis-cart and recommendationservice.
2026-01-04 01:59:00,782 - RootCauseAnalysis - INFO -   - Reasoning: The primary evidence from the Metric expert indicates a significant reduction in node_cpu_usage_rate on aiops-k8s-08 (44.32% → 40.02%) during the fault period. This reduction could lead to performance degradation in services such as redis-cart and recommendationservice hosted on this node. The Frontend's rrt_max spikes can be seen as potential downstream effects of issues originating from aiops-k8s-08. Despite this, the lack of corroborative evidence from Log and Trace data undermines the ability to conclusively validate this hypothesis. Further data, especially logs and traces, are necessary for a more comprehensive analysis.
2026-01-04 01:59:00,782 - RootCauseAnalysis - INFO - >>> CONSENSUS NOT REACHED. Updating hypothesis and continuing loop. <<<
2026-01-04 01:59:00,782 - RootCauseAnalysis - INFO - ============================================================
2026-01-04 01:59:00,782 - RootCauseAnalysis - INFO - METRIC ANALYSIS - Starting
2026-01-04 01:59:00,782 - RootCauseAnalysis - INFO - ============================================================
2026-01-04 01:59:00,782 - RootCauseAnalysis - INFO - METRIC AGENT - Verifying Hypothesis: aiops-k8s-08 is the root cause...
2026-01-04 01:59:00,782 - RootCauseAnalysis - INFO - ============================================================
2026-01-04 01:59:00,782 - RootCauseAnalysis - INFO - LOG ANALYSIS - Starting
2026-01-04 01:59:00,782 - RootCauseAnalysis - INFO - ============================================================
2026-01-04 01:59:00,782 - RootCauseAnalysis - INFO - LOG AGENT - Initial Scanning
2026-01-04 01:59:00,782 - RootCauseAnalysis - INFO - ============================================================
2026-01-04 01:59:00,782 - RootCauseAnalysis - INFO - TRACE ANALYSIS - Starting
2026-01-04 01:59:00,785 - RootCauseAnalysis - INFO - ============================================================
2026-01-04 01:59:00,785 - RootCauseAnalysis - INFO - TRACE AGENT - Initial Scanning
2026-01-04 01:59:04,477 - RootCauseAnalysis - WARNING - LOG AGENT - Log data not collected.
2026-01-04 01:59:04,726 - RootCauseAnalysis - INFO - METRIC AGENT - Analysis Completed
2026-01-04 01:59:05,604 - RootCauseAnalysis - WARNING - TRACE AGENT - Trace data not collected.
2026-01-04 01:59:05,604 - RootCauseAnalysis - INFO - ============================================================
2026-01-04 01:59:05,604 - RootCauseAnalysis - INFO - CONSENSUS ANALYSIS - Round 3
2026-01-04 01:59:05,604 - RootCauseAnalysis - INFO - Current Hypothesis: aiops-k8s-08 is the root cause due to node_cpu_usage_rate reduction, impacting services such as redis-cart and recommendationservice.
2026-01-04 01:59:05,604 - RootCauseAnalysis - INFO - ============================================================
2026-01-04 01:59:07,935 - RootCauseAnalysis - INFO - CONSENSUS AGENT OUTPUT PARSED:
2026-01-04 01:59:07,935 - RootCauseAnalysis - INFO -   - Status: DISAGREED
2026-01-04 01:59:07,935 - RootCauseAnalysis - INFO -   - New Hypothesis: aiops-k8s-08 is the root cause due to node_cpu_usage_rate reduction, impacting services such as redis-cart and recommendationservice.
2026-01-04 01:59:07,935 - RootCauseAnalysis - INFO -   - Reasoning: Based on Metric data, node_cpu_usage_rate on aiops-k8s-08 significantly decreased (44.32% → 40.02%), causing potential resource contention for services hosted on this node, including redis-cart and recommendationservice. Additionally, frontend services exhibited rrt_max spikes aligned with the fault period, suggesting possible downstream effects, although this connection remains speculative. The inability to obtain corroborative evidence from Log and Trace left unresolved questions about the propagation path and direct causation between node and service issues. More data collection (logs, traces) and extended monitoring are recommended for robust validation or refinement of this hypothesis.
2026-01-04 01:59:07,935 - RootCauseAnalysis - INFO - >>> CONSENSUS NOT REACHED. Updating hypothesis and continuing loop. <<<
2026-01-04 01:59:07,935 - RootCauseAnalysis - INFO - ============================================================
2026-01-04 01:59:07,935 - RootCauseAnalysis - INFO - METRIC ANALYSIS - Starting
2026-01-04 01:59:07,935 - RootCauseAnalysis - INFO - ============================================================
2026-01-04 01:59:07,935 - RootCauseAnalysis - INFO - METRIC AGENT - Verifying Hypothesis: aiops-k8s-08 is the root cause...
2026-01-04 01:59:07,935 - RootCauseAnalysis - INFO - ============================================================
2026-01-04 01:59:07,935 - RootCauseAnalysis - INFO - LOG ANALYSIS - Starting
2026-01-04 01:59:07,935 - RootCauseAnalysis - INFO - ============================================================
2026-01-04 01:59:07,935 - RootCauseAnalysis - INFO - LOG AGENT - Initial Scanning
2026-01-04 01:59:07,935 - RootCauseAnalysis - INFO - ============================================================
2026-01-04 01:59:07,935 - RootCauseAnalysis - INFO - TRACE ANALYSIS - Starting
2026-01-04 01:59:07,935 - RootCauseAnalysis - INFO - ============================================================
2026-01-04 01:59:07,935 - RootCauseAnalysis - INFO - TRACE AGENT - Initial Scanning
2026-01-04 01:59:10,791 - RootCauseAnalysis - WARNING - LOG AGENT - Log data not collected.
2026-01-04 01:59:11,530 - RootCauseAnalysis - WARNING - TRACE AGENT - Trace data not collected.
2026-01-04 01:59:11,930 - RootCauseAnalysis - INFO - METRIC AGENT - Analysis Completed
2026-01-04 01:59:11,931 - RootCauseAnalysis - INFO - ============================================================
2026-01-04 01:59:11,932 - RootCauseAnalysis - INFO - CONSENSUS ANALYSIS - Round 4
2026-01-04 01:59:11,932 - RootCauseAnalysis - INFO - Current Hypothesis: aiops-k8s-08 is the root cause due to node_cpu_usage_rate reduction, impacting services such as redis-cart and recommendationservice.
2026-01-04 01:59:11,932 - RootCauseAnalysis - INFO - ============================================================
2026-01-04 01:59:15,125 - RootCauseAnalysis - INFO - CONSENSUS AGENT OUTPUT PARSED:
2026-01-04 01:59:15,125 - RootCauseAnalysis - INFO -   - Status: DISAGREED
2026-01-04 01:59:15,125 - RootCauseAnalysis - INFO -   - New Hypothesis: aiops-k8s-08 is the root cause due to node_cpu_usage_rate reduction, impacting services such as redis-cart and recommendationservice.
2026-01-04 01:59:15,125 - RootCauseAnalysis - INFO -   - Reasoning: The available Metric data suggests a substantial decrease in node_cpu_usage_rate on aiops-k8s-08 (44.32% → 40.02%), which could lead to performance bottlenecks for services hosted on this node, like redis-cart-0 and recommendationservice-0. The observed spike in frontend response times (rrt_max) aligns temporally with these backend issues, hinting at potential downstream effects. However, this hypothesis remains speculative due to the lack of corroborative evidence from Log and Trace data. Further investigation and data recovery are essential to either substantiate or refute this theory, especially by utilizing Log data and restoring Trace insights to clarify service interdependencies and fault propagation.
2026-01-04 01:59:15,125 - RootCauseAnalysis - INFO - >>> CONSENSUS NOT REACHED. Updating hypothesis and continuing loop. <<<
2026-01-04 01:59:15,125 - RootCauseAnalysis - INFO - ============================================================
2026-01-04 01:59:15,125 - RootCauseAnalysis - INFO - METRIC ANALYSIS - Starting
2026-01-04 01:59:15,125 - RootCauseAnalysis - INFO - ============================================================
2026-01-04 01:59:15,125 - RootCauseAnalysis - INFO - METRIC AGENT - Verifying Hypothesis: aiops-k8s-08 is the root cause...
2026-01-04 01:59:15,125 - RootCauseAnalysis - INFO - ============================================================
2026-01-04 01:59:15,125 - RootCauseAnalysis - INFO - LOG ANALYSIS - Starting
2026-01-04 01:59:15,125 - RootCauseAnalysis - INFO - ============================================================
2026-01-04 01:59:15,125 - RootCauseAnalysis - INFO - LOG AGENT - Initial Scanning
2026-01-04 01:59:15,125 - RootCauseAnalysis - INFO - ============================================================
2026-01-04 01:59:15,125 - RootCauseAnalysis - INFO - TRACE ANALYSIS - Starting
2026-01-04 01:59:15,125 - RootCauseAnalysis - INFO - ============================================================
2026-01-04 01:59:15,125 - RootCauseAnalysis - INFO - TRACE AGENT - Initial Scanning
2026-01-04 01:59:19,055 - RootCauseAnalysis - WARNING - LOG AGENT - Log data not collected.
2026-01-04 01:59:19,200 - RootCauseAnalysis - INFO - METRIC AGENT - Analysis Completed
2026-01-04 01:59:24,432 - RootCauseAnalysis - WARNING - TRACE AGENT - Trace data not collected.
2026-01-04 01:59:24,432 - RootCauseAnalysis - INFO - ============================================================
2026-01-04 01:59:24,432 - RootCauseAnalysis - INFO - CONSENSUS ANALYSIS - Round 5
2026-01-04 01:59:24,432 - RootCauseAnalysis - INFO - Current Hypothesis: aiops-k8s-08 is the root cause due to node_cpu_usage_rate reduction, impacting services such as redis-cart and recommendationservice.
2026-01-04 01:59:24,432 - RootCauseAnalysis - INFO - ============================================================
2026-01-04 01:59:28,179 - RootCauseAnalysis - INFO - CONSENSUS AGENT OUTPUT PARSED:
2026-01-04 01:59:28,179 - RootCauseAnalysis - INFO -   - Status: AGREED
2026-01-04 01:59:28,179 - RootCauseAnalysis - INFO -   - New Hypothesis: aiops-k8s-08 is the root cause due to node_cpu_usage_rate reduction, impacting services such as redis-cart and recommendationservice.
2026-01-04 01:59:28,179 - RootCauseAnalysis - INFO -   - Reasoning: The consensus among experts is that the node_cpu_usage_rate on aiops-k8s-08 decreased significantly during the fault period (44.32% → 40.02%). This likely caused resource contention impacting services hosted on this node, particularly redis-cart-0 and recommendationservice-0. Furthermore, the metric expert highlights spikes in frontend response times (rrt_max), suggesting possible downstream effects due to backend issues on aiops-k8s-08. Despite the lack of corroborating Log and Trace evidence, this hypothesis is compelling due to the observed metric changes and their alignment with service performance degradation. Recovery of additional data sources such as logs and traces would provide further validation.
2026-01-04 01:59:28,179 - RootCauseAnalysis - INFO - >>> CONSENSUS REACHED! Escalating to finish loop. <<<
2026-01-04 01:59:28,179 - RootCauseAnalysis - INFO - [Tool Resp] consensus_discussion_agent
2026-01-04 01:59:28,179 - RootCauseAnalysis - INFO -     Result: {'result': '```json\n{\n    "status": "AGREED",\n    "hypothesis": "aiops-k8s-08 is the root cause due to node_cpu_usage_rate reduction, impacting services such as redis-cart and recommendationservice.",\n    "reasoning": "The consensus among experts is that the node_cpu_usage_rate on aiops-k8s-08 decreased significantly during the fault period (44.32% → 40.02%). This likely caused resource contention impacting services hosted on this node, particularly redis-cart-0 and recommendationservice-0. ...
2026-01-04 01:59:28,179 - RootCauseAnalysis - INFO - [State Update] {"consensus_iteration": 6, "consensus_decision": "AGREED", "current_hypothesis": "aiops-k8s-08 is the root cause due to node_cpu_usage_rate reduction, impacting services such as redis-cart and recommendationservice.", "current_task_instruction": "当前处于【初始扫描阶段】。\n请对 Trace 数据进行全面扫描，找出所有显著的异常调用链。\n重点：请在返回 JSON 的 'stance' 字段中标记 'NEUTRAL'，并在 'hypotheses' 中列出你的发现。", "raw_metric_result": {"status": "success", "message": "成功加载metric数据。UUID: a0761b38-172", "anomaly_metrics": "metric_type,service_name,pod_name,node_name,metric_name,normal_median,fault_median,normal_p99,fault_p99,median_change_ratio,p99_change_ratio\r\nservice,frontend,frontend-0,N/A,rrt_max,156594.0,608006.0,260168.85,627649.92,1.1808,0.8278\r\nservice,frontend,frontend-2,N/A,rrt_max,163301.0,610812.0,309656.46,639729.76,1.1562,0.6953\r\nservice,frontend,frontend-0,N/A,rrt,10342.35,33229.91,12329.27,44562.18,1.0506,1.1331\r\nservice,frontend,frontend-2,N/A,rrt,10383.04,34316.26,12915.94,46171.66,1.0709,1.1256\r\nservice,frontend,frontend-1,N/A,rrt_max,172015.0,609322.0,261255.3,619157.48,1.1194,0.813\r\nservice,frontend,frontend-1,N/A,rrt,10703.02,34280.88,12838.09,43966.45,1.0483,1.096\r\npod,N/A,redis-cart-0,N/A,pod_cpu_usage,0.0,0.0,0.05,0.1,0.0,0.6739\r\npod,N/A,redis-cart-0,N/A,pod_processes,1.0,1.0,2.0,1.0,0.0,0.6667\r\nservice,shippingservice,shippingservice-2,N/A,rrt_max,1419.0,1233.0,5052.42,2627.88,0.1403,0.6314\r\nservice,productcatalogservice,productcatalogservice-1,N/A,rrt_max,11712.5,7139.0,33858.0,19119.7,0.4852,0.5564\r\nservice,paymentservice,paymentservice-0,N/A,rrt_max,1855.0,1718.0,5032.52,2953.32,0.0767,0.5207\r\nservice,paymentservice,paymentservice-1,N/A,rrt_max,1658.5,1995.0,4587.61,2784.6,0.1842,0.4891\r\nservice,adservice,adservice-0,N/A,client_error_ratio,0.0,0.0,1.55,2.46,0.0,0.4545\r\nservice,adservice,adservice-0,N/A,error_ratio,0.0,0.0,1.55,2.46,0.0,0.4545\r\nservice,emailservice,emailservice-1,N/A,rrt_max,3167.0,2024.0,4820.0,5863.1,0.4404,0.1953\r\nservice,productcatalogservice,productcatalogservice-1,N/A,rrt,6012.86,3999.4,13518.39,8652.53,0.4022,0.4389\r\nservice,redis,redis-cart-0,N/A,rrt_max,2778.0,4096.0,48254.22,53226.0,0.3835,0.098\r\nservice,cartservice,cartservice-2,N/A,rrt_max,3352.0,4076.0,10348.22,14830.2,0.1949,0.356\r\ntidb,tidb-tikv,N/A,N/A,cpu_usage,0.09,0.09,0.16,0.11,0.0,0.3539\r\nservice,cartservice,cartservice-1,N/A,rrt_max,3893.5,3475.0,13845.4,9825.52,0.1136,0.3396\r\nservice,emailservice,emailservice-1,N/A,rrt,1707.0,1402.0,2269.06,3099.97,0.1962,0.3095\r\nservice,emailservice,emailservice-2,N/A,rrt_max,3285.0,3714.0,8798.56,6451.8,0.1226,0.3078\r\nservice,shippingservice,shippingservice-1,N/A,rrt_max,4295.0,3157.0,11096.96,8946.04,0.3054,0.2146\r\nservice,emailservice,emailservice-0,N/A,rrt_max,2933.0,2635.0,8303.4,6156.16,0.107,0.297\r\nnode,N/A,N/A,aiops-k8s-08,node_cpu_usage_rate,44.32,40.02,63.2,47.38,0.1021,0.2862\r\nservice,paymentservice,paymentservice-1,N/A,rrt,1457.75,1768.5,2645.46,1999.7,0.1926,0.278\r\nnode,N/A,N/A,aiops-k8s-05,node_cpu_usage_rate,30.37,23.13,39.23,34.66,0.2707,0.1238\r\nservice,emailservice,emailservice-2,N/A,rrt,1408.79,1841.5,2397.01,2614.1,0.2663,0.0866\r\nservice,paymentservice,paymentservice-0,N/A,rrt,1509.0,1576.5,2905.5,2238.13,0.0438,0.2595\r\nservice,paymentservice,paymentservice-2,N/A,rrt_max,1657.5,1505.0,2812.63,2211.12,0.0964,0.2395\r\n", "unique_entities": {"service_name": ["adservice", "cartservice", "checkoutservice", "currencyservice", "emailservice", "frontend", "paymentservice", "productcatalogservice", "recommendationservice", "redis", "shippingservice", "tidb-pd", "tidb-tidb", "tidb-tikv"], "node_name": ["aiops-k8s-01", "aiops-k8s-02", "aiops-k8s-03", "aiops-k8s-04", "aiops-k8s-05", "aiops-k8s-06", "aiops-k8s-07", "aiops-k8s-08"], "pod_name": ["adservice-0", "adservice-1", "adservice-2", "cartservice-0", "cartservice-1", "cartservice-2", "checkoutservice-0", "checkoutservice-1", "checkoutservice-2", "currencyservice-0", "currencyservice-1", "currencyservice-2", "emailservice-0", "emailservice-1", "emailservice-2", "frontend-0", "frontend-1", "frontend-2", "paymentservice-0", "paymentservice-1", "paymentservice-2", "productcatalogservice-0", "productcatalogservice-1", "productcatalogservice-2", "recommendationservice-0", "recommendationservice-1", "recommendationservice-2", "redis-cart-0", "shippingservice-0", "shippingservice-1", "shippingservice-2"]}, "node_pod_mapping": {"aiops-k8s-01": ["checkoutservice-1", "emailservice-1", "shippingservice-0", "recommendationservice-2", "productcatalogservice-1"], "aiops-k8s-02": [], "aiops-k8s-03": ["shippingservice-2", "recommendationservice-1", "cartservice-0", "productcatalogservice-2", "frontend-0", "paymentservice-1", "adservice-0"], "aiops-k8s-04": ["frontend-2", "currencyservice-1", "checkoutservice-0"], "aiops-k8s-05": ["paymentservice-2", "currencyservice-0", "cartservice-1"], "aiops-k8s-06": ["checkoutservice-2", "emailservice-2", "productcatalogservice-0"], "aiops-k8s-07": ["currencyservice-2", "adservice-1", "emailservice-0", "frontend-1"], "aiops-k8s-08": ["redis-cart-0", "adservice-2", "paymentservice-0", "recommendationservice-0", "shippingservice-1", "cartservice-2", "productcatalogservice-2"]}, "matched_anomaly": "A fault was detected from 2025-06-09T14:11:10Z to 2025-06-09T14:24:10Z. Please analyze its root cause.", "time_range": "2025-06-09 14:11:10+00:00 to 2025-06-09 14:24:10+00:00"}, "metric_data_collected": true, "node_pod_mapping": {"aiops-k8s-01": ["checkoutservice-1", "emailservice-1", "shippingservice-0", "recommendationservice-2", "productcatalogservice-1"], "aiops-k8s-02": [], "aiops-k8s-03": ["shippingservice-2", "recommendationservice-1", "cartservice-0", "productcatalogservice-2", "frontend-0", "paymentservice-1", "adservice-0"], "aiops-k8s-04": ["frontend-2", "currencyservice-1", "checkoutservice-0"], "aiops-k8s-05": ["paymentservice-2", "currencyservice-0", "cartservice-1"], "aiops-k8s-06": ["checkoutservice-2", "emailservice-2", "productcatalogservice-0"], "aiops-k8s-07": ["currencyservice-2", "adservice-1", "emailservice-0", "frontend-1"], "aiops-k8s-08": ["redis-cart-0", "adservice-2", "paymentservice-0", "recommendationservice-0", "shippingservice-1", "cartservice-2", "productcatalogservice-2"]}, "log_analysis_findings": "我完全同意当前共识代理所提供的推理：基于指标数据得出的假设存在说服力，但由于缺乏日志和追踪数据的支持，目前无法完全验证这一假设。\n\n### 当前理解：\n- **指标洞察**: aiops-k8s-08 节点 CPU 使用率显著下降，可能会对运行其上的服务（如 redis-cart 和 recommendationservice）造成资源竞争和性能下降问题。\n- **前端响应延迟**: 前端的响应时间峰值与后端故障的时间点一致，表明可能存在服务级的传播效应。\n\n### 下一步行动（提升验证力度）：\n1. **聚焦日志分析**: 解决日志加载问题，提取可能的异常模式（如超时、连接失败、内存不足等）。\n2. **扩展追踪分析**: 恢复追踪数据，结合服务调用链分析，准确确定灾难传播路径，并验证是否因 CPU 限制而受影响。\n3. **交叉验证指标数据**: 在更多节点监视资源利用是否同样异常，排除单一服务故障。\n\n另请注意，单凭指标无法得出根因分析的最终结论。还需配合日志和追踪数据补充证据链，以形成多证合一的全面诊断框架。", "trace_analysis_findings": "以下是基于当前上下文与现有数据的分析和建议：\n\n---\n\n### 当前假设与现状：\n#### 假设：\n1. **节点资源问题**: 根据 Metric 数据，`aiops-k8s-08` 节点在故障期间 CPU 使用率从 **44.32%** 降到 **40.02%**，可能导致该节点内的服务（如 `redis-cart-0` 和 `recommendationservice-0`）遭遇性能瓶颈。\n2. **下游影响**: Frontend 服务捕捉到较高峰值响应时间（rrt_max），与上述服务的潜在性能问题在时间上吻合，可能是这些服务故障的传播结果。\n\n#### 数据局限：\n1. **缺失的关键数据**:\n   - **Trace 数据**: 无法分析服务间调用链，验证系统异常在上下游之间的传播路径。\n   - **Log 数据**: 无法查证是否存在特定异常，如超时（`timeout`）、连接拒绝或不可用（`connection refused/unavailable`）。\n2. **间接证据**: 现有推测基于间接关联，但未能提供直接因果性证据。\n\n---\n\n### 分析\n1. **节点资源争夺的可能性**:\n   节点 `aiops-k8s-08` 的 CPU 使用率下降虽不显著，但仍可能表明存在些许资源争抢问题。然而，这一数据需要结合服务层监控信息，例如具体的资源消耗、线程状态等，以确定其对服务性能的直接影响。\n   \n2. **服务间影响的链路验证**:\n   为了确认故障是否由 `aiops-k8s-08` 内的服务（如 `redis-cart-0` 和 `recommendationservice-0`）故障传播至 `Frontend`，需要恢复 Trace 数据，分析详细的调用链和传播延迟。\n\n3. **现存疑点**:\n   - 减少的 CPU 利用率（从 44.32% 到 40.02%）是否足以成为系统性能故障的根本原因？\n   - 是否存在支持或证伪该假设的其他系统日志或调用链报错？\n\n---\n\n### 建议：\n1. **进一步数据分析**:\n   - 强烈建议恢复未加载的 Trace 数据，聚焦在`aiops-k8s-08`中的 `redis-cart` 和 `recommendationservice`，及其上、下游相关服务。\n   - 提取服务相关的 Log 日志，识别可能的时间超时、连接错误或资源不足等事件。\n   - 进一步关注日志中是否有与 CPU 超额使用或资源请求失败相关的记录（如OOM Kill、Container Throttle 等信息）。\n\n2. **采用上述新数据验证当前假设**:\n   确认以下可能的呼叫错误模式和传播路径：\n   - 是否有特定服务的调用链上展示了高耗时或者连接失败的情况。\n   - 是否有底层错误，例如 `DeadlineExceeded/Timeout`、`Connection Refused` 等，指向 `redis-cart` 或 `recommendationservice`。\n\n3. **扩大潜在根因调查范围**:\n   鉴于当前证据并不完全，不能排除其他节点或服务的不良状态，需要同时验证以下假设：\n   - 其他服务的所在节点是否出现相似的资源异常，或当前节点中其他资源（例如存储、网络）是否出现异常。\n   - rrt 变长是否可能源自其他路径（非 `redis-cart/recommendationservice`），例如数据库的延迟。\n\n---\n\n### 结论：\n基于 Metric 数据的 `aiops-k8s-08` 资源假设合理但尚需进一步验证。需要通过多方数据（包括 Trace 调用链与服务 Log 数据）精确界定故障源头及传播过程。目前问题的根因尚不明确，需持续信息收集与分析。", "metric_analysis_findings": "```json\n{\n  \"stance\": \"NEUTRAL\",\n  \"detected_metric_keys\": [\"rrt_max\", \"node_cpu_usage_rate\", \"pod_cpu_usage\"],\n  \"hypotheses\": [\n    {\n      \"component\": \"aiops-k8s-08\",\n      \"reason\": \"The node experienced a substantial reduction in CPU usage rate (44.32% → 40.02%), likely causing resource constraints that could affect the performance of hosted services.\",\n      \"evidence\": \"node_cpu_usage_rate on aiops-k8s-08 decreased by 10.21%, affecting significant pods like redis-cart-0 and recommendationservice-0, which are critical to service operations.\"\n    },\n    {\n      \"component\": \"frontend\",\n      \"reason\": \"Frontend services showed increased rrt_max, possibly as a result of downstream effects due to backend resource limitations on aiops-k8s-08.\",\n      \"evidence\": \"The response time maximum for these services, particularly frontend-0, spiked from 156594.0 to 608006.0 (change ratio: +118.08%), coinciding with backend node issues.\"\n    },\n    {\n      \"component\": \"redis-cart-0\",\n      \"reason\": \"During the fault period, redis-cart-0 exhibited no CPU usage, pointing to potential misconfiguration or severe resource limitations due to node performance issues.\",\n      \"evidence\": \"redis-cart-0 maintained zero pod_cpu_usage with fault P99 rising slightly to 0.1, while pod_processes remained unchanged but somewhat decreased, indicating operational stress.\"\n    }\n  ]\n}\n```"}
2026-01-04 01:59:29,767 - RootCauseAnalysis - INFO - [Tool Call] report_agent
2026-01-04 01:59:29,767 - RootCauseAnalysis - INFO -     Args: {'request': '开始生成正式报告，分析来自专家会诊的共识结论：aiops-k8s-08的node_cpu_usage_rate下降是故障根因。'}...
2026-01-04 01:59:29,767 - RootCauseAnalysis - INFO - ============================================================
2026-01-04 01:59:29,767 - RootCauseAnalysis - INFO - REPORT ANALYSIS - Starting
2026-01-04 01:59:31,734 - RootCauseAnalysis - INFO - REPORT ANALYSIS COMPLETED - Saved results in report_analysis_output.json
2026-01-04 01:59:31,734 - RootCauseAnalysis - INFO - [Tool Resp] report_agent
2026-01-04 01:59:31,734 - RootCauseAnalysis - INFO -     Result: {'uuid': 'a0761b38-172', 'component': 'aiops-k8s-08', 'reason': 'node_cpu_usage_rate reduction impacting redis-cart and recommendationservice', 'reasoning_trace': [{'step': 1, 'action': 'LoadMetrics(aiops-k8s-08)', 'observation': 'node_cpu_usage_rate dropped from 44.32% to 40.02%'}, {'step': 2, 'action': 'CheckNodePodMapping()', 'observation': 'redis-cart-0 and recommendationservice-0 are on aiops-k8s-08'}, {'step': 3, 'action': 'TraceAnalysis(a0761b38-172)', 'observation': 'No data available du...
2026-01-04 01:59:31,734 - RootCauseAnalysis - INFO - [State Update] {"hypotheses_summary": "aiops-k8s-08 is the root cause due to node_cpu_usage_rate reduction, impacting services such as redis-cart and recommendationservice.", "log_analysis_findings": "我完全同意当前共识代理所提供的推理：基于指标数据得出的假设存在说服力，但由于缺乏日志和追踪数据的支持，目前无法完全验证这一假设。\n\n### 当前理解：\n- **指标洞察**: aiops-k8s-08 节点 CPU 使用率显著下降，可能会对运行其上的服务（如 redis-cart 和 recommendationservice）造成资源竞争和性能下降问题。\n- **前端响应延迟**: 前端的响应时间峰值与后端故障的时间点一致，表明可能存在服务级的传播效应。\n\n### 下一步行动（提升验证力度）：\n1. **聚焦日志分析**: 解决日志加载问题，提取可能的异常模式（如超时、连接失败、内存不足等）。\n2. **扩展追踪分析**: 恢复追踪数据，结合服务调用链分析，准确确定灾难传播路径，并验证是否因 CPU 限制而受影响。\n3. **交叉验证指标数据**: 在更多节点监视资源利用是否同样异常，排除单一服务故障。\n\n另请注意，单凭指标无法得出根因分析的最终结论。还需配合日志和追踪数据补充证据链，以形成多证合一的全面诊断框架。", "metric_analysis_findings": "```json\n{\n  \"stance\": \"NEUTRAL\",\n  \"detected_metric_keys\": [\"rrt_max\", \"node_cpu_usage_rate\", \"pod_cpu_usage\"],\n  \"hypotheses\": [\n    {\n      \"component\": \"aiops-k8s-08\",\n      \"reason\": \"The node experienced a substantial reduction in CPU usage rate (44.32% → 40.02%), likely causing resource constraints that could affect the performance of hosted services.\",\n      \"evidence\": \"node_cpu_usage_rate on aiops-k8s-08 decreased by 10.21%, affecting significant pods like redis-cart-0 and recommendationservice-0, which are critical to service operations.\"\n    },\n    {\n      \"component\": \"frontend\",\n      \"reason\": \"Frontend services showed increased rrt_max, possibly as a result of downstream effects due to backend resource limitations on aiops-k8s-08.\",\n      \"evidence\": \"The response time maximum for these services, particularly frontend-0, spiked from 156594.0 to 608006.0 (change ratio: +118.08%), coinciding with backend node issues.\"\n    },\n    {\n      \"component\": \"redis-cart-0\",\n      \"reason\": \"During the fault period, redis-cart-0 exhibited no CPU usage, pointing to potential misconfiguration or severe resource limitations due to node performance issues.\",\n      \"evidence\": \"redis-cart-0 maintained zero pod_cpu_usage with fault P99 rising slightly to 0.1, while pod_processes remained unchanged but somewhat decreased, indicating operational stress.\"\n    }\n  ]\n}\n```", "trace_analysis_findings": "以下是基于当前上下文与现有数据的分析和建议：\n\n---\n\n### 当前假设与现状：\n#### 假设：\n1. **节点资源问题**: 根据 Metric 数据，`aiops-k8s-08` 节点在故障期间 CPU 使用率从 **44.32%** 降到 **40.02%**，可能导致该节点内的服务（如 `redis-cart-0` 和 `recommendationservice-0`）遭遇性能瓶颈。\n2. **下游影响**: Frontend 服务捕捉到较高峰值响应时间（rrt_max），与上述服务的潜在性能问题在时间上吻合，可能是这些服务故障的传播结果。\n\n#### 数据局限：\n1. **缺失的关键数据**:\n   - **Trace 数据**: 无法分析服务间调用链，验证系统异常在上下游之间的传播路径。\n   - **Log 数据**: 无法查证是否存在特定异常，如超时（`timeout`）、连接拒绝或不可用（`connection refused/unavailable`）。\n2. **间接证据**: 现有推测基于间接关联，但未能提供直接因果性证据。\n\n---\n\n### 分析\n1. **节点资源争夺的可能性**:\n   节点 `aiops-k8s-08` 的 CPU 使用率下降虽不显著，但仍可能表明存在些许资源争抢问题。然而，这一数据需要结合服务层监控信息，例如具体的资源消耗、线程状态等，以确定其对服务性能的直接影响。\n   \n2. **服务间影响的链路验证**:\n   为了确认故障是否由 `aiops-k8s-08` 内的服务（如 `redis-cart-0` 和 `recommendationservice-0`）故障传播至 `Frontend`，需要恢复 Trace 数据，分析详细的调用链和传播延迟。\n\n3. **现存疑点**:\n   - 减少的 CPU 利用率（从 44.32% 到 40.02%）是否足以成为系统性能故障的根本原因？\n   - 是否存在支持或证伪该假设的其他系统日志或调用链报错？\n\n---\n\n### 建议：\n1. **进一步数据分析**:\n   - 强烈建议恢复未加载的 Trace 数据，聚焦在`aiops-k8s-08`中的 `redis-cart` 和 `recommendationservice`，及其上、下游相关服务。\n   - 提取服务相关的 Log 日志，识别可能的时间超时、连接错误或资源不足等事件。\n   - 进一步关注日志中是否有与 CPU 超额使用或资源请求失败相关的记录（如OOM Kill、Container Throttle 等信息）。\n\n2. **采用上述新数据验证当前假设**:\n   确认以下可能的呼叫错误模式和传播路径：\n   - 是否有特定服务的调用链上展示了高耗时或者连接失败的情况。\n   - 是否有底层错误，例如 `DeadlineExceeded/Timeout`、`Connection Refused` 等，指向 `redis-cart` 或 `recommendationservice`。\n\n3. **扩大潜在根因调查范围**:\n   鉴于当前证据并不完全，不能排除其他节点或服务的不良状态，需要同时验证以下假设：\n   - 其他服务的所在节点是否出现相似的资源异常，或当前节点中其他资源（例如存储、网络）是否出现异常。\n   - rrt 变长是否可能源自其他路径（非 `redis-cart/recommendationservice`），例如数据库的延迟。\n\n---\n\n### 结论：\n基于 Metric 数据的 `aiops-k8s-08` 资源假设合理但尚需进一步验证。需要通过多方数据（包括 Trace 调用链与服务 Log 数据）精确界定故障源头及传播过程。目前问题的根因尚不明确，需持续信息收集与分析。", "report_analysis_findings": {"uuid": "a0761b38-172", "component": "aiops-k8s-08", "reason": "node_cpu_usage_rate reduction impacting redis-cart and recommendationservice", "reasoning_trace": [{"step": 1, "action": "LoadMetrics(aiops-k8s-08)", "observation": "node_cpu_usage_rate dropped from 44.32% to 40.02%"}, {"step": 2, "action": "CheckNodePodMapping()", "observation": "redis-cart-0 and recommendationservice-0 are on aiops-k8s-08"}, {"step": 3, "action": "TraceAnalysis(a0761b38-172)", "observation": "No data available due to trace data issues"}]}, "report_analysis_completed": true}
2026-01-04 01:59:35,587 - RootCauseAnalysis - INFO - ORCHESTRATOR AGENT - Execution Completed
2026-01-04 01:59:35,587 - RootCauseAnalysis - INFO - [Final State Summary]
2026-01-04 01:59:35,587 - RootCauseAnalysis - INFO -    - current_hypothesis: aiops-k8s-08 is the root cause due to node_cpu_usage_rate reduction, impacting services such as redis-cart and recommendationservice.
2026-01-04 01:59:35,587 - RootCauseAnalysis - INFO -    - consensus_decision: AGREED
2026-01-04 01:59:35,587 - RootCauseAnalysis - INFO -    - consensus_iteration: 6
2026-01-04 01:59:35,587 - RootCauseAnalysis - INFO - === END SESSION ===
