2026-01-04 10:42:22,630 - RootCauseAnalysis - INFO - === START SESSION: ad030412-354 (Run #3) ===
2026-01-04 10:42:22,630 - RootCauseAnalysis - INFO - [Processing] ad030412-354 (Run #3) | Log: logs/ad030412-354/run3_20260104_104222.log
2026-01-04 10:42:22,630 - RootCauseAnalysis - INFO - ============================================================
2026-01-04 10:42:22,630 - RootCauseAnalysis - INFO - ORCHESTRATOR AGENT - Initializing
2026-01-04 10:42:22,630 - RootCauseAnalysis - INFO - ============================================================
2026-01-04 10:42:22,630 - RootCauseAnalysis - INFO - [State Update] {"query_parsed_completed": false, "raw_metric_result": "（等待写入...）", "metric_data_collected": false, "raw_log_result": "（等待写入...）", "log_data_collected": false, "raw_trace_result": "（等待写入...）", "trace_data_collected": false, "current_iteration": 0, "current_hypothesis": "（等待写入...）", "log_analysis_findings": "（等待数据收集...）", "metric_analysis_findings": "（等待数据收集...）", "trace_analysis_findings": "（等待数据收集...）"}
2026-01-04 10:42:24,268 - RootCauseAnalysis - INFO - [Tool Call] parse_user_input
2026-01-04 10:42:24,268 - RootCauseAnalysis - INFO -     Args: {'input_json': '{"Anomaly Description": "A fault was detected from 2025-06-18T11:10:23Z to 2025-06-18T11:29:23Z. Please analyze its root cause.", "uuid": "ad030412-354"}'}...
2026-01-04 10:42:24,268 - RootCauseAnalysis - INFO - [Tool Resp] parse_user_input
2026-01-04 10:42:24,268 - RootCauseAnalysis - INFO -     Result: {'uuid': 'ad030412-354', 'user_query': 'A fault was detected from 2025-06-18T11:10:23Z to 2025-06-18T11:29:23Z. Please analyze its root cause.'}
2026-01-04 10:42:24,268 - RootCauseAnalysis - INFO - [State Update] {"query_parsed_completed": true}
2026-01-04 10:42:25,287 - RootCauseAnalysis - INFO - [Tool Call] data_collection_agent
2026-01-04 10:42:25,287 - RootCauseAnalysis - INFO -     Args: {'request': 'ad030412-354'}...
2026-01-04 10:42:25,288 - RootCauseAnalysis - INFO - ============================================================
2026-01-04 10:42:25,288 - RootCauseAnalysis - INFO - METRIC ANALYSIS - Starting
2026-01-04 10:42:25,288 - RootCauseAnalysis - INFO - ============================================================
2026-01-04 10:42:25,288 - RootCauseAnalysis - INFO - METRIC AGENT - Initial Scanning
2026-01-04 10:42:25,288 - RootCauseAnalysis - INFO - ============================================================
2026-01-04 10:42:25,288 - RootCauseAnalysis - INFO - LOG ANALYSIS - Starting
2026-01-04 10:42:25,288 - RootCauseAnalysis - INFO - ============================================================
2026-01-04 10:42:25,288 - RootCauseAnalysis - INFO - LOG AGENT - Initial Scanning
2026-01-04 10:42:25,288 - RootCauseAnalysis - INFO - ============================================================
2026-01-04 10:42:25,288 - RootCauseAnalysis - INFO - TRACE ANALYSIS - Starting
2026-01-04 10:42:25,288 - RootCauseAnalysis - INFO - ============================================================
2026-01-04 10:42:25,288 - RootCauseAnalysis - INFO - TRACE AGENT - Initial Scanning
2026-01-04 10:42:51,373 - RootCauseAnalysis - WARNING - LOG AGENT - Log data not collected.
2026-01-04 10:42:53,136 - RootCauseAnalysis - INFO - METRIC AGENT - Analysis Completed
2026-01-04 10:42:53,162 - RootCauseAnalysis - INFO - TRACE AGENT - Analysis Completed
2026-01-04 10:42:53,163 - RootCauseAnalysis - INFO - [Tool Resp] data_collection_agent
2026-01-04 10:42:53,163 - RootCauseAnalysis - INFO -     Result: {'result': '```json\n{\n  "stance": "NEUTRAL",\n  "detected_trace_keys": [\n    "latency_spike",\n    "carservice->redis",\n    "frontend->productcatalogservice",\n    "checkoutservice->cartservice",\n    "frontend->cartservice",\n    "recommendationservice->productcatalogservice",\n    "frontend->recommendationservice",\n    "frontend->shippingservice"\n  ],\n  "hypotheses": [\n    {\n      "component": "cartservice-1",\n      "reason": "latency_spike on the connection between cartservice-1 and...
2026-01-04 10:42:53,163 - RootCauseAnalysis - INFO - [State Update] {"current_task_instruction": "当前处于【初始扫描阶段】。\n请对 Trace 数据进行全面扫描，找出所有显著的异常调用链。\n重点：请在返回 JSON 的 'stance' 字段中标记 'NEUTRAL'，并在 'hypotheses' 中列出你的发现。", "raw_metric_result": {"status": "success", "message": "成功加载metric数据。UUID: ad030412-354", "anomaly_metrics": "metric_type,service_name,pod_name,node_name,metric_name,normal_median,fault_median,normal_p99,fault_p99,median_change_ratio,p99_change_ratio\ntidb,tidb-tikv,N/A,N/A,io_util,0.0,0.0,0.96,0.06,0.0,1.7647\nservice,productcatalogservice,productcatalogservice-1,N/A,rrt_max,35415.0,32508.0,48521.83,152002.06,0.0856,1.0321\nnode,N/A,N/A,aiops-k8s-06,node_memory_usage_rate,27.75,23.01,33.42,89.58,0.1868,0.9132\nservice,productcatalogservice,productcatalogservice-2,N/A,rrt_max,30137.0,29226.0,42565.69,96263.14,0.0307,0.7736\nservice,paymentservice,paymentservice-1,N/A,rrt_max,2114.0,1871.0,3699.88,7022.82,0.122,0.6198\nservice,currencyservice,currencyservice-2,N/A,rrt_max,8914.0,9749.0,47911.15,74106.22,0.0895,0.4294\nnode,N/A,N/A,aiops-k8s-04,node_memory_MemAvailable_bytes,8902424576.0,6330601472.0,10364152832.0,7176576614.4,0.3377,0.3634\nservice,currencyservice,currencyservice-1,N/A,rrt_max,2775.5,2352.0,6818.91,4710.0,0.1652,0.3658\nservice,shippingservice,shippingservice-0,N/A,rrt_max,3255.5,2900.0,8942.12,6344.82,0.1155,0.3398\nservice,shippingservice,shippingservice-1,N/A,rrt_max,4710.0,5981.0,15367.68,21491.3,0.2378,0.3323\nservice,currencyservice,currencyservice-0,N/A,rrt_max,8339.5,11406.0,96291.37,104742.94,0.3106,0.0841\nnode,N/A,N/A,aiops-k8s-04,node_memory_usage_rate,43.68,59.11,54.37,68.65,0.3002,0.2322\nnode,N/A,N/A,aiops-k8s-01,node_memory_usage_rate,38.4,51.41,47.69,55.63,0.2897,0.1538\nnode,N/A,N/A,aiops-k8s-01,node_memory_MemAvailable_bytes,9829079040.0,7651184640.0,10877596753.92,8233288499.2,0.2492,0.2767\nnode,N/A,N/A,aiops-k8s-05,node_memory_usage_rate,43.09,43.06,56.37,43.59,0.0007,0.2557\nservice,emailservice,emailservice-2,N/A,rrt_max,4686.0,4053.0,10989.25,8525.36,0.1449,0.2525\nservice,cartservice,cartservice-0,N/A,rrt,1695.88,1595.95,4763.81,5960.79,0.0607,0.2232\npod,N/A,productcatalogservice-1,N/A,pod_cpu_usage,0.05,0.04,0.05,0.05,0.2222,0.0\nservice,paymentservice,paymentservice-2,N/A,rrt,1414.24,1293.0,1796.45,2231.51,0.0896,0.216\nnode,N/A,N/A,aiops-k8s-07,node_memory_MemAvailable_bytes,11470942208.0,9772699648.0,12241075978.24,10084099850.24,0.1599,0.1932\nservice,recommendationservice,recommendationservice-0,N/A,rrt_max,21437.5,22227.0,43067.27,35013.42,0.0362,0.2063\nservice,cartservice,cartservice-0,N/A,rrt_max,6238.5,6013.0,69777.95,85815.96,0.0368,0.2062\ntidb,tidb-tikv,N/A,N/A,region_pending,34332.5,36613.0,45783.1,38364.82,0.0643,0.1763\nservice,productcatalogservice,productcatalogservice-0,N/A,rrt_max,18562.5,17769.0,28637.06,24019.44,0.0437,0.1754\nservice,cartservice,cartservice-1,N/A,rrt_max,5959.0,7085.0,73041.55,77641.5,0.1726,0.0611\nservice,paymentservice,paymentservice-1,N/A,rrt,1422.07,1329.57,1856.52,2200.39,0.0672,0.1695\nnode,N/A,N/A,aiops-k8s-05,node_cpu_usage_rate,18.7,18.27,22.4,26.49,0.0235,0.1675\npod,N/A,redis-cart-0,N/A,pod_cpu_usage,0.0,0.0,0.09,0.11,0.0,0.16\nservice,paymentservice,paymentservice-0,N/A,rrt,1400.68,1308.22,2038.85,1751.6,0.0683,0.1516\nservice,shippingservice,shippingservice-2,N/A,rrt_max,8248.5,8519.0,16738.41,19423.92,0.0323,0.1485\n", "unique_entities": {"service_name": ["adservice", "cartservice", "checkoutservice", "currencyservice", "emailservice", "frontend", "paymentservice", "productcatalogservice", "recommendationservice", "redis", "shippingservice", "tidb-pd", "tidb-tidb", "tidb-tikv"], "node_name": ["aiops-k8s-01", "aiops-k8s-02", "aiops-k8s-03", "aiops-k8s-04", "aiops-k8s-05", "aiops-k8s-06", "aiops-k8s-07", "aiops-k8s-08"], "pod_name": ["adservice-0", "adservice-1", "adservice-2", "cartservice-0", "cartservice-1", "cartservice-2", "checkoutservice-0", "checkoutservice-1", "checkoutservice-2", "currencyservice-0", "currencyservice-1", "currencyservice-2", "emailservice-0", "emailservice-1", "emailservice-2", "frontend-0", "frontend-1", "frontend-2", "paymentservice-0", "paymentservice-1", "paymentservice-2", "productcatalogservice-0", "productcatalogservice-1", "productcatalogservice-2", "recommendationservice-0", "recommendationservice-1", "recommendationservice-2", "redis-cart-0", "shippingservice-0", "shippingservice-1", "shippingservice-2"]}, "node_pod_mapping": {"aiops-k8s-01": ["checkoutservice-1", "recommendationservice-2", "productcatalogservice-2", "frontend-1", "shippingservice-0", "emailservice-1"], "aiops-k8s-02": [], "aiops-k8s-03": ["recommendationservice-1", "adservice-0", "shippingservice-2"], "aiops-k8s-04": ["paymentservice-2", "currencyservice-0", "checkoutservice-0", "frontend-0"], "aiops-k8s-05": ["cartservice-1", "paymentservice-1", "checkoutservice-2"], "aiops-k8s-06": ["productcatalogservice-1", "emailservice-2"], "aiops-k8s-07": ["adservice-1", "shippingservice-1", "emailservice-0", "currencyservice-1", "cartservice-0"], "aiops-k8s-08": ["redis-cart-0", "recommendationservice-0", "productcatalogservice-0", "paymentservice-0", "frontend-2", "currencyservice-2", "checkoutservice-2", "cartservice-2", "adservice-2", "checkoutservice-1"]}, "matched_anomaly": "A fault was detected from 2025-06-18T11:10:23Z to 2025-06-18T11:29:23Z. Please analyze its root cause.", "time_range": "2025-06-18 11:10:23+00:00 to 2025-06-18 11:29:23+00:00"}, "metric_data_collected": true, "node_pod_mapping": {"aiops-k8s-01": ["checkoutservice-1", "recommendationservice-2", "productcatalogservice-2", "frontend-1", "shippingservice-0", "emailservice-1"], "aiops-k8s-02": [], "aiops-k8s-03": ["recommendationservice-1", "adservice-0", "shippingservice-2"], "aiops-k8s-04": ["paymentservice-2", "currencyservice-0", "checkoutservice-0", "frontend-0"], "aiops-k8s-05": ["cartservice-1", "paymentservice-1", "checkoutservice-2"], "aiops-k8s-06": ["productcatalogservice-1", "emailservice-2"], "aiops-k8s-07": ["adservice-1", "shippingservice-1", "emailservice-0", "currencyservice-1", "cartservice-0"], "aiops-k8s-08": ["redis-cart-0", "recommendationservice-0", "productcatalogservice-0", "paymentservice-0", "frontend-2", "currencyservice-2", "checkoutservice-2", "cartservice-2", "adservice-2", "checkoutservice-1"]}, "raw_trace_result": {"status": "success", "message": "成功加载trace数据。UUID: ad030412-354，共 20 个异常组合，0 个状态组合", "filtered_traces": "node_name,service_name,parent_pod,child_pod,operation_name,normal_avg_duration,anomaly_avg_duration,anomaly_count\naiops-k8s-01,productcatalogservice,frontend-0,productcatalogservice-2,hipstershop.ProductCatalogService/GetProduct,10040.36980941472,9029.909257317384,出现次数:22\naiops-k8s-08,recommendationservice,recommendationservice-0,recommendationservice-0,/hipstershop.ProductCatalogService/ListProducts,2975.8979474079715,2571.8117268277247,出现次数:16\naiops-k8s-08,recommendationservice,frontend-2,recommendationservice-0,/hipstershop.RecommendationService/ListRecommendations,4106.723582977161,3492.571835991818,出现次数:12\naiops-k8s-08,recommendationservice,frontend-1,recommendationservice-0,/hipstershop.RecommendationService/ListRecommendations,4130.73316274201,3510.8365960695137,出现次数:8\naiops-k8s-06,productcatalogservice,frontend-2,productcatalogservice-1,hipstershop.ProductCatalogService/ListProducts,70.73916100336218,84.78333333333333,出现次数:4\naiops-k8s-03,shippingservice,frontend-2,shippingservice-2,hipstershop.ShippingService/GetQuote,223.13098738757145,691.6041666666666,出现次数:3\naiops-k8s-08,recommendationservice,frontend-0,recommendationservice-0,/hipstershop.RecommendationService/ListRecommendations,4128.341296078582,3415.781285131285,出现次数:3\naiops-k8s-05,cartservice,checkoutservice-0,cartservice-1,POST /hipstershop.CartService/GetCart,2556.877784026997,17412.972222222223,出现次数:3\naiops-k8s-05,redis,cartservice-1,cartservice-1,HGET,1771.4157464335137,16356.083333333334,出现次数:3\naiops-k8s-07,cartservice,checkoutservice-0,cartservice-0,POST /hipstershop.CartService/EmptyCart,2569.200339366516,17370.0,出现次数:3\naiops-k8s-08,cartservice,frontend-0,cartservice-2,POST /hipstershop.CartService/GetCart,2314.329534943915,9035.712632275132,出现次数:2\naiops-k8s-08,frontend,frontend-2,frontend-2,hipstershop.ProductCatalogService/ListProducts,1984.3653252527229,3926.5428571428574,出现次数:2\naiops-k8s-03,shippingservice,frontend-1,shippingservice-2,hipstershop.ShippingService/GetQuote,208.08343815792534,465.4531490015361,出现次数:2\naiops-k8s-01,frontend,frontend-1,frontend-1,hipstershop.ShippingService/GetQuote,1806.8433138617236,3050.9375,出现次数:2\naiops-k8s-04,frontend,frontend-0,frontend-0,hipstershop.CartService/GetCart,25581.50051799909,10915.989218328841,出现次数:2\naiops-k8s-07,redis,cartservice-0,cartservice-0,HMSET,1573.061323856106,13428.125,出现次数:2\naiops-k8s-08,cartservice,checkoutservice-0,cartservice-2,POST /hipstershop.CartService/GetCart,1952.2368578927633,12389.5,出现次数:2\naiops-k8s-07,redis,cartservice-0,cartservice-0,HGET,1739.7426895431556,17190.5,出现次数:1\naiops-k8s-07,cartservice,checkoutservice-0,cartservice-0,POST /hipstershop.CartService/GetCart,2592.541369047619,17821.0,出现次数:1\naiops-k8s-04,checkoutservice,frontend-0,checkoutservice-0,hipstershop.CheckoutService/PlaceOrder,152118.78255208334,63654.0,出现次数:1\n", "unique_entities": {"pod_name": ["cartservice-0", "cartservice-1", "cartservice-2", "checkoutservice-0", "frontend-0", "frontend-1", "frontend-2", "productcatalogservice-1", "productcatalogservice-2", "recommendationservice-0", "shippingservice-2"], "service_name": ["cartservice", "checkoutservice", "frontend", "productcatalogservice", "recommendationservice", "redis", "shippingservice"], "node_name": ["aiops-k8s-01", "aiops-k8s-03", "aiops-k8s-04", "aiops-k8s-05", "aiops-k8s-06", "aiops-k8s-07", "aiops-k8s-08"]}, "status_combinations": "", "matched_anomaly": "A fault was detected from 2025-06-18T11:10:23Z to 2025-06-18T11:29:23Z. Please analyze its root cause.", "time_range": "2025-06-18 11:10:23+00:00 to 2025-06-18 11:29:23+00:00"}, "trace_data_collected": true, "log_analysis_findings": "```json\n{\n  \"stance\": \"NEUTRAL\",\n  \"detected_log_keys\": [],\n  \"hypotheses\": []\n}\n```", "metric_analysis_findings": "```json\n{\n  \"stance\": \"NEUTRAL\",\n  \"detected_metric_keys\": [\"node_memory_usage_rate\", \"node_memory_MemAvailable_bytes\", \"rrt_max\"],\n  \"hypotheses\": [\n    {\n      \"component\": \"aiops-k8s-06\",\n      \"reason\": \"Significant fluctuation in node_memory_usage_rate observed, with P99 increasing from 33.42% to 89.58%, suggesting potential memory pressure on this node during the fault period.\",\n      \"evidence\": \"node_memory_usage_rate: P99 change ratio is 0.9132\"\n    },\n    {\n      \"component\": \"aiops-k8s-04\",\n      \"reason\": \"Memory availability inconsistencies detected. node_memory_MemAvailable_bytes saw a median reduction from 8.9GB to 6.33GB, implying possible resource contention.\",\n      \"evidence\": \"node_memory_MemAvailable_bytes: Median decrease by 0.3377, P99 decrease by 0.3634\"\n    }\n  ]\n}\n```", "trace_analysis_findings": "```json\n{\n  \"stance\": \"NEUTRAL\",\n  \"detected_trace_keys\": [\n    \"latency_spike\",\n    \"carservice->redis\",\n    \"frontend->productcatalogservice\",\n    \"checkoutservice->cartservice\",\n    \"frontend->cartservice\",\n    \"recommendationservice->productcatalogservice\",\n    \"frontend->recommendationservice\",\n    \"frontend->shippingservice\"\n  ],\n  \"hypotheses\": [\n    {\n      \"component\": \"cartservice-1\",\n      \"reason\": \"latency_spike on the connection between cartservice-1 and Redis\",\n      \"evidence\": \"During fault: avg latency increased to 16356 ms from a normal 1771 ms.\"\n    },\n    {\n owners  Reason)>>"}
2026-01-04 10:42:54,165 - RootCauseAnalysis - INFO - [Tool Call] consensus_discussion_agent
2026-01-04 10:42:54,165 - RootCauseAnalysis - INFO -     Args: {'request': 'ad030412-354'}...
2026-01-04 10:42:54,165 - RootCauseAnalysis - INFO - ============================================================
2026-01-04 10:42:54,165 - RootCauseAnalysis - INFO - CONSENSUS ANALYSIS - Round 0
2026-01-04 10:42:54,165 - RootCauseAnalysis - INFO - Current Hypothesis: （等待写入...）
2026-01-04 10:42:54,165 - RootCauseAnalysis - INFO - ============================================================
2026-01-04 10:42:58,670 - RootCauseAnalysis - INFO - CONSENSUS AGENT OUTPUT PARSED:
2026-01-04 10:42:58,670 - RootCauseAnalysis - INFO -   - Status: DISAGREED
2026-01-04 10:42:58,670 - RootCauseAnalysis - INFO -   - New Hypothesis: aiops-k8s-06 is the suspected root cause due to node_memory_usage_rate fluctuation, causing widespread service anomalies.
2026-01-04 10:42:58,670 - RootCauseAnalysis - INFO -   - Reasoning: Metric evidence of node_memory_usage_rate spikes on aiops-k8s-06 during the fault period suggests memory pressure impacting hosted services.
2026-01-04 10:42:58,670 - RootCauseAnalysis - INFO - >>> CONSENSUS NOT REACHED. Updating hypothesis and continuing loop. <<<
2026-01-04 10:42:58,670 - RootCauseAnalysis - INFO - ============================================================
2026-01-04 10:42:58,670 - RootCauseAnalysis - INFO - METRIC ANALYSIS - Starting
2026-01-04 10:42:58,670 - RootCauseAnalysis - INFO - ============================================================
2026-01-04 10:42:58,670 - RootCauseAnalysis - INFO - METRIC AGENT - Verifying Hypothesis: aiops-k8s-06 is the suspected ...
2026-01-04 10:42:58,670 - RootCauseAnalysis - INFO - ============================================================
2026-01-04 10:42:58,670 - RootCauseAnalysis - INFO - LOG ANALYSIS - Starting
2026-01-04 10:42:58,670 - RootCauseAnalysis - INFO - ============================================================
2026-01-04 10:42:58,670 - RootCauseAnalysis - INFO - LOG AGENT - Initial Scanning
2026-01-04 10:42:58,670 - RootCauseAnalysis - INFO - ============================================================
2026-01-04 10:42:58,670 - RootCauseAnalysis - INFO - TRACE ANALYSIS - Starting
2026-01-04 10:42:58,670 - RootCauseAnalysis - INFO - ============================================================
2026-01-04 10:42:58,670 - RootCauseAnalysis - INFO - TRACE AGENT - Verifying Hypothesis: aiops-k8s-06 is the suspected ...
2026-01-04 10:43:24,798 - RootCauseAnalysis - WARNING - LOG AGENT - Log data not collected.
2026-01-04 10:43:28,739 - RootCauseAnalysis - INFO - TRACE AGENT - Analysis Completed
2026-01-04 10:43:30,885 - RootCauseAnalysis - INFO - METRIC AGENT - Analysis Completed
2026-01-04 10:43:30,886 - RootCauseAnalysis - INFO - ============================================================
2026-01-04 10:43:30,886 - RootCauseAnalysis - INFO - CONSENSUS ANALYSIS - Round 1
2026-01-04 10:43:30,886 - RootCauseAnalysis - INFO - Current Hypothesis: aiops-k8s-06 is the suspected root cause due to node_memory_usage_rate fluctuation, causing widespread service anomalies.
2026-01-04 10:43:30,886 - RootCauseAnalysis - INFO - ============================================================
2026-01-04 10:43:35,197 - RootCauseAnalysis - INFO - CONSENSUS AGENT OUTPUT PARSED:
2026-01-04 10:43:35,197 - RootCauseAnalysis - INFO -   - Status: DISAGREED
2026-01-04 10:43:35,197 - RootCauseAnalysis - INFO -   - New Hypothesis: Redis may be the root cause due to significant latency spikes when cartservice interacts with it.
2026-01-04 10:43:35,197 - RootCauseAnalysis - INFO -   - Reasoning: Trace analysis shows that significant delay occurs between cartservice and Redis connection, with latency multiplying up to 9 times. Despite the memory pressure on aiops-k8s-06, trace evidence suggests Redis connection as the main bottleneck.
2026-01-04 10:43:35,197 - RootCauseAnalysis - INFO - >>> CONSENSUS NOT REACHED. Updating hypothesis and continuing loop. <<<
2026-01-04 10:43:35,197 - RootCauseAnalysis - INFO - ============================================================
2026-01-04 10:43:35,197 - RootCauseAnalysis - INFO - METRIC ANALYSIS - Starting
2026-01-04 10:43:35,197 - RootCauseAnalysis - INFO - ============================================================
2026-01-04 10:43:35,197 - RootCauseAnalysis - INFO - METRIC AGENT - Verifying Hypothesis: Redis may be the root cause du...
2026-01-04 10:43:35,197 - RootCauseAnalysis - INFO - ============================================================
2026-01-04 10:43:35,197 - RootCauseAnalysis - INFO - LOG ANALYSIS - Starting
2026-01-04 10:43:35,197 - RootCauseAnalysis - INFO - ============================================================
2026-01-04 10:43:35,197 - RootCauseAnalysis - INFO - LOG AGENT - Initial Scanning
2026-01-04 10:43:35,197 - RootCauseAnalysis - INFO - ============================================================
2026-01-04 10:43:35,197 - RootCauseAnalysis - INFO - TRACE ANALYSIS - Starting
2026-01-04 10:43:35,197 - RootCauseAnalysis - INFO - ============================================================
2026-01-04 10:43:35,197 - RootCauseAnalysis - INFO - TRACE AGENT - Verifying Hypothesis: Redis may be the root cause du...
2026-01-04 10:43:36,965 - RootCauseAnalysis - WARNING - LOG AGENT - Log data not collected.
2026-01-04 10:43:38,193 - RootCauseAnalysis - INFO - TRACE AGENT - Analysis Completed
2026-01-04 10:43:42,293 - RootCauseAnalysis - INFO - METRIC AGENT - Analysis Completed
2026-01-04 10:43:42,294 - RootCauseAnalysis - INFO - ============================================================
2026-01-04 10:43:42,294 - RootCauseAnalysis - INFO - CONSENSUS ANALYSIS - Round 2
2026-01-04 10:43:42,294 - RootCauseAnalysis - INFO - Current Hypothesis: Redis may be the root cause due to significant latency spikes when cartservice interacts with it.
2026-01-04 10:43:42,294 - RootCauseAnalysis - INFO - ============================================================
2026-01-04 10:43:49,965 - RootCauseAnalysis - INFO - CONSENSUS AGENT OUTPUT PARSED:
2026-01-04 10:43:49,966 - RootCauseAnalysis - INFO -   - Status: DISAGREED
2026-01-04 10:43:49,966 - RootCauseAnalysis - INFO -   - New Hypothesis: Redis cannot be conclusively identified as the root cause. Metric data does not strongly support Redis as the bottleneck, and additional upstream/downstream assessments are required.
2026-01-04 10:43:49,966 - RootCauseAnalysis - INFO -   - Reasoning: Although trace data highlights latency spikes between cartservice and Redis, metric data indicates minimal anomalies in Redis-related indicators, such as pod_cpu_usage (+16%). The evidence suggests the need to explore upstream or downstream service bottlenecks.
2026-01-04 10:43:49,966 - RootCauseAnalysis - INFO - >>> CONSENSUS NOT REACHED. Updating hypothesis and continuing loop. <<<
2026-01-04 10:43:49,966 - RootCauseAnalysis - INFO - ============================================================
2026-01-04 10:43:49,966 - RootCauseAnalysis - INFO - METRIC ANALYSIS - Starting
2026-01-04 10:43:49,966 - RootCauseAnalysis - INFO - ============================================================
2026-01-04 10:43:49,966 - RootCauseAnalysis - INFO - METRIC AGENT - Verifying Hypothesis: Redis cannot be conclusively i...
2026-01-04 10:43:49,966 - RootCauseAnalysis - INFO - ============================================================
2026-01-04 10:43:49,966 - RootCauseAnalysis - INFO - LOG ANALYSIS - Starting
2026-01-04 10:43:49,966 - RootCauseAnalysis - INFO - ============================================================
2026-01-04 10:43:49,966 - RootCauseAnalysis - INFO - LOG AGENT - Initial Scanning
2026-01-04 10:43:49,966 - RootCauseAnalysis - INFO - ============================================================
2026-01-04 10:43:49,966 - RootCauseAnalysis - INFO - TRACE ANALYSIS - Starting
2026-01-04 10:43:49,966 - RootCauseAnalysis - INFO - ============================================================
2026-01-04 10:43:49,966 - RootCauseAnalysis - INFO - TRACE AGENT - Verifying Hypothesis: Redis cannot be conclusively i...
2026-01-04 10:43:51,295 - RootCauseAnalysis - WARNING - LOG AGENT - Log data not collected.
2026-01-04 10:43:57,728 - RootCauseAnalysis - INFO - TRACE AGENT - Analysis Completed
2026-01-04 10:44:05,219 - RootCauseAnalysis - INFO - METRIC AGENT - Analysis Completed
2026-01-04 10:44:05,220 - RootCauseAnalysis - INFO - ============================================================
2026-01-04 10:44:05,220 - RootCauseAnalysis - INFO - CONSENSUS ANALYSIS - Round 3
2026-01-04 10:44:05,220 - RootCauseAnalysis - INFO - Current Hypothesis: Redis cannot be conclusively identified as the root cause. Metric data does not strongly support Redis as the bottleneck, and additional upstream/downstream assessments are required.
2026-01-04 10:44:05,220 - RootCauseAnalysis - INFO - ============================================================
2026-01-04 10:44:16,078 - RootCauseAnalysis - INFO - CONSENSUS AGENT OUTPUT PARSED:
2026-01-04 10:44:16,078 - RootCauseAnalysis - INFO -   - Status: DISAGREED
2026-01-04 10:44:16,078 - RootCauseAnalysis - INFO -   - New Hypothesis: Redis cannot be conclusively identified as the root cause. Systemic issues or upstream/downstream dependencies are more likely.
2026-01-04 10:44:16,078 - RootCauseAnalysis - INFO -   - Reasoning: The trace latency spikes between cartservice and Redis interactions are not supported by Redis-specific metric anomalies (e.g., pod_cpu_usage at +16%) or hosting node resource contention. Broader service-wide latencies suggest systemic or upstream/downstream sources as potential bottlenecks.
2026-01-04 10:44:16,078 - RootCauseAnalysis - INFO - >>> CONSENSUS NOT REACHED. Updating hypothesis and continuing loop. <<<
2026-01-04 10:44:16,078 - RootCauseAnalysis - INFO - ============================================================
2026-01-04 10:44:16,078 - RootCauseAnalysis - INFO - METRIC ANALYSIS - Starting
2026-01-04 10:44:16,078 - RootCauseAnalysis - INFO - ============================================================
2026-01-04 10:44:16,078 - RootCauseAnalysis - INFO - METRIC AGENT - Verifying Hypothesis: Redis cannot be conclusively i...
2026-01-04 10:44:16,078 - RootCauseAnalysis - INFO - ============================================================
2026-01-04 10:44:16,078 - RootCauseAnalysis - INFO - LOG ANALYSIS - Starting
2026-01-04 10:44:16,078 - RootCauseAnalysis - INFO - ============================================================
2026-01-04 10:44:16,078 - RootCauseAnalysis - INFO - LOG AGENT - Initial Scanning
2026-01-04 10:44:16,078 - RootCauseAnalysis - INFO - ============================================================
2026-01-04 10:44:16,078 - RootCauseAnalysis - INFO - TRACE ANALYSIS - Starting
2026-01-04 10:44:16,078 - RootCauseAnalysis - INFO - ============================================================
2026-01-04 10:44:16,078 - RootCauseAnalysis - INFO - TRACE AGENT - Verifying Hypothesis: Redis cannot be conclusively i...
2026-01-04 10:44:19,516 - RootCauseAnalysis - WARNING - LOG AGENT - Log data not collected.
2026-01-04 10:44:19,969 - RootCauseAnalysis - INFO - METRIC AGENT - Analysis Completed
2026-01-04 10:44:22,325 - RootCauseAnalysis - INFO - TRACE AGENT - Analysis Completed
2026-01-04 10:44:22,325 - RootCauseAnalysis - INFO - ============================================================
2026-01-04 10:44:22,325 - RootCauseAnalysis - INFO - CONSENSUS ANALYSIS - Round 4
2026-01-04 10:44:22,325 - RootCauseAnalysis - INFO - Current Hypothesis: Redis cannot be conclusively identified as the root cause. Systemic issues or upstream/downstream dependencies are more likely.
2026-01-04 10:44:22,325 - RootCauseAnalysis - INFO - ============================================================
2026-01-04 10:44:28,569 - RootCauseAnalysis - INFO - CONSENSUS AGENT OUTPUT PARSED:
2026-01-04 10:44:28,569 - RootCauseAnalysis - INFO -   - Status: AGREED
2026-01-04 10:44:28,569 - RootCauseAnalysis - INFO -   - New Hypothesis: Systemic issues or upstream/downstream dependencies are more likely than Redis to be the root cause.
2026-01-04 10:44:28,569 - RootCauseAnalysis - INFO -   - Reasoning: Trace latency spikes do not align with significant metric anomalies in Redis. System-wide latency and node pressures suggest foundational infrastructure problems, requiring analysis of cartservice dependencies and frontend service paths.
2026-01-04 10:44:28,569 - RootCauseAnalysis - INFO - >>> CONSENSUS REACHED! Escalating to finish loop. <<<
2026-01-04 10:44:28,570 - RootCauseAnalysis - INFO - [Tool Resp] consensus_discussion_agent
2026-01-04 10:44:28,570 - RootCauseAnalysis - INFO -     Result: {'result': '### Final Consensus Decision\n\nAfter thorough analysis and consideration of all expert opinions, logs, metrics, and trace data, we have come to a consensus regarding the root cause of the fault.\n\n### Decision:\n\n- **Root Cause**: Redis is conclusively **not** the root cause of the fault.\n  - **Reason**: Although trace data shows significant latency spikes between cartservice and Redis, metric data does not support Redis as the bottleneck. Redis pod metrics, such as `pod_cpu_usag...
2026-01-04 10:44:28,570 - RootCauseAnalysis - INFO - [State Update] {"consensus_iteration": 5, "consensus_decision": "AGREED", "current_hypothesis": "Systemic issues or upstream/downstream dependencies are more likely than Redis to be the root cause.", "current_task_instruction": "当前处于【假设验证阶段】。\n待验证的根因假设是：'Redis cannot be conclusively identified as the root cause. Systemic issues or upstream/downstream dependencies are more likely.'。\n请基于 Trace 数据判断该假设是否成立。\n重点：请在返回 JSON 的 'stance' 字段中明确标记 'SUPPORT' 或 'OPPOSE'。", "raw_trace_result": {"status": "success", "message": "成功加载trace数据。UUID: ad030412-354，共 20 个异常组合，0 个状态组合", "filtered_traces": "node_name,service_name,parent_pod,child_pod,operation_name,normal_avg_duration,anomaly_avg_duration,anomaly_count\naiops-k8s-01,productcatalogservice,frontend-0,productcatalogservice-2,hipstershop.ProductCatalogService/GetProduct,10040.36980941472,9029.909257317384,出现次数:22\naiops-k8s-08,recommendationservice,recommendationservice-0,recommendationservice-0,/hipstershop.ProductCatalogService/ListProducts,2975.8979474079715,2571.8117268277247,出现次数:16\naiops-k8s-08,recommendationservice,frontend-2,recommendationservice-0,/hipstershop.RecommendationService/ListRecommendations,4106.723582977161,3492.571835991818,出现次数:12\naiops-k8s-08,recommendationservice,frontend-1,recommendationservice-0,/hipstershop.RecommendationService/ListRecommendations,4130.73316274201,3510.8365960695137,出现次数:8\naiops-k8s-06,productcatalogservice,frontend-2,productcatalogservice-1,hipstershop.ProductCatalogService/ListProducts,70.73916100336218,84.78333333333333,出现次数:4\naiops-k8s-03,shippingservice,frontend-2,shippingservice-2,hipstershop.ShippingService/GetQuote,223.13098738757145,691.6041666666666,出现次数:3\naiops-k8s-08,recommendationservice,frontend-0,recommendationservice-0,/hipstershop.RecommendationService/ListRecommendations,4128.341296078582,3415.781285131285,出现次数:3\naiops-k8s-05,cartservice,checkoutservice-0,cartservice-1,POST /hipstershop.CartService/GetCart,2556.877784026997,17412.972222222223,出现次数:3\naiops-k8s-05,redis,cartservice-1,cartservice-1,HGET,1771.4157464335137,16356.083333333334,出现次数:3\naiops-k8s-07,cartservice,checkoutservice-0,cartservice-0,POST /hipstershop.CartService/EmptyCart,2569.200339366516,17370.0,出现次数:3\naiops-k8s-08,cartservice,frontend-0,cartservice-2,POST /hipstershop.CartService/GetCart,2314.329534943915,9035.712632275132,出现次数:2\naiops-k8s-08,frontend,frontend-2,frontend-2,hipstershop.ProductCatalogService/ListProducts,1984.3653252527229,3926.5428571428574,出现次数:2\naiops-k8s-03,shippingservice,frontend-1,shippingservice-2,hipstershop.ShippingService/GetQuote,208.08343815792534,465.4531490015361,出现次数:2\naiops-k8s-01,frontend,frontend-1,frontend-1,hipstershop.ShippingService/GetQuote,1806.8433138617236,3050.9375,出现次数:2\naiops-k8s-04,frontend,frontend-0,frontend-0,hipstershop.CartService/GetCart,25581.50051799909,10915.989218328841,出现次数:2\naiops-k8s-07,redis,cartservice-0,cartservice-0,HMSET,1573.061323856106,13428.125,出现次数:2\naiops-k8s-08,cartservice,checkoutservice-0,cartservice-2,POST /hipstershop.CartService/GetCart,1952.2368578927633,12389.5,出现次数:2\naiops-k8s-07,redis,cartservice-0,cartservice-0,HGET,1739.7426895431556,17190.5,出现次数:1\naiops-k8s-07,cartservice,checkoutservice-0,cartservice-0,POST /hipstershop.CartService/GetCart,2592.541369047619,17821.0,出现次数:1\naiops-k8s-04,checkoutservice,frontend-0,checkoutservice-0,hipstershop.CheckoutService/PlaceOrder,152118.78255208334,63654.0,出现次数:1\n", "unique_entities": {"pod_name": ["cartservice-0", "cartservice-1", "cartservice-2", "checkoutservice-0", "frontend-0", "frontend-1", "frontend-2", "productcatalogservice-1", "productcatalogservice-2", "recommendationservice-0", "shippingservice-2"], "service_name": ["cartservice", "checkoutservice", "frontend", "productcatalogservice", "recommendationservice", "redis", "shippingservice"], "node_name": ["aiops-k8s-01", "aiops-k8s-03", "aiops-k8s-04", "aiops-k8s-05", "aiops-k8s-06", "aiops-k8s-07", "aiops-k8s-08"]}, "status_combinations": "", "matched_anomaly": "A fault was detected from 2025-06-18T11:10:23Z to 2025-06-18T11:29:23Z. Please analyze its root cause.", "time_range": "2025-06-18 11:10:23+00:00 to 2025-06-18 11:29:23+00:00"}, "trace_data_collected": true, "raw_metric_result": {"status": "success", "message": "成功加载metric数据。UUID: ad030412-354", "anomaly_metrics": "metric_type,service_name,pod_name,node_name,metric_name,normal_median,fault_median,normal_p99,fault_p99,median_change_ratio,p99_change_ratio\ntidb,tidb-tikv,N/A,N/A,io_util,0.0,0.0,0.96,0.06,0.0,1.7647\nservice,productcatalogservice,productcatalogservice-1,N/A,rrt_max,35415.0,32508.0,48521.83,152002.06,0.0856,1.0321\nnode,N/A,N/A,aiops-k8s-06,node_memory_usage_rate,27.75,23.01,33.42,89.58,0.1868,0.9132\nservice,productcatalogservice,productcatalogservice-2,N/A,rrt_max,30137.0,29226.0,42565.69,96263.14,0.0307,0.7736\nservice,paymentservice,paymentservice-1,N/A,rrt_max,2114.0,1871.0,3699.88,7022.82,0.122,0.6198\nservice,currencyservice,currencyservice-2,N/A,rrt_max,8914.0,9749.0,47911.15,74106.22,0.0895,0.4294\nnode,N/A,N/A,aiops-k8s-04,node_memory_MemAvailable_bytes,8902424576.0,6330601472.0,10364152832.0,7176576614.4,0.3377,0.3634\nservice,currencyservice,currencyservice-1,N/A,rrt_max,2775.5,2352.0,6818.91,4710.0,0.1652,0.3658\nservice,shippingservice,shippingservice-0,N/A,rrt_max,3255.5,2900.0,8942.12,6344.82,0.1155,0.3398\nservice,shippingservice,shippingservice-1,N/A,rrt_max,4710.0,5981.0,15367.68,21491.3,0.2378,0.3323\nservice,currencyservice,currencyservice-0,N/A,rrt_max,8339.5,11406.0,96291.37,104742.94,0.3106,0.0841\nnode,N/A,N/A,aiops-k8s-04,node_memory_usage_rate,43.68,59.11,54.37,68.65,0.3002,0.2322\nnode,N/A,N/A,aiops-k8s-01,node_memory_usage_rate,38.4,51.41,47.69,55.63,0.2897,0.1538\nnode,N/A,N/A,aiops-k8s-01,node_memory_MemAvailable_bytes,9829079040.0,7651184640.0,10877596753.92,8233288499.2,0.2492,0.2767\nnode,N/A,N/A,aiops-k8s-05,node_memory_usage_rate,43.09,43.06,56.37,43.59,0.0007,0.2557\nservice,emailservice,emailservice-2,N/A,rrt_max,4686.0,4053.0,10989.25,8525.36,0.1449,0.2525\nservice,cartservice,cartservice-0,N/A,rrt,1695.88,1595.95,4763.81,5960.79,0.0607,0.2232\npod,N/A,productcatalogservice-1,N/A,pod_cpu_usage,0.05,0.04,0.05,0.05,0.2222,0.0\nservice,paymentservice,paymentservice-2,N/A,rrt,1414.24,1293.0,1796.45,2231.51,0.0896,0.216\nnode,N/A,N/A,aiops-k8s-07,node_memory_MemAvailable_bytes,11470942208.0,9772699648.0,12241075978.24,10084099850.24,0.1599,0.1932\nservice,recommendationservice,recommendationservice-0,N/A,rrt_max,21437.5,22227.0,43067.27,35013.42,0.0362,0.2063\nservice,cartservice,cartservice-0,N/A,rrt_max,6238.5,6013.0,69777.95,85815.96,0.0368,0.2062\ntidb,tidb-tikv,N/A,N/A,region_pending,34332.5,36613.0,45783.1,38364.82,0.0643,0.1763\nservice,productcatalogservice,productcatalogservice-0,N/A,rrt_max,18562.5,17769.0,28637.06,24019.44,0.0437,0.1754\nservice,cartservice,cartservice-1,N/A,rrt_max,5959.0,7085.0,73041.55,77641.5,0.1726,0.0611\nservice,paymentservice,paymentservice-1,N/A,rrt,1422.07,1329.57,1856.52,2200.39,0.0672,0.1695\nnode,N/A,N/A,aiops-k8s-05,node_cpu_usage_rate,18.7,18.27,22.4,26.49,0.0235,0.1675\npod,N/A,redis-cart-0,N/A,pod_cpu_usage,0.0,0.0,0.09,0.11,0.0,0.16\nservice,paymentservice,paymentservice-0,N/A,rrt,1400.68,1308.22,2038.85,1751.6,0.0683,0.1516\nservice,shippingservice,shippingservice-2,N/A,rrt_max,8248.5,8519.0,16738.41,19423.92,0.0323,0.1485\n", "unique_entities": {"service_name": ["adservice", "cartservice", "checkoutservice", "currencyservice", "emailservice", "frontend", "paymentservice", "productcatalogservice", "recommendationservice", "redis", "shippingservice", "tidb-pd", "tidb-tidb", "tidb-tikv"], "node_name": ["aiops-k8s-01", "aiops-k8s-02", "aiops-k8s-03", "aiops-k8s-04", "aiops-k8s-05", "aiops-k8s-06", "aiops-k8s-07", "aiops-k8s-08"], "pod_name": ["adservice-0", "adservice-1", "adservice-2", "cartservice-0", "cartservice-1", "cartservice-2", "checkoutservice-0", "checkoutservice-1", "checkoutservice-2", "currencyservice-0", "currencyservice-1", "currencyservice-2", "emailservice-0", "emailservice-1", "emailservice-2", "frontend-0", "frontend-1", "frontend-2", "paymentservice-0", "paymentservice-1", "paymentservice-2", "productcatalogservice-0", "productcatalogservice-1", "productcatalogservice-2", "recommendationservice-0", "recommendationservice-1", "recommendationservice-2", "redis-cart-0", "shippingservice-0", "shippingservice-1", "shippingservice-2"]}, "node_pod_mapping": {"aiops-k8s-01": ["checkoutservice-1", "recommendationservice-2", "productcatalogservice-2", "frontend-1", "shippingservice-0", "emailservice-1"], "aiops-k8s-02": [], "aiops-k8s-03": ["recommendationservice-1", "adservice-0", "shippingservice-2"], "aiops-k8s-04": ["paymentservice-2", "currencyservice-0", "checkoutservice-0", "frontend-0"], "aiops-k8s-05": ["cartservice-1", "paymentservice-1", "checkoutservice-2"], "aiops-k8s-06": ["productcatalogservice-1", "emailservice-2"], "aiops-k8s-07": ["adservice-1", "shippingservice-1", "emailservice-0", "currencyservice-1", "cartservice-0"], "aiops-k8s-08": ["redis-cart-0", "recommendationservice-0", "productcatalogservice-0", "paymentservice-0", "frontend-2", "currencyservice-2", "checkoutservice-2", "cartservice-2", "adservice-2", "checkoutservice-1"]}, "matched_anomaly": "A fault was detected from 2025-06-18T11:10:23Z to 2025-06-18T11:29:23Z. Please analyze its root cause.", "time_range": "2025-06-18 11:10:23+00:00 to 2025-06-18 11:29:23+00:00"}, "metric_data_collected": true, "node_pod_mapping": {"aiops-k8s-01": ["checkoutservice-1", "recommendationservice-2", "productcatalogservice-2", "frontend-1", "shippingservice-0", "emailservice-1"], "aiops-k8s-02": [], "aiops-k8s-03": ["recommendationservice-1", "adservice-0", "shippingservice-2"], "aiops-k8s-04": ["paymentservice-2", "currencyservice-0", "checkoutservice-0", "frontend-0"], "aiops-k8s-05": ["cartservice-1", "paymentservice-1", "checkoutservice-2"], "aiops-k8s-06": ["productcatalogservice-1", "emailservice-2"], "aiops-k8s-07": ["adservice-1", "shippingservice-1", "emailservice-0", "currencyservice-1", "cartservice-0"], "aiops-k8s-08": ["redis-cart-0", "recommendationservice-0", "productcatalogservice-0", "paymentservice-0", "frontend-2", "currencyservice-2", "checkoutservice-2", "cartservice-2", "adservice-2", "checkoutservice-1"]}, "log_analysis_findings": "```json\n{\n  \"stance\": \"SUPPORT\",\n  \"detected_log_keys\": [],\n  \"hypotheses\": [\n    {\n      \"component\": \"Systemic/Upstream-Downstream Dependencies\",\n      \"reason\": \"Trace data reveals latency spikes in cartservice -> Redis interactions but lacks metric evidence implicating Redis. Broader systemic impacts point to upstream/downstream or systemic infrastructure issues.\",\n      \"evidence\": \"No Redis-specific resource spikes detected (e.g., only +16% pod_cpu_usage), and no error logs observed. Other service latencies observed across the stack.\"\n    }\n  ]\n}\n```", "trace_analysis_findings": "综合评估了各专家的意见、指标证据以及 Trace 调用链数据，可以确认以下最终结论：\n\n### 最终共识\n1. **Redis 根因假设被反驳**:\n   - Redis 的 Trace 调用链延迟虽然显著，但没有强有力的 Metric 数据支持它是根因。\n   - Pod 和节点相关的资源指标（如 `pod_cpu_usage`）变化轻微；无直接异常。\n   - 多个调用链路径的延迟现象暗示系统性的影响，而非 Redis 单点瓶颈。\n\n2. **系统性问题取代单点故障**:\n   - 更多可能的根因集中在系统或服务间的交互依赖问题上，包括：\n   - `cartservice` 与 `checkoutservice` 的上游交互。\n   - 从 `frontend` 到各下游服务的路径是否存在架构问题或瓶颈。\n\n3. **后续行动建议**:\n   - 深度分析 `cartservice` 的上下游交互，确认其服务链中问题节点。\n   - 评估 `frontend` 和 `checkoutservice` 的服务路径效率和瓶颈。\n   - 跨节点网络与基础资源压力的可能性需要关注。\n\n### JSON 输出\n```json\n{\n  \"stance\": \"SUPPORT\",\n  \"detected_trace_keys\": [\n    \"latency_spike\",\n    \"cartservice->redis\",\n    \"checkoutservice->cartservice\",\n    \"frontend->checkoutservice\"\n  ],\n  \"hypotheses\": [\n    {\n      \"component\": \"Redis\",\n      \"reason\": \"现有证据不能明确将 Redis 作为根因；系统性问题或上下游服务依赖问题更值得进一步调查。\",\n      \"evidence\": \"Trace 专家检测到的显著延迟没有 Metric 专家数据支持，例如 redis pod 的 CPU 使用率仅变化+16%。\"\n    },\n    {\n      \"component\": \"Systemic Issues or Dependencies\",\n      \"reason\": \"多个调用链路径都出现系统性延迟现象，暗示依赖或架构问题。\",\n      \"evidence\": \"Frontend 和 checkoutservice 的服务路径效率及网络延迟可能存在瓶颈。\"\n    }\n  ],\n  \"next_steps\": [\n    \"探索 cartservice 的上下游依赖问题\",\n    \"进一步分析 frontend 和 checkoutservice 的服务路径效率\",\n    \"检查跨节点网络基础设施的相关性能指标\"\n  ]\n}\n```", "metric_analysis_findings": "### Final Analysis and Conclusion\n\nAfter synthesizing the comprehensive dataset and expert findings, I concur with the consensus that Redis cannot be conclusively identified as the root cause of the fault. The evidence points more favorably toward systemic issues or upstream/downstream dependencies.\n\n---\n\n### JSON Output for Validation Phase\n```json\n{\n  \"stance\": \"SUPPORT\",\n  \"detected_metric_keys\": [\"pod_cpu_usage\", \"rrt_max\", \"node_memory_usage_rate\"],\n  \"hypotheses\": [\n    {\n      \"component\": \"Systemic dependency or upstream/downstream impact\",\n      \"reason\": \"The trace latency spikes observed between cartservice and Redis are not aligned with Redis pod metrics (e.g., pod_cpu_usage +16%) or the hosting node aiops-k8s-08 showing resource exhaustion.\",\n      \"evidence\": \"Trace analysis highlights distributed latencies affecting multiple calling chains (e.g., frontend and checkoutservice), and widespread node anomalies (e.g., aiops-k8s-04 and aiops-k8s-06 memory contention).\"\n    }\n  ]\n}\n```"}
2026-01-04 10:44:30,041 - RootCauseAnalysis - INFO - [Tool Call] report_agent
2026-01-04 10:44:30,041 - RootCauseAnalysis - INFO -     Args: {'request': 'ad030412-354'}...
2026-01-04 10:44:30,041 - RootCauseAnalysis - INFO - ============================================================
2026-01-04 10:44:30,041 - RootCauseAnalysis - INFO - REPORT ANALYSIS - Starting
2026-01-04 10:44:32,665 - RootCauseAnalysis - INFO - REPORT ANALYSIS COMPLETED - Saved results in report_analysis_output.json
2026-01-04 10:44:32,665 - RootCauseAnalysis - INFO - [Tool Resp] report_agent
2026-01-04 10:44:32,665 - RootCauseAnalysis - INFO -     Result: {'uuid': 'ad030412-354', 'component': 'cartservice', 'reason': 'latency_spike in cartservice->redis trace with no matching Redis metrics', 'reasoning_trace': [{'step': 1, 'action': 'LoadMetrics(Redis)', 'observation': 'pod_cpu_usage increased by 16%, no root cause indication.'}, {'step': 2, 'action': 'LogSearch(Redis)', 'observation': 'No Redis-specific error logs found'}, {'step': 3, 'action': 'TraceAnalysis(ad030412-354)', 'observation': 'Systemic delays in cartservice->redis interactions obse...
2026-01-04 10:44:32,665 - RootCauseAnalysis - INFO - [State Update] {"hypotheses_summary": "Systemic issues or upstream/downstream dependencies are more likely than Redis to be the root cause.", "log_analysis_findings": "```json\n{\n  \"stance\": \"SUPPORT\",\n  \"detected_log_keys\": [],\n  \"hypotheses\": [\n    {\n      \"component\": \"Systemic/Upstream-Downstream Dependencies\",\n      \"reason\": \"Trace data reveals latency spikes in cartservice -> Redis interactions but lacks metric evidence implicating Redis. Broader systemic impacts point to upstream/downstream or systemic infrastructure issues.\",\n      \"evidence\": \"No Redis-specific resource spikes detected (e.g., only +16% pod_cpu_usage), and no error logs observed. Other service latencies observed across the stack.\"\n    }\n  ]\n}\n```", "metric_analysis_findings": "### Final Analysis and Conclusion\n\nAfter synthesizing the comprehensive dataset and expert findings, I concur with the consensus that Redis cannot be conclusively identified as the root cause of the fault. The evidence points more favorably toward systemic issues or upstream/downstream dependencies.\n\n---\n\n### JSON Output for Validation Phase\n```json\n{\n  \"stance\": \"SUPPORT\",\n  \"detected_metric_keys\": [\"pod_cpu_usage\", \"rrt_max\", \"node_memory_usage_rate\"],\n  \"hypotheses\": [\n    {\n      \"component\": \"Systemic dependency or upstream/downstream impact\",\n      \"reason\": \"The trace latency spikes observed between cartservice and Redis are not aligned with Redis pod metrics (e.g., pod_cpu_usage +16%) or the hosting node aiops-k8s-08 showing resource exhaustion.\",\n      \"evidence\": \"Trace analysis highlights distributed latencies affecting multiple calling chains (e.g., frontend and checkoutservice), and widespread node anomalies (e.g., aiops-k8s-04 and aiops-k8s-06 memory contention).\"\n    }\n  ]\n}\n```", "trace_analysis_findings": "综合评估了各专家的意见、指标证据以及 Trace 调用链数据，可以确认以下最终结论：\n\n### 最终共识\n1. **Redis 根因假设被反驳**:\n   - Redis 的 Trace 调用链延迟虽然显著，但没有强有力的 Metric 数据支持它是根因。\n   - Pod 和节点相关的资源指标（如 `pod_cpu_usage`）变化轻微；无直接异常。\n   - 多个调用链路径的延迟现象暗示系统性的影响，而非 Redis 单点瓶颈。\n\n2. **系统性问题取代单点故障**:\n   - 更多可能的根因集中在系统或服务间的交互依赖问题上，包括：\n   - `cartservice` 与 `checkoutservice` 的上游交互。\n   - 从 `frontend` 到各下游服务的路径是否存在架构问题或瓶颈。\n\n3. **后续行动建议**:\n   - 深度分析 `cartservice` 的上下游交互，确认其服务链中问题节点。\n   - 评估 `frontend` 和 `checkoutservice` 的服务路径效率和瓶颈。\n   - 跨节点网络与基础资源压力的可能性需要关注。\n\n### JSON 输出\n```json\n{\n  \"stance\": \"SUPPORT\",\n  \"detected_trace_keys\": [\n    \"latency_spike\",\n    \"cartservice->redis\",\n    \"checkoutservice->cartservice\",\n    \"frontend->checkoutservice\"\n  ],\n  \"hypotheses\": [\n    {\n      \"component\": \"Redis\",\n      \"reason\": \"现有证据不能明确将 Redis 作为根因；系统性问题或上下游服务依赖问题更值得进一步调查。\",\n      \"evidence\": \"Trace 专家检测到的显著延迟没有 Metric 专家数据支持，例如 redis pod 的 CPU 使用率仅变化+16%。\"\n    },\n    {\n      \"component\": \"Systemic Issues or Dependencies\",\n      \"reason\": \"多个调用链路径都出现系统性延迟现象，暗示依赖或架构问题。\",\n      \"evidence\": \"Frontend 和 checkoutservice 的服务路径效率及网络延迟可能存在瓶颈。\"\n    }\n  ],\n  \"next_steps\": [\n    \"探索 cartservice 的上下游依赖问题\",\n    \"进一步分析 frontend 和 checkoutservice 的服务路径效率\",\n    \"检查跨节点网络基础设施的相关性能指标\"\n  ]\n}\n```", "report_analysis_findings": {"uuid": "ad030412-354", "component": "cartservice", "reason": "latency_spike in cartservice->redis trace with no matching Redis metrics", "reasoning_trace": [{"step": 1, "action": "LoadMetrics(Redis)", "observation": "pod_cpu_usage increased by 16%, no root cause indication."}, {"step": 2, "action": "LogSearch(Redis)", "observation": "No Redis-specific error logs found"}, {"step": 3, "action": "TraceAnalysis(ad030412-354)", "observation": "Systemic delays in cartservice->redis interactions observed."}]}, "report_analysis_completed": true}
2026-01-04 10:44:36,358 - RootCauseAnalysis - INFO - ORCHESTRATOR AGENT - Execution Completed
2026-01-04 10:44:36,358 - RootCauseAnalysis - INFO - [Final State Summary]
2026-01-04 10:44:36,358 - RootCauseAnalysis - INFO -    - current_hypothesis: Systemic issues or upstream/downstream dependencies are more likely than Redis to be the root cause.
2026-01-04 10:44:36,358 - RootCauseAnalysis - INFO -    - consensus_decision: AGREED
2026-01-04 10:44:36,358 - RootCauseAnalysis - INFO -    - consensus_iteration: 5
2026-01-04 10:44:36,358 - RootCauseAnalysis - INFO - === END SESSION ===
