2026-01-04 11:41:55,428 - RootCauseAnalysis - INFO - === START SESSION: d8a41a9d-264 (Run #3) ===
2026-01-04 11:41:55,428 - RootCauseAnalysis - INFO - [Processing] d8a41a9d-264 (Run #3) | Log: logs/d8a41a9d-264/run3_20260104_114155.log
2026-01-04 11:41:55,428 - RootCauseAnalysis - INFO - ============================================================
2026-01-04 11:41:55,428 - RootCauseAnalysis - INFO - ORCHESTRATOR AGENT - Initializing
2026-01-04 11:41:55,428 - RootCauseAnalysis - INFO - ============================================================
2026-01-04 11:41:55,428 - RootCauseAnalysis - INFO - [State Update] {"query_parsed_completed": false, "raw_metric_result": "（等待写入...）", "metric_data_collected": false, "raw_log_result": "（等待写入...）", "log_data_collected": false, "raw_trace_result": "（等待写入...）", "trace_data_collected": false, "current_iteration": 0, "current_hypothesis": "（等待写入...）", "log_analysis_findings": "（等待数据收集...）", "metric_analysis_findings": "（等待数据收集...）", "trace_analysis_findings": "（等待数据收集...）"}
2026-01-04 11:41:57,239 - RootCauseAnalysis - INFO - [Tool Call] parse_user_input
2026-01-04 11:41:57,239 - RootCauseAnalysis - INFO -     Args: {'input_json': '{"Anomaly Description": "Determine the root cause of the system fault during 2025-06-13T12:11:14Z to 2025-06-13T12:24:14Z.", "uuid": "d8a41a9d-264"}'}...
2026-01-04 11:41:57,240 - RootCauseAnalysis - INFO - [Tool Resp] parse_user_input
2026-01-04 11:41:57,240 - RootCauseAnalysis - INFO -     Result: {'uuid': 'd8a41a9d-264', 'user_query': 'Determine the root cause of the system fault during 2025-06-13T12:11:14Z to 2025-06-13T12:24:14Z.'}
2026-01-04 11:41:57,240 - RootCauseAnalysis - INFO - [State Update] {"query_parsed_completed": true}
2026-01-04 11:41:58,853 - RootCauseAnalysis - INFO - [Tool Call] data_collection_agent
2026-01-04 11:41:58,853 - RootCauseAnalysis - INFO -     Args: {'request': '{"uuid": "d8a41a9d-264", "user_query": "Determine the root cause of the system fault during 2025-06-13T12:11:14Z to 2025-06-13T12:24:14Z."}'}...
2026-01-04 11:41:58,853 - RootCauseAnalysis - INFO - ============================================================
2026-01-04 11:41:58,853 - RootCauseAnalysis - INFO - METRIC ANALYSIS - Starting
2026-01-04 11:41:58,853 - RootCauseAnalysis - INFO - ============================================================
2026-01-04 11:41:58,853 - RootCauseAnalysis - INFO - METRIC AGENT - Initial Scanning
2026-01-04 11:41:58,853 - RootCauseAnalysis - INFO - ============================================================
2026-01-04 11:41:58,853 - RootCauseAnalysis - INFO - LOG ANALYSIS - Starting
2026-01-04 11:41:58,853 - RootCauseAnalysis - INFO - ============================================================
2026-01-04 11:41:58,853 - RootCauseAnalysis - INFO - LOG AGENT - Initial Scanning
2026-01-04 11:41:58,853 - RootCauseAnalysis - INFO - ============================================================
2026-01-04 11:41:58,853 - RootCauseAnalysis - INFO - TRACE ANALYSIS - Starting
2026-01-04 11:41:58,853 - RootCauseAnalysis - INFO - ============================================================
2026-01-04 11:41:58,853 - RootCauseAnalysis - INFO - TRACE AGENT - Initial Scanning
2026-01-04 11:42:09,535 - RootCauseAnalysis - WARNING - LOG AGENT - Log data not collected.
2026-01-04 11:42:10,137 - RootCauseAnalysis - WARNING - TRACE AGENT - Trace data not collected.
2026-01-04 11:42:11,154 - RootCauseAnalysis - INFO - METRIC AGENT - Analysis Completed
2026-01-04 11:42:11,154 - RootCauseAnalysis - INFO - [Tool Resp] data_collection_agent
2026-01-04 11:42:11,155 - RootCauseAnalysis - INFO -     Result: {'result': '```json\n{\n  "stance": "NEUTRAL",\n  "detected_metric_keys": [\n    "io_util",\n    "node_cpu_usage_rate",\n    "pod_cpu_usage"\n  ],\n  "hypotheses": [\n    {\n      "component": "aiops-k8s-01",\n      "reason": "node_cpu_usage_rate increased affecting services and pods",\n      "evidence": "node_cpu_usage_rate median change from 31.82 to 31.59, P99 from 66.18 to 32.77, change ratio 0.6754"\n    },\n    {\n      "component": "tidb-tikv",\n      "reason": "io_util increased causing ...
2026-01-04 11:42:11,155 - RootCauseAnalysis - INFO - [State Update] {"current_task_instruction": "当前处于【初始扫描阶段】。\n请对 Trace 数据进行全面扫描，找出所有显著的异常调用链。\n重点：请在返回 JSON 的 'stance' 字段中标记 'NEUTRAL'，并在 'hypotheses' 中列出你的发现。", "raw_metric_result": {"status": "success", "message": "成功加载metric数据。UUID: d8a41a9d-264", "anomaly_metrics": "metric_type,service_name,pod_name,node_name,metric_name,normal_median,fault_median,normal_p99,fault_p99,median_change_ratio,p99_change_ratio\nservice,adservice,adservice-1,N/A,error_ratio,0.0,0.0,2.98,0.0,0.0,2.0\nservice,adservice,adservice-1,N/A,client_error_ratio,0.0,0.0,2.98,0.0,0.0,2.0\npod,N/A,adservice-1,N/A,pod_cpu_usage,0.01,0.0,0.28,0.0,2.0,2.0\npod,N/A,adservice-2,N/A,pod_cpu_usage,0.0,0.0,0.6,0.0,0.0,2.0\npod,N/A,redis-cart-0,N/A,pod_cpu_usage,0.0,0.0,0.05,0.0,0.0,2.0\nservice,shippingservice,shippingservice-1,N/A,rrt_max,4237.0,5010.0,9212.0,40858.44,0.1672,1.2641\nservice,currencyservice,currencyservice-0,N/A,rrt_max,4435.0,4171.0,20764.4,64892.24,0.0614,1.0303\nservice,shippingservice,shippingservice-0,N/A,rrt_max,3663.0,4061.0,7939.2,18463.0,0.1031,0.7972\nservice,adservice,adservice-1,N/A,rrt,2793.69,2617.35,5519.24,2617.35,0.0652,0.7133\nnode,N/A,N/A,aiops-k8s-01,node_cpu_usage_rate,31.82,31.59,66.18,32.77,0.0073,0.6754\npod,N/A,adservice-1,N/A,pod_processes,1.0,1.0,2.0,1.0,0.0,0.6667\npod,N/A,adservice-2,N/A,pod_processes,1.0,1.0,2.0,1.0,0.0,0.6667\nservice,adservice,adservice-1,N/A,rrt_max,39288.0,38207.0,75633.0,38207.0,0.0279,0.6575\nservice,shippingservice,shippingservice-2,N/A,rrt_max,2458.0,2552.0,7634.8,3883.12,0.0375,0.6515\nservice,emailservice,emailservice-1,N/A,rrt_max,4179.0,3720.0,8165.74,4474.4,0.1162,0.5841\nservice,currencyservice,currencyservice-2,N/A,rrt_max,2687.0,2231.0,9064.8,5165.44,0.1854,0.548\nservice,frontend,frontend-0,N/A,rrt_max,199407.0,166307.0,403118.6,234659.0,0.181,0.5283\nservice,cartservice,cartservice-0,N/A,rrt_max,5741.0,6052.0,20076.8,12150.88,0.0527,0.4919\nservice,redis,redis-cart-0,N/A,rrt_max,6148.0,3847.0,76405.24,81246.38,0.4604,0.0614\nservice,frontend,frontend-2,N/A,rrt_max,230316.0,222890.0,481375.2,301785.12,0.0328,0.4586\nnode,N/A,N/A,aiops-k8s-03,node_cpu_usage_rate,41.58,42.53,44.04,67.14,0.0226,0.4157\nservice,adservice,adservice-1,N/A,response,952.0,312.0,1210.8,312.0,1.0127,1.1805\nservice,adservice,adservice-1,N/A,request,942.0,313.0,1206.2,313.0,1.0024,1.1759\nservice,frontend,frontend-1,N/A,rrt_max,243279.0,208028.0,436102.2,304928.56,0.1562,0.354\nservice,paymentservice,paymentservice-2,N/A,rrt_max,2501.0,2540.0,10018.2,7145.64,0.0155,0.3347\nservice,paymentservice,paymentservice-1,N/A,rrt_max,2190.0,2213.0,9760.8,13576.88,0.0104,0.327\nservice,adservice,adservice-0,N/A,rrt_max,41069.0,35577.0,49277.2,35577.0,0.1433,0.3229\nservice,shippingservice,shippingservice-2,N/A,rrt,916.25,809.48,1345.18,975.62,0.1237,0.3185\ntidb,tidb-tikv,N/A,N/A,io_util,0.0,0.0,0.25,0.34,0.0,0.3051\nservice,cartservice,cartservice-2,N/A,rrt,1275.58,1319.46,2452.16,3309.94,0.0338,0.2977\n", "unique_entities": {"service_name": ["adservice", "cartservice", "checkoutservice", "currencyservice", "emailservice", "frontend", "paymentservice", "productcatalogservice", "recommendationservice", "redis", "shippingservice", "tidb-pd", "tidb-tidb", "tidb-tikv"], "node_name": ["aiops-k8s-01", "aiops-k8s-02", "aiops-k8s-03", "aiops-k8s-04", "aiops-k8s-05", "aiops-k8s-06", "aiops-k8s-07", "aiops-k8s-08"], "pod_name": ["adservice-0", "adservice-1", "adservice-2", "cartservice-0", "cartservice-1", "cartservice-2", "checkoutservice-0", "checkoutservice-1", "checkoutservice-2", "currencyservice-0", "currencyservice-1", "currencyservice-2", "emailservice-0", "emailservice-1", "emailservice-2", "frontend-0", "frontend-1", "frontend-2", "paymentservice-0", "paymentservice-1", "paymentservice-2", "productcatalogservice-0", "productcatalogservice-1", "productcatalogservice-2", "recommendationservice-0", "recommendationservice-1", "recommendationservice-2", "redis-cart-0", "shippingservice-0", "shippingservice-1", "shippingservice-2"]}, "node_pod_mapping": {"aiops-k8s-01": ["checkoutservice-1", "emailservice-1", "productcatalogservice-1", "recommendationservice-2", "shippingservice-0"], "aiops-k8s-02": [], "aiops-k8s-03": ["recommendationservice-1", "shippingservice-2", "frontend-0", "paymentservice-1", "cartservice-0", "adservice-0"], "aiops-k8s-04": ["frontend-2", "currencyservice-1", "checkoutservice-0", "paymentservice-2"], "aiops-k8s-05": ["paymentservice-2", "currencyservice-0", "cartservice-1", "paymentservice-1"], "aiops-k8s-06": ["productcatalogservice-0", "emailservice-2", "checkoutservice-2"], "aiops-k8s-07": ["currencyservice-2", "adservice-1", "frontend-1", "emailservice-0", "shippingservice-1"], "aiops-k8s-08": ["recommendationservice-0", "paymentservice-0", "productcatalogservice-2", "cartservice-2", "redis-cart-0", "adservice-2"]}, "matched_anomaly": "Determine the root cause of the system fault during 2025-06-13T12:11:14Z to 2025-06-13T12:24:14Z.", "time_range": "2025-06-13 12:11:14+00:00 to 2025-06-13 12:24:14+00:00"}, "metric_data_collected": true, "node_pod_mapping": {"aiops-k8s-01": ["checkoutservice-1", "emailservice-1", "productcatalogservice-1", "recommendationservice-2", "shippingservice-0"], "aiops-k8s-02": [], "aiops-k8s-03": ["recommendationservice-1", "shippingservice-2", "frontend-0", "paymentservice-1", "cartservice-0", "adservice-0"], "aiops-k8s-04": ["frontend-2", "currencyservice-1", "checkoutservice-0", "paymentservice-2"], "aiops-k8s-05": ["paymentservice-2", "currencyservice-0", "cartservice-1", "paymentservice-1"], "aiops-k8s-06": ["productcatalogservice-0", "emailservice-2", "checkoutservice-2"], "aiops-k8s-07": ["currencyservice-2", "adservice-1", "frontend-1", "emailservice-0", "shippingservice-1"], "aiops-k8s-08": ["recommendationservice-0", "paymentservice-0", "productcatalogservice-2", "cartservice-2", "redis-cart-0", "adservice-2"]}, "log_analysis_findings": "```json\n{\n  \"stance\": \"NEUTRAL\",\n  \"detected_log_keys\": [],\n  \"hypotheses\": []\n}\n```", "trace_analysis_findings": "数据加载失败，我未能获取与 UUID \"d8a41a9d-264\" 相关的调用链信息。是否可以重新请求或提供更多上下文信息以帮助分析问题？", "metric_analysis_findings": "```json\n{\n  \"stance\": \"NEUTRAL\",\n  \"detected_metric_keys\": [\n    \"io_util\",\n    \"node_cpu_usage_rate\",\n    \"pod_cpu_usage\"\n  ],\n  \"hypotheses\": [\n    {\n      \"component\": \"aiops-k8s-01\",\n      \"reason\": \"node_cpu_usage_rate increased affecting services and pods\",\n      \"evidence\": \"node_cpu_usage_rate median change from 31.82 to 31.59, P99 from 66.18 to 32.77, change ratio 0.6754\"\n    },\n    {\n      \"component\": \"tidb-tikv\",\n      \"reason\": \"io_util increased causing service delays\",\n      \"evidence\": \"io_util P99 change from 0.25 to 0.34, change ratio 0.3051\"\n    },\n    {\n      \"component\": \"adservice-1\",\n      \"reason\": \"pod_cpu_usage went to zero affecting service performance\",\n      \"evidence\": \"pod_cpu_usage normal P99 0.28 dropped to fault median 0.00, change ratio 2.0\"\n    }\n  ]\n}\n```"}
2026-01-04 11:42:12,277 - RootCauseAnalysis - INFO - [Tool Call] consensus_discussion_agent
2026-01-04 11:42:12,277 - RootCauseAnalysis - INFO -     Args: {'request': '{"uuid": "d8a41a9d-264"}'}...
2026-01-04 11:42:12,277 - RootCauseAnalysis - INFO - ============================================================
2026-01-04 11:42:12,277 - RootCauseAnalysis - INFO - CONSENSUS ANALYSIS - Round 0
2026-01-04 11:42:12,277 - RootCauseAnalysis - INFO - Current Hypothesis: （等待写入...）
2026-01-04 11:42:12,277 - RootCauseAnalysis - INFO - ============================================================
2026-01-04 11:42:14,574 - RootCauseAnalysis - INFO - CONSENSUS AGENT OUTPUT PARSED:
2026-01-04 11:42:14,574 - RootCauseAnalysis - INFO -   - Status: AGREED
2026-01-04 11:42:14,574 - RootCauseAnalysis - INFO -   - New Hypothesis: adservice-1 is the root cause due to pod_cpu_usage dropping to zero, affecting its service performance.
2026-01-04 11:42:14,574 - RootCauseAnalysis - INFO -   - Reasoning: Based on evidence from the Metric expert, 'pod_cpu_usage' for 'adservice-1' dropped to zero, which is a clear indication of a fault at the application layer specific to this pod. This aligns with the detected metric key 'pod_cpu_usage' reporting abnormal behavior explicitly for 'adservice-1'. There is no direct contradictory evidence provided by the Log or Trace experts, and they remain NEUTRAL in their analysis.
2026-01-04 11:42:14,574 - RootCauseAnalysis - INFO - >>> CONSENSUS REACHED! Escalating to finish loop. <<<
2026-01-04 11:42:14,574 - RootCauseAnalysis - INFO - [Tool Resp] consensus_discussion_agent
2026-01-04 11:42:14,574 - RootCauseAnalysis - INFO -     Result: {'result': '```json\n{\n    "status": "AGREED",\n    "hypothesis": "adservice-1 is the root cause due to pod_cpu_usage dropping to zero, affecting its service performance.",\n    "reasoning": "Based on evidence from the Metric expert, \'pod_cpu_usage\' for \'adservice-1\' dropped to zero, which is a clear indication of a fault at the application layer specific to this pod. This aligns with the detected metric key \'pod_cpu_usage\' reporting abnormal behavior explicitly for \'adservice-1\'. There...
2026-01-04 11:42:14,574 - RootCauseAnalysis - INFO - [State Update] {"consensus_iteration": 1, "consensus_decision": "AGREED", "current_hypothesis": "adservice-1 is the root cause due to pod_cpu_usage dropping to zero, affecting its service performance."}
2026-01-04 11:42:16,364 - RootCauseAnalysis - INFO - [Tool Call] report_agent
2026-01-04 11:42:16,364 - RootCauseAnalysis - INFO -     Args: {'request': '{"uuid": "d8a41a9d-264", "conclusion": "adservice-1 is the root cause due to pod_cpu_usage dropping to zero, affecting its service performance.", "reasoning": "Based on evidence from the Metric expert, \'pod_cpu_usage\' for \'adservice-1\' dropped to zero, which is a clear indication of a fault at the application layer specific to this pod. This aligns with the detected metric key \'pod_cpu_usage\' reporting abnormal behavior explicitly for \'adservice-1\'. There is no direct contra...
2026-01-04 11:42:16,365 - RootCauseAnalysis - INFO - ============================================================
2026-01-04 11:42:16,365 - RootCauseAnalysis - INFO - REPORT ANALYSIS - Starting
2026-01-04 11:42:18,413 - RootCauseAnalysis - INFO - REPORT ANALYSIS COMPLETED - Saved results in report_analysis_output.json
2026-01-04 11:42:18,413 - RootCauseAnalysis - INFO - [Tool Resp] report_agent
2026-01-04 11:42:18,413 - RootCauseAnalysis - INFO -     Result: {'uuid': 'd8a41a9d-264', 'component': 'adservice-1', 'reason': 'pod_cpu_usage went to zero affecting service performance', 'reasoning_trace': [{'step': 1, 'action': 'LoadMetrics(adservice-1)', 'observation': 'pod_cpu_usage dropped to zero; P99 normal 0.28 to 0.00.'}, {'step': 2, 'action': 'LogSearch(adservice-1)', 'observation': 'No data available'}, {'step': 3, 'action': 'TraceAnalysis(d8a41a9d-264)', 'observation': 'No data available'}]}
2026-01-04 11:42:18,413 - RootCauseAnalysis - INFO - [State Update] {"hypotheses_summary": "adservice-1 is the root cause due to pod_cpu_usage dropping to zero, affecting its service performance.", "log_analysis_findings": "```json\n{\n  \"stance\": \"NEUTRAL\",\n  \"detected_log_keys\": [],\n  \"hypotheses\": []\n}\n```", "metric_analysis_findings": "```json\n{\n  \"stance\": \"NEUTRAL\",\n  \"detected_metric_keys\": [\n    \"io_util\",\n    \"node_cpu_usage_rate\",\n    \"pod_cpu_usage\"\n  ],\n  \"hypotheses\": [\n    {\n      \"component\": \"aiops-k8s-01\",\n      \"reason\": \"node_cpu_usage_rate increased affecting services and pods\",\n      \"evidence\": \"node_cpu_usage_rate median change from 31.82 to 31.59, P99 from 66.18 to 32.77, change ratio 0.6754\"\n    },\n    {\n      \"component\": \"tidb-tikv\",\n      \"reason\": \"io_util increased causing service delays\",\n      \"evidence\": \"io_util P99 change from 0.25 to 0.34, change ratio 0.3051\"\n    },\n    {\n      \"component\": \"adservice-1\",\n      \"reason\": \"pod_cpu_usage went to zero affecting service performance\",\n      \"evidence\": \"pod_cpu_usage normal P99 0.28 dropped to fault median 0.00, change ratio 2.0\"\n    }\n  ]\n}\n```", "trace_analysis_findings": "数据加载失败，我未能获取与 UUID \"d8a41a9d-264\" 相关的调用链信息。是否可以重新请求或提供更多上下文信息以帮助分析问题？", "report_analysis_findings": {"uuid": "d8a41a9d-264", "component": "adservice-1", "reason": "pod_cpu_usage went to zero affecting service performance", "reasoning_trace": [{"step": 1, "action": "LoadMetrics(adservice-1)", "observation": "pod_cpu_usage dropped to zero; P99 normal 0.28 to 0.00."}, {"step": 2, "action": "LogSearch(adservice-1)", "observation": "No data available"}, {"step": 3, "action": "TraceAnalysis(d8a41a9d-264)", "observation": "No data available"}]}, "report_analysis_completed": true}
2026-01-04 11:42:20,819 - RootCauseAnalysis - INFO - ORCHESTRATOR AGENT - Execution Completed
2026-01-04 11:42:20,819 - RootCauseAnalysis - INFO - [Final State Summary]
2026-01-04 11:42:20,819 - RootCauseAnalysis - INFO -    - current_hypothesis: adservice-1 is the root cause due to pod_cpu_usage dropping to zero, affecting its service performance.
2026-01-04 11:42:20,819 - RootCauseAnalysis - INFO -    - consensus_decision: AGREED
2026-01-04 11:42:20,819 - RootCauseAnalysis - INFO -    - consensus_iteration: 1
2026-01-04 11:42:20,819 - RootCauseAnalysis - INFO - === END SESSION ===
