2026-01-04 11:18:32,388 - RootCauseAnalysis - INFO - === START SESSION: 5c4502b0-551 (Run #3) ===
2026-01-04 11:18:32,388 - RootCauseAnalysis - INFO - [Processing] 5c4502b0-551 (Run #3) | Log: logs/5c4502b0-551/run3_20260104_111832.log
2026-01-04 11:18:32,389 - RootCauseAnalysis - INFO - ============================================================
2026-01-04 11:18:32,389 - RootCauseAnalysis - INFO - ORCHESTRATOR AGENT - Initializing
2026-01-04 11:18:32,389 - RootCauseAnalysis - INFO - ============================================================
2026-01-04 11:18:32,389 - RootCauseAnalysis - INFO - [State Update] {"query_parsed_completed": false, "raw_metric_result": "（等待写入...）", "metric_data_collected": false, "raw_log_result": "（等待写入...）", "log_data_collected": false, "raw_trace_result": "（等待写入...）", "trace_data_collected": false, "current_iteration": 0, "current_hypothesis": "（等待写入...）", "log_analysis_findings": "（等待数据收集...）", "metric_analysis_findings": "（等待数据收集...）", "trace_analysis_findings": "（等待数据收集...）"}
2026-01-04 11:18:34,025 - RootCauseAnalysis - INFO - [Tool Call] parse_user_input
2026-01-04 11:18:34,025 - RootCauseAnalysis - INFO -     Args: {'input_json': '{"Anomaly Description": "A fault was detected from 2025-06-26T16:10:02Z to 2025-06-26T16:15:02Z. Please analyze its root cause.", "uuid": "5c4502b0-551"}'}...
2026-01-04 11:18:34,025 - RootCauseAnalysis - INFO - [Tool Resp] parse_user_input
2026-01-04 11:18:34,026 - RootCauseAnalysis - INFO -     Result: {'uuid': '5c4502b0-551', 'user_query': 'A fault was detected from 2025-06-26T16:10:02Z to 2025-06-26T16:15:02Z. Please analyze its root cause.'}
2026-01-04 11:18:34,026 - RootCauseAnalysis - INFO - [State Update] {"query_parsed_completed": true}
2026-01-04 11:18:34,946 - RootCauseAnalysis - INFO - [Tool Call] data_collection_agent
2026-01-04 11:18:34,946 - RootCauseAnalysis - INFO -     Args: {'request': '5c4502b0-551'}...
2026-01-04 11:18:34,947 - RootCauseAnalysis - INFO - ============================================================
2026-01-04 11:18:34,947 - RootCauseAnalysis - INFO - METRIC ANALYSIS - Starting
2026-01-04 11:18:34,947 - RootCauseAnalysis - INFO - ============================================================
2026-01-04 11:18:34,947 - RootCauseAnalysis - INFO - METRIC AGENT - Initial Scanning
2026-01-04 11:18:34,947 - RootCauseAnalysis - INFO - ============================================================
2026-01-04 11:18:34,947 - RootCauseAnalysis - INFO - LOG ANALYSIS - Starting
2026-01-04 11:18:34,947 - RootCauseAnalysis - INFO - ============================================================
2026-01-04 11:18:34,947 - RootCauseAnalysis - INFO - LOG AGENT - Initial Scanning
2026-01-04 11:18:34,947 - RootCauseAnalysis - INFO - ============================================================
2026-01-04 11:18:34,947 - RootCauseAnalysis - INFO - TRACE ANALYSIS - Starting
2026-01-04 11:18:34,947 - RootCauseAnalysis - INFO - ============================================================
2026-01-04 11:18:34,947 - RootCauseAnalysis - INFO - TRACE AGENT - Initial Scanning
2026-01-04 11:18:42,715 - RootCauseAnalysis - WARNING - LOG AGENT - Log data not collected.
2026-01-04 11:18:48,360 - RootCauseAnalysis - INFO - METRIC AGENT - Analysis Completed
2026-01-04 11:18:48,970 - RootCauseAnalysis - INFO - TRACE AGENT - Analysis Completed
2026-01-04 11:18:48,971 - RootCauseAnalysis - INFO - [Tool Resp] data_collection_agent
2026-01-04 11:18:48,971 - RootCauseAnalysis - INFO -     Result: {'result': '```json\n{\n  "stance": "NEUTRAL",\n  "detected_trace_keys": [\n    "latency_spike",\n    "frontend->productcatalogservice",\n    "checkoutservice->emailservice",\n    "checkoutservice->cartservice",\n    "cartservice->redis"\n  ],\n  "hypotheses": [\n    {\n      "component": "ProductCatalogService",\n      "reason": "latency_spike",\n      "evidence": "ProductCatalogService/GetProduct has anomaly_avg_duration significantly higher than normal_avg_duration (38428.59 vs 10037.80)"\n  ...
2026-01-04 11:18:48,971 - RootCauseAnalysis - INFO - [State Update] {"current_task_instruction": "当前处于【初始扫描阶段】。\n请对 Trace 数据进行全面扫描，找出所有显著的异常调用链。\n重点：请在返回 JSON 的 'stance' 字段中标记 'NEUTRAL'，并在 'hypotheses' 中列出你的发现。", "raw_metric_result": {"status": "success", "message": "成功加载metric数据。UUID: 5c4502b0-551", "anomaly_metrics": "metric_type,service_name,pod_name,node_name,metric_name,normal_median,fault_median,normal_p99,fault_p99,median_change_ratio,p99_change_ratio\nservice,cartservice,cartservice-1,N/A,client_error_ratio,0.0,0.0,11.31,0.0,0.0,2.0\nservice,cartservice,cartservice-1,N/A,error_ratio,0.0,0.0,11.31,0.0,0.0,2.0\npod,N/A,redis-cart-0,N/A,pod_cpu_usage,0.0,0.0,0.06,0.0,0.0,2.0\ntidb,tidb-tikv,N/A,N/A,region_pending,8977.5,1666.0,11819.25,1936.56,1.3739,1.4369\nservice,cartservice,cartservice-1,N/A,rrt_max,3723.0,3722.0,22814.28,4702.64,0.0003,1.3164\nservice,currencyservice,currencyservice-2,N/A,rrt_max,5864.5,6032.0,29942.61,7304.8,0.0282,1.2155\ntidb,tidb-tikv,N/A,N/A,cpu_usage,0.08,0.07,0.1,0.32,0.1333,1.0518\nservice,emailservice,emailservice-0,N/A,rrt_max,2872.5,2406.0,6644.57,2540.2,0.1768,0.8937\ntidb,tidb-tikv,N/A,N/A,io_util,0.0,0.0,0.09,0.22,0.0,0.8243\nservice,paymentservice,paymentservice-0,N/A,rrt_max,1818.5,1592.0,4410.04,1897.4,0.1328,0.7967\nservice,paymentservice,paymentservice-2,N/A,rrt_max,1696.0,1925.0,4110.1,2035.0,0.1265,0.6754\nservice,cartservice,cartservice-1,N/A,rrt,1603.7,1630.09,3427.54,1749.81,0.0163,0.6481\nservice,adservice,adservice-2,N/A,client_error_ratio,0.0,0.0,1.63,3.13,0.0,0.6292\nservice,adservice,adservice-2,N/A,error_ratio,0.0,0.0,1.63,3.13,0.0,0.6292\nservice,currencyservice,currencyservice-0,N/A,rrt,2020.38,1960.28,2912.54,5338.27,0.0302,0.588\nservice,currencyservice,currencyservice-1,N/A,rrt,2022.74,2171.0,4572.49,2556.45,0.0707,0.5656\nservice,emailservice,emailservice-0,N/A,rrt,1258.42,1182.28,2346.56,1326.01,0.0624,0.5558\nservice,shippingservice,shippingservice-1,N/A,rrt_max,1732.5,1452.0,4960.89,8467.72,0.1762,0.5223\nservice,shippingservice,shippingservice-2,N/A,rrt_max,1774.0,1721.0,4719.66,7843.88,0.0303,0.4973\nservice,currencyservice,currencyservice-1,N/A,rrt_max,3134.0,2533.0,9668.93,5834.68,0.2121,0.4946\nservice,cartservice,cartservice-0,N/A,error_ratio,0.0,0.0,10.69,17.45,0.0,0.4804\nservice,cartservice,cartservice-0,N/A,client_error_ratio,0.0,0.0,10.69,17.45,0.0,0.4804\nservice,emailservice,emailservice-2,N/A,rrt_max,3471.5,4735.0,11992.68,7731.24,0.3079,0.4321\nservice,productcatalogservice,productcatalogservice-1,N/A,rrt_max,22370.0,19732.0,32740.48,21732.88,0.1253,0.4041\nservice,shippingservice,shippingservice-0,N/A,rrt_max,4081.5,2817.0,9959.15,11902.16,0.3666,0.1778\nservice,paymentservice,paymentservice-0,N/A,rrt,1430.88,1092.33,2622.52,1818.07,0.2683,0.3623\nservice,paymentservice,paymentservice-1,N/A,rrt_max,1868.5,1914.0,2781.03,3894.04,0.0241,0.3335\nservice,emailservice,emailservice-2,N/A,rrt,1724.71,2243.78,3531.2,4912.79,0.2616,0.3272\nservice,cartservice,cartservice-2,N/A,rrt_max,9296.0,12593.0,84733.19,64115.64,0.3012,0.277\nservice,redis,redis-cart-0,N/A,rrt_max,3198.5,3148.0,81085.16,59968.56,0.0159,0.2994\n", "unique_entities": {"service_name": ["adservice", "cartservice", "checkoutservice", "currencyservice", "emailservice", "frontend", "paymentservice", "productcatalogservice", "recommendationservice", "redis", "shippingservice", "tidb-pd", "tidb-tidb", "tidb-tikv"], "node_name": ["aiops-k8s-01", "aiops-k8s-02", "aiops-k8s-03", "aiops-k8s-04", "aiops-k8s-05", "aiops-k8s-06", "aiops-k8s-07", "aiops-k8s-08"], "pod_name": ["adservice-0", "adservice-1", "adservice-2", "cartservice-0", "cartservice-1", "cartservice-2", "checkoutservice-0", "checkoutservice-1", "checkoutservice-2", "currencyservice-0", "currencyservice-1", "currencyservice-2", "emailservice-0", "emailservice-1", "emailservice-2", "frontend-0", "frontend-1", "frontend-2", "paymentservice-0", "paymentservice-1", "paymentservice-2", "productcatalogservice-0", "productcatalogservice-1", "productcatalogservice-2", "recommendationservice-0", "recommendationservice-1", "recommendationservice-2", "redis-cart-0", "shippingservice-0", "shippingservice-1", "shippingservice-2"]}, "node_pod_mapping": {"aiops-k8s-01": ["productcatalogservice-2", "currencyservice-1", "emailservice-1", "shippingservice-0", "recommendationservice-2"], "aiops-k8s-02": [], "aiops-k8s-03": ["recommendationservice-1", "shippingservice-2", "checkoutservice-2", "cartservice-1", "adservice-0", "currencyservice-2"], "aiops-k8s-04": ["frontend-0", "paymentservice-2", "checkoutservice-1", "currencyservice-0", "cartservice-0"], "aiops-k8s-05": ["cartservice-2", "paymentservice-1", "productcatalogservice-1"], "aiops-k8s-06": ["emailservice-2", "frontend-1", "currencyservice-1"], "aiops-k8s-07": ["shippingservice-1", "emailservice-0", "adservice-1"], "aiops-k8s-08": ["redis-cart-0", "recommendationservice-0", "productcatalogservice-0", "paymentservice-0", "frontend-2", "currencyservice-2", "checkoutservice-0", "adservice-2"]}, "matched_anomaly": "A fault was detected from 2025-06-26T16:10:02Z to 2025-06-26T16:15:02Z. Please analyze its root cause.", "time_range": "2025-06-26 16:10:02+00:00 to 2025-06-26 16:15:02+00:00"}, "metric_data_collected": true, "node_pod_mapping": {"aiops-k8s-01": ["productcatalogservice-2", "currencyservice-1", "emailservice-1", "shippingservice-0", "recommendationservice-2"], "aiops-k8s-02": [], "aiops-k8s-03": ["recommendationservice-1", "shippingservice-2", "checkoutservice-2", "cartservice-1", "adservice-0", "currencyservice-2"], "aiops-k8s-04": ["frontend-0", "paymentservice-2", "checkoutservice-1", "currencyservice-0", "cartservice-0"], "aiops-k8s-05": ["cartservice-2", "paymentservice-1", "productcatalogservice-1"], "aiops-k8s-06": ["emailservice-2", "frontend-1", "currencyservice-1"], "aiops-k8s-07": ["shippingservice-1", "emailservice-0", "adservice-1"], "aiops-k8s-08": ["redis-cart-0", "recommendationservice-0", "productcatalogservice-0", "paymentservice-0", "frontend-2", "currencyservice-2", "checkoutservice-0", "adservice-2"]}, "log_analysis_findings": "```json\n{\n  \"stance\": \"NEUTRAL\",\n  \"detected_log_keys\": [],\n  \"hypotheses\": []\n}\n```", "raw_trace_result": {"status": "success", "message": "成功加载trace数据。UUID: 5c4502b0-551，共 11 个异常组合，0 个状态组合", "filtered_traces": "node_name,service_name,parent_pod,child_pod,operation_name,normal_avg_duration,anomaly_avg_duration,anomaly_count\naiops-k8s-01,productcatalogservice,frontend-1,productcatalogservice-2,hipstershop.ProductCatalogService/GetProduct,10037.802504364336,38428.58519472382,出现次数:4\naiops-k8s-01,productcatalogservice,frontend-0,productcatalogservice-2,hipstershop.ProductCatalogService/GetProduct,10040.36980941472,50436.64465195247,出现次数:3\naiops-k8s-01,shippingservice,frontend-1,shippingservice-0,hipstershop.ShippingService/GetQuote,201.39352136459794,92.0,出现次数:2\naiops-k8s-01,emailservice,checkoutservice-2,emailservice-1,/hipstershop.EmailService/SendOrderConfirmation,699.5782184205979,4068.0,出现次数:1\naiops-k8s-05,cartservice,checkoutservice-2,cartservice-2,POST /hipstershop.CartService/EmptyCart,2258.7857613596943,27351.0,出现次数:1\naiops-k8s-05,redis,cartservice-2,cartservice-2,HMSET,1361.2533037296344,9613.5,出现次数:1\naiops-k8s-04,frontend,frontend-0,frontend-0,hipstershop.ProductCatalogService/GetProduct,11371.846083869175,134673.775,出现次数:1\naiops-k8s-06,frontend,frontend-1,frontend-1,hipstershop.ProductCatalogService/GetProduct,11203.635050935625,127689.02380952382,出现次数:1\naiops-k8s-04,frontend,frontend-0,frontend-0,hipstershop.ProductCatalogService/ListProducts,1956.3957241198789,4224.0,出现次数:1\naiops-k8s-08,frontend,frontend-2,frontend-2,hipstershop.ProductCatalogService/GetProduct,11480.30423854856,119729.12621359223,出现次数:1\naiops-k8s-05,productcatalogservice,frontend-2,productcatalogservice-1,hipstershop.ProductCatalogService/GetProduct,9681.241507356728,118093.16504854368,出现次数:1\n", "unique_entities": {"pod_name": ["cartservice-2", "checkoutservice-2", "emailservice-1", "frontend-0", "frontend-1", "frontend-2", "productcatalogservice-1", "productcatalogservice-2", "shippingservice-0"], "service_name": ["cartservice", "emailservice", "frontend", "productcatalogservice", "redis", "shippingservice"], "node_name": ["aiops-k8s-01", "aiops-k8s-04", "aiops-k8s-05", "aiops-k8s-06", "aiops-k8s-08"]}, "status_combinations": "", "matched_anomaly": "A fault was detected from 2025-06-26T16:10:02Z to 2025-06-26T16:15:02Z. Please analyze its root cause.", "time_range": "2025-06-26 16:10:02+00:00 to 2025-06-26 16:15:02+00:00"}, "trace_data_collected": true, "metric_analysis_findings": "```json\n{\n  \"stance\": \"NEUTRAL\",\n  \"detected_metric_keys\": [\n    \"client_error_ratio\",\n    \"error_ratio\",\n    \"pod_cpu_usage\"\n  ],\n  \"hypotheses\": [\n    {\n      \"component\": \"cartservice-1\",\n      \"reason\": \"client_error_ratio and error_ratio both showed a significant p99 change ratio of 2.0 during the fault period, indicating service-level issues.\",\n      \"evidence\": \"During the fault period from 16:10:02 to 16:15:02, the client_error_ratio and error_ratio for 'cartservice-1' both increased dramatically compared to normal operation.\"\n    },\n    {\n      \"component\": \"redis-cart-0\",\n      \"reason\": \"pod_cpu_usage showed a p99 change ratio of 2.0, suggesting resource usage spikes.\",\n      \"evidence\": \"The pod 'redis-cart-0' experienced an abnormal increase in CPU usage, as indicated by a significant p99 change ratio of 2.0, potentially impacting the application's performance.\"\n    }\n  ]\n}\n```", "trace_analysis_findings": "```json\n{\n  \"stance\": \"NEUTRAL\",\n  \"detected_trace_keys\": [\n    \"latency_spike\",\n    \"frontend->productcatalogservice\",\n    \"checkoutservice->emailservice\",\n    \"checkoutservice->cartservice\",\n    \"cartservice->redis\"\n  ],\n  \"hypotheses\": [\n    {\n      \"component\": \"ProductCatalogService\",\n      \"reason\": \"latency_spike\",\n      \"evidence\": \"ProductCatalogService/GetProduct has anomaly_avg_duration significantly higher than normal_avg_duration (38428.59 vs 10037.80)\"\n    },\n    {\n      \"component\": \"EmailService\",\n      \"reason\": \"latency_spike\",\n      \"evidence\": \"EmailService/SendOrderConfirmation has anomaly_avg_duration significantly higher than normal_avg_duration (4068 vs 699.57)\"\n    },\n    {\n      \"component\": \"CartService\",\n      \"reason\": \"latency_spike\",\n      \"evidence\": \"CartService/EmptyCart increased from 2258.79 to 27351 in anomaly_avg_duration\"\n    },\n    {\n      \"component\": \"Redis\",\n      \"reason\": \"latency_spike\",\n      \"evidence\": \"Redis HMSET increased from 1361.25 to 9613.5 in anomaly_avg_duration\"\n    }\n  ]\n}\n```\n\n### Analysis Summary:\n1. **ProductCatalogService**: Notable latency spike detected in the `GetProduct` function. It suggests a performance hiccup as the duration increased significantly, indicating a possible inefficiency or overload during the anomaly period.\n   \n2. **EmailService**: Increased latency in sending order confirmations, which indicates potential slowdowns either in processing the request or in networking.\n\n3. **CartService**: Latency spikes detected in the `EmptyCart` operation. This could result from resource constraints or increased traffic affecting response time.\n\n4. **Redis**: Noticeable delay increase in performing HMSET operations, likely affecting the CartService which relies on Redis for its operations. This could point to database performance issues or network delays."}
2026-01-04 11:18:50,506 - RootCauseAnalysis - INFO - [Tool Call] consensus_discussion_agent
2026-01-04 11:18:50,506 - RootCauseAnalysis - INFO -     Args: {'request': '5c4502b0-551'}...
2026-01-04 11:18:50,507 - RootCauseAnalysis - INFO - ============================================================
2026-01-04 11:18:50,507 - RootCauseAnalysis - INFO - CONSENSUS ANALYSIS - Round 0
2026-01-04 11:18:50,507 - RootCauseAnalysis - INFO - Current Hypothesis: （等待写入...）
2026-01-04 11:18:50,507 - RootCauseAnalysis - INFO - ============================================================
2026-01-04 11:18:52,637 - RootCauseAnalysis - ERROR - CONSENSUS AGENT - Failed to parse output: Expecting value: line 1 column 1 (char 0)
2026-01-04 11:18:52,637 - RootCauseAnalysis - ERROR - Raw Output: 目前您提供的信息不足以直接进行根因分析，请确保输入完整。我需要更多当前假设上下文、相关指标及拓扑定义。请提供完整的必要信息。
2026-01-04 11:18:52,637 - RootCauseAnalysis - INFO - ============================================================
2026-01-04 11:18:52,637 - RootCauseAnalysis - INFO - METRIC ANALYSIS - Starting
2026-01-04 11:18:52,637 - RootCauseAnalysis - INFO - ============================================================
2026-01-04 11:18:52,637 - RootCauseAnalysis - INFO - METRIC AGENT - Verifying Hypothesis: （等待写入...）...
2026-01-04 11:18:52,637 - RootCauseAnalysis - INFO - ============================================================
2026-01-04 11:18:52,637 - RootCauseAnalysis - INFO - LOG ANALYSIS - Starting
2026-01-04 11:18:52,637 - RootCauseAnalysis - INFO - ============================================================
2026-01-04 11:18:52,637 - RootCauseAnalysis - INFO - LOG AGENT - Initial Scanning
2026-01-04 11:18:52,637 - RootCauseAnalysis - INFO - ============================================================
2026-01-04 11:18:52,637 - RootCauseAnalysis - INFO - TRACE ANALYSIS - Starting
2026-01-04 11:18:52,637 - RootCauseAnalysis - INFO - ============================================================
2026-01-04 11:18:52,637 - RootCauseAnalysis - INFO - TRACE AGENT - Verifying Hypothesis: （等待写入...）...
2026-01-04 11:19:02,597 - RootCauseAnalysis - WARNING - LOG AGENT - Log data not collected.
2026-01-04 11:19:08,527 - RootCauseAnalysis - INFO - METRIC AGENT - Analysis Completed
2026-01-04 11:19:10,682 - RootCauseAnalysis - INFO - TRACE AGENT - Analysis Completed
2026-01-04 11:19:10,683 - RootCauseAnalysis - INFO - ============================================================
2026-01-04 11:19:10,683 - RootCauseAnalysis - INFO - CONSENSUS ANALYSIS - Round 1
2026-01-04 11:19:10,683 - RootCauseAnalysis - INFO - Current Hypothesis: （等待写入...）
2026-01-04 11:19:10,683 - RootCauseAnalysis - INFO - ============================================================
2026-01-04 11:19:15,388 - RootCauseAnalysis - INFO - CONSENSUS AGENT OUTPUT PARSED:
2026-01-04 11:19:15,388 - RootCauseAnalysis - INFO -   - Status: DISAGREED
2026-01-04 11:19:15,388 - RootCauseAnalysis - INFO -   - New Hypothesis: tidb-tikv is the root cause due to significant degradation in region_pending, causing cascading performance issues in downstream services (e.g., CartService).
2026-01-04 11:19:15,388 - RootCauseAnalysis - INFO -   - Reasoning: Metric 专家报告了 tidb-tikv 服务的 region_pending 指标在故障期间变化显著（normal_median: 8977.5, fault_median: 1666.0，变化率 1.3739），表明可能存在数据库性能瓶颈。同时，CartService 的 rrt_max 显著上升，可能是由于与 tidb-tikv 的交互问题导致的。此外，Trace 专家指出 CartService 与 Redis 的交互延迟增加，但这可能是因上游 TiDB 的性能问题引起的连锁反应，而非根因。虽然 ProductCatalogService 也存在延迟增大的现象，但这一表现更可能是 tidb-tikv 问题的下游效应，且没有证据表明它是根因。因此，现有证据支持 tidb-tikv 是本次故障的根因。
2026-01-04 11:19:15,388 - RootCauseAnalysis - INFO - >>> CONSENSUS NOT REACHED. Updating hypothesis and continuing loop. <<<
2026-01-04 11:19:15,388 - RootCauseAnalysis - INFO - ============================================================
2026-01-04 11:19:15,388 - RootCauseAnalysis - INFO - METRIC ANALYSIS - Starting
2026-01-04 11:19:15,388 - RootCauseAnalysis - INFO - ============================================================
2026-01-04 11:19:15,388 - RootCauseAnalysis - INFO - METRIC AGENT - Verifying Hypothesis: tidb-tikv is the root cause du...
2026-01-04 11:19:15,388 - RootCauseAnalysis - INFO - ============================================================
2026-01-04 11:19:15,388 - RootCauseAnalysis - INFO - LOG ANALYSIS - Starting
2026-01-04 11:19:15,388 - RootCauseAnalysis - INFO - ============================================================
2026-01-04 11:19:15,388 - RootCauseAnalysis - INFO - LOG AGENT - Initial Scanning
2026-01-04 11:19:15,388 - RootCauseAnalysis - INFO - ============================================================
2026-01-04 11:19:15,388 - RootCauseAnalysis - INFO - TRACE ANALYSIS - Starting
2026-01-04 11:19:15,388 - RootCauseAnalysis - INFO - ============================================================
2026-01-04 11:19:15,388 - RootCauseAnalysis - INFO - TRACE AGENT - Verifying Hypothesis: tidb-tikv is the root cause du...
2026-01-04 11:19:17,128 - RootCauseAnalysis - WARNING - LOG AGENT - Log data not collected.
2026-01-04 11:19:19,484 - RootCauseAnalysis - INFO - METRIC AGENT - Analysis Completed
2026-01-04 11:19:25,548 - RootCauseAnalysis - INFO - TRACE AGENT - Analysis Completed
2026-01-04 11:19:25,549 - RootCauseAnalysis - INFO - ============================================================
2026-01-04 11:19:25,549 - RootCauseAnalysis - INFO - CONSENSUS ANALYSIS - Round 2
2026-01-04 11:19:25,549 - RootCauseAnalysis - INFO - Current Hypothesis: tidb-tikv is the root cause due to significant degradation in region_pending, causing cascading performance issues in downstream services (e.g., CartService).
2026-01-04 11:19:25,549 - RootCauseAnalysis - INFO - ============================================================
2026-01-04 11:19:30,546 - RootCauseAnalysis - INFO - CONSENSUS AGENT OUTPUT PARSED:
2026-01-04 11:19:30,546 - RootCauseAnalysis - INFO -   - Status: DISAGREED
2026-01-04 11:19:30,546 - RootCauseAnalysis - INFO -   - New Hypothesis: tidb-tikv is the root cause due to significant degradation in region_pending, causing cascading performance issues in downstream services (e.g., CartService).
2026-01-04 11:19:30,546 - RootCauseAnalysis - INFO -   - Reasoning: Log 专家对当前假设持 NEUTRAL 立场，未能提供证据支持。Metric 专家支持 'tidb-tikv 是根因' 假设，因为该服务的 region_pending 指标在异常期间显著下降，反映出数据库层面的性能瓶颈模型。然而，Trace 专家强烈反对该假设，指出 TiDB 的 region_pending 并未表现在调用链的直接异常中，CartService 的延迟与 Redis 的交互问题更加显著，同时 ProductCatalogService 的延迟也在多个路径中表现为主要瓶颈，延迟倍数达到 5 倍及以上。综合分析显示，Trace 数据与 Metric 数据发生冲突，无法形成一致结论并支持现假设。
2026-01-04 11:19:30,546 - RootCauseAnalysis - INFO - >>> CONSENSUS NOT REACHED. Updating hypothesis and continuing loop. <<<
2026-01-04 11:19:30,546 - RootCauseAnalysis - INFO - ============================================================
2026-01-04 11:19:30,546 - RootCauseAnalysis - INFO - METRIC ANALYSIS - Starting
2026-01-04 11:19:30,546 - RootCauseAnalysis - INFO - ============================================================
2026-01-04 11:19:30,546 - RootCauseAnalysis - INFO - METRIC AGENT - Verifying Hypothesis: tidb-tikv is the root cause du...
2026-01-04 11:19:30,546 - RootCauseAnalysis - INFO - ============================================================
2026-01-04 11:19:30,546 - RootCauseAnalysis - INFO - LOG ANALYSIS - Starting
2026-01-04 11:19:30,546 - RootCauseAnalysis - INFO - ============================================================
2026-01-04 11:19:30,546 - RootCauseAnalysis - INFO - LOG AGENT - Initial Scanning
2026-01-04 11:19:30,546 - RootCauseAnalysis - INFO - ============================================================
2026-01-04 11:19:30,546 - RootCauseAnalysis - INFO - TRACE ANALYSIS - Starting
2026-01-04 11:19:30,546 - RootCauseAnalysis - INFO - ============================================================
2026-01-04 11:19:30,546 - RootCauseAnalysis - INFO - TRACE AGENT - Verifying Hypothesis: tidb-tikv is the root cause du...
2026-01-04 11:19:33,351 - RootCauseAnalysis - WARNING - LOG AGENT - Log data not collected.
2026-01-04 11:19:37,520 - RootCauseAnalysis - INFO - METRIC AGENT - Analysis Completed
2026-01-04 11:19:42,933 - RootCauseAnalysis - INFO - TRACE AGENT - Analysis Completed
2026-01-04 11:19:42,933 - RootCauseAnalysis - INFO - ============================================================
2026-01-04 11:19:42,933 - RootCauseAnalysis - INFO - CONSENSUS ANALYSIS - Round 3
2026-01-04 11:19:42,933 - RootCauseAnalysis - INFO - Current Hypothesis: tidb-tikv is the root cause due to significant degradation in region_pending, causing cascading performance issues in downstream services (e.g., CartService).
2026-01-04 11:19:42,933 - RootCauseAnalysis - INFO - ============================================================
2026-01-04 11:19:51,092 - RootCauseAnalysis - INFO - CONSENSUS AGENT OUTPUT PARSED:
2026-01-04 11:19:51,093 - RootCauseAnalysis - INFO -   - Status: DISAGREED
2026-01-04 11:19:51,093 - RootCauseAnalysis - INFO -   - New Hypothesis: tidb-tikv is the root cause due to significant degradation in region_pending, causing cascading performance issues in downstream services (e.g., CartService).
2026-01-04 11:19:51,093 - RootCauseAnalysis - INFO -   - Reasoning: The hypothesis is supported by Metric data showing significant degradation in region_pending metrics, which could imply database performance issues. However, Trace data opposes this by indicating that latency issues primarily arise in ProductCatalogService and its interactions with Frontend, as well as CartService's interactions with Redis. These performance bottlenecks are not directly linked to TiDB interactions as per the Trace evidence. Log analysis provides no direct evidence to confirm or refute the hypothesis. Given the stronger weight of direct causation in Trace data, the conclusion is that the root cause lies with ProductCatalogService rather than tidb-tikv.
2026-01-04 11:19:51,093 - RootCauseAnalysis - INFO - >>> CONSENSUS NOT REACHED. Updating hypothesis and continuing loop. <<<
2026-01-04 11:19:51,093 - RootCauseAnalysis - INFO - ============================================================
2026-01-04 11:19:51,093 - RootCauseAnalysis - INFO - METRIC ANALYSIS - Starting
2026-01-04 11:19:51,093 - RootCauseAnalysis - INFO - ============================================================
2026-01-04 11:19:51,093 - RootCauseAnalysis - INFO - METRIC AGENT - Verifying Hypothesis: tidb-tikv is the root cause du...
2026-01-04 11:19:51,093 - RootCauseAnalysis - INFO - ============================================================
2026-01-04 11:19:51,093 - RootCauseAnalysis - INFO - LOG ANALYSIS - Starting
2026-01-04 11:19:51,093 - RootCauseAnalysis - INFO - ============================================================
2026-01-04 11:19:51,093 - RootCauseAnalysis - INFO - LOG AGENT - Initial Scanning
2026-01-04 11:19:51,093 - RootCauseAnalysis - INFO - ============================================================
2026-01-04 11:19:51,093 - RootCauseAnalysis - INFO - TRACE ANALYSIS - Starting
2026-01-04 11:19:51,093 - RootCauseAnalysis - INFO - ============================================================
2026-01-04 11:19:51,093 - RootCauseAnalysis - INFO - TRACE AGENT - Verifying Hypothesis: tidb-tikv is the root cause du...
2026-01-04 11:19:53,994 - RootCauseAnalysis - WARNING - LOG AGENT - Log data not collected.
2026-01-04 11:19:57,814 - RootCauseAnalysis - INFO - TRACE AGENT - Analysis Completed
2026-01-04 11:20:01,170 - RootCauseAnalysis - INFO - METRIC AGENT - Analysis Completed
2026-01-04 11:20:01,171 - RootCauseAnalysis - INFO - ============================================================
2026-01-04 11:20:01,171 - RootCauseAnalysis - INFO - CONSENSUS ANALYSIS - Round 4
2026-01-04 11:20:01,171 - RootCauseAnalysis - INFO - Current Hypothesis: tidb-tikv is the root cause due to significant degradation in region_pending, causing cascading performance issues in downstream services (e.g., CartService).
2026-01-04 11:20:01,171 - RootCauseAnalysis - INFO - ============================================================
2026-01-04 11:20:05,987 - RootCauseAnalysis - INFO - CONSENSUS AGENT OUTPUT PARSED:
2026-01-04 11:20:05,987 - RootCauseAnalysis - INFO -   - Status: AGREED
2026-01-04 11:20:05,987 - RootCauseAnalysis - INFO -   - New Hypothesis: ProductCatalogService is the root cause due to significant latency amplification during the fault period, impacting multiple downstream services.
2026-01-04 11:20:05,987 - RootCauseAnalysis - INFO -   - Reasoning: After careful evaluation of all provided evidence, including Metric, Trace, and Log data, consensus has been reached that ProductCatalogService is the root cause. Metrics data such as `region_pending` in TiDB (tidb-tikv) indicates potential database issues, but Trace data provides stronger and more direct evidence against this hypothesis. Trace data highlights a significant latency spike (over 5x) in ProductCatalogService and its interactions with the Frontend. Additionally, CartService's latency issues, which involve Redis, align with downstream dependency inefficiencies rather than upstream TiDB-related issues. Moreover, logs provide no evidence to support the initial hypothesis. The conclusive evidence from Trace data, showcasing ProductCatalogService as the primary bottleneck, leads to the rejection of the tidb-tikv hypothesis and identifies ProductCatalogService as the root cause.
2026-01-04 11:20:05,987 - RootCauseAnalysis - INFO - >>> CONSENSUS REACHED! Escalating to finish loop. <<<
2026-01-04 11:20:05,988 - RootCauseAnalysis - INFO - [Tool Resp] consensus_discussion_agent
2026-01-04 11:20:05,988 - RootCauseAnalysis - INFO -     Result: {'result': '```json\n{\n    "status": "AGREED",\n    "hypothesis": "ProductCatalogService is the root cause due to significant latency amplification during the fault period, impacting multiple downstream services.",\n    "reasoning": "After careful evaluation of all provided evidence, including Metric, Trace, and Log data, consensus has been reached that ProductCatalogService is the root cause. Metrics data such as `region_pending` in TiDB (tidb-tikv) indicates potential database issues, but Tra...
2026-01-04 11:20:05,988 - RootCauseAnalysis - INFO - [State Update] {"consensus_iteration": 5, "consensus_decision": "AGREED", "current_task_instruction": "当前处于【假设验证阶段】。\n待验证的根因假设是：'tidb-tikv is the root cause due to significant degradation in region_pending, causing cascading performance issues in downstream services (e.g., CartService).'。\n请基于 Trace 数据判断该假设是否成立。\n重点：请在返回 JSON 的 'stance' 字段中明确标记 'SUPPORT' 或 'OPPOSE'。", "raw_metric_result": {"status": "success", "message": "成功加载metric数据。UUID: 5c4502b0-551", "anomaly_metrics": "metric_type,service_name,pod_name,node_name,metric_name,normal_median,fault_median,normal_p99,fault_p99,median_change_ratio,p99_change_ratio\nservice,cartservice,cartservice-1,N/A,client_error_ratio,0.0,0.0,11.31,0.0,0.0,2.0\nservice,cartservice,cartservice-1,N/A,error_ratio,0.0,0.0,11.31,0.0,0.0,2.0\npod,N/A,redis-cart-0,N/A,pod_cpu_usage,0.0,0.0,0.06,0.0,0.0,2.0\ntidb,tidb-tikv,N/A,N/A,region_pending,8977.5,1666.0,11819.25,1936.56,1.3739,1.4369\nservice,cartservice,cartservice-1,N/A,rrt_max,3723.0,3722.0,22814.28,4702.64,0.0003,1.3164\nservice,currencyservice,currencyservice-2,N/A,rrt_max,5864.5,6032.0,29942.61,7304.8,0.0282,1.2155\ntidb,tidb-tikv,N/A,N/A,cpu_usage,0.08,0.07,0.1,0.32,0.1333,1.0518\nservice,emailservice,emailservice-0,N/A,rrt_max,2872.5,2406.0,6644.57,2540.2,0.1768,0.8937\ntidb,tidb-tikv,N/A,N/A,io_util,0.0,0.0,0.09,0.22,0.0,0.8243\nservice,paymentservice,paymentservice-0,N/A,rrt_max,1818.5,1592.0,4410.04,1897.4,0.1328,0.7967\nservice,paymentservice,paymentservice-2,N/A,rrt_max,1696.0,1925.0,4110.1,2035.0,0.1265,0.6754\nservice,cartservice,cartservice-1,N/A,rrt,1603.7,1630.09,3427.54,1749.81,0.0163,0.6481\nservice,adservice,adservice-2,N/A,client_error_ratio,0.0,0.0,1.63,3.13,0.0,0.6292\nservice,adservice,adservice-2,N/A,error_ratio,0.0,0.0,1.63,3.13,0.0,0.6292\nservice,currencyservice,currencyservice-0,N/A,rrt,2020.38,1960.28,2912.54,5338.27,0.0302,0.588\nservice,currencyservice,currencyservice-1,N/A,rrt,2022.74,2171.0,4572.49,2556.45,0.0707,0.5656\nservice,emailservice,emailservice-0,N/A,rrt,1258.42,1182.28,2346.56,1326.01,0.0624,0.5558\nservice,shippingservice,shippingservice-1,N/A,rrt_max,1732.5,1452.0,4960.89,8467.72,0.1762,0.5223\nservice,shippingservice,shippingservice-2,N/A,rrt_max,1774.0,1721.0,4719.66,7843.88,0.0303,0.4973\nservice,currencyservice,currencyservice-1,N/A,rrt_max,3134.0,2533.0,9668.93,5834.68,0.2121,0.4946\nservice,cartservice,cartservice-0,N/A,error_ratio,0.0,0.0,10.69,17.45,0.0,0.4804\nservice,cartservice,cartservice-0,N/A,client_error_ratio,0.0,0.0,10.69,17.45,0.0,0.4804\nservice,emailservice,emailservice-2,N/A,rrt_max,3471.5,4735.0,11992.68,7731.24,0.3079,0.4321\nservice,productcatalogservice,productcatalogservice-1,N/A,rrt_max,22370.0,19732.0,32740.48,21732.88,0.1253,0.4041\nservice,shippingservice,shippingservice-0,N/A,rrt_max,4081.5,2817.0,9959.15,11902.16,0.3666,0.1778\nservice,paymentservice,paymentservice-0,N/A,rrt,1430.88,1092.33,2622.52,1818.07,0.2683,0.3623\nservice,paymentservice,paymentservice-1,N/A,rrt_max,1868.5,1914.0,2781.03,3894.04,0.0241,0.3335\nservice,emailservice,emailservice-2,N/A,rrt,1724.71,2243.78,3531.2,4912.79,0.2616,0.3272\nservice,cartservice,cartservice-2,N/A,rrt_max,9296.0,12593.0,84733.19,64115.64,0.3012,0.277\nservice,redis,redis-cart-0,N/A,rrt_max,3198.5,3148.0,81085.16,59968.56,0.0159,0.2994\n", "unique_entities": {"service_name": ["adservice", "cartservice", "checkoutservice", "currencyservice", "emailservice", "frontend", "paymentservice", "productcatalogservice", "recommendationservice", "redis", "shippingservice", "tidb-pd", "tidb-tidb", "tidb-tikv"], "node_name": ["aiops-k8s-01", "aiops-k8s-02", "aiops-k8s-03", "aiops-k8s-04", "aiops-k8s-05", "aiops-k8s-06", "aiops-k8s-07", "aiops-k8s-08"], "pod_name": ["adservice-0", "adservice-1", "adservice-2", "cartservice-0", "cartservice-1", "cartservice-2", "checkoutservice-0", "checkoutservice-1", "checkoutservice-2", "currencyservice-0", "currencyservice-1", "currencyservice-2", "emailservice-0", "emailservice-1", "emailservice-2", "frontend-0", "frontend-1", "frontend-2", "paymentservice-0", "paymentservice-1", "paymentservice-2", "productcatalogservice-0", "productcatalogservice-1", "productcatalogservice-2", "recommendationservice-0", "recommendationservice-1", "recommendationservice-2", "redis-cart-0", "shippingservice-0", "shippingservice-1", "shippingservice-2"]}, "node_pod_mapping": {"aiops-k8s-01": ["productcatalogservice-2", "currencyservice-1", "emailservice-1", "shippingservice-0", "recommendationservice-2"], "aiops-k8s-02": [], "aiops-k8s-03": ["recommendationservice-1", "shippingservice-2", "checkoutservice-2", "cartservice-1", "adservice-0", "currencyservice-2"], "aiops-k8s-04": ["frontend-0", "paymentservice-2", "checkoutservice-1", "currencyservice-0", "cartservice-0"], "aiops-k8s-05": ["cartservice-2", "paymentservice-1", "productcatalogservice-1"], "aiops-k8s-06": ["emailservice-2", "frontend-1", "currencyservice-1"], "aiops-k8s-07": ["shippingservice-1", "emailservice-0", "adservice-1"], "aiops-k8s-08": ["redis-cart-0", "recommendationservice-0", "productcatalogservice-0", "paymentservice-0", "frontend-2", "currencyservice-2", "checkoutservice-0", "adservice-2"]}, "matched_anomaly": "A fault was detected from 2025-06-26T16:10:02Z to 2025-06-26T16:15:02Z. Please analyze its root cause.", "time_range": "2025-06-26 16:10:02+00:00 to 2025-06-26 16:15:02+00:00"}, "metric_data_collected": true, "node_pod_mapping": {"aiops-k8s-01": ["productcatalogservice-2", "currencyservice-1", "emailservice-1", "shippingservice-0", "recommendationservice-2"], "aiops-k8s-02": [], "aiops-k8s-03": ["recommendationservice-1", "shippingservice-2", "checkoutservice-2", "cartservice-1", "adservice-0", "currencyservice-2"], "aiops-k8s-04": ["frontend-0", "paymentservice-2", "checkoutservice-1", "currencyservice-0", "cartservice-0"], "aiops-k8s-05": ["cartservice-2", "paymentservice-1", "productcatalogservice-1"], "aiops-k8s-06": ["emailservice-2", "frontend-1", "currencyservice-1"], "aiops-k8s-07": ["shippingservice-1", "emailservice-0", "adservice-1"], "aiops-k8s-08": ["redis-cart-0", "recommendationservice-0", "productcatalogservice-0", "paymentservice-0", "frontend-2", "currencyservice-2", "checkoutservice-0", "adservice-2"]}, "raw_trace_result": {"status": "success", "message": "成功加载trace数据。UUID: 5c4502b0-551，共 11 个异常组合，0 个状态组合", "filtered_traces": "node_name,service_name,parent_pod,child_pod,operation_name,normal_avg_duration,anomaly_avg_duration,anomaly_count\naiops-k8s-01,productcatalogservice,frontend-1,productcatalogservice-2,hipstershop.ProductCatalogService/GetProduct,10037.802504364336,38428.58519472382,出现次数:4\naiops-k8s-01,productcatalogservice,frontend-0,productcatalogservice-2,hipstershop.ProductCatalogService/GetProduct,10040.36980941472,50436.64465195247,出现次数:3\naiops-k8s-01,shippingservice,frontend-1,shippingservice-0,hipstershop.ShippingService/GetQuote,201.39352136459794,92.0,出现次数:2\naiops-k8s-01,emailservice,checkoutservice-2,emailservice-1,/hipstershop.EmailService/SendOrderConfirmation,699.5782184205979,4068.0,出现次数:1\naiops-k8s-05,cartservice,checkoutservice-2,cartservice-2,POST /hipstershop.CartService/EmptyCart,2258.7857613596943,27351.0,出现次数:1\naiops-k8s-05,redis,cartservice-2,cartservice-2,HMSET,1361.2533037296344,9613.5,出现次数:1\naiops-k8s-04,frontend,frontend-0,frontend-0,hipstershop.ProductCatalogService/GetProduct,11371.846083869175,134673.775,出现次数:1\naiops-k8s-06,frontend,frontend-1,frontend-1,hipstershop.ProductCatalogService/GetProduct,11203.635050935625,127689.02380952382,出现次数:1\naiops-k8s-04,frontend,frontend-0,frontend-0,hipstershop.ProductCatalogService/ListProducts,1956.3957241198789,4224.0,出现次数:1\naiops-k8s-08,frontend,frontend-2,frontend-2,hipstershop.ProductCatalogService/GetProduct,11480.30423854856,119729.12621359223,出现次数:1\naiops-k8s-05,productcatalogservice,frontend-2,productcatalogservice-1,hipstershop.ProductCatalogService/GetProduct,9681.241507356728,118093.16504854368,出现次数:1\n", "unique_entities": {"pod_name": ["cartservice-2", "checkoutservice-2", "emailservice-1", "frontend-0", "frontend-1", "frontend-2", "productcatalogservice-1", "productcatalogservice-2", "shippingservice-0"], "service_name": ["cartservice", "emailservice", "frontend", "productcatalogservice", "redis", "shippingservice"], "node_name": ["aiops-k8s-01", "aiops-k8s-04", "aiops-k8s-05", "aiops-k8s-06", "aiops-k8s-08"]}, "status_combinations": "", "matched_anomaly": "A fault was detected from 2025-06-26T16:10:02Z to 2025-06-26T16:15:02Z. Please analyze its root cause.", "time_range": "2025-06-26 16:10:02+00:00 to 2025-06-26 16:15:02+00:00"}, "trace_data_collected": true, "log_analysis_findings": "Based on the context and the results from the log analysis, the stance remains neutral due to the absence of log evidence directly supporting or opposing the hypothesis. The consensus agent has highlighted discrepancies between metric data, which supports the hypothesis, and trace data, which opposes it. Trace data suggests that the main performance bottlenecks occur with ProductCatalogService and interactions with Redis, which are not directly linked to TiDB interactions.\n\n### Summary:\n- **Log Analysis**: No direct evidence found in logs related to tidb-tikv issues or cascading performance impacts on CartService.\n- **Metric Data**: Indicates degradation in region_pending metrics, supporting potential database performance issues.\n- **Trace Data**: Opposes the hypothesis, suggesting main issues arise in ProductCatalogService and Redis interactions, rather than stemming from tidb-tikv.\n\nConsidering these points, along with the lack of supporting or opposing log evidence, the stance remains neutral.\n\n```json\n{\n  \"stance\": \"NEUTRAL\",\n  \"detected_log_keys\": [],\n  \"hypotheses\": []\n}\n```", "metric_analysis_findings": "根据 `consensus_agent` 最新提供的上下文，以及对 Trace 数据的更多分析，我们需要重新调整对现有假设的最终立场。\n\n### 冲突点的评估\n1. **支持假设 (Metric 数据)**:\n   - `tidb-tikv` 的 `region_pending` 指标在故障期间显著下降。\n   - 该现象表明可能存在数据库性能问题，并可能影响多项下游服务。\n\n2. **反对假设 (Trace 数据)**:\n   - Trace 数据明确显示性能问题集中在 `ProductCatalogService` 的延迟显著放大，以及 `CartService` 与 `Redis` 的交互延迟问题。\n   - Trace 数据未能表明 `tidb-tikv` 性能问题导致了调用链直接异常，而是指出 `ProductCatalogService` 和 `Redis` 的交互问题。\n\n3. **中立立场 (Log 数据)**:\n   - Log 数据没有直接证据支持或反驳 `tidb-tikv` 作为根因。\n\n### 综合分析\n结合所有的信息来源，可得出以下几点：\n- Metric 数据虽然指出了 `tidb-tikv` 的 `region_pending` 存在显著下降，但这在 Trace 数据中没有被验证为调用链中的性能瓶颈。\n- Trace 数据更清晰地指出了系统的主要瓶颈在 `ProductCatalogService`，并强调整体链路性能受该服务延迟增加的影响。\n- 当前的假设较大地依赖于 `Metric 数据`的性能推测，但缺乏与调用链异常的直接关联，无法完全归因。\n\n### 最终立场\n综合分析后，我们对现有假设的最终立场如下：\n\n```json\n{\n  \"stance\": \"OPPOSE\",\n  \"detected_metric_keys\": [\n    \"region_pending\",\n    \"rrt_max\",\n    \"pod_network_transmit_bytes_total\"\n  ],\n  \"hypotheses\": [\n    {\n      \"component\": \"ProductCatalogService\",\n      \"reason\": \"Trace data shows significant latency in ProductCatalogService and its interactions with the Frontend, which act as the primary performance bottleneck. The latency is amplified significantly in the fault period.\",\n      \"evidence\": \"Trace data indicates ProductCatalogService latency has a 5x increase during the fault period, directly impacting downstream services.\"\n    },\n    {\n      \"component\": \"Redis (CartService interaction)\",\n      \"reason\": \"CartService exhibits a noticeable latency increase due to delayed Redis interactions, as highlighted in trace analysis.\",\n      \"evidence\": \"Trace data corroborates that CartService-Redis interaction has elevated response times, unrelated to TiDB operations but more connected to its dependency interactions.\"\n    }\n  ]\n}\n```\n\n### 结论\n尽管 Metric 数据显示 `tidb-tikv` 出现显著的 `region_pending` 指标变化，但 Trace 数据指出了更直接的性能瓶颈：`ProductCatalogService` 和 `CartService`/`Redis` 的交互问题。这些发现清晰地表明，`tidb-tikv` 不是本次故障的主要根因。\n\n最终立场：**反对假设** (`OPPOSE`)", "trace_analysis_findings": "基于当前全面提供的上下文及相关数据分析——包括 Trace 数据、Metric 数据及一致性意见——以下是对假设“tidb-tikv 是根因”的最终判断：\n\n### 分析综合\n1. **Metric 数据观点：**\n   - `region_pending` 指标在故障期间的显著变化指向 TiDB 的潜在性能问题。\n   - 这种性能问题可能对下游服务（如 CartService）产生连锁反应。\n\n2. **Trace 数据观点及重点发现：**\n   - Trace 数据明确指示 ProductCatalogService 是发生显著延迟的直接瓶颈。\n   - ProductCatalogService 与 Frontend 的交互显著受阻，延迟倍数超过 5 倍。\n   - 也观察到 CartService 与 Redis 之间的显著延迟，但无证据直接关联 TiDB 的性能变动。\n\n3. **Log 数据观点：**\n   - Log 数据未能提供对该假设直接的证据支持或反驳，故综合考量偏重于应用于实际调用路径的 Trace 分析。\n\n### 结论\n经过 Trace 和 Metric 数据对比，尽管数据库的某些指标表现异常，但它们在调用链中并未显示出直接的性能瓶颈或传递路径。相较之下，Trace 数据不言自明地表明 ProductCatalogService 是延迟的最大瓶颈，而非完全善其后的数据库问题。\n\n根据当前分析所得，以下是对“tidb-tikv 是根因”的最终立场：\n\n```json\n{\n  \"stance\": \"OPPOSE\",\n  \"detected_trace_keys\": [\"latency_spike\", \"frontend->productcatalogservice\", \"checkoutservice->cartservice\", \"cartservice->redis\"],\n  \"hypotheses\": [\n    {\n      \"component\": \"tidb-tikv\",\n      \"reason\": \"有迹象表明数据库有潜在性能问题，但 Trace 数据明确显示 ProductCatalogService 的延迟更为直接且显著，表明根因更可能在应用层。\",\n      \"evidence\": \"ProductCatalogService 在多次 Trace 数据中显示倍增（5倍以上）的延迟，多处成为系统的显著瓶颈。\"\n    },\n    {\n      \"component\": \"ProductCatalogService\",\n      \"reason\": \"Trace 数据在直接调用链路径中多次确认其延迟表现，非常明显。\",\n      \"evidence\": \"显著延迟倍数和高异常耗时路径，为核心问题路径提供线索。\"\n    }\n  ]\n}\n```\n\n综上所述，现有证据更倾向指向 ProductCatalogService 是性能瓶颈所在，而非直接于 TiDB 的数据库层面问题。", "current_hypothesis": "ProductCatalogService is the root cause due to significant latency amplification during the fault period, impacting multiple downstream services."}
2026-01-04 11:20:06,946 - RootCauseAnalysis - INFO - [Tool Call] report_agent
2026-01-04 11:20:06,946 - RootCauseAnalysis - INFO -     Args: {'request': '5c4502b0-551'}...
2026-01-04 11:20:06,946 - RootCauseAnalysis - INFO - ============================================================
2026-01-04 11:20:06,946 - RootCauseAnalysis - INFO - REPORT ANALYSIS - Starting
2026-01-04 11:20:09,867 - RootCauseAnalysis - INFO - REPORT ANALYSIS COMPLETED - Saved results in report_analysis_output.json
2026-01-04 11:20:09,867 - RootCauseAnalysis - INFO - [Tool Resp] report_agent
2026-01-04 11:20:09,867 - RootCauseAnalysis - INFO -     Result: {'uuid': '5c4502b0-551', 'component': 'productcatalogservice', 'reason': 'ProductCatalogService latency spike affecting downstream services', 'reasoning_trace': [{'step': 1, 'action': 'LoadMetrics(ProductCatalogService)', 'observation': 'significant latency amplification observed in ProductCatalogService'}, {'step': 2, 'action': 'TraceAnalysis(5c4502b0-551)', 'observation': 'latency spike in frontend->productcatalogservice interaction'}, {'step': 3, 'action': 'LogSearch(ProductCatalogService)', ...
2026-01-04 11:20:09,867 - RootCauseAnalysis - INFO - [State Update] {"hypotheses_summary": "ProductCatalogService is the root cause due to significant latency amplification during the fault period, impacting multiple downstream services.", "log_analysis_findings": "Based on the context and the results from the log analysis, the stance remains neutral due to the absence of log evidence directly supporting or opposing the hypothesis. The consensus agent has highlighted discrepancies between metric data, which supports the hypothesis, and trace data, which opposes it. Trace data suggests that the main performance bottlenecks occur with ProductCatalogService and interactions with Redis, which are not directly linked to TiDB interactions.\n\n### Summary:\n- **Log Analysis**: No direct evidence found in logs related to tidb-tikv issues or cascading performance impacts on CartService.\n- **Metric Data**: Indicates degradation in region_pending metrics, supporting potential database performance issues.\n- **Trace Data**: Opposes the hypothesis, suggesting main issues arise in ProductCatalogService and Redis interactions, rather than stemming from tidb-tikv.\n\nConsidering these points, along with the lack of supporting or opposing log evidence, the stance remains neutral.\n\n```json\n{\n  \"stance\": \"NEUTRAL\",\n  \"detected_log_keys\": [],\n  \"hypotheses\": []\n}\n```", "metric_analysis_findings": "根据 `consensus_agent` 最新提供的上下文，以及对 Trace 数据的更多分析，我们需要重新调整对现有假设的最终立场。\n\n### 冲突点的评估\n1. **支持假设 (Metric 数据)**:\n   - `tidb-tikv` 的 `region_pending` 指标在故障期间显著下降。\n   - 该现象表明可能存在数据库性能问题，并可能影响多项下游服务。\n\n2. **反对假设 (Trace 数据)**:\n   - Trace 数据明确显示性能问题集中在 `ProductCatalogService` 的延迟显著放大，以及 `CartService` 与 `Redis` 的交互延迟问题。\n   - Trace 数据未能表明 `tidb-tikv` 性能问题导致了调用链直接异常，而是指出 `ProductCatalogService` 和 `Redis` 的交互问题。\n\n3. **中立立场 (Log 数据)**:\n   - Log 数据没有直接证据支持或反驳 `tidb-tikv` 作为根因。\n\n### 综合分析\n结合所有的信息来源，可得出以下几点：\n- Metric 数据虽然指出了 `tidb-tikv` 的 `region_pending` 存在显著下降，但这在 Trace 数据中没有被验证为调用链中的性能瓶颈。\n- Trace 数据更清晰地指出了系统的主要瓶颈在 `ProductCatalogService`，并强调整体链路性能受该服务延迟增加的影响。\n- 当前的假设较大地依赖于 `Metric 数据`的性能推测，但缺乏与调用链异常的直接关联，无法完全归因。\n\n### 最终立场\n综合分析后，我们对现有假设的最终立场如下：\n\n```json\n{\n  \"stance\": \"OPPOSE\",\n  \"detected_metric_keys\": [\n    \"region_pending\",\n    \"rrt_max\",\n    \"pod_network_transmit_bytes_total\"\n  ],\n  \"hypotheses\": [\n    {\n      \"component\": \"ProductCatalogService\",\n      \"reason\": \"Trace data shows significant latency in ProductCatalogService and its interactions with the Frontend, which act as the primary performance bottleneck. The latency is amplified significantly in the fault period.\",\n      \"evidence\": \"Trace data indicates ProductCatalogService latency has a 5x increase during the fault period, directly impacting downstream services.\"\n    },\n    {\n      \"component\": \"Redis (CartService interaction)\",\n      \"reason\": \"CartService exhibits a noticeable latency increase due to delayed Redis interactions, as highlighted in trace analysis.\",\n      \"evidence\": \"Trace data corroborates that CartService-Redis interaction has elevated response times, unrelated to TiDB operations but more connected to its dependency interactions.\"\n    }\n  ]\n}\n```\n\n### 结论\n尽管 Metric 数据显示 `tidb-tikv` 出现显著的 `region_pending` 指标变化，但 Trace 数据指出了更直接的性能瓶颈：`ProductCatalogService` 和 `CartService`/`Redis` 的交互问题。这些发现清晰地表明，`tidb-tikv` 不是本次故障的主要根因。\n\n最终立场：**反对假设** (`OPPOSE`)", "trace_analysis_findings": "基于当前全面提供的上下文及相关数据分析——包括 Trace 数据、Metric 数据及一致性意见——以下是对假设“tidb-tikv 是根因”的最终判断：\n\n### 分析综合\n1. **Metric 数据观点：**\n   - `region_pending` 指标在故障期间的显著变化指向 TiDB 的潜在性能问题。\n   - 这种性能问题可能对下游服务（如 CartService）产生连锁反应。\n\n2. **Trace 数据观点及重点发现：**\n   - Trace 数据明确指示 ProductCatalogService 是发生显著延迟的直接瓶颈。\n   - ProductCatalogService 与 Frontend 的交互显著受阻，延迟倍数超过 5 倍。\n   - 也观察到 CartService 与 Redis 之间的显著延迟，但无证据直接关联 TiDB 的性能变动。\n\n3. **Log 数据观点：**\n   - Log 数据未能提供对该假设直接的证据支持或反驳，故综合考量偏重于应用于实际调用路径的 Trace 分析。\n\n### 结论\n经过 Trace 和 Metric 数据对比，尽管数据库的某些指标表现异常，但它们在调用链中并未显示出直接的性能瓶颈或传递路径。相较之下，Trace 数据不言自明地表明 ProductCatalogService 是延迟的最大瓶颈，而非完全善其后的数据库问题。\n\n根据当前分析所得，以下是对“tidb-tikv 是根因”的最终立场：\n\n```json\n{\n  \"stance\": \"OPPOSE\",\n  \"detected_trace_keys\": [\"latency_spike\", \"frontend->productcatalogservice\", \"checkoutservice->cartservice\", \"cartservice->redis\"],\n  \"hypotheses\": [\n    {\n      \"component\": \"tidb-tikv\",\n      \"reason\": \"有迹象表明数据库有潜在性能问题，但 Trace 数据明确显示 ProductCatalogService 的延迟更为直接且显著，表明根因更可能在应用层。\",\n      \"evidence\": \"ProductCatalogService 在多次 Trace 数据中显示倍增（5倍以上）的延迟，多处成为系统的显著瓶颈。\"\n    },\n    {\n      \"component\": \"ProductCatalogService\",\n      \"reason\": \"Trace 数据在直接调用链路径中多次确认其延迟表现，非常明显。\",\n      \"evidence\": \"显著延迟倍数和高异常耗时路径，为核心问题路径提供线索。\"\n    }\n  ]\n}\n```\n\n综上所述，现有证据更倾向指向 ProductCatalogService 是性能瓶颈所在，而非直接于 TiDB 的数据库层面问题。", "report_analysis_findings": {"uuid": "5c4502b0-551", "component": "productcatalogservice", "reason": "ProductCatalogService latency spike affecting downstream services", "reasoning_trace": [{"step": 1, "action": "LoadMetrics(ProductCatalogService)", "observation": "significant latency amplification observed in ProductCatalogService"}, {"step": 2, "action": "TraceAnalysis(5c4502b0-551)", "observation": "latency spike in frontend->productcatalogservice interaction"}, {"step": 3, "action": "LogSearch(ProductCatalogService)", "observation": "No direct evidence in logs related to latency"}]}, "report_analysis_completed": true}
2026-01-04 11:20:12,060 - RootCauseAnalysis - INFO - ORCHESTRATOR AGENT - Execution Completed
2026-01-04 11:20:12,060 - RootCauseAnalysis - INFO - [Final State Summary]
2026-01-04 11:20:12,060 - RootCauseAnalysis - INFO -    - current_hypothesis: ProductCatalogService is the root cause due to significant latency amplification during the fault period, impacting multiple downstream services.
2026-01-04 11:20:12,060 - RootCauseAnalysis - INFO -    - consensus_decision: AGREED
2026-01-04 11:20:12,060 - RootCauseAnalysis - INFO -    - consensus_iteration: 5
2026-01-04 11:20:12,060 - RootCauseAnalysis - INFO - === END SESSION ===
