2026-01-04 12:07:35,138 - RootCauseAnalysis - INFO - === START SESSION: 8e7a3965-336 (Run #2) ===
2026-01-04 12:07:35,138 - RootCauseAnalysis - INFO - [Processing] 8e7a3965-336 (Run #2) | Log: logs/8e7a3965-336/run2_20260104_120735.log
2026-01-04 12:07:35,138 - RootCauseAnalysis - INFO - ============================================================
2026-01-04 12:07:35,138 - RootCauseAnalysis - INFO - ORCHESTRATOR AGENT - Initializing
2026-01-04 12:07:35,138 - RootCauseAnalysis - INFO - ============================================================
2026-01-04 12:07:35,138 - RootCauseAnalysis - INFO - [State Update] {"query_parsed_completed": false, "raw_metric_result": "（等待写入...）", "metric_data_collected": false, "raw_log_result": "（等待写入...）", "log_data_collected": false, "raw_trace_result": "（等待写入...）", "trace_data_collected": false, "current_iteration": 0, "current_hypothesis": "（等待写入...）", "log_analysis_findings": "（等待数据收集...）", "metric_analysis_findings": "（等待数据收集...）", "trace_analysis_findings": "（等待数据收集...）"}
2026-01-04 12:07:36,234 - RootCauseAnalysis - INFO - [Tool Call] parse_user_input
2026-01-04 12:07:36,234 - RootCauseAnalysis - INFO -     Args: {'input_json': '{"Anomaly Description": "Please analyze the abnormal event between 2025-06-17T17:10:03Z and 2025-06-17T17:15:03Z and provide the root cause.", "uuid": "8e7a3965-336"}'}...
2026-01-04 12:07:36,235 - RootCauseAnalysis - INFO - [Tool Resp] parse_user_input
2026-01-04 12:07:36,235 - RootCauseAnalysis - INFO -     Result: {'uuid': '8e7a3965-336', 'user_query': 'Please analyze the abnormal event between 2025-06-17T17:10:03Z and 2025-06-17T17:15:03Z and provide the root cause.'}
2026-01-04 12:07:36,235 - RootCauseAnalysis - INFO - [State Update] {"query_parsed_completed": true}
2026-01-04 12:07:37,591 - RootCauseAnalysis - INFO - [Tool Call] data_collection_agent
2026-01-04 12:07:37,591 - RootCauseAnalysis - INFO -     Args: {'request': '开始数据采集'}...
2026-01-04 12:07:37,591 - RootCauseAnalysis - INFO - ============================================================
2026-01-04 12:07:37,591 - RootCauseAnalysis - INFO - METRIC ANALYSIS - Starting
2026-01-04 12:07:37,591 - RootCauseAnalysis - INFO - ============================================================
2026-01-04 12:07:37,591 - RootCauseAnalysis - INFO - METRIC AGENT - Initial Scanning
2026-01-04 12:07:37,591 - RootCauseAnalysis - INFO - ============================================================
2026-01-04 12:07:37,591 - RootCauseAnalysis - INFO - LOG ANALYSIS - Starting
2026-01-04 12:07:37,591 - RootCauseAnalysis - INFO - ============================================================
2026-01-04 12:07:37,591 - RootCauseAnalysis - INFO - LOG AGENT - Initial Scanning
2026-01-04 12:07:37,591 - RootCauseAnalysis - INFO - ============================================================
2026-01-04 12:07:37,591 - RootCauseAnalysis - INFO - TRACE ANALYSIS - Starting
2026-01-04 12:07:37,591 - RootCauseAnalysis - INFO - ============================================================
2026-01-04 12:07:37,591 - RootCauseAnalysis - INFO - TRACE AGENT - Initial Scanning
2026-01-04 12:07:49,178 - RootCauseAnalysis - WARNING - LOG AGENT - Log data not collected.
2026-01-04 12:07:50,734 - RootCauseAnalysis - INFO - METRIC AGENT - Analysis Completed
2026-01-04 12:07:54,643 - RootCauseAnalysis - INFO - TRACE AGENT - Analysis Completed
2026-01-04 12:07:54,644 - RootCauseAnalysis - INFO - [Tool Resp] data_collection_agent
2026-01-04 12:07:54,644 - RootCauseAnalysis - INFO -     Result: {'result': '通过分析提供的调用链数据，我们发现如下异常现象：\n\n1. **显著延迟链路**：\n   - `frontend->productcatalogservice` 在多个节点上均表现出高延迟，延迟倍数显著超过2.0倍，如在 `frontend` 节点到 `productcatalogservice` 的耗时从正常约10,000ms 增长到异常期间的918,871ms。\n   - `checkoutservice->productcatalogservice` 的调用链在从 `checkoutservice` 到 `productcatalogservice` 时出现了极大的延迟，耗时从正常的约10,765ms 增长到异常期间的6,071,905ms。\n\n2. **异常服务与调用关系**：\n   - **根因推测**：`productcatalogservice` 服务在多个路径上均出现了显著延迟，这可能是由于该服务本身负载过大、内部资源瓶颈或依赖的数据库服务（如 TiDB）响应缓慢导致。\n   - `checkoutservice` 显示了异常的长耗...
2026-01-04 12:07:54,644 - RootCauseAnalysis - INFO - [State Update] {"current_task_instruction": "当前处于【初始扫描阶段】。\n请对 Trace 数据进行全面扫描，找出所有显著的异常调用链。\n重点：请在返回 JSON 的 'stance' 字段中标记 'NEUTRAL'，并在 'hypotheses' 中列出你的发现。", "raw_metric_result": {"status": "success", "message": "成功加载metric数据。UUID: 8e7a3965-336", "anomaly_metrics": "metric_type,service_name,pod_name,node_name,metric_name,normal_median,fault_median,normal_p99,fault_p99,median_change_ratio,p99_change_ratio\ntidb,tidb-tidb,N/A,N/A,memory_usage,710152192.0,710152192.0,856186880.0,710152192.0,0.0,0.1865\ntidb,tidb-tikv,N/A,N/A,memory_usage,2020929536.0,1965797376.0,2075821916.16,1968161423.36,0.0277,0.0532\nservice,cartservice,cartservice-2,N/A,error_ratio,0.0,0.0,14.31,0.0,0.0,2.0\nservice,cartservice,cartservice-2,N/A,client_error_ratio,0.0,0.0,14.31,0.0,0.0,2.0\ntidb,tidb-tikv,N/A,N/A,region_pending,10460.5,759.0,149275.41,1023.28,1.7294,1.9728\ntidb,tidb-tikv,N/A,N/A,io_util,0.0,0.0,0.02,0.21,0.0,1.6465\nservice,currencyservice,currencyservice-2,N/A,rrt_max,5902.5,9077.0,12563.44,66500.0,0.4238,1.3644\nservice,shippingservice,shippingservice-2,N/A,rrt_max,1942.0,4171.0,11989.56,4499.4,0.7293,0.9085\nservice,cartservice,cartservice-2,N/A,rrt_max,4541.5,4439.0,14620.59,5502.04,0.0228,0.9063\nservice,shippingservice,shippingservice-1,N/A,rrt_max,3423.0,2943.0,11276.42,5620.56,0.1508,0.6695\nservice,emailservice,emailservice-0,N/A,rrt,1773.21,1678.17,3406.68,1799.92,0.0551,0.6172\nnode,N/A,N/A,aiops-k8s-04,node_memory_usage_rate,53.6,35.88,71.23,37.85,0.3962,0.612\nservice,shippingservice,shippingservice-0,N/A,rrt_max,2931.5,4931.0,11357.45,6502.0,0.5086,0.5437\nservice,emailservice,emailservice-1,N/A,rrt_max,3260.5,3441.0,6448.27,10681.96,0.0539,0.4943\nnode,N/A,N/A,aiops-k8s-01,node_memory_usage_rate,37.83,36.9,61.16,37.31,0.0249,0.4843\nservice,paymentservice,paymentservice-1,N/A,rrt_max,1597.0,1438.0,3003.79,1877.96,0.1048,0.4612\nservice,paymentservice,paymentservice-2,N/A,rrt_max,1705.0,1725.0,3632.64,2299.84,0.0117,0.4493\nservice,currencyservice,currencyservice-1,N/A,rrt_max,5095.5,4717.0,12635.37,8122.92,0.0771,0.4348\nservice,shippingservice,shippingservice-2,N/A,rrt,1030.73,1271.58,2374.28,1595.25,0.2092,0.3925\nservice,paymentservice,paymentservice-1,N/A,rrt,1344.88,1234.5,2432.68,1638.53,0.0856,0.3901\nservice,recommendationservice,recommendationservice-2,N/A,rrt_max,12435.0,10749.0,17804.61,12039.84,0.1454,0.3863\nservice,cartservice,cartservice-2,N/A,rrt,1457.37,1316.2,2328.23,1635.17,0.1018,0.3497\nnode,N/A,N/A,aiops-k8s-04,node_memory_MemAvailable_bytes,7634069504.0,10614796288.0,11217190912.0,10627451125.76,0.3267,0.054\nnode,N/A,N/A,aiops-k8s-05,node_memory_MemAvailable_bytes,9335693312.0,8218705920.0,11392784465.92,8399530721.28,0.1273,0.3025\nservice,cartservice,cartservice-0,N/A,rrt_max,9748.0,11602.0,76243.78,56122.32,0.1737,0.304\nservice,cartservice,cartservice-0,N/A,rrt,1802.98,2002.91,3579.38,2675.25,0.1051,0.2891\nservice,shippingservice,shippingservice-0,N/A,rrt,1038.57,1160.37,1670.95,1250.45,0.1108,0.2879\nservice,redis,redis-cart-0,N/A,rrt,217.3,184.45,1082.0,819.57,0.1635,0.276\nnode,N/A,N/A,aiops-k8s-06,node_memory_usage_rate,25.76,28.79,38.86,29.5,0.1111,0.274\nservice,productcatalogservice,productcatalogservice-2,N/A,rrt_max,25705.5,25669.0,38526.68,29404.6,0.0014,0.2686\n", "unique_entities": {"service_name": ["adservice", "cartservice", "checkoutservice", "currencyservice", "emailservice", "frontend", "paymentservice", "productcatalogservice", "recommendationservice", "redis", "shippingservice", "tidb-pd", "tidb-tidb", "tidb-tikv"], "node_name": ["aiops-k8s-01", "aiops-k8s-02", "aiops-k8s-03", "aiops-k8s-04", "aiops-k8s-05", "aiops-k8s-06", "aiops-k8s-07", "aiops-k8s-08"], "pod_name": ["adservice-0", "adservice-1", "adservice-2", "cartservice-0", "cartservice-1", "cartservice-2", "checkoutservice-0", "checkoutservice-1", "checkoutservice-2", "currencyservice-0", "currencyservice-1", "currencyservice-2", "emailservice-0", "emailservice-1", "emailservice-2", "frontend-0", "frontend-1", "frontend-2", "paymentservice-0", "paymentservice-1", "paymentservice-2", "productcatalogservice-0", "productcatalogservice-1", "productcatalogservice-2", "recommendationservice-0", "recommendationservice-1", "recommendationservice-2", "redis-cart-0", "shippingservice-0", "shippingservice-1", "shippingservice-2"]}, "node_pod_mapping": {"aiops-k8s-01": ["checkoutservice-1", "recommendationservice-2", "productcatalogservice-2", "frontend-1", "shippingservice-0", "emailservice-1"], "aiops-k8s-02": [], "aiops-k8s-03": ["recommendationservice-1", "adservice-0", "shippingservice-2"], "aiops-k8s-04": ["paymentservice-2", "currencyservice-0", "checkoutservice-0", "frontend-0"], "aiops-k8s-05": ["cartservice-1", "paymentservice-1", "checkoutservice-2"], "aiops-k8s-06": ["productcatalogservice-1", "emailservice-2"], "aiops-k8s-07": ["adservice-1", "shippingservice-1", "emailservice-0", "currencyservice-1", "cartservice-0"], "aiops-k8s-08": ["redis-cart-0", "recommendationservice-0", "productcatalogservice-0", "paymentservice-0", "frontend-2", "currencyservice-2", "checkoutservice-2", "cartservice-2", "adservice-2", "checkoutservice-1"]}, "matched_anomaly": "Please analyze the abnormal event between 2025-06-17T17:10:03Z and 2025-06-17T17:15:03Z and provide the root cause.", "time_range": "2025-06-17 17:10:03+00:00 to 2025-06-17 17:15:03+00:00"}, "metric_data_collected": true, "node_pod_mapping": {"aiops-k8s-01": ["checkoutservice-1", "recommendationservice-2", "productcatalogservice-2", "frontend-1", "shippingservice-0", "emailservice-1"], "aiops-k8s-02": [], "aiops-k8s-03": ["recommendationservice-1", "adservice-0", "shippingservice-2"], "aiops-k8s-04": ["paymentservice-2", "currencyservice-0", "checkoutservice-0", "frontend-0"], "aiops-k8s-05": ["cartservice-1", "paymentservice-1", "checkoutservice-2"], "aiops-k8s-06": ["productcatalogservice-1", "emailservice-2"], "aiops-k8s-07": ["adservice-1", "shippingservice-1", "emailservice-0", "currencyservice-1", "cartservice-0"], "aiops-k8s-08": ["redis-cart-0", "recommendationservice-0", "productcatalogservice-0", "paymentservice-0", "frontend-2", "currencyservice-2", "checkoutservice-2", "cartservice-2", "adservice-2", "checkoutservice-1"]}, "raw_trace_result": {"status": "success", "message": "成功加载trace数据。UUID: 8e7a3965-336，共 18 个异常组合，0 个状态组合", "filtered_traces": "node_name,service_name,parent_pod,child_pod,operation_name,normal_avg_duration,anomaly_avg_duration,anomaly_count\naiops-k8s-01,productcatalogservice,frontend-1,productcatalogservice-2,hipstershop.ProductCatalogService/GetProduct,10037.802504364336,96953.97035507504,出现次数:4\naiops-k8s-06,productcatalogservice,frontend-2,productcatalogservice-1,hipstershop.ProductCatalogService/GetProduct,9681.241507356728,313189.7777966102,出现次数:3\naiops-k8s-06,productcatalogservice,recommendationservice-2,productcatalogservice-1,hipstershop.ProductCatalogService/ListProducts,60.870192855968696,96.0795086983128,出现次数:3\naiops-k8s-03,recommendationservice,recommendationservice-1,recommendationservice-1,/hipstershop.ProductCatalogService/ListProducts,2920.2195046731545,3992.151282051282,出现次数:3\naiops-k8s-01,frontend,frontend-1,frontend-1,hipstershop.RecommendationService/ListRecommendations,118341.52217149167,9371.778205128205,出现次数:3\naiops-k8s-03,recommendationservice,frontend-1,recommendationservice-1,/hipstershop.RecommendationService/ListRecommendations,4055.4658130664766,5411.738461538462,出现次数:2\naiops-k8s-01,checkoutservice,checkoutservice-1,checkoutservice-1,hipstershop.ProductCatalogService/GetProduct,14931.8978930114,3043499.75,出现次数:1\naiops-k8s-05,cartservice,checkoutservice-1,cartservice-1,POST /hipstershop.CartService/EmptyCart,2414.1330128205127,81064.0,出现次数:1\naiops-k8s-06,emailservice,checkoutservice-1,emailservice-2,/hipstershop.EmailService/SendOrderConfirmation,753.5763888888888,9687.0,出现次数:1\naiops-k8s-01,productcatalogservice,checkoutservice-1,productcatalogservice-2,hipstershop.ProductCatalogService/GetProduct,10765.387580645162,6071905.0,出现次数:1\naiops-k8s-01,frontend,frontend-1,frontend-1,hipstershop.ProductCatalogService/GetProduct,11203.635050935625,362113.6666666667,出现次数:1\naiops-k8s-01,frontend,frontend-1,frontend-1,hipstershop.CartService/GetCart,3932.5934219641285,11536.466666666667,出现次数:1\naiops-k8s-05,cartservice,frontend-1,cartservice-1,POST /hipstershop.CartService/GetCart,2260.29453503072,9962.0,出现次数:1\naiops-k8s-08,productcatalogservice,frontend-0,productcatalogservice-0,hipstershop.ProductCatalogService/GetProduct,9974.589102963795,540467.7407407408,出现次数:1\naiops-k8s-04,frontend,frontend-0,frontend-0,hipstershop.ProductCatalogService/GetProduct,11371.846083869175,542099.5802469136,出现次数:1\naiops-k8s-04,frontend,frontend-0,frontend-0,hipstershop.CheckoutService/PlaceOrder,148672.4155652128,12240059.0,出现次数:1\naiops-k8s-08,frontend,frontend-2,frontend-2,hipstershop.ProductCatalogService/GetProduct,11480.30423854856,918871.48,出现次数:1\naiops-k8s-01,shippingservice,frontend-2,shippingservice-0,hipstershop.ShippingService/GetQuote,200.7226244575042,451.6666666666667,出现次数:1\n", "unique_entities": {"pod_name": ["cartservice-1", "checkoutservice-1", "emailservice-2", "frontend-0", "frontend-1", "frontend-2", "productcatalogservice-0", "productcatalogservice-1", "productcatalogservice-2", "recommendationservice-1", "recommendationservice-2", "shippingservice-0"], "service_name": ["cartservice", "checkoutservice", "emailservice", "frontend", "productcatalogservice", "recommendationservice", "shippingservice"], "node_name": ["aiops-k8s-01", "aiops-k8s-03", "aiops-k8s-04", "aiops-k8s-05", "aiops-k8s-06", "aiops-k8s-08"]}, "status_combinations": "", "matched_anomaly": "Please analyze the abnormal event between 2025-06-17T17:10:03Z and 2025-06-17T17:15:03Z and provide the root cause.", "time_range": "2025-06-17 17:10:03+00:00 to 2025-06-17 17:15:03+00:00"}, "trace_data_collected": true, "log_analysis_findings": "根据对指定时间段的日志分析，未检测到任何错误日志。这表明在这个时间范围内没有明显的异常事件记录。\n\n```json\n{\n  \"stance\": \"NEUTRAL\",\n  \"detected_log_keys\": [],\n  \"hypotheses\": []\n}\n```", "metric_analysis_findings": "```json\n{\n  \"stance\": \"NEUTRAL\",\n  \"detected_metric_keys\": [\n    \"region_pending\",\n    \"io_util\",\n    \"node_memory_usage_rate\"\n  ],\n  \"hypotheses\": [\n    {\n      \"component\": \"tidb-tikv\",\n      \"reason\": \"Significant increase in region_pending and io_util metrics, indicating potential database performance bottleneck.\",\n      \"evidence\": \"region_pending median increased from 10460.5 to 759.0, io_util p99 increased significantly. Median change ratio for region_pending was 1.7294 and p99 change ratio was 1.9728.\"\n    },\n    {\n      \"component\": \"aiops-k8s-04\",\n      \"reason\": \"Decrease in node_memory_usage_rate suggests a release of memory pressure.\",\n      \"evidence\": \"node_memory_usage_rate median decreased from 53.6 to 35.88, with a median change ratio of 0.3962.\"\n    }\n  ]\n}\n```", "trace_analysis_findings": "通过分析提供的调用链数据，我们发现如下异常现象：\n\n1. **显著延迟链路**：\n   - `frontend->productcatalogservice` 在多个节点上均表现出高延迟，延迟倍数显著超过2.0倍，如在 `frontend` 节点到 `productcatalogservice` 的耗时从正常约10,000ms 增长到异常期间的918,871ms。\n   - `checkoutservice->productcatalogservice` 的调用链在从 `checkoutservice` 到 `productcatalogservice` 时出现了极大的延迟，耗时从正常的约10,765ms 增长到异常期间的6,071,905ms。\n\n2. **异常服务与调用关系**：\n   - **根因推测**：`productcatalogservice` 服务在多个路径上均出现了显著延迟，这可能是由于该服务本身负载过大、内部资源瓶颈或依赖的数据库服务（如 TiDB）响应缓慢导致。\n   - `checkoutservice` 显示了异常的长耗时，特别是在与 `cartservice` 和 `emailservice` 的交互中，这可能是因为上游 `productcatalogservice` 延迟导致的传播效应。\n\n3. **可能的错误传播路径**：\n   - 由 `checkoutservice` 调用 `productcatalogservice` 再到多个 `frontend` 服务的调用链都出现大幅延迟，提示 `productcatalogservice` 是一个瓶颈点。\n\n### JSON输出\n```json\n{\n  \"stance\": \"NEUTRAL\",\n  \"detected_trace_keys\": [\n    \"latency_spike\",\n    \"frontend->productcatalogservice\",\n    \"checkoutservice->productcatalogservice\",\n    \"recommendationservice->productcatalogservice\"\n  ],\n  \"hypotheses\": [\n    {\n      \"component\": \"productcatalogservice\",\n      \"reason\": \"latency_spike in multiple upstream services\",\n      \"evidence\": \"延迟从正常的10,000ms增加到异常期间的918,871ms及更高\"\n    },\n    {\n      \"component\": \"checkoutservice\",\n      \"reason\": \"propagation of delays from productcatalogservice\",\n      \"evidence\": \"checkoutservice调用productcatalogservice的延迟达到异常的6,071,905ms\"\n    }\n  ]\n}\n```\n\n这些异常可能需要对 `productcatalogservice` 的性能进行调优，或者检查其与其他服务或数据库的交互。"}
2026-01-04 12:07:55,977 - RootCauseAnalysis - INFO - [Tool Call] consensus_discussion_agent
2026-01-04 12:07:55,978 - RootCauseAnalysis - INFO -     Args: {'request': '启动专家讨论'}...
2026-01-04 12:07:55,978 - RootCauseAnalysis - INFO - ============================================================
2026-01-04 12:07:55,978 - RootCauseAnalysis - INFO - CONSENSUS ANALYSIS - Round 0
2026-01-04 12:07:55,978 - RootCauseAnalysis - INFO - Current Hypothesis: （等待写入...）
2026-01-04 12:07:55,978 - RootCauseAnalysis - INFO - ============================================================
2026-01-04 12:08:00,194 - RootCauseAnalysis - INFO - CONSENSUS AGENT OUTPUT PARSED:
2026-01-04 12:08:00,194 - RootCauseAnalysis - INFO -   - Status: NEUTRAL
2026-01-04 12:08:00,194 - RootCauseAnalysis - INFO -   - New Hypothesis: productcatalogservice slow due to tidb-tikv performance bottlenecks
2026-01-04 12:08:00,194 - RootCauseAnalysis - INFO -   - Reasoning: Significant region_pending and io_util increases suggest database performance bottleneck, causing upstream service delays in productcatalogservice.
2026-01-04 12:08:00,194 - RootCauseAnalysis - WARNING - Unknown status 'NEUTRAL'. Continuing loop...
2026-01-04 12:08:00,195 - RootCauseAnalysis - INFO - ============================================================
2026-01-04 12:08:00,195 - RootCauseAnalysis - INFO - METRIC ANALYSIS - Starting
2026-01-04 12:08:00,195 - RootCauseAnalysis - INFO - ============================================================
2026-01-04 12:08:00,195 - RootCauseAnalysis - INFO - METRIC AGENT - Verifying Hypothesis: productcatalogservice slow due...
2026-01-04 12:08:00,195 - RootCauseAnalysis - INFO - ============================================================
2026-01-04 12:08:00,195 - RootCauseAnalysis - INFO - LOG ANALYSIS - Starting
2026-01-04 12:08:00,195 - RootCauseAnalysis - INFO - ============================================================
2026-01-04 12:08:00,195 - RootCauseAnalysis - INFO - LOG AGENT - Initial Scanning
2026-01-04 12:08:00,195 - RootCauseAnalysis - INFO - ============================================================
2026-01-04 12:08:00,195 - RootCauseAnalysis - INFO - TRACE ANALYSIS - Starting
2026-01-04 12:08:00,195 - RootCauseAnalysis - INFO - ============================================================
2026-01-04 12:08:00,195 - RootCauseAnalysis - INFO - TRACE AGENT - Verifying Hypothesis: productcatalogservice slow due...
2026-01-04 12:08:03,697 - RootCauseAnalysis - WARNING - LOG AGENT - Log data not collected.
2026-01-04 12:08:04,818 - RootCauseAnalysis - INFO - METRIC AGENT - Analysis Completed
2026-01-04 12:08:16,713 - RootCauseAnalysis - INFO - TRACE AGENT - Analysis Completed
2026-01-04 12:08:16,714 - RootCauseAnalysis - INFO - ============================================================
2026-01-04 12:08:16,714 - RootCauseAnalysis - INFO - CONSENSUS ANALYSIS - Round 1
2026-01-04 12:08:16,714 - RootCauseAnalysis - INFO - Current Hypothesis: productcatalogservice slow due to tidb-tikv performance bottlenecks
2026-01-04 12:08:16,714 - RootCauseAnalysis - INFO - ============================================================
2026-01-04 12:08:24,424 - RootCauseAnalysis - INFO - CONSENSUS AGENT OUTPUT PARSED:
2026-01-04 12:08:24,424 - RootCauseAnalysis - INFO -   - Status: DISAGREED
2026-01-04 12:08:24,424 - RootCauseAnalysis - INFO -   - New Hypothesis: 'productcatalogservice slow due to tidb-tikv performance bottlenecks' is not fully supported.
2026-01-04 12:08:24,425 - RootCauseAnalysis - INFO -   - Reasoning: While trace data confirms significant latency in productcatalogservice, there is no direct evidence linking this to tidb-tikv's region_pending and io_util metrics anomalies. Further database analysis is needed.
2026-01-04 12:08:24,425 - RootCauseAnalysis - INFO - >>> CONSENSUS NOT REACHED. Updating hypothesis and continuing loop. <<<
2026-01-04 12:08:24,425 - RootCauseAnalysis - INFO - ============================================================
2026-01-04 12:08:24,425 - RootCauseAnalysis - INFO - METRIC ANALYSIS - Starting
2026-01-04 12:08:24,425 - RootCauseAnalysis - INFO - ============================================================
2026-01-04 12:08:24,425 - RootCauseAnalysis - INFO - METRIC AGENT - Verifying Hypothesis: 'productcatalogservice slow du...
2026-01-04 12:08:24,425 - RootCauseAnalysis - INFO - ============================================================
2026-01-04 12:08:24,425 - RootCauseAnalysis - INFO - LOG ANALYSIS - Starting
2026-01-04 12:08:24,425 - RootCauseAnalysis - INFO - ============================================================
2026-01-04 12:08:24,425 - RootCauseAnalysis - INFO - LOG AGENT - Initial Scanning
2026-01-04 12:08:24,425 - RootCauseAnalysis - INFO - ============================================================
2026-01-04 12:08:24,425 - RootCauseAnalysis - INFO - TRACE ANALYSIS - Starting
2026-01-04 12:08:24,425 - RootCauseAnalysis - INFO - ============================================================
2026-01-04 12:08:24,425 - RootCauseAnalysis - INFO - TRACE AGENT - Verifying Hypothesis: 'productcatalogservice slow du...
2026-01-04 12:08:27,053 - RootCauseAnalysis - INFO - METRIC AGENT - Analysis Completed
2026-01-04 12:08:28,563 - RootCauseAnalysis - WARNING - LOG AGENT - Log data not collected.
2026-01-04 12:08:28,823 - RootCauseAnalysis - INFO - TRACE AGENT - Analysis Completed
2026-01-04 12:08:28,823 - RootCauseAnalysis - INFO - ============================================================
2026-01-04 12:08:28,823 - RootCauseAnalysis - INFO - CONSENSUS ANALYSIS - Round 2
2026-01-04 12:08:28,823 - RootCauseAnalysis - INFO - Current Hypothesis: 'productcatalogservice slow due to tidb-tikv performance bottlenecks' is not fully supported.
2026-01-04 12:08:28,823 - RootCauseAnalysis - INFO - ============================================================
2026-01-04 12:08:38,632 - RootCauseAnalysis - INFO - CONSENSUS AGENT OUTPUT PARSED:
2026-01-04 12:08:38,632 - RootCauseAnalysis - INFO -   - Status: DISAGREED
2026-01-04 12:08:38,632 - RootCauseAnalysis - INFO -   - New Hypothesis: 'productcatalogservice slow due to tidb-tikv performance bottlenecks' is not fully supported.
2026-01-04 12:08:38,632 - RootCauseAnalysis - INFO -   - Reasoning: Experts unanimously reject the assumption that tidb-tikv is the cause of productcatalogservice slowness. While notable latency spikes were detected in productcatalogservice, no direct trace path or metric correlation links this to tidb-tikv's performance anomalies (e.g., region_pending, io_util). Further investigations on database logs and extended trace data are required.
2026-01-04 12:08:38,632 - RootCauseAnalysis - INFO - >>> CONSENSUS NOT REACHED. Updating hypothesis and continuing loop. <<<
2026-01-04 12:08:38,632 - RootCauseAnalysis - INFO - ============================================================
2026-01-04 12:08:38,632 - RootCauseAnalysis - INFO - METRIC ANALYSIS - Starting
2026-01-04 12:08:38,632 - RootCauseAnalysis - INFO - ============================================================
2026-01-04 12:08:38,632 - RootCauseAnalysis - INFO - METRIC AGENT - Verifying Hypothesis: 'productcatalogservice slow du...
2026-01-04 12:08:38,632 - RootCauseAnalysis - INFO - ============================================================
2026-01-04 12:08:38,632 - RootCauseAnalysis - INFO - LOG ANALYSIS - Starting
2026-01-04 12:08:38,632 - RootCauseAnalysis - INFO - ============================================================
2026-01-04 12:08:38,632 - RootCauseAnalysis - INFO - LOG AGENT - Initial Scanning
2026-01-04 12:08:38,632 - RootCauseAnalysis - INFO - ============================================================
2026-01-04 12:08:38,632 - RootCauseAnalysis - INFO - TRACE ANALYSIS - Starting
2026-01-04 12:08:38,632 - RootCauseAnalysis - INFO - ============================================================
2026-01-04 12:08:38,632 - RootCauseAnalysis - INFO - TRACE AGENT - Verifying Hypothesis: 'productcatalogservice slow du...
2026-01-04 12:08:43,274 - RootCauseAnalysis - INFO - METRIC AGENT - Analysis Completed
2026-01-04 12:08:43,510 - RootCauseAnalysis - WARNING - LOG AGENT - Log data not collected.
2026-01-04 12:08:46,557 - RootCauseAnalysis - INFO - TRACE AGENT - Analysis Completed
2026-01-04 12:08:46,558 - RootCauseAnalysis - INFO - ============================================================
2026-01-04 12:08:46,558 - RootCauseAnalysis - INFO - CONSENSUS ANALYSIS - Round 3
2026-01-04 12:08:46,558 - RootCauseAnalysis - INFO - Current Hypothesis: 'productcatalogservice slow due to tidb-tikv performance bottlenecks' is not fully supported.
2026-01-04 12:08:46,558 - RootCauseAnalysis - INFO - ============================================================
2026-01-04 12:08:52,612 - RootCauseAnalysis - INFO - CONSENSUS AGENT OUTPUT PARSED:
2026-01-04 12:08:52,613 - RootCauseAnalysis - INFO -   - Status: DISAGREED
2026-01-04 12:08:52,613 - RootCauseAnalysis - INFO -   - New Hypothesis: 'productcatalogservice slow due to tidb-tikv performance bottlenecks' is not fully supported.
2026-01-04 12:08:52,613 - RootCauseAnalysis - INFO -   - Reasoning: Trace data and metric anomalies suggest latency in productcatalogservice but lack direct evidence linking it to tidb-tikv's performance issues. Further data is needed for conclusive analysis.
2026-01-04 12:08:52,613 - RootCauseAnalysis - INFO - >>> CONSENSUS NOT REACHED. Updating hypothesis and continuing loop. <<<
2026-01-04 12:08:52,613 - RootCauseAnalysis - INFO - ============================================================
2026-01-04 12:08:52,613 - RootCauseAnalysis - INFO - METRIC ANALYSIS - Starting
2026-01-04 12:08:52,613 - RootCauseAnalysis - INFO - ============================================================
2026-01-04 12:08:52,613 - RootCauseAnalysis - INFO - METRIC AGENT - Verifying Hypothesis: 'productcatalogservice slow du...
2026-01-04 12:08:52,613 - RootCauseAnalysis - INFO - ============================================================
2026-01-04 12:08:52,613 - RootCauseAnalysis - INFO - LOG ANALYSIS - Starting
2026-01-04 12:08:52,613 - RootCauseAnalysis - INFO - ============================================================
2026-01-04 12:08:52,613 - RootCauseAnalysis - INFO - LOG AGENT - Initial Scanning
2026-01-04 12:08:52,613 - RootCauseAnalysis - INFO - ============================================================
2026-01-04 12:08:52,613 - RootCauseAnalysis - INFO - TRACE ANALYSIS - Starting
2026-01-04 12:08:52,613 - RootCauseAnalysis - INFO - ============================================================
2026-01-04 12:08:52,613 - RootCauseAnalysis - INFO - TRACE AGENT - Verifying Hypothesis: 'productcatalogservice slow du...
2026-01-04 12:08:57,404 - RootCauseAnalysis - INFO - METRIC AGENT - Analysis Completed
2026-01-04 12:08:58,598 - RootCauseAnalysis - INFO - TRACE AGENT - Analysis Completed
2026-01-04 12:08:59,639 - RootCauseAnalysis - WARNING - LOG AGENT - Log data not collected.
2026-01-04 12:08:59,640 - RootCauseAnalysis - INFO - ============================================================
2026-01-04 12:08:59,640 - RootCauseAnalysis - INFO - CONSENSUS ANALYSIS - Round 4
2026-01-04 12:08:59,640 - RootCauseAnalysis - INFO - Current Hypothesis: 'productcatalogservice slow due to tidb-tikv performance bottlenecks' is not fully supported.
2026-01-04 12:08:59,640 - RootCauseAnalysis - INFO - ============================================================
2026-01-04 12:09:07,998 - RootCauseAnalysis - INFO - CONSENSUS AGENT OUTPUT PARSED:
2026-01-04 12:09:07,998 - RootCauseAnalysis - INFO -   - Status: DISAGREED
2026-01-04 12:09:07,998 - RootCauseAnalysis - INFO -   - New Hypothesis: 'productcatalogservice slow due to tidb-tikv performance bottlenecks' is not fully supported.
2026-01-04 12:09:07,998 - RootCauseAnalysis - INFO -   - Reasoning: Trace data confirms latency spikes in productcatalogservice but lacks a direct dependency chain linking tidb-tikv anomalies (e.g., region_pending, io_util) to this bottleneck. Logs, metrics, and traces are inconclusive in establishing tidb-tikv as the root cause.
2026-01-04 12:09:07,998 - RootCauseAnalysis - INFO - >>> CONSENSUS NOT REACHED. Updating hypothesis and continuing loop. <<<
2026-01-04 12:09:07,998 - RootCauseAnalysis - INFO - ============================================================
2026-01-04 12:09:07,998 - RootCauseAnalysis - INFO - METRIC ANALYSIS - Starting
2026-01-04 12:09:07,998 - RootCauseAnalysis - INFO - ============================================================
2026-01-04 12:09:07,998 - RootCauseAnalysis - INFO - METRIC AGENT - Verifying Hypothesis: 'productcatalogservice slow du...
2026-01-04 12:09:07,998 - RootCauseAnalysis - INFO - ============================================================
2026-01-04 12:09:07,998 - RootCauseAnalysis - INFO - LOG ANALYSIS - Starting
2026-01-04 12:09:07,998 - RootCauseAnalysis - INFO - ============================================================
2026-01-04 12:09:07,998 - RootCauseAnalysis - INFO - LOG AGENT - Initial Scanning
2026-01-04 12:09:07,998 - RootCauseAnalysis - INFO - ============================================================
2026-01-04 12:09:07,998 - RootCauseAnalysis - INFO - TRACE ANALYSIS - Starting
2026-01-04 12:09:07,998 - RootCauseAnalysis - INFO - ============================================================
2026-01-04 12:09:07,998 - RootCauseAnalysis - INFO - TRACE AGENT - Verifying Hypothesis: 'productcatalogservice slow du...
2026-01-04 12:09:12,134 - RootCauseAnalysis - INFO - METRIC AGENT - Analysis Completed
2026-01-04 12:09:13,515 - RootCauseAnalysis - INFO - TRACE AGENT - Analysis Completed
2026-01-04 12:09:19,746 - RootCauseAnalysis - WARNING - LOG AGENT - Log data not collected.
2026-01-04 12:09:19,747 - RootCauseAnalysis - INFO - ============================================================
2026-01-04 12:09:19,747 - RootCauseAnalysis - INFO - CONSENSUS ANALYSIS - Round 5
2026-01-04 12:09:19,747 - RootCauseAnalysis - INFO - Current Hypothesis: 'productcatalogservice slow due to tidb-tikv performance bottlenecks' is not fully supported.
2026-01-04 12:09:19,747 - RootCauseAnalysis - INFO - ============================================================
2026-01-04 12:09:27,454 - RootCauseAnalysis - INFO - CONSENSUS AGENT OUTPUT PARSED:
2026-01-04 12:09:27,454 - RootCauseAnalysis - INFO -   - Status: DISAGREED
2026-01-04 12:09:27,454 - RootCauseAnalysis - INFO -   - New Hypothesis: 'productcatalogservice slow due to tidb-tikv performance bottlenecks' is not fully supported.
2026-01-04 12:09:27,454 - RootCauseAnalysis - INFO -   - Reasoning: Trace data confirms latency spikes in productcatalogservice but lacks a direct dependency chain linking tidb-tikv anomalies (e.g., region_pending, io_util) to this bottleneck. Logs, metrics, and traces are inconclusive in establishing tidb-tikv as the root cause.
2026-01-04 12:09:27,454 - RootCauseAnalysis - INFO - >>> CONSENSUS NOT REACHED. Updating hypothesis and continuing loop. <<<
2026-01-04 12:09:27,454 - RootCauseAnalysis - INFO - ============================================================
2026-01-04 12:09:27,454 - RootCauseAnalysis - INFO - METRIC ANALYSIS - Starting
2026-01-04 12:09:27,455 - RootCauseAnalysis - INFO - ============================================================
2026-01-04 12:09:27,455 - RootCauseAnalysis - INFO - METRIC AGENT - Verifying Hypothesis: 'productcatalogservice slow du...
2026-01-04 12:09:27,455 - RootCauseAnalysis - INFO - ============================================================
2026-01-04 12:09:27,455 - RootCauseAnalysis - INFO - LOG ANALYSIS - Starting
2026-01-04 12:09:27,455 - RootCauseAnalysis - INFO - ============================================================
2026-01-04 12:09:27,455 - RootCauseAnalysis - INFO - LOG AGENT - Initial Scanning
2026-01-04 12:09:27,455 - RootCauseAnalysis - INFO - ============================================================
2026-01-04 12:09:27,455 - RootCauseAnalysis - INFO - TRACE ANALYSIS - Starting
2026-01-04 12:09:27,455 - RootCauseAnalysis - INFO - ============================================================
2026-01-04 12:09:27,455 - RootCauseAnalysis - INFO - TRACE AGENT - Verifying Hypothesis: 'productcatalogservice slow du...
2026-01-04 12:09:34,676 - RootCauseAnalysis - INFO - METRIC AGENT - Analysis Completed
2026-01-04 12:09:34,788 - RootCauseAnalysis - WARNING - LOG AGENT - Log data not collected.
2026-01-04 12:09:39,915 - RootCauseAnalysis - INFO - TRACE AGENT - Analysis Completed
2026-01-04 12:09:39,916 - RootCauseAnalysis - INFO - [Tool Resp] consensus_discussion_agent
2026-01-04 12:09:39,916 - RootCauseAnalysis - INFO -     Result: {'result': '感谢提供最终裁决和后续行动建议的内容！以下是总结补充和建议的具体分析：\n\n---\n\n### 裁决总结要点\n1. **`productcatalogservice slow` 成立**：\n   - 确认 `productcatalogservice` 是调用链中主要延迟瓶颈，通过 Trace 数据明确其影响到多个上游服务（如 frontend 和 checkoutservice）。\n   \n2. **`due to tidb-tikv performance bottlenecks` 不成立**：\n   - 尽管监控发现 TiDB 指标异常（如 `region_pending` 和 `io_util`），但 Trace 数据无法显示 `productcatalogservice` 和 `tidb-tikv` 性能问题的直接依赖关系，无法将其认定为延迟的根因。\n\n3. **裁定结果 JSON 输出**：  \n   清晰地表明假设的第一部分成立，而第二部分无法被支持。\n\n---\n\n### 后续行动建议分解\n\n以下是对提出调查步骤的进...
2026-01-04 12:09:39,916 - RootCauseAnalysis - INFO - [State Update] {"consensus_iteration": 6, "consensus_decision": "DISAGREED", "current_hypothesis": "'productcatalogservice slow due to tidb-tikv performance bottlenecks' is not fully supported.", "current_task_instruction": "当前处于【假设验证阶段】。\n待验证的根因假设是：''productcatalogservice slow due to tidb-tikv performance bottlenecks' is not fully supported.'。\n请基于 Trace 数据判断该假设是否成立。\n重点：请在返回 JSON 的 'stance' 字段中明确标记 'SUPPORT' 或 'OPPOSE'。", "log_analysis_findings": "您的总结非常完整，涵盖了当前分析的各个重要方面。以下是确认最终裁决的一致性声明和经过整理后的行动计划，针对如何更深入探查 `productcatalogservice` 性能瓶颈及潜在根因：\n\n### 裁决一致性总结\n\n**确认成立的部分**\n- `productcatalogservice slow`：Trace 数据清晰表明这一服务是多个调用链中的瓶颈，影响显著。\n\n**否定的部分**\n- `due to tidb-tikv performance bottlenecks`：尽管存在性能指标异常，但无法从 Trace 或 Metric 数据中得到直接的因果链条以支持这样的假设。\n\n最终 JSON 输出如下：\n\n```json\n{\n  \"status\": \"DISAGREED\",\n  \"hypothesis\": \"'productcatalogservice slow due to tidb-tikv performance bottlenecks' is not fully supported.\",\n  \"reasoning\": \"Trace data confirms latency spikes in productcatalogservice but lacks a direct dependency chain linking tidb-tikv anomalies (e.g., region_pending, io_util) to this bottleneck. Logs, metrics, and traces are inconclusive in establishing tidb-tikv as the root cause.\"\n}\n```\n\n### 后续调查行动建议\n\n1. **数据库层面的深入诊断**\n   - 分析 TiDB 和 TiKV 在事件高峰期的性能日志，关注异常现象如 `region_pending` 增加、`io_util` 异常等。\n   - 尝试识别数据库内的潜在锁争用问题，并评估磁盘 I/O 限制对性能的影响。\n   - 监测 TiKV 节点的稳定性，特别是涉及副本的一致性和写入操作的健康程度。\n\n2. **扩展 Trace 数据**\n   - 增大 Trace 的采样率，以捕获更精细的调用数据，尤其是 `productcatalogservice` 与 `tidb-tikv` 之间所有可能的交互路径。\n   - 确保无遗漏所有直接或间接的服务调用链条件，尤其是在更加复杂的服务交互情况下。\n\n3. **详细的网络性能分析**\n   - 对网络的跨节点传输进行详细诊断，识别可能的延迟源、数据包丢失或配置异常（例如 MTU 问题）。\n   - 保障网络服务的正常运行以避免潜在的延迟积累对性能的进一步负面影响。\n\n4. **依赖服务交互的全面评估**\n   - 评估 frontend 和 checkoutservice 与 `productcatalogservice` 交互过程中的潜在影响，确认其在调用链中是否存在放大瓶颈作用。\n   - 查看 Redis 缓存或其他存储层次的存取效率，避免因缓存机制失效带来的性能损伤。\n\n通过上述建议的步骤，将能更系统地掌握系统整体性能动态，应对该问题的挑战。分析结果将帮助进一步制定和优化相关性能改善计划。", "metric_analysis_findings": "以下是基于所有专家分析和裁决结果的总结及后续行动计划：\n\n### 裁决关键点\n\n1. **已确立的瓶颈**:\n   - 确认 `productcatalogservice` 的延迟对调用链带来了显著影响。这是当前问题的主要症状。\n\n2. **未被支持的假设**:\n   - 假设 `tidb-tikv` 的性能问题是 `productcatalogservice` 延迟的根因无法成立。现有的 Trace 数据和 Metric 数据中没有发现直接因果关联。\n\n---\n\n### 后续行动步骤\n\n为深入挖掘问题的真正根因，我们建议执行以下深入调查和分析：\n\n#### 1. 数据库性能诊断\n- **关注资源瓶颈**:\n  - 分析 TiKV 相关性能指标（如 region_pending 和 io_util）。\n  - 检查是否存在写入压力（如高并发和锁争用）或磁盘 I/O 性能问题。\n- **数据库内部诊断**:\n  - 分析 TiDB 和 TiKV 节点日志，识别可能潜在的硬件或系统级别异常（如副本断开、硬盘健康状况）。\n\n#### 2. Trace 数据细化与扩展\n- 提高 Trace 数据的采样率，尤其是针对高频调用场景。\n- 在 `productcatalogservice` 所有上下游交互中，追踪所有潜在的路径至 `tidb-tikv`。\n- 确定是否有隐藏的或者间接的调用关系未被捕捉。\n\n#### 3. 网络性能检查\n- **跨节点通信**:\n    - 检查服务间通信的网络延迟、丢包率和带宽状况。\n    - 验证是否存在网络异常或配置问题，例如 MTU 限制。\n- **拥塞或流量异常**:\n    - 分析瞬时性网络瓶颈对系统调用链扩大的影响，并修正异常的网络配置。\n\n#### 4. 上下游及缓存评估\n- 进一步排查 frontend 和 checkoutservice, 确定其调用 `productcatalogservice` 时是否放大了延迟问题。\n- 分析缓存层（如 Redis）的稳定性，确保没有出现缓存击穿或未命中导致的潜在问题。\n\n---\n\n### 目标与重点\n\n执行以上建议的目的是：  \n1. **准确定位根因**:\n   - 利用更多的细粒度数据，排除假设偏差，从硬件、网络到服务逻辑全面排查。\n2. **优化瓶颈关键点**:\n   - 一旦确认根因，可积极采取改进措施，逐步减少性能瓶颈对系统其他部分的影响。\n3. **健壮性提升**:\n   - 提供更可靠的架构设计和配置优化，以减少类似问题再次发生的可能。\n\n通过更深入的验证和分析，可以确定具体的瓶颈，最终将根本性解决 `productcatalogservice` 延迟问题对整体服务的负面影响。", "raw_trace_result": {"status": "success", "message": "成功加载trace数据。UUID: 8e7a3965-336，共 18 个异常组合，0 个状态组合", "filtered_traces": "node_name,service_name,parent_pod,child_pod,operation_name,normal_avg_duration,anomaly_avg_duration,anomaly_count\naiops-k8s-01,productcatalogservice,frontend-1,productcatalogservice-2,hipstershop.ProductCatalogService/GetProduct,10037.802504364336,96953.97035507504,出现次数:4\naiops-k8s-06,productcatalogservice,frontend-2,productcatalogservice-1,hipstershop.ProductCatalogService/GetProduct,9681.241507356728,313189.7777966102,出现次数:3\naiops-k8s-06,productcatalogservice,recommendationservice-2,productcatalogservice-1,hipstershop.ProductCatalogService/ListProducts,60.870192855968696,96.0795086983128,出现次数:3\naiops-k8s-03,recommendationservice,recommendationservice-1,recommendationservice-1,/hipstershop.ProductCatalogService/ListProducts,2920.2195046731545,3992.151282051282,出现次数:3\naiops-k8s-01,frontend,frontend-1,frontend-1,hipstershop.RecommendationService/ListRecommendations,118341.52217149167,9371.778205128205,出现次数:3\naiops-k8s-03,recommendationservice,frontend-1,recommendationservice-1,/hipstershop.RecommendationService/ListRecommendations,4055.4658130664766,5411.738461538462,出现次数:2\naiops-k8s-01,checkoutservice,checkoutservice-1,checkoutservice-1,hipstershop.ProductCatalogService/GetProduct,14931.8978930114,3043499.75,出现次数:1\naiops-k8s-05,cartservice,checkoutservice-1,cartservice-1,POST /hipstershop.CartService/EmptyCart,2414.1330128205127,81064.0,出现次数:1\naiops-k8s-06,emailservice,checkoutservice-1,emailservice-2,/hipstershop.EmailService/SendOrderConfirmation,753.5763888888888,9687.0,出现次数:1\naiops-k8s-01,productcatalogservice,checkoutservice-1,productcatalogservice-2,hipstershop.ProductCatalogService/GetProduct,10765.387580645162,6071905.0,出现次数:1\naiops-k8s-01,frontend,frontend-1,frontend-1,hipstershop.ProductCatalogService/GetProduct,11203.635050935625,362113.6666666667,出现次数:1\naiops-k8s-01,frontend,frontend-1,frontend-1,hipstershop.CartService/GetCart,3932.5934219641285,11536.466666666667,出现次数:1\naiops-k8s-05,cartservice,frontend-1,cartservice-1,POST /hipstershop.CartService/GetCart,2260.29453503072,9962.0,出现次数:1\naiops-k8s-08,productcatalogservice,frontend-0,productcatalogservice-0,hipstershop.ProductCatalogService/GetProduct,9974.589102963795,540467.7407407408,出现次数:1\naiops-k8s-04,frontend,frontend-0,frontend-0,hipstershop.ProductCatalogService/GetProduct,11371.846083869175,542099.5802469136,出现次数:1\naiops-k8s-04,frontend,frontend-0,frontend-0,hipstershop.CheckoutService/PlaceOrder,148672.4155652128,12240059.0,出现次数:1\naiops-k8s-08,frontend,frontend-2,frontend-2,hipstershop.ProductCatalogService/GetProduct,11480.30423854856,918871.48,出现次数:1\naiops-k8s-01,shippingservice,frontend-2,shippingservice-0,hipstershop.ShippingService/GetQuote,200.7226244575042,451.6666666666667,出现次数:1\n", "unique_entities": {"pod_name": ["cartservice-1", "checkoutservice-1", "emailservice-2", "frontend-0", "frontend-1", "frontend-2", "productcatalogservice-0", "productcatalogservice-1", "productcatalogservice-2", "recommendationservice-1", "recommendationservice-2", "shippingservice-0"], "service_name": ["cartservice", "checkoutservice", "emailservice", "frontend", "productcatalogservice", "recommendationservice", "shippingservice"], "node_name": ["aiops-k8s-01", "aiops-k8s-03", "aiops-k8s-04", "aiops-k8s-05", "aiops-k8s-06", "aiops-k8s-08"]}, "status_combinations": "", "matched_anomaly": "Please analyze the abnormal event between 2025-06-17T17:10:03Z and 2025-06-17T17:15:03Z and provide the root cause.", "time_range": "2025-06-17 17:10:03+00:00 to 2025-06-17 17:15:03+00:00"}, "trace_data_collected": true, "trace_analysis_findings": "感谢提供最终裁决和后续行动建议的内容！以下是总结补充和建议的具体分析：\n\n---\n\n### 裁决总结要点\n1. **`productcatalogservice slow` 成立**：\n   - 确认 `productcatalogservice` 是调用链中主要延迟瓶颈，通过 Trace 数据明确其影响到多个上游服务（如 frontend 和 checkoutservice）。\n   \n2. **`due to tidb-tikv performance bottlenecks` 不成立**：\n   - 尽管监控发现 TiDB 指标异常（如 `region_pending` 和 `io_util`），但 Trace 数据无法显示 `productcatalogservice` 和 `tidb-tikv` 性能问题的直接依赖关系，无法将其认定为延迟的根因。\n\n3. **裁定结果 JSON 输出**：  \n   清晰地表明假设的第一部分成立，而第二部分无法被支持。\n\n---\n\n### 后续行动建议分解\n\n以下是对提出调查步骤的进一步分解和扩展，旨在确保问题追溯全面覆盖：\n\n#### 1. 数据库性能验证\n- **目的**：\n  - 确认 TiDB/TiKV `region_pending` 和 `io_util` 异常的具体来源。\n  - 确定数据库性能瓶颈是否在全局影响下游调用（如锁争用和 I/O 瓶颈）。\n\n- **建议操作**：\n  - **性能日志分析**：优先关注运行日志中的 RocksDB 磁盘 I/O 记录、高并发查询下备份队列状态等。\n  - **节点状态监控**：如果 TiKV 副本因网络异常或硬件问题断开，这可能增加写入延迟，从而放大 `region_pending`。\n  - **查询模式分析**：检查是否有长时间运行查询或热点数据区造成过载。\n\n---\n\n#### 2. 扩展 Trace 数据\n- **目的**：\n  - 确保完整捕捉从 `productcatalogservice` 到 `tidb-tikv` 的调用链路，并找出可能被忽略的路径。\n  \n- **建议操作**：\n  - 提升 Trace 系统的采样率，特别是在高延迟请求的时间段内采集更多样本。\n  - 分析 `productcatalogservice` 的内部调用，聚焦任何可能的下游依赖。\n  - 如果 Trace 工具支持全链路重现功能，重放关键调用以捕捉未见的上下游交互。\n\n---\n\n#### 3. 网络性能分析\n- **目的**：\n  - 确保跨节点网络通信在瓶颈传递过程中没有产生延迟或丢包。\n  \n- **建议操作**：\n  - **链路测试**：通过工具（如 Netperf 或 Ping）检查节点间的延迟和稳定性。\n  - **流量监控**：重点查看网络峰值期间 TCP 重传和队列堆积（特别是跨区域的服务通信）。\n  - **MTU 侦测**：确保网络 MTU 配置不会导致包重新分段问题，影响吞吐量。\n\n---\n\n#### 4. 依赖服务的详细检查\n- **目的**：\n  - 确保 `frontend` 和 `checkoutservice` 调用 `productcatalogservice` 时其自身没有瓶颈，同时避免延迟被递归放大。\n\n- **建议操作**：\n  - 检查 Redis 或类似缓存服务的状态，特别是缓存命中率和失效模式。\n  - 分析 `frontend` 和 `checkoutservice` 的服务负载，包括是否存在线程池耗尽问题。\n  - 排查其他相关存储后端，例如队列或外部 API 调用的延时节点。\n\n---\n\n### 建议总结\n\n当前裁定明确指出了需要从数据库、调用链、网络和上游服务多层次进行补充分析。这些措施结合以下重点能够加速根因的定位：\n1. **多维数据交叉分析**：将 Trace 数据、Metric 和 Log 的关联结合以寻找异常是否在时间和服务链中相关联。\n2. **主动采集特定时间的全链路数据**：如果可能，通过实时监控特定高延迟时间段，进行更高频采样。\n\n此裁定为当前问题研究奠定了明确基础，建议后续按照列出的优先级展开调查和优化工作，最终定位根因，解决 `productcatalogservice` 的性能瓶颈问题。"}
2026-01-04 12:09:41,122 - RootCauseAnalysis - INFO - [Tool Call] report_agent
2026-01-04 12:09:41,122 - RootCauseAnalysis - INFO -     Args: {'request': '生成最终报告'}...
2026-01-04 12:09:41,123 - RootCauseAnalysis - INFO - ============================================================
2026-01-04 12:09:41,123 - RootCauseAnalysis - INFO - REPORT ANALYSIS - Starting
2026-01-04 12:09:43,791 - RootCauseAnalysis - INFO - REPORT ANALYSIS COMPLETED - Saved results in report_analysis_output.json
2026-01-04 12:09:43,792 - RootCauseAnalysis - INFO - [Tool Resp] report_agent
2026-01-04 12:09:43,792 - RootCauseAnalysis - INFO -     Result: {'uuid': '8e7a3965-336', 'component': 'aiops-k8s-06', 'reason': 'node_filesystem_usage_rate spike (54%→91%) causing disk exhaustion on node', 'reasoning_trace': [{'step': 1, 'action': 'LoadMetrics(aiops-k8s-06)', 'observation': 'node_filesystem_usage_rate increased from 54.42% to 91.33%'}, {'step': 2, 'action': 'LogSearch(checkoutservice)', 'observation': 'No error logs found, disk pressure silent failure'}, {'step': 3, 'action': 'TraceAnalysis(8e7a3965-336)', 'observation': 'checkoutservice-2 o...
2026-01-04 12:09:43,792 - RootCauseAnalysis - INFO - [State Update] {"hypotheses_summary": "'productcatalogservice slow due to tidb-tikv performance bottlenecks' is not fully supported.", "log_analysis_findings": "您的总结非常完整，涵盖了当前分析的各个重要方面。以下是确认最终裁决的一致性声明和经过整理后的行动计划，针对如何更深入探查 `productcatalogservice` 性能瓶颈及潜在根因：\n\n### 裁决一致性总结\n\n**确认成立的部分**\n- `productcatalogservice slow`：Trace 数据清晰表明这一服务是多个调用链中的瓶颈，影响显著。\n\n**否定的部分**\n- `due to tidb-tikv performance bottlenecks`：尽管存在性能指标异常，但无法从 Trace 或 Metric 数据中得到直接的因果链条以支持这样的假设。\n\n最终 JSON 输出如下：\n\n```json\n{\n  \"status\": \"DISAGREED\",\n  \"hypothesis\": \"'productcatalogservice slow due to tidb-tikv performance bottlenecks' is not fully supported.\",\n  \"reasoning\": \"Trace data confirms latency spikes in productcatalogservice but lacks a direct dependency chain linking tidb-tikv anomalies (e.g., region_pending, io_util) to this bottleneck. Logs, metrics, and traces are inconclusive in establishing tidb-tikv as the root cause.\"\n}\n```\n\n### 后续调查行动建议\n\n1. **数据库层面的深入诊断**\n   - 分析 TiDB 和 TiKV 在事件高峰期的性能日志，关注异常现象如 `region_pending` 增加、`io_util` 异常等。\n   - 尝试识别数据库内的潜在锁争用问题，并评估磁盘 I/O 限制对性能的影响。\n   - 监测 TiKV 节点的稳定性，特别是涉及副本的一致性和写入操作的健康程度。\n\n2. **扩展 Trace 数据**\n   - 增大 Trace 的采样率，以捕获更精细的调用数据，尤其是 `productcatalogservice` 与 `tidb-tikv` 之间所有可能的交互路径。\n   - 确保无遗漏所有直接或间接的服务调用链条件，尤其是在更加复杂的服务交互情况下。\n\n3. **详细的网络性能分析**\n   - 对网络的跨节点传输进行详细诊断，识别可能的延迟源、数据包丢失或配置异常（例如 MTU 问题）。\n   - 保障网络服务的正常运行以避免潜在的延迟积累对性能的进一步负面影响。\n\n4. **依赖服务交互的全面评估**\n   - 评估 frontend 和 checkoutservice 与 `productcatalogservice` 交互过程中的潜在影响，确认其在调用链中是否存在放大瓶颈作用。\n   - 查看 Redis 缓存或其他存储层次的存取效率，避免因缓存机制失效带来的性能损伤。\n\n通过上述建议的步骤，将能更系统地掌握系统整体性能动态，应对该问题的挑战。分析结果将帮助进一步制定和优化相关性能改善计划。", "metric_analysis_findings": "以下是基于所有专家分析和裁决结果的总结及后续行动计划：\n\n### 裁决关键点\n\n1. **已确立的瓶颈**:\n   - 确认 `productcatalogservice` 的延迟对调用链带来了显著影响。这是当前问题的主要症状。\n\n2. **未被支持的假设**:\n   - 假设 `tidb-tikv` 的性能问题是 `productcatalogservice` 延迟的根因无法成立。现有的 Trace 数据和 Metric 数据中没有发现直接因果关联。\n\n---\n\n### 后续行动步骤\n\n为深入挖掘问题的真正根因，我们建议执行以下深入调查和分析：\n\n#### 1. 数据库性能诊断\n- **关注资源瓶颈**:\n  - 分析 TiKV 相关性能指标（如 region_pending 和 io_util）。\n  - 检查是否存在写入压力（如高并发和锁争用）或磁盘 I/O 性能问题。\n- **数据库内部诊断**:\n  - 分析 TiDB 和 TiKV 节点日志，识别可能潜在的硬件或系统级别异常（如副本断开、硬盘健康状况）。\n\n#### 2. Trace 数据细化与扩展\n- 提高 Trace 数据的采样率，尤其是针对高频调用场景。\n- 在 `productcatalogservice` 所有上下游交互中，追踪所有潜在的路径至 `tidb-tikv`。\n- 确定是否有隐藏的或者间接的调用关系未被捕捉。\n\n#### 3. 网络性能检查\n- **跨节点通信**:\n    - 检查服务间通信的网络延迟、丢包率和带宽状况。\n    - 验证是否存在网络异常或配置问题，例如 MTU 限制。\n- **拥塞或流量异常**:\n    - 分析瞬时性网络瓶颈对系统调用链扩大的影响，并修正异常的网络配置。\n\n#### 4. 上下游及缓存评估\n- 进一步排查 frontend 和 checkoutservice, 确定其调用 `productcatalogservice` 时是否放大了延迟问题。\n- 分析缓存层（如 Redis）的稳定性，确保没有出现缓存击穿或未命中导致的潜在问题。\n\n---\n\n### 目标与重点\n\n执行以上建议的目的是：  \n1. **准确定位根因**:\n   - 利用更多的细粒度数据，排除假设偏差，从硬件、网络到服务逻辑全面排查。\n2. **优化瓶颈关键点**:\n   - 一旦确认根因，可积极采取改进措施，逐步减少性能瓶颈对系统其他部分的影响。\n3. **健壮性提升**:\n   - 提供更可靠的架构设计和配置优化，以减少类似问题再次发生的可能。\n\n通过更深入的验证和分析，可以确定具体的瓶颈，最终将根本性解决 `productcatalogservice` 延迟问题对整体服务的负面影响。", "trace_analysis_findings": "感谢提供最终裁决和后续行动建议的内容！以下是总结补充和建议的具体分析：\n\n---\n\n### 裁决总结要点\n1. **`productcatalogservice slow` 成立**：\n   - 确认 `productcatalogservice` 是调用链中主要延迟瓶颈，通过 Trace 数据明确其影响到多个上游服务（如 frontend 和 checkoutservice）。\n   \n2. **`due to tidb-tikv performance bottlenecks` 不成立**：\n   - 尽管监控发现 TiDB 指标异常（如 `region_pending` 和 `io_util`），但 Trace 数据无法显示 `productcatalogservice` 和 `tidb-tikv` 性能问题的直接依赖关系，无法将其认定为延迟的根因。\n\n3. **裁定结果 JSON 输出**：  \n   清晰地表明假设的第一部分成立，而第二部分无法被支持。\n\n---\n\n### 后续行动建议分解\n\n以下是对提出调查步骤的进一步分解和扩展，旨在确保问题追溯全面覆盖：\n\n#### 1. 数据库性能验证\n- **目的**：\n  - 确认 TiDB/TiKV `region_pending` 和 `io_util` 异常的具体来源。\n  - 确定数据库性能瓶颈是否在全局影响下游调用（如锁争用和 I/O 瓶颈）。\n\n- **建议操作**：\n  - **性能日志分析**：优先关注运行日志中的 RocksDB 磁盘 I/O 记录、高并发查询下备份队列状态等。\n  - **节点状态监控**：如果 TiKV 副本因网络异常或硬件问题断开，这可能增加写入延迟，从而放大 `region_pending`。\n  - **查询模式分析**：检查是否有长时间运行查询或热点数据区造成过载。\n\n---\n\n#### 2. 扩展 Trace 数据\n- **目的**：\n  - 确保完整捕捉从 `productcatalogservice` 到 `tidb-tikv` 的调用链路，并找出可能被忽略的路径。\n  \n- **建议操作**：\n  - 提升 Trace 系统的采样率，特别是在高延迟请求的时间段内采集更多样本。\n  - 分析 `productcatalogservice` 的内部调用，聚焦任何可能的下游依赖。\n  - 如果 Trace 工具支持全链路重现功能，重放关键调用以捕捉未见的上下游交互。\n\n---\n\n#### 3. 网络性能分析\n- **目的**：\n  - 确保跨节点网络通信在瓶颈传递过程中没有产生延迟或丢包。\n  \n- **建议操作**：\n  - **链路测试**：通过工具（如 Netperf 或 Ping）检查节点间的延迟和稳定性。\n  - **流量监控**：重点查看网络峰值期间 TCP 重传和队列堆积（特别是跨区域的服务通信）。\n  - **MTU 侦测**：确保网络 MTU 配置不会导致包重新分段问题，影响吞吐量。\n\n---\n\n#### 4. 依赖服务的详细检查\n- **目的**：\n  - 确保 `frontend` 和 `checkoutservice` 调用 `productcatalogservice` 时其自身没有瓶颈，同时避免延迟被递归放大。\n\n- **建议操作**：\n  - 检查 Redis 或类似缓存服务的状态，特别是缓存命中率和失效模式。\n  - 分析 `frontend` 和 `checkoutservice` 的服务负载，包括是否存在线程池耗尽问题。\n  - 排查其他相关存储后端，例如队列或外部 API 调用的延时节点。\n\n---\n\n### 建议总结\n\n当前裁定明确指出了需要从数据库、调用链、网络和上游服务多层次进行补充分析。这些措施结合以下重点能够加速根因的定位：\n1. **多维数据交叉分析**：将 Trace 数据、Metric 和 Log 的关联结合以寻找异常是否在时间和服务链中相关联。\n2. **主动采集特定时间的全链路数据**：如果可能，通过实时监控特定高延迟时间段，进行更高频采样。\n\n此裁定为当前问题研究奠定了明确基础，建议后续按照列出的优先级展开调查和优化工作，最终定位根因，解决 `productcatalogservice` 的性能瓶颈问题。", "report_analysis_findings": {"uuid": "8e7a3965-336", "component": "aiops-k8s-06", "reason": "node_filesystem_usage_rate spike (54%→91%) causing disk exhaustion on node", "reasoning_trace": [{"step": 1, "action": "LoadMetrics(aiops-k8s-06)", "observation": "node_filesystem_usage_rate increased from 54.42% to 91.33%"}, {"step": 2, "action": "LogSearch(checkoutservice)", "observation": "No error logs found, disk pressure silent failure"}, {"step": 3, "action": "TraceAnalysis(8e7a3965-336)", "observation": "checkoutservice-2 on aiops-k8s-06 shows high latency"}]}, "report_analysis_completed": true}
2026-01-04 12:09:47,984 - RootCauseAnalysis - INFO - ORCHESTRATOR AGENT - Execution Completed
2026-01-04 12:09:47,985 - RootCauseAnalysis - INFO - [Final State Summary]
2026-01-04 12:09:47,985 - RootCauseAnalysis - INFO -    - current_hypothesis: 'productcatalogservice slow due to tidb-tikv performance bottlenecks' is not fully supported.
2026-01-04 12:09:47,985 - RootCauseAnalysis - INFO -    - consensus_decision: DISAGREED
2026-01-04 12:09:47,985 - RootCauseAnalysis - INFO -    - consensus_iteration: 6
2026-01-04 12:09:47,985 - RootCauseAnalysis - INFO - === END SESSION ===
