2026-01-04 11:43:36,596 - RootCauseAnalysis - INFO - === START SESSION: d99a98a0-233 (Run #1) ===
2026-01-04 11:43:36,596 - RootCauseAnalysis - INFO - [Processing] d99a98a0-233 (Run #1) | Log: logs/d99a98a0-233/run1_20260104_114336.log
2026-01-04 11:43:36,596 - RootCauseAnalysis - INFO - ============================================================
2026-01-04 11:43:36,596 - RootCauseAnalysis - INFO - ORCHESTRATOR AGENT - Initializing
2026-01-04 11:43:36,596 - RootCauseAnalysis - INFO - ============================================================
2026-01-04 11:43:36,596 - RootCauseAnalysis - INFO - [State Update] {"query_parsed_completed": false, "raw_metric_result": "（等待写入...）", "metric_data_collected": false, "raw_log_result": "（等待写入...）", "log_data_collected": false, "raw_trace_result": "（等待写入...）", "trace_data_collected": false, "current_iteration": 0, "current_hypothesis": "（等待写入...）", "log_analysis_findings": "（等待数据收集...）", "metric_analysis_findings": "（等待数据收集...）", "trace_analysis_findings": "（等待数据收集...）"}
2026-01-04 11:43:39,050 - RootCauseAnalysis - INFO - [Tool Call] parse_user_input
2026-01-04 11:43:39,050 - RootCauseAnalysis - INFO -     Args: {'input_json': '{"Anomaly Description": "A fault was detected from 2025-06-12T04:16:34Z to 2025-06-12T04:16:35Z. Please analyze its root cause.", "uuid": "d99a98a0-233"}'}...
2026-01-04 11:43:39,051 - RootCauseAnalysis - INFO - [Tool Resp] parse_user_input
2026-01-04 11:43:39,051 - RootCauseAnalysis - INFO -     Result: {'uuid': 'd99a98a0-233', 'user_query': 'A fault was detected from 2025-06-12T04:16:34Z to 2025-06-12T04:16:35Z. Please analyze its root cause.'}
2026-01-04 11:43:39,051 - RootCauseAnalysis - INFO - [State Update] {"query_parsed_completed": true}
2026-01-04 11:43:40,476 - RootCauseAnalysis - INFO - [Tool Call] data_collection_agent
2026-01-04 11:43:40,476 - RootCauseAnalysis - INFO -     Args: {'request': 'start'}...
2026-01-04 11:43:40,477 - RootCauseAnalysis - INFO - ============================================================
2026-01-04 11:43:40,477 - RootCauseAnalysis - INFO - METRIC ANALYSIS - Starting
2026-01-04 11:43:40,477 - RootCauseAnalysis - INFO - ============================================================
2026-01-04 11:43:40,477 - RootCauseAnalysis - INFO - METRIC AGENT - Initial Scanning
2026-01-04 11:43:40,477 - RootCauseAnalysis - INFO - ============================================================
2026-01-04 11:43:40,477 - RootCauseAnalysis - INFO - LOG ANALYSIS - Starting
2026-01-04 11:43:40,477 - RootCauseAnalysis - INFO - ============================================================
2026-01-04 11:43:40,477 - RootCauseAnalysis - INFO - LOG AGENT - Initial Scanning
2026-01-04 11:43:40,477 - RootCauseAnalysis - INFO - ============================================================
2026-01-04 11:43:40,477 - RootCauseAnalysis - INFO - TRACE ANALYSIS - Starting
2026-01-04 11:43:40,477 - RootCauseAnalysis - INFO - ============================================================
2026-01-04 11:43:40,477 - RootCauseAnalysis - INFO - TRACE AGENT - Initial Scanning
2026-01-04 11:43:52,625 - RootCauseAnalysis - WARNING - LOG AGENT - Log data not collected.
2026-01-04 11:43:57,256 - RootCauseAnalysis - INFO - TRACE AGENT - Analysis Completed
2026-01-04 11:43:57,256 - RootCauseAnalysis - INFO - METRIC AGENT - Analysis Completed
2026-01-04 11:43:57,258 - RootCauseAnalysis - INFO - [Tool Resp] data_collection_agent
2026-01-04 11:43:57,258 - RootCauseAnalysis - INFO -     Result: {'result': '```json\n{\n  "stance": "NEUTRAL",\n  "detected_metric_keys": [\n    "pod_cpu_usage",\n    "pod_processes",\n    "pod_network_transmit_packets",\n    "pod_network_receive_packets"\n  ],\n  "hypotheses": [\n    {\n      "component": "redis-cart-0",\n      "reason": "pod_cpu_usage utilization dropped to 0 and pod_processes reduced to 0. This indicates a failure in execution for this pod during the fault window.",\n      "evidence": "Metric pod_cpu_usage dropped from normal_median of 0....
2026-01-04 11:43:57,258 - RootCauseAnalysis - INFO - [State Update] {"current_task_instruction": "当前处于【初始扫描阶段】。\n请对 Trace 数据进行全面扫描，找出所有显著的异常调用链。\n重点：请在返回 JSON 的 'stance' 字段中标记 'NEUTRAL'，并在 'hypotheses' 中列出你的发现。", "raw_metric_result": {"status": "success", "message": "成功加载metric数据。UUID: d99a98a0-233", "anomaly_metrics": "metric_type,service_name,pod_name,node_name,metric_name,normal_median,fault_median,normal_p99,fault_p99,median_change_ratio,p99_change_ratio\npod,N/A,frontend-1,N/A,pod_cpu_usage,0.04,0.0,0.05,0.0,2.0,2.0\npod,N/A,frontend-0,N/A,pod_cpu_usage,0.04,0.0,0.05,0.0,2.0,2.0\npod,N/A,redis-cart-0,N/A,pod_cpu_usage,0.0,0.0,0.1,0.0,0.0,2.0\npod,N/A,productcatalogservice-0,N/A,pod_cpu_usage,0.04,0.0,0.05,0.0,2.0,2.0\npod,N/A,redis-cart-0,N/A,pod_processes,1.0,0.0,2.0,0.0,2.0,2.0\npod,N/A,productcatalogservice-0,N/A,pod_network_transmit_packets,234.04,0.0,274.9,0.0,2.0,2.0\npod,N/A,productcatalogservice-0,N/A,pod_network_receive_packets,204.93,0.0,241.7,0.0,2.0,2.0\npod,N/A,frontend-0,N/A,pod_network_transmit_packets,116.36,0.0,141.64,0.0,2.0,2.0\npod,N/A,productcatalogservice-1,N/A,pod_network_transmit_packets,105.79,0.0,139.31,0.0,2.0,2.0\npod,N/A,productcatalogservice-1,N/A,pod_network_receive_packets,94.79,0.0,124.32,0.0,2.0,2.0\npod,N/A,frontend-0,N/A,pod_network_receive_packets,92.9,0.0,115.03,0.0,2.0,2.0\npod,N/A,frontend-1,N/A,pod_network_transmit_packets,93.97,0.0,113.69,0.0,2.0,2.0\npod,N/A,frontend-2,N/A,pod_network_transmit_packets,90.35,0.0,111.17,0.0,2.0,2.0\npod,N/A,frontend-1,N/A,pod_network_receive_packets,74.27,0.0,92.77,0.0,2.0,2.0\npod,N/A,frontend-2,N/A,pod_network_receive_packets,71.95,0.0,88.21,0.0,2.0,2.0\npod,N/A,currencyservice-1,N/A,pod_network_transmit_packets,51.28,0.0,68.34,0.0,2.0,2.0\npod,N/A,currencyservice-1,N/A,pod_network_receive_packets,51.88,0.0,67.89,0.0,2.0,2.0\npod,N/A,checkoutservice-0,N/A,pod_network_transmit_packets,21.35,0.0,42.76,0.0,2.0,2.0\npod,N/A,recommendationservice-2,N/A,pod_network_receive_packets,36.82,0.0,42.69,0.0,2.0,2.0\npod,N/A,currencyservice-0,N/A,pod_network_transmit_packets,22.18,0.0,39.03,0.0,2.0,2.0\npod,N/A,currencyservice-0,N/A,pod_network_receive_packets,22.18,0.0,38.94,0.0,2.0,2.0\npod,N/A,checkoutservice-0,N/A,pod_network_receive_packets,17.89,0.0,35.38,0.0,2.0,2.0\npod,N/A,cartservice-2,N/A,pod_network_receive_packets,30.73,0.0,34.0,0.0,2.0,2.0\npod,N/A,cartservice-2,N/A,pod_network_transmit_packets,26.24,0.0,29.99,0.0,2.0,2.0\npod,N/A,recommendationservice-2,N/A,pod_network_transmit_packets,25.54,0.0,29.98,0.0,2.0,2.0\npod,N/A,checkoutservice-2,N/A,pod_network_transmit_packets,11.42,0.0,27.03,0.0,2.0,2.0\npod,N/A,productcatalogservice-2,N/A,pod_network_transmit_packets,21.39,0.0,24.51,0.0,2.0,2.0\npod,N/A,adservice-0,N/A,pod_network_receive_packets,19.67,0.0,23.77,0.0,2.0,2.0\npod,N/A,checkoutservice-2,N/A,pod_network_receive_packets,9.58,0.0,22.74,0.0,2.0,2.0\npod,N/A,productcatalogservice-2,N/A,pod_network_receive_packets,17.67,0.0,20.93,0.0,2.0,2.0\n", "unique_entities": {"service_name": ["adservice", "cartservice", "checkoutservice", "currencyservice", "emailservice", "frontend", "paymentservice", "productcatalogservice", "recommendationservice", "redis", "shippingservice", "tidb-pd", "tidb-tidb", "tidb-tikv"], "node_name": ["aiops-k8s-01", "aiops-k8s-02", "aiops-k8s-03", "aiops-k8s-04", "aiops-k8s-05", "aiops-k8s-06", "aiops-k8s-07", "aiops-k8s-08"], "pod_name": ["adservice-0", "adservice-1", "adservice-2", "cartservice-0", "cartservice-1", "cartservice-2", "checkoutservice-0", "checkoutservice-1", "checkoutservice-2", "currencyservice-0", "currencyservice-1", "currencyservice-2", "emailservice-0", "emailservice-1", "emailservice-2", "frontend-0", "frontend-1", "frontend-2", "paymentservice-0", "paymentservice-1", "paymentservice-2", "productcatalogservice-0", "productcatalogservice-1", "productcatalogservice-2", "recommendationservice-0", "recommendationservice-1", "recommendationservice-2", "redis-cart-0", "shippingservice-0", "shippingservice-1", "shippingservice-2"]}, "node_pod_mapping": {"aiops-k8s-01": ["checkoutservice-1", "shippingservice-0", "recommendationservice-2", "emailservice-1", "productcatalogservice-1"], "aiops-k8s-02": [], "aiops-k8s-03": ["adservice-0", "recommendationservice-1", "cartservice-0", "paymentservice-1", "frontend-0", "shippingservice-2"], "aiops-k8s-04": ["frontend-2", "checkoutservice-0", "currencyservice-1"], "aiops-k8s-05": ["cartservice-1", "paymentservice-2", "currencyservice-0"], "aiops-k8s-06": ["emailservice-2", "productcatalogservice-0", "checkoutservice-2"], "aiops-k8s-07": ["shippingservice-1", "frontend-1", "emailservice-0", "currencyservice-2", "adservice-1"], "aiops-k8s-08": ["redis-cart-0", "recommendationservice-0", "productcatalogservice-2", "paymentservice-0", "cartservice-2", "adservice-2"]}, "matched_anomaly": "A fault was detected from 2025-06-12T04:16:34Z to 2025-06-12T04:16:35Z. Please analyze its root cause.", "time_range": "2025-06-12 04:16:34+00:00 to 2025-06-12 04:16:35+00:00"}, "metric_data_collected": true, "node_pod_mapping": {"aiops-k8s-01": ["checkoutservice-1", "shippingservice-0", "recommendationservice-2", "emailservice-1", "productcatalogservice-1"], "aiops-k8s-02": [], "aiops-k8s-03": ["adservice-0", "recommendationservice-1", "cartservice-0", "paymentservice-1", "frontend-0", "shippingservice-2"], "aiops-k8s-04": ["frontend-2", "checkoutservice-0", "currencyservice-1"], "aiops-k8s-05": ["cartservice-1", "paymentservice-2", "currencyservice-0"], "aiops-k8s-06": ["emailservice-2", "productcatalogservice-0", "checkoutservice-2"], "aiops-k8s-07": ["shippingservice-1", "frontend-1", "emailservice-0", "currencyservice-2", "adservice-1"], "aiops-k8s-08": ["redis-cart-0", "recommendationservice-0", "productcatalogservice-2", "paymentservice-0", "cartservice-2", "adservice-2"]}, "log_analysis_findings": "```json\n{\n  \"stance\": \"NEUTRAL\",\n  \"detected_log_keys\": [],\n  \"hypotheses\": []\n}\n```", "raw_trace_result": {"status": "success", "message": "成功加载trace数据。UUID: d99a98a0-233，共 1 个异常组合，0 个状态组合", "filtered_traces": "node_name,service_name,parent_pod,child_pod,operation_name,normal_avg_duration,anomaly_avg_duration,anomaly_count\naiops-k8s-01,productcatalogservice,frontend-1,productcatalogservice-1,hipstershop.ProductCatalogService/GetProduct,9209.964782512669,6076.6,出现次数:1\n", "unique_entities": {"pod_name": ["frontend-1", "productcatalogservice-1"], "service_name": ["productcatalogservice"], "node_name": ["aiops-k8s-01"]}, "status_combinations": "", "matched_anomaly": "A fault was detected from 2025-06-12T04:16:34Z to 2025-06-12T04:16:35Z. Please analyze its root cause.", "time_range": "2025-06-12 04:16:34+00:00 to 2025-06-12 04:16:35+00:00"}, "trace_data_collected": true, "trace_analysis_findings": "在分析调用链数据期间，我检测到了以下异常：\n\n### 异常检测\n1. **异常调用链**\n   - **节点名称**: aiops-k8s-01\n   - **服务名称**: productcatalogservice\n   - **调用链**: `frontend -> productcatalogservice`\n   - **操作名称**: `hipstershop.ProductCatalogService/GetProduct`\n   \n2. **延迟分析**\n   - **正常周期平均耗时**: 9209.96 ms\n   - **异常周期平均耗时**: 6076.6 ms\n   - **倍数计算**: \\( \\frac{6076.6}{9209.96} \\approx 0.66 \\)\n   - 没有显著的延迟或快速失败的情况。\n\n### 关键发现与分析\n- 尽管检测到了一些异常活动，但延迟倍数表明在连接从 `frontend` 到 `productcatalogservice` 的调用链中，实际上没有明显的延迟。\n\n### JSON 输出\n\n```json\n{\n  \"stance\": \"NEUTRAL\",\n  \"detected_trace_keys\": [\"frontend->productcatalogservice\"],\n  \"hypotheses\": [\n    {\n      \"component\": \"productcatalogservice\",\n      \"reason\": \"正常操作周期延迟与异常周期相比无显著差异\",\n      \"evidence\": \"延迟倍数为0.66，未达显著延迟阈值\"\n    }\n  ]\n}\n```\n\n根据数据，调用链未表明显著延迟或快速故障。然而，产品目录服务在异常期间的调用持续时间显著降低。这可能表明潜在的优化，但并不直接指出问题根源。建议继续监控以获取进一步数据显示是否有其他不明显的异常存在。", "metric_analysis_findings": "```json\n{\n  \"stance\": \"NEUTRAL\",\n  \"detected_metric_keys\": [\n    \"pod_cpu_usage\",\n    \"pod_processes\",\n    \"pod_network_transmit_packets\",\n    \"pod_network_receive_packets\"\n  ],\n  \"hypotheses\": [\n    {\n      \"component\": \"redis-cart-0\",\n      \"reason\": \"pod_cpu_usage utilization dropped to 0 and pod_processes reduced to 0. This indicates a failure in execution for this pod during the fault window.\",\n      \"evidence\": \"Metric pod_cpu_usage dropped from normal_median of 0.04 to 0.0 with a change ratio of 2.0. Additionally, pod_processes dropped from normal_median of 1.0 to 0.0 with a change ratio of 2.0.\"\n    },\n    {\n      \"component\": \"productcatalogservice-0\",\n      \"reason\": \"Both pod_cpu_usage and pod_network_transmit/receive dropped significantly, indicating the pod failure affected its communication and processing.\",\n      \"evidence\": \"pod_cpu_usage dropped from 0.04 to 0.0, network_transmit_packets dropped from 234.04 to 0.0, and network_receive_packets dropped from 204.93 to 0.0, all showing a change ratio of 2.0.\"\n    },\n    {\n      \"component\": \"frontend-1\",\n      \"reason\": \"Network activity for pod network_receive_packets and transmit_packet dropped to 0, which might indicate operational dependency failure.\",\n      \"evidence\": \"pod_network_receive_packets and pod_network_transmit_packets both dropped from median activity to 0 with change ratios of 2.0 for each.\"\n    }\n  ]\n}\n```"}
2026-01-04 11:43:58,170 - RootCauseAnalysis - INFO - [Tool Call] consensus_discussion_agent
2026-01-04 11:43:58,170 - RootCauseAnalysis - INFO -     Args: {'request': 'begin consensus discussion'}...
2026-01-04 11:43:58,171 - RootCauseAnalysis - INFO - ============================================================
2026-01-04 11:43:58,171 - RootCauseAnalysis - INFO - CONSENSUS ANALYSIS - Round 0
2026-01-04 11:43:58,171 - RootCauseAnalysis - INFO - Current Hypothesis: （等待写入...）
2026-01-04 11:43:58,171 - RootCauseAnalysis - INFO - ============================================================
2026-01-04 11:44:03,294 - RootCauseAnalysis - INFO - CONSENSUS AGENT OUTPUT PARSED:
2026-01-04 11:44:03,294 - RootCauseAnalysis - INFO -   - Status: DISAGREED
2026-01-04 11:44:03,294 - RootCauseAnalysis - INFO -   - New Hypothesis: 当前怀疑应用层的'productcatalogservice-0'可能是故障根因，考虑其CPU和网络指标骤减
2026-01-04 11:44:03,294 - RootCauseAnalysis - INFO -   - Reasoning: 结合Metric专家证词，productcatalogservice-0显示出CPU及网络数据的显著下降，需进一步验证
2026-01-04 11:44:03,294 - RootCauseAnalysis - INFO - >>> CONSENSUS NOT REACHED. Updating hypothesis and continuing loop. <<<
2026-01-04 11:44:03,294 - RootCauseAnalysis - INFO - ============================================================
2026-01-04 11:44:03,294 - RootCauseAnalysis - INFO - METRIC ANALYSIS - Starting
2026-01-04 11:44:03,294 - RootCauseAnalysis - INFO - ============================================================
2026-01-04 11:44:03,294 - RootCauseAnalysis - INFO - METRIC AGENT - Verifying Hypothesis: 当前怀疑应用层的'productcatalogservice...
2026-01-04 11:44:03,294 - RootCauseAnalysis - INFO - ============================================================
2026-01-04 11:44:03,294 - RootCauseAnalysis - INFO - LOG ANALYSIS - Starting
2026-01-04 11:44:03,294 - RootCauseAnalysis - INFO - ============================================================
2026-01-04 11:44:03,294 - RootCauseAnalysis - INFO - LOG AGENT - Initial Scanning
2026-01-04 11:44:03,294 - RootCauseAnalysis - INFO - ============================================================
2026-01-04 11:44:03,294 - RootCauseAnalysis - INFO - TRACE ANALYSIS - Starting
2026-01-04 11:44:03,294 - RootCauseAnalysis - INFO - ============================================================
2026-01-04 11:44:03,294 - RootCauseAnalysis - INFO - TRACE AGENT - Verifying Hypothesis: 当前怀疑应用层的'productcatalogservice...
2026-01-04 11:44:09,277 - RootCauseAnalysis - WARNING - LOG AGENT - Log data not collected.
2026-01-04 11:44:09,492 - RootCauseAnalysis - INFO - TRACE AGENT - Analysis Completed
2026-01-04 11:44:09,825 - RootCauseAnalysis - INFO - METRIC AGENT - Analysis Completed
2026-01-04 11:44:09,825 - RootCauseAnalysis - INFO - ============================================================
2026-01-04 11:44:09,825 - RootCauseAnalysis - INFO - CONSENSUS ANALYSIS - Round 1
2026-01-04 11:44:09,825 - RootCauseAnalysis - INFO - Current Hypothesis: 当前怀疑应用层的'productcatalogservice-0'可能是故障根因，考虑其CPU和网络指标骤减
2026-01-04 11:44:09,825 - RootCauseAnalysis - INFO - ============================================================
2026-01-04 11:44:15,638 - RootCauseAnalysis - INFO - CONSENSUS AGENT OUTPUT PARSED:
2026-01-04 11:44:15,638 - RootCauseAnalysis - INFO -   - Status: DISAGREED
2026-01-04 11:44:15,638 - RootCauseAnalysis - INFO -   - New Hypothesis: 当前 evidence 指向 redis-cart-0 和 productcatalogservice-0，需进一步数据分析，以验证 productcatalogservice-0 是否为真正故障根因
2026-01-04 11:44:15,638 - RootCauseAnalysis - INFO -   - Reasoning: 尽管 Metric 指标指向 `productcatalogservice-0` 异常，但缺乏 Log 和 Trace 向其指证的权威依据
2026-01-04 11:44:15,638 - RootCauseAnalysis - INFO - >>> CONSENSUS NOT REACHED. Updating hypothesis and continuing loop. <<<
2026-01-04 11:44:15,638 - RootCauseAnalysis - INFO - ============================================================
2026-01-04 11:44:15,638 - RootCauseAnalysis - INFO - METRIC ANALYSIS - Starting
2026-01-04 11:44:15,638 - RootCauseAnalysis - INFO - ============================================================
2026-01-04 11:44:15,638 - RootCauseAnalysis - INFO - METRIC AGENT - Verifying Hypothesis: 当前 evidence 指向 redis-cart-0 和 ...
2026-01-04 11:44:15,638 - RootCauseAnalysis - INFO - ============================================================
2026-01-04 11:44:15,638 - RootCauseAnalysis - INFO - LOG ANALYSIS - Starting
2026-01-04 11:44:15,638 - RootCauseAnalysis - INFO - ============================================================
2026-01-04 11:44:15,638 - RootCauseAnalysis - INFO - LOG AGENT - Initial Scanning
2026-01-04 11:44:15,638 - RootCauseAnalysis - INFO - ============================================================
2026-01-04 11:44:15,638 - RootCauseAnalysis - INFO - TRACE ANALYSIS - Starting
2026-01-04 11:44:15,638 - RootCauseAnalysis - INFO - ============================================================
2026-01-04 11:44:15,638 - RootCauseAnalysis - INFO - TRACE AGENT - Verifying Hypothesis: 当前 evidence 指向 redis-cart-0 和 ...
2026-01-04 11:44:19,305 - RootCauseAnalysis - INFO - METRIC AGENT - Analysis Completed
2026-01-04 11:44:20,112 - RootCauseAnalysis - INFO - TRACE AGENT - Analysis Completed
2026-01-04 11:44:20,652 - RootCauseAnalysis - WARNING - LOG AGENT - Log data not collected.
2026-01-04 11:44:20,652 - RootCauseAnalysis - INFO - ============================================================
2026-01-04 11:44:20,652 - RootCauseAnalysis - INFO - CONSENSUS ANALYSIS - Round 2
2026-01-04 11:44:20,652 - RootCauseAnalysis - INFO - Current Hypothesis: 当前 evidence 指向 redis-cart-0 和 productcatalogservice-0，需进一步数据分析，以验证 productcatalogservice-0 是否为真正故障根因
2026-01-04 11:44:20,652 - RootCauseAnalysis - INFO - ============================================================
2026-01-04 11:44:27,680 - RootCauseAnalysis - INFO - CONSENSUS AGENT OUTPUT PARSED:
2026-01-04 11:44:27,680 - RootCauseAnalysis - INFO -   - Status: DISAGREED
2026-01-04 11:44:27,680 - RootCauseAnalysis - INFO -   - New Hypothesis: Current evidence points to redis-cart-0 and productcatalogservice-0 as potential root cause candidates. Further analysis is required to validate the true root cause.
2026-01-04 11:44:27,680 - RootCauseAnalysis - INFO -   - Reasoning: Despite metric anomalies pointing towards 'productcatalogservice-0', there is a lack of corroborative evidence from logs and trace.
2026-01-04 11:44:27,680 - RootCauseAnalysis - INFO - >>> CONSENSUS NOT REACHED. Updating hypothesis and continuing loop. <<<
2026-01-04 11:44:27,680 - RootCauseAnalysis - INFO - ============================================================
2026-01-04 11:44:27,680 - RootCauseAnalysis - INFO - METRIC ANALYSIS - Starting
2026-01-04 11:44:27,680 - RootCauseAnalysis - INFO - ============================================================
2026-01-04 11:44:27,680 - RootCauseAnalysis - INFO - METRIC AGENT - Verifying Hypothesis: Current evidence points to red...
2026-01-04 11:44:27,680 - RootCauseAnalysis - INFO - ============================================================
2026-01-04 11:44:27,680 - RootCauseAnalysis - INFO - LOG ANALYSIS - Starting
2026-01-04 11:44:27,680 - RootCauseAnalysis - INFO - ============================================================
2026-01-04 11:44:27,680 - RootCauseAnalysis - INFO - LOG AGENT - Initial Scanning
2026-01-04 11:44:27,681 - RootCauseAnalysis - INFO - ============================================================
2026-01-04 11:44:27,681 - RootCauseAnalysis - INFO - TRACE ANALYSIS - Starting
2026-01-04 11:44:27,681 - RootCauseAnalysis - INFO - ============================================================
2026-01-04 11:44:27,681 - RootCauseAnalysis - INFO - TRACE AGENT - Verifying Hypothesis: Current evidence points to red...
2026-01-04 11:44:32,731 - RootCauseAnalysis - WARNING - LOG AGENT - Log data not collected.
2026-01-04 11:44:32,743 - RootCauseAnalysis - INFO - TRACE AGENT - Analysis Completed
2026-01-04 11:44:34,921 - RootCauseAnalysis - INFO - METRIC AGENT - Analysis Completed
2026-01-04 11:44:34,922 - RootCauseAnalysis - INFO - ============================================================
2026-01-04 11:44:34,922 - RootCauseAnalysis - INFO - CONSENSUS ANALYSIS - Round 3
2026-01-04 11:44:34,922 - RootCauseAnalysis - INFO - Current Hypothesis: Current evidence points to redis-cart-0 and productcatalogservice-0 as potential root cause candidates. Further analysis is required to validate the true root cause.
2026-01-04 11:44:34,922 - RootCauseAnalysis - INFO - ============================================================
2026-01-04 11:44:42,429 - RootCauseAnalysis - INFO - CONSENSUS AGENT OUTPUT PARSED:
2026-01-04 11:44:42,429 - RootCauseAnalysis - INFO -   - Status: DISAGREED
2026-01-04 11:44:42,429 - RootCauseAnalysis - INFO -   - New Hypothesis: Current evidence points to redis-cart-0 and productcatalogservice-0 as potential root cause candidates. Further analysis is required to validate the true root cause.
2026-01-04 11:44:42,429 - RootCauseAnalysis - INFO -   - Reasoning: Despite metric anomalies pointing towards 'productcatalogservice-0', there is a lack of corroborative evidence from logs and trace.
2026-01-04 11:44:42,429 - RootCauseAnalysis - INFO - >>> CONSENSUS NOT REACHED. Updating hypothesis and continuing loop. <<<
2026-01-04 11:44:42,429 - RootCauseAnalysis - INFO - ============================================================
2026-01-04 11:44:42,429 - RootCauseAnalysis - INFO - METRIC ANALYSIS - Starting
2026-01-04 11:44:42,429 - RootCauseAnalysis - INFO - ============================================================
2026-01-04 11:44:42,429 - RootCauseAnalysis - INFO - METRIC AGENT - Verifying Hypothesis: Current evidence points to red...
2026-01-04 11:44:42,429 - RootCauseAnalysis - INFO - ============================================================
2026-01-04 11:44:42,429 - RootCauseAnalysis - INFO - LOG ANALYSIS - Starting
2026-01-04 11:44:42,429 - RootCauseAnalysis - INFO - ============================================================
2026-01-04 11:44:42,429 - RootCauseAnalysis - INFO - LOG AGENT - Initial Scanning
2026-01-04 11:44:42,429 - RootCauseAnalysis - INFO - ============================================================
2026-01-04 11:44:42,429 - RootCauseAnalysis - INFO - TRACE ANALYSIS - Starting
2026-01-04 11:44:42,429 - RootCauseAnalysis - INFO - ============================================================
2026-01-04 11:44:42,429 - RootCauseAnalysis - INFO - TRACE AGENT - Verifying Hypothesis: Current evidence points to red...
2026-01-04 11:44:48,908 - RootCauseAnalysis - WARNING - LOG AGENT - Log data not collected.
2026-01-04 11:44:49,230 - RootCauseAnalysis - INFO - METRIC AGENT - Analysis Completed
2026-01-04 11:44:51,870 - RootCauseAnalysis - INFO - TRACE AGENT - Analysis Completed
2026-01-04 11:44:51,871 - RootCauseAnalysis - INFO - ============================================================
2026-01-04 11:44:51,871 - RootCauseAnalysis - INFO - CONSENSUS ANALYSIS - Round 4
2026-01-04 11:44:51,871 - RootCauseAnalysis - INFO - Current Hypothesis: Current evidence points to redis-cart-0 and productcatalogservice-0 as potential root cause candidates. Further analysis is required to validate the true root cause.
2026-01-04 11:44:51,871 - RootCauseAnalysis - INFO - ============================================================
2026-01-04 11:45:02,596 - RootCauseAnalysis - INFO - CONSENSUS AGENT OUTPUT PARSED:
2026-01-04 11:45:02,597 - RootCauseAnalysis - INFO -   - Status: DISAGREED
2026-01-04 11:45:02,597 - RootCauseAnalysis - INFO -   - New Hypothesis: Current evidence suggests redis-cart-0 and productcatalogservice-0 as likely root cause candidates. Both require further analysis to determine the definitive root cause.
2026-01-04 11:45:02,597 - RootCauseAnalysis - INFO -   - Reasoning: Redis-cart-0 shows critical CPU anomalies (dropping to zero), while productcatalogservice-0 demonstrates significant CPU and network metric drops during the fault window. However, neither is conclusively proven as the root cause due to a lack of a closed evidence chain involving logs and trace.
2026-01-04 11:45:02,597 - RootCauseAnalysis - INFO - >>> CONSENSUS NOT REACHED. Updating hypothesis and continuing loop. <<<
2026-01-04 11:45:02,597 - RootCauseAnalysis - INFO - ============================================================
2026-01-04 11:45:02,597 - RootCauseAnalysis - INFO - METRIC ANALYSIS - Starting
2026-01-04 11:45:02,597 - RootCauseAnalysis - INFO - ============================================================
2026-01-04 11:45:02,597 - RootCauseAnalysis - INFO - METRIC AGENT - Verifying Hypothesis: Current evidence suggests redi...
2026-01-04 11:45:02,597 - RootCauseAnalysis - INFO - ============================================================
2026-01-04 11:45:02,597 - RootCauseAnalysis - INFO - LOG ANALYSIS - Starting
2026-01-04 11:45:02,597 - RootCauseAnalysis - INFO - ============================================================
2026-01-04 11:45:02,597 - RootCauseAnalysis - INFO - LOG AGENT - Initial Scanning
2026-01-04 11:45:02,597 - RootCauseAnalysis - INFO - ============================================================
2026-01-04 11:45:02,597 - RootCauseAnalysis - INFO - TRACE ANALYSIS - Starting
2026-01-04 11:45:02,597 - RootCauseAnalysis - INFO - ============================================================
2026-01-04 11:45:02,597 - RootCauseAnalysis - INFO - TRACE AGENT - Verifying Hypothesis: Current evidence suggests redi...
2026-01-04 11:45:10,175 - RootCauseAnalysis - INFO - METRIC AGENT - Analysis Completed
2026-01-04 11:45:10,860 - RootCauseAnalysis - INFO - TRACE AGENT - Analysis Completed
2026-01-04 11:45:10,983 - RootCauseAnalysis - WARNING - LOG AGENT - Log data not collected.
2026-01-04 11:45:10,984 - RootCauseAnalysis - INFO - ============================================================
2026-01-04 11:45:10,984 - RootCauseAnalysis - INFO - CONSENSUS ANALYSIS - Round 5
2026-01-04 11:45:10,984 - RootCauseAnalysis - INFO - Current Hypothesis: Current evidence suggests redis-cart-0 and productcatalogservice-0 as likely root cause candidates. Both require further analysis to determine the definitive root cause.
2026-01-04 11:45:10,984 - RootCauseAnalysis - INFO - ============================================================
2026-01-04 11:45:20,177 - RootCauseAnalysis - INFO - CONSENSUS AGENT OUTPUT PARSED:
2026-01-04 11:45:20,177 - RootCauseAnalysis - INFO -   - Status: DISAGREED
2026-01-04 11:45:20,177 - RootCauseAnalysis - INFO -   - New Hypothesis: Current evidence suggests redis-cart-0 and productcatalogservice-0 as likely root cause candidates. Both require further analysis to determine the definitive root cause.
2026-01-04 11:45:20,177 - RootCauseAnalysis - INFO -   - Reasoning: Redis-cart-0 shows critical CPU anomalies (dropping to zero), while productcatalogservice-0 demonstrates significant CPU and network metric drops during the fault window. However, neither is conclusively proven as the root cause due to a lack of a closed evidence chain involving logs and trace.
2026-01-04 11:45:20,177 - RootCauseAnalysis - INFO - >>> CONSENSUS NOT REACHED. Updating hypothesis and continuing loop. <<<
2026-01-04 11:45:20,178 - RootCauseAnalysis - INFO - ============================================================
2026-01-04 11:45:20,178 - RootCauseAnalysis - INFO - METRIC ANALYSIS - Starting
2026-01-04 11:45:20,178 - RootCauseAnalysis - INFO - ============================================================
2026-01-04 11:45:20,178 - RootCauseAnalysis - INFO - METRIC AGENT - Verifying Hypothesis: Current evidence suggests redi...
2026-01-04 11:45:20,178 - RootCauseAnalysis - INFO - ============================================================
2026-01-04 11:45:20,178 - RootCauseAnalysis - INFO - LOG ANALYSIS - Starting
2026-01-04 11:45:20,178 - RootCauseAnalysis - INFO - ============================================================
2026-01-04 11:45:20,178 - RootCauseAnalysis - INFO - LOG AGENT - Initial Scanning
2026-01-04 11:45:20,178 - RootCauseAnalysis - INFO - ============================================================
2026-01-04 11:45:20,178 - RootCauseAnalysis - INFO - TRACE ANALYSIS - Starting
2026-01-04 11:45:20,178 - RootCauseAnalysis - INFO - ============================================================
2026-01-04 11:45:20,178 - RootCauseAnalysis - INFO - TRACE AGENT - Verifying Hypothesis: Current evidence suggests redi...
2026-01-04 11:45:26,848 - RootCauseAnalysis - WARNING - LOG AGENT - Log data not collected.
2026-01-04 11:45:27,485 - RootCauseAnalysis - INFO - TRACE AGENT - Analysis Completed
2026-01-04 11:45:32,706 - RootCauseAnalysis - INFO - METRIC AGENT - Analysis Completed
2026-01-04 11:45:32,706 - RootCauseAnalysis - INFO - [Tool Resp] consensus_discussion_agent
2026-01-04 11:45:32,706 - RootCauseAnalysis - INFO -     Result: {'result': 'The final adjudication and next-step recommendations align with the current evidential insights. Here’s a structured reaffirmation of the decision and proposed action plan:\n\n---\n\n### Restated Adjudication\n\n#### Summary of Expert Findings:\n1. **Log Analysis**:\n   - **Finding**: No anomalies or errors detected for `productcatalogservice-0` during the fault window.\n   - **Stance**: OPPOSE.\n   - **Conclusion**: Insufficient log evidence to incriminate `productcatalogservice-0`....
2026-01-04 11:45:32,707 - RootCauseAnalysis - INFO - [State Update] {"consensus_iteration": 6, "consensus_decision": "DISAGREED", "current_hypothesis": "Current evidence suggests redis-cart-0 and productcatalogservice-0 as likely root cause candidates. Both require further analysis to determine the definitive root cause.", "current_task_instruction": "当前处于【假设验证阶段】。\n待验证的根因假设是：'Current evidence suggests redis-cart-0 and productcatalogservice-0 as likely root cause candidates. Both require further analysis to determine the definitive root cause.'。\n请基于 Trace 数据判断该假设是否成立。\n重点：请在返回 JSON 的 'stance' 字段中明确标记 'SUPPORT' 或 'OPPOSE'。", "log_analysis_findings": "Understood. It seems that we have a plan moving forward based on the comprehensive analysis and outlined steps. Here's a clear and concise summary of the immediate actions to take:\n\n### Current Assessment and Next Steps\n1. **Unable to definitively single out one component as the root cause**: Both `redis-cart-0` and `productcatalogservice-0` are potential candidates for being the root cause of the fault.\n2. **Focus on Gathering More Data**: Since evidence from logs and trace data is insufficient, our plan is to carry out further in-depth analysis on both components.\n\n### Recommended Actions:\n#### Analysis of Redis-cart-0:\n- **Log Investigation**: Deep dive into available logs to identify signs of blocking, crashes, or underlying infrastructure faults.\n- **Trace Data Collection**: Enhance tracing methodologies to comprehend `redis-cart-0`'s behavior in call chains and identify any cascading effects on upstream services.\n- **Correlate Data**: Analyze how `redis-cart-0`'s metric anomalies (particularly, CPU dropping to zero) line up with log entries and trace data for actionable insights.\n\n#### Analysis of Productcatalogservice-0:\n- **Expanded Log and Trace Analysis**: Focus on detecting network bottlenecks or any failure in request flows.\n- **Service Interaction Study**: Examine the interactions with upstream and downstream services to determine impact.\n- **In-depth Metric Analysis**: Confirm root cause or recovery timelines using its metric data.\n\n#### Data Collection and Synchronization:\n- **Optimize Collection Methods**: Enhance the precision and synchronicity of log, metric, and trace data to ensure a full view during the fault window.\n- **Higher Granularity**: Ensure detailed metrics and extended trace histories to better track fault propagation dynamics.\n\nThese recommendations aim to close evidence gaps, align data, and focus efforts on the most suspicious components, guiding investigations towards identifying definitive root causes. With these steps, we should be able to refine the scope of the analysis and accurately determine the fault's origin.", "trace_analysis_findings": "通过对专家意见和证据的深入分析，我们可以确认当前阶段的假设状态如下：\n\n### 当前假设状态\n\n#### Redis-cart-0\n- **故障现象**: 在故障窗口期间，CPU 使用率降至零。这种异常是一个典型的关键组件崩溃或资源枯竭的信号。\n- **潜在影响**: 作为关键的缓存服务，可能对依赖其的上游服务（如 cart 服务）造成较大影响，进而对系统性能产生连锁反应。\n- **证据现状**: 尽管 Metric 显示异常，其对应的 Log 和 Trace 数据没有揭示更多信息，这需要更深入的分析。\n\n#### Productcatalogservice-0\n- **故障现象**: CPU 和网络活动在故障期间显著下降。\n- **可能影响**: 影响该服务的操作能力，但 Log 和 Trace 并未提供更多关于其对整体系统的影响信息。\n- **证据现状**: 同样，Metric 数据指出了存在异常，但缺乏支持性 Log 和 Trace 数据。\n\n### 综合分析\n当前假设成立的前提是这两个组件在故障窗口内的异常，需要补充足够的 Log 和 Trace 数据来形成完整的证据链。由于现有证据链缺口，暂时无法确认单一组件为故障根因。\n\n### JSON 输出\n```json\n{\n    \"stance\": \"SUPPORT\",\n    \"detected_trace_keys\": [],\n    \"hypotheses\": [\n        {\n            \"component\": \"redis-cart-0\",\n            \"reason\": \"CPU使用率在故障期间降至零，可能影响缓存和上游服务。\",\n            \"evidence\": \"Metric异常，缺乏Trace和Log支持\"\n        },\n        {\n            \"component\": \"productcatalogservice-0\",\n            \"reason\": \"CPU和网络活动急剧下降，潜在影响其操作能力。\",\n            \"evidence\": \"Metric异常，缺乏Trace和Log支持\"\n        }\n    ]\n}\n```\n\n### 下一步行动建议\n\n1. **Redis-cart-0 分析**\n   - 探索其应用日志以定位底层原因，如服务阻塞或服务器崩溃。\n   - 扩大 Trace 监控，评估其对于调用链中其他服务的影响。\n   - 关联 CPU 异常时段的 Log 和 Trace，以研究问题动态和趋势。\n\n2. **Productcatalogservice-0 分析**\n   - 分析更深入的网络日志和 Trace 数据，寻找可能的瓶颈。\n   - 评估其与上下游服务的关联影响，尝试识别异常传递路径。\n   - 使用细化的指标分析来验证服务自身或外部因素造成的限制。\n\n3. **整体数据收集优化** \n   - 实现 Log、Trace 和 Metric 数据的无缝集成和时间对齐。\n   - 提升数据粒度和时长，特别是在关键故障时窗口内，确保捕捉到所有异常迹象。\n\n通过充实证据链和优化所有分析步骤，最终将能够锁定故障的真正起因，并保证系统的整体稳定性。", "metric_analysis_findings": "The final adjudication and next-step recommendations align with the current evidential insights. Here’s a structured reaffirmation of the decision and proposed action plan:\n\n---\n\n### Restated Adjudication\n\n#### Summary of Expert Findings:\n1. **Log Analysis**:\n   - **Finding**: No anomalies or errors detected for `productcatalogservice-0` during the fault window.\n   - **Stance**: OPPOSE.\n   - **Conclusion**: Insufficient log evidence to incriminate `productcatalogservice-0`.\n\n2. **Trace Analysis**:\n   - **Finding**: No significant anomalies or delay propagation detected in both `redis-cart-0` and `productcatalogservice-0`.\n   - **Stance**: NEUTRAL.\n   - **Conclusion**: Trace evidence lacks the resolution to support or oppose specific components as the root cause.\n\n3. **Metric Analysis**:\n   - **Finding**: Significant anomalies detected:\n     - `redis-cart-0`: CPU utilization dropped to **zero**, hinting at a potential critical failure.\n     - `productcatalogservice-0`: CPU and network activity sharply decreased during the fault.\n   - **Stance**: SUPPORT.\n   - **Conclusion**: These findings strongly suggest abnormal behaviors, but causality remains unconfirmed.\n\n---\n\n### Evidentiary Gaps and Analysis\n\n1. **Redis-cart-0**:\n   - **Observed Issue**: CPU metrics dropped to zero.\n   - **Potential Impact**: As a key caching service, such a failure could propagate issues into upstream services (e.g., `cart`).\n   - **Evidence Gap**:\n     - Missing logs to validate operational failures (e.g., crash, resource lock).\n     - Trace data inadequacy prevents understanding its interactions and impact within the service chain.\n\n2. **Productcatalogservice-0**:\n   - **Observed Issue**: Sharp decline in CPU and network utilization.\n   - **Potential Impact**: Anomalies could disrupt critical service operations, but this is speculative without logs or trace evidence.\n   - **Evidence Gap**:\n     - Required: Log-based verification of failures (e.g., request bottlenecks).\n     - Required: Trace evidence of cascading upstream/downstream disruption.\n\n---\n\n### Final Adjudication\n\n#### JSON Output:\n```json\n{\n    \"status\": \"DISAGREED\",\n    \"hypothesis\": \"Current evidence suggests redis-cart-0 and productcatalogservice-0 as likely root cause candidates. Both require further analysis to determine the definitive root cause.\",\n    \"reasoning\": \"Redis-cart-0 shows critical CPU anomalies (dropping to zero), while productcatalogservice-0 demonstrates significant CPU and network metric drops during the fault window. However, neither is conclusively proven as the root cause due to a lack of a closed evidence chain involving logs and trace.\"\n}\n```\n\n---\n\n### Actionable Next Steps (Prioritized)\n\n1. **Redis-cart-0 Analysis**:\n   - **Log Analysis**:\n     - Investigate logs for:\n       - Crash traces.\n       - Resource contention (e.g., memory or IO starvation).\n       - Service restarts or unexpected shutdowns.\n   - **Trace Expansion**:\n     - Broaden trace samples involving `redis-cart-0` to track its interactions with critical upstream/downstream services, especially `cart`.\n   - **Metric-to-Evidence Correlation**:\n     - Identify correlations between its zero CPU utilization and ripple effects observed in other components.\n\n2. **Productcatalogservice-0 Analysis**:\n   - **Network and Log Analysis**:\n     - Investigate logs for:\n       - Signs of request bottlenecks.\n       - Unusual errors linked to networking or data fetches.\n     - Explore networking trends to verify if external bottlenecks caused anomalies.\n   - **Trace Analysis Expansion**:\n     - Confirm whether any service-related delays or failures propagated up or downstream from `productcatalogservice-0`.\n   - **Performance Metrics Correlation**:\n     - Validate metric anomalies (CPU and network decline) against operational data to explore root-cause hypotheses.\n\n3. **Comprehensive Data Synchronization**:\n   - **Log-Trace-Metrics Alignment**:\n     - Tighten data collection and synchronization across all domains during future fault windows to reduce gaps.\n   - **Trace Granularity**:\n     - Extend trace depth and granularity for all involved components to allow finer fault analysis in future events.\n\n---\n\n### Conclusion\n\nThe consensus encapsulates the complexities and gaps in identifying a definitive root cause with current evidence. By following these detailed and systematic next steps focused on `redis-cart-0` and `productcatalogservice-0`, the investigation will address evidence shortfalls and provide deeper insights into the fault event for efficient remediation and prevention."}
2026-01-04 11:45:34,057 - RootCauseAnalysis - INFO - [Tool Call] report_agent
2026-01-04 11:45:34,057 - RootCauseAnalysis - INFO -     Args: {'request': 'finalize report'}...
2026-01-04 11:45:34,057 - RootCauseAnalysis - INFO - ============================================================
2026-01-04 11:45:34,058 - RootCauseAnalysis - INFO - REPORT ANALYSIS - Starting
2026-01-04 11:45:36,184 - RootCauseAnalysis - INFO - REPORT ANALYSIS COMPLETED - Saved results in report_analysis_output.json
2026-01-04 11:45:36,185 - RootCauseAnalysis - INFO - [Tool Resp] report_agent
2026-01-04 11:45:36,185 - RootCauseAnalysis - INFO -     Result: {'uuid': 'd99a98a0-233', 'component': 'redis-cart-0', 'reason': 'pod_cpu_usage dropped to zero, disrupting cart service', 'reasoning_trace': [{'step': 1, 'action': 'LoadMetrics(redis-cart-0)', 'observation': 'pod_cpu_usage dropped to zero for redis-cart-0'}, {'step': 2, 'action': 'LogSearch(redis-cart-0)', 'observation': 'No error logs, silent CPU anomaly'}, {'step': 3, 'action': 'TraceAnalysis(d99a98a0-233)', 'observation': 'No significant trace anomalies detected'}]}
2026-01-04 11:45:36,185 - RootCauseAnalysis - INFO - [State Update] {"hypotheses_summary": "Current evidence suggests redis-cart-0 and productcatalogservice-0 as likely root cause candidates. Both require further analysis to determine the definitive root cause.", "log_analysis_findings": "Understood. It seems that we have a plan moving forward based on the comprehensive analysis and outlined steps. Here's a clear and concise summary of the immediate actions to take:\n\n### Current Assessment and Next Steps\n1. **Unable to definitively single out one component as the root cause**: Both `redis-cart-0` and `productcatalogservice-0` are potential candidates for being the root cause of the fault.\n2. **Focus on Gathering More Data**: Since evidence from logs and trace data is insufficient, our plan is to carry out further in-depth analysis on both components.\n\n### Recommended Actions:\n#### Analysis of Redis-cart-0:\n- **Log Investigation**: Deep dive into available logs to identify signs of blocking, crashes, or underlying infrastructure faults.\n- **Trace Data Collection**: Enhance tracing methodologies to comprehend `redis-cart-0`'s behavior in call chains and identify any cascading effects on upstream services.\n- **Correlate Data**: Analyze how `redis-cart-0`'s metric anomalies (particularly, CPU dropping to zero) line up with log entries and trace data for actionable insights.\n\n#### Analysis of Productcatalogservice-0:\n- **Expanded Log and Trace Analysis**: Focus on detecting network bottlenecks or any failure in request flows.\n- **Service Interaction Study**: Examine the interactions with upstream and downstream services to determine impact.\n- **In-depth Metric Analysis**: Confirm root cause or recovery timelines using its metric data.\n\n#### Data Collection and Synchronization:\n- **Optimize Collection Methods**: Enhance the precision and synchronicity of log, metric, and trace data to ensure a full view during the fault window.\n- **Higher Granularity**: Ensure detailed metrics and extended trace histories to better track fault propagation dynamics.\n\nThese recommendations aim to close evidence gaps, align data, and focus efforts on the most suspicious components, guiding investigations towards identifying definitive root causes. With these steps, we should be able to refine the scope of the analysis and accurately determine the fault's origin.", "metric_analysis_findings": "The final adjudication and next-step recommendations align with the current evidential insights. Here’s a structured reaffirmation of the decision and proposed action plan:\n\n---\n\n### Restated Adjudication\n\n#### Summary of Expert Findings:\n1. **Log Analysis**:\n   - **Finding**: No anomalies or errors detected for `productcatalogservice-0` during the fault window.\n   - **Stance**: OPPOSE.\n   - **Conclusion**: Insufficient log evidence to incriminate `productcatalogservice-0`.\n\n2. **Trace Analysis**:\n   - **Finding**: No significant anomalies or delay propagation detected in both `redis-cart-0` and `productcatalogservice-0`.\n   - **Stance**: NEUTRAL.\n   - **Conclusion**: Trace evidence lacks the resolution to support or oppose specific components as the root cause.\n\n3. **Metric Analysis**:\n   - **Finding**: Significant anomalies detected:\n     - `redis-cart-0`: CPU utilization dropped to **zero**, hinting at a potential critical failure.\n     - `productcatalogservice-0`: CPU and network activity sharply decreased during the fault.\n   - **Stance**: SUPPORT.\n   - **Conclusion**: These findings strongly suggest abnormal behaviors, but causality remains unconfirmed.\n\n---\n\n### Evidentiary Gaps and Analysis\n\n1. **Redis-cart-0**:\n   - **Observed Issue**: CPU metrics dropped to zero.\n   - **Potential Impact**: As a key caching service, such a failure could propagate issues into upstream services (e.g., `cart`).\n   - **Evidence Gap**:\n     - Missing logs to validate operational failures (e.g., crash, resource lock).\n     - Trace data inadequacy prevents understanding its interactions and impact within the service chain.\n\n2. **Productcatalogservice-0**:\n   - **Observed Issue**: Sharp decline in CPU and network utilization.\n   - **Potential Impact**: Anomalies could disrupt critical service operations, but this is speculative without logs or trace evidence.\n   - **Evidence Gap**:\n     - Required: Log-based verification of failures (e.g., request bottlenecks).\n     - Required: Trace evidence of cascading upstream/downstream disruption.\n\n---\n\n### Final Adjudication\n\n#### JSON Output:\n```json\n{\n    \"status\": \"DISAGREED\",\n    \"hypothesis\": \"Current evidence suggests redis-cart-0 and productcatalogservice-0 as likely root cause candidates. Both require further analysis to determine the definitive root cause.\",\n    \"reasoning\": \"Redis-cart-0 shows critical CPU anomalies (dropping to zero), while productcatalogservice-0 demonstrates significant CPU and network metric drops during the fault window. However, neither is conclusively proven as the root cause due to a lack of a closed evidence chain involving logs and trace.\"\n}\n```\n\n---\n\n### Actionable Next Steps (Prioritized)\n\n1. **Redis-cart-0 Analysis**:\n   - **Log Analysis**:\n     - Investigate logs for:\n       - Crash traces.\n       - Resource contention (e.g., memory or IO starvation).\n       - Service restarts or unexpected shutdowns.\n   - **Trace Expansion**:\n     - Broaden trace samples involving `redis-cart-0` to track its interactions with critical upstream/downstream services, especially `cart`.\n   - **Metric-to-Evidence Correlation**:\n     - Identify correlations between its zero CPU utilization and ripple effects observed in other components.\n\n2. **Productcatalogservice-0 Analysis**:\n   - **Network and Log Analysis**:\n     - Investigate logs for:\n       - Signs of request bottlenecks.\n       - Unusual errors linked to networking or data fetches.\n     - Explore networking trends to verify if external bottlenecks caused anomalies.\n   - **Trace Analysis Expansion**:\n     - Confirm whether any service-related delays or failures propagated up or downstream from `productcatalogservice-0`.\n   - **Performance Metrics Correlation**:\n     - Validate metric anomalies (CPU and network decline) against operational data to explore root-cause hypotheses.\n\n3. **Comprehensive Data Synchronization**:\n   - **Log-Trace-Metrics Alignment**:\n     - Tighten data collection and synchronization across all domains during future fault windows to reduce gaps.\n   - **Trace Granularity**:\n     - Extend trace depth and granularity for all involved components to allow finer fault analysis in future events.\n\n---\n\n### Conclusion\n\nThe consensus encapsulates the complexities and gaps in identifying a definitive root cause with current evidence. By following these detailed and systematic next steps focused on `redis-cart-0` and `productcatalogservice-0`, the investigation will address evidence shortfalls and provide deeper insights into the fault event for efficient remediation and prevention.", "trace_analysis_findings": "通过对专家意见和证据的深入分析，我们可以确认当前阶段的假设状态如下：\n\n### 当前假设状态\n\n#### Redis-cart-0\n- **故障现象**: 在故障窗口期间，CPU 使用率降至零。这种异常是一个典型的关键组件崩溃或资源枯竭的信号。\n- **潜在影响**: 作为关键的缓存服务，可能对依赖其的上游服务（如 cart 服务）造成较大影响，进而对系统性能产生连锁反应。\n- **证据现状**: 尽管 Metric 显示异常，其对应的 Log 和 Trace 数据没有揭示更多信息，这需要更深入的分析。\n\n#### Productcatalogservice-0\n- **故障现象**: CPU 和网络活动在故障期间显著下降。\n- **可能影响**: 影响该服务的操作能力，但 Log 和 Trace 并未提供更多关于其对整体系统的影响信息。\n- **证据现状**: 同样，Metric 数据指出了存在异常，但缺乏支持性 Log 和 Trace 数据。\n\n### 综合分析\n当前假设成立的前提是这两个组件在故障窗口内的异常，需要补充足够的 Log 和 Trace 数据来形成完整的证据链。由于现有证据链缺口，暂时无法确认单一组件为故障根因。\n\n### JSON 输出\n```json\n{\n    \"stance\": \"SUPPORT\",\n    \"detected_trace_keys\": [],\n    \"hypotheses\": [\n        {\n            \"component\": \"redis-cart-0\",\n            \"reason\": \"CPU使用率在故障期间降至零，可能影响缓存和上游服务。\",\n            \"evidence\": \"Metric异常，缺乏Trace和Log支持\"\n        },\n        {\n            \"component\": \"productcatalogservice-0\",\n            \"reason\": \"CPU和网络活动急剧下降，潜在影响其操作能力。\",\n            \"evidence\": \"Metric异常，缺乏Trace和Log支持\"\n        }\n    ]\n}\n```\n\n### 下一步行动建议\n\n1. **Redis-cart-0 分析**\n   - 探索其应用日志以定位底层原因，如服务阻塞或服务器崩溃。\n   - 扩大 Trace 监控，评估其对于调用链中其他服务的影响。\n   - 关联 CPU 异常时段的 Log 和 Trace，以研究问题动态和趋势。\n\n2. **Productcatalogservice-0 分析**\n   - 分析更深入的网络日志和 Trace 数据，寻找可能的瓶颈。\n   - 评估其与上下游服务的关联影响，尝试识别异常传递路径。\n   - 使用细化的指标分析来验证服务自身或外部因素造成的限制。\n\n3. **整体数据收集优化** \n   - 实现 Log、Trace 和 Metric 数据的无缝集成和时间对齐。\n   - 提升数据粒度和时长，特别是在关键故障时窗口内，确保捕捉到所有异常迹象。\n\n通过充实证据链和优化所有分析步骤，最终将能够锁定故障的真正起因，并保证系统的整体稳定性。", "report_analysis_findings": {"uuid": "d99a98a0-233", "component": "redis-cart-0", "reason": "pod_cpu_usage dropped to zero, disrupting cart service", "reasoning_trace": [{"step": 1, "action": "LoadMetrics(redis-cart-0)", "observation": "pod_cpu_usage dropped to zero for redis-cart-0"}, {"step": 2, "action": "LogSearch(redis-cart-0)", "observation": "No error logs, silent CPU anomaly"}, {"step": 3, "action": "TraceAnalysis(d99a98a0-233)", "observation": "No significant trace anomalies detected"}]}, "report_analysis_completed": true}
2026-01-04 11:45:41,106 - RootCauseAnalysis - INFO - ORCHESTRATOR AGENT - Execution Completed
2026-01-04 11:45:41,107 - RootCauseAnalysis - INFO - [Final State Summary]
2026-01-04 11:45:41,107 - RootCauseAnalysis - INFO -    - current_hypothesis: Current evidence suggests redis-cart-0 and productcatalogservice-0 as likely root cause candidates. Both require further analysis to determine the definitive root cause.
2026-01-04 11:45:41,107 - RootCauseAnalysis - INFO -    - consensus_decision: DISAGREED
2026-01-04 11:45:41,107 - RootCauseAnalysis - INFO -    - consensus_iteration: 6
2026-01-04 11:45:41,107 - RootCauseAnalysis - INFO - === END SESSION ===
