2026-01-04 10:20:03,526 - RootCauseAnalysis - INFO - === START SESSION: d0c7cd07-267 (Run #2) ===
2026-01-04 10:20:03,526 - RootCauseAnalysis - INFO - [Processing] d0c7cd07-267 (Run #2) | Log: logs/d0c7cd07-267/run2_20260104_102003.log
2026-01-04 10:20:03,526 - RootCauseAnalysis - INFO - ============================================================
2026-01-04 10:20:03,526 - RootCauseAnalysis - INFO - ORCHESTRATOR AGENT - Initializing
2026-01-04 10:20:03,526 - RootCauseAnalysis - INFO - ============================================================
2026-01-04 10:20:03,526 - RootCauseAnalysis - INFO - [State Update] {"query_parsed_completed": false, "raw_metric_result": "（等待写入...）", "metric_data_collected": false, "raw_log_result": "（等待写入...）", "log_data_collected": false, "raw_trace_result": "（等待写入...）", "trace_data_collected": false, "current_iteration": 0, "current_hypothesis": "（等待写入...）", "log_analysis_findings": "（等待数据收集...）", "metric_analysis_findings": "（等待数据收集...）", "trace_analysis_findings": "（等待数据收集...）"}
2026-01-04 10:20:04,850 - RootCauseAnalysis - INFO - [Tool Call] parse_user_input
2026-01-04 10:20:04,850 - RootCauseAnalysis - INFO -     Args: {'input_json': '{"Anomaly Description": "A fault was detected from 2025-06-13T15:11:27Z to 2025-06-13T15:35:27Z. Please analyze its root cause.", "uuid": "d0c7cd07-267"}'}...
2026-01-04 10:20:04,850 - RootCauseAnalysis - INFO - [Tool Resp] parse_user_input
2026-01-04 10:20:04,850 - RootCauseAnalysis - INFO -     Result: {'uuid': 'd0c7cd07-267', 'user_query': 'A fault was detected from 2025-06-13T15:11:27Z to 2025-06-13T15:35:27Z. Please analyze its root cause.'}
2026-01-04 10:20:04,850 - RootCauseAnalysis - INFO - [State Update] {"query_parsed_completed": true}
2026-01-04 10:20:06,626 - RootCauseAnalysis - INFO - [Tool Call] data_collection_agent
2026-01-04 10:20:06,626 - RootCauseAnalysis - INFO -     Args: {'request': 'd0c7cd07-267'}...
2026-01-04 10:20:06,626 - RootCauseAnalysis - INFO - ============================================================
2026-01-04 10:20:06,626 - RootCauseAnalysis - INFO - METRIC ANALYSIS - Starting
2026-01-04 10:20:06,626 - RootCauseAnalysis - INFO - ============================================================
2026-01-04 10:20:06,626 - RootCauseAnalysis - INFO - METRIC AGENT - Initial Scanning
2026-01-04 10:20:06,627 - RootCauseAnalysis - INFO - ============================================================
2026-01-04 10:20:06,627 - RootCauseAnalysis - INFO - LOG ANALYSIS - Starting
2026-01-04 10:20:06,627 - RootCauseAnalysis - INFO - ============================================================
2026-01-04 10:20:06,627 - RootCauseAnalysis - INFO - LOG AGENT - Initial Scanning
2026-01-04 10:20:06,627 - RootCauseAnalysis - INFO - ============================================================
2026-01-04 10:20:06,627 - RootCauseAnalysis - INFO - TRACE ANALYSIS - Starting
2026-01-04 10:20:06,627 - RootCauseAnalysis - INFO - ============================================================
2026-01-04 10:20:06,627 - RootCauseAnalysis - INFO - TRACE AGENT - Initial Scanning
2026-01-04 10:20:14,015 - RootCauseAnalysis - WARNING - LOG AGENT - Log data not collected.
2026-01-04 10:20:14,015 - RootCauseAnalysis - WARNING - TRACE AGENT - Trace data not collected.
2026-01-04 10:20:16,291 - RootCauseAnalysis - INFO - METRIC AGENT - Analysis Completed
2026-01-04 10:20:16,291 - RootCauseAnalysis - INFO - [Tool Resp] data_collection_agent
2026-01-04 10:20:16,292 - RootCauseAnalysis - INFO -     Result: {'result': '```json\n{\n  "stance": "NEUTRAL",\n  "detected_metric_keys": [\n    "error_ratio",\n    "client_error_ratio",\n    "rrt_max"\n  ],\n  "hypotheses": [\n    {\n      "component": "cartservice-0",\n      "reason": "Prolonged latency increase causing heightened client_error_ratio and error_ratio, affecting service performance",\n      "evidence": "cartservice-0 client_error_ratio p99 increased from 0.0 to 14.9"\n    },\n    {\n      "component": "currencyservice",\n      "reason": "Sign...
2026-01-04 10:20:16,292 - RootCauseAnalysis - INFO - [State Update] {"current_task_instruction": "当前处于【初始扫描阶段】。\n请对 Trace 数据进行全面扫描，找出所有显著的异常调用链。\n重点：请在返回 JSON 的 'stance' 字段中标记 'NEUTRAL'，并在 'hypotheses' 中列出你的发现。", "raw_metric_result": {"status": "success", "message": "成功加载metric数据。UUID: d0c7cd07-267", "anomaly_metrics": "metric_type,service_name,pod_name,node_name,metric_name,normal_median,fault_median,normal_p99,fault_p99,median_change_ratio,p99_change_ratio\nservice,adservice,adservice-0,N/A,error_ratio,0.0,0.0,1.59,0.0,0.0,2.0\nservice,cartservice,cartservice-0,N/A,client_error_ratio,0.0,0.0,0.0,14.9,0.0,2.0\nservice,cartservice,cartservice-0,N/A,error_ratio,0.0,0.0,0.0,14.9,0.0,2.0\nservice,adservice,adservice-0,N/A,client_error_ratio,0.0,0.0,1.59,0.0,0.0,2.0\nservice,currencyservice,currencyservice-0,N/A,rrt_max,2936.0,3011.0,9306.64,52248.67,0.0252,1.3952\nservice,currencyservice,currencyservice-1,N/A,rrt_max,6306.0,5212.0,23724.0,11500.81,0.19,0.694\ntidb,tidb-tikv,N/A,N/A,io_util,0.0,0.0,0.11,0.24,0.0,0.6921\nservice,shippingservice,shippingservice-2,N/A,rrt_max,1661.5,1356.0,7753.07,3887.38,0.2025,0.6642\nservice,productcatalogservice,productcatalogservice-2,N/A,rrt_max,14278.0,13178.5,36135.45,19471.69,0.0801,0.5993\nservice,paymentservice,paymentservice-1,N/A,rrt_max,1736.0,1755.5,2667.88,4741.81,0.0112,0.5598\nservice,paymentservice,paymentservice-0,N/A,rrt_max,1830.0,2049.0,4014.36,6746.0,0.1129,0.5077\nservice,currencyservice,currencyservice-2,N/A,rrt_max,1696.5,1702.0,3550.49,5709.09,0.0032,0.4662\nservice,paymentservice,paymentservice-1,N/A,rrt,1495.84,1480.38,2323.98,3612.09,0.0104,0.434\nservice,redis,redis-cart-0,N/A,rrt_max,3051.5,3511.0,53207.23,77879.75,0.14,0.3764\nservice,adservice,adservice-0,N/A,rrt_max,43806.5,42321.0,52490.98,76483.43,0.0345,0.372\nservice,emailservice,emailservice-0,N/A,rrt,1579.0,1621.86,3335.26,4848.74,0.0268,0.3699\nservice,paymentservice,paymentservice-2,N/A,rrt_max,1875.5,1720.5,4520.64,3151.1,0.0862,0.357\nservice,cartservice,cartservice-1,N/A,rrt_max,8607.5,9282.5,59227.98,80133.38,0.0755,0.3\nservice,currencyservice,currencyservice-2,N/A,rrt,1122.0,1232.28,1453.13,1960.65,0.0937,0.2973\nservice,paymentservice,paymentservice-2,N/A,rrt,1561.0,1451.0,2713.94,2082.45,0.073,0.2633\nservice,productcatalogservice,productcatalogservice-0,N/A,rrt_max,33473.0,25993.0,43996.52,52381.98,0.2516,0.174\nservice,emailservice,emailservice-0,N/A,rrt_max,2750.0,3100.0,7676.35,9719.5,0.1197,0.2349\nservice,cartservice,cartservice-1,N/A,rrt,1582.08,1669.06,2350.76,2956.64,0.0535,0.2283\nservice,cartservice,cartservice-0,N/A,rrt_max,3624.0,3353.0,11772.32,9608.13,0.0777,0.2024\nservice,cartservice,cartservice-2,N/A,rrt_max,8499.5,7016.0,24179.86,28381.13,0.1912,0.1599\nservice,paymentservice,paymentservice-0,N/A,rrt,1535.75,1685.0,2595.83,3126.34,0.0927,0.1854\nservice,productcatalogservice,productcatalogservice-1,N/A,rrt_max,30899.5,25895.0,46573.44,40057.23,0.1762,0.1504\nservice,checkoutservice,checkoutservice-2,N/A,rrt_max,116307.0,138713.5,192894.04,212084.99,0.1757,0.0948\nservice,emailservice,emailservice-1,N/A,rrt,1608.21,1514.01,2180.33,1846.0,0.0603,0.1661\nservice,productcatalogservice,productcatalogservice-2,N/A,rrt,6971.04,6463.32,10752.05,9124.48,0.0756,0.1638\n", "unique_entities": {"service_name": ["adservice", "cartservice", "checkoutservice", "currencyservice", "emailservice", "frontend", "paymentservice", "productcatalogservice", "recommendationservice", "redis", "shippingservice", "tidb-pd", "tidb-tidb", "tidb-tikv"], "node_name": ["aiops-k8s-01", "aiops-k8s-02", "aiops-k8s-03", "aiops-k8s-04", "aiops-k8s-05", "aiops-k8s-06", "aiops-k8s-07", "aiops-k8s-08"], "pod_name": ["adservice-0", "adservice-1", "adservice-2", "cartservice-0", "cartservice-1", "cartservice-2", "checkoutservice-0", "checkoutservice-1", "checkoutservice-2", "currencyservice-0", "currencyservice-1", "currencyservice-2", "emailservice-0", "emailservice-1", "emailservice-2", "frontend-0", "frontend-1", "frontend-2", "paymentservice-0", "paymentservice-1", "paymentservice-2", "productcatalogservice-0", "productcatalogservice-1", "productcatalogservice-2", "recommendationservice-0", "recommendationservice-1", "recommendationservice-2", "redis-cart-0", "shippingservice-0", "shippingservice-1", "shippingservice-2"]}, "node_pod_mapping": {"aiops-k8s-01": ["checkoutservice-1", "emailservice-1", "productcatalogservice-1", "recommendationservice-2", "shippingservice-0"], "aiops-k8s-02": [], "aiops-k8s-03": ["recommendationservice-1", "shippingservice-2", "frontend-0", "paymentservice-1", "cartservice-0", "adservice-0"], "aiops-k8s-04": ["frontend-2", "currencyservice-1", "checkoutservice-0", "paymentservice-2"], "aiops-k8s-05": ["paymentservice-2", "currencyservice-0", "cartservice-1", "paymentservice-1"], "aiops-k8s-06": ["productcatalogservice-0", "emailservice-2", "checkoutservice-2"], "aiops-k8s-07": ["currencyservice-2", "adservice-1", "frontend-1", "emailservice-0", "shippingservice-1"], "aiops-k8s-08": ["recommendationservice-0", "paymentservice-0", "productcatalogservice-2", "cartservice-2", "redis-cart-0", "adservice-2"]}, "matched_anomaly": "A fault was detected from 2025-06-13T15:11:27Z to 2025-06-13T15:35:27Z. Please analyze its root cause.", "time_range": "2025-06-13 15:11:27+00:00 to 2025-06-13 15:35:27+00:00"}, "metric_data_collected": true, "node_pod_mapping": {"aiops-k8s-01": ["checkoutservice-1", "emailservice-1", "productcatalogservice-1", "recommendationservice-2", "shippingservice-0"], "aiops-k8s-02": [], "aiops-k8s-03": ["recommendationservice-1", "shippingservice-2", "frontend-0", "paymentservice-1", "cartservice-0", "adservice-0"], "aiops-k8s-04": ["frontend-2", "currencyservice-1", "checkoutservice-0", "paymentservice-2"], "aiops-k8s-05": ["paymentservice-2", "currencyservice-0", "cartservice-1", "paymentservice-1"], "aiops-k8s-06": ["productcatalogservice-0", "emailservice-2", "checkoutservice-2"], "aiops-k8s-07": ["currencyservice-2", "adservice-1", "frontend-1", "emailservice-0", "shippingservice-1"], "aiops-k8s-08": ["recommendationservice-0", "paymentservice-0", "productcatalogservice-2", "cartservice-2", "redis-cart-0", "adservice-2"]}, "log_analysis_findings": "由于无法加载日志数据，因此无法进行进一步的日志分析。\n\n```json\n{\n  \"stance\": \"NEUTRAL\",\n  \"detected_log_keys\": [],\n  \"hypotheses\": []\n}\n```", "trace_analysis_findings": "我无法加载与 UUID d0c7cd07-267 相关的调用链数据，系统返回了一个错误。可能因为数据不可用或损坏导致我们无法获取。\n\n请检查数据源的连接状态或数据完整性后再次尝试。如果你有其他的异常描述或时间范围，我可以基于这些信息尝试其他方法来进行分析。", "metric_analysis_findings": "```json\n{\n  \"stance\": \"NEUTRAL\",\n  \"detected_metric_keys\": [\n    \"error_ratio\",\n    \"client_error_ratio\",\n    \"rrt_max\"\n  ],\n  \"hypotheses\": [\n    {\n      \"component\": \"cartservice-0\",\n      \"reason\": \"Prolonged latency increase causing heightened client_error_ratio and error_ratio, affecting service performance\",\n      \"evidence\": \"cartservice-0 client_error_ratio p99 increased from 0.0 to 14.9\"\n    },\n    {\n      \"component\": \"currencyservice\",\n      \"reason\": \"Significant response time growth in rrt_max leads to service degradation\",\n      \"evidence\": \"currencyservice-0 rrt_max p99 increased from 9306.64 to 52248.67\"\n    },\n    {\n      \"component\": \"redis-cart-0\",\n      \"reason\": \"Extended response times in rrt_max indicating service stress\",\n      \"evidence\": \"redis-cart-0 rrt_max p99 increased from 53207.23 to 77879.75\"\n    }\n  ]\n}\n```"}
2026-01-04 10:20:17,237 - RootCauseAnalysis - INFO - [Tool Call] consensus_discussion_agent
2026-01-04 10:20:17,237 - RootCauseAnalysis - INFO -     Args: {'request': 'd0c7cd07-267'}...
2026-01-04 10:20:17,237 - RootCauseAnalysis - INFO - ============================================================
2026-01-04 10:20:17,237 - RootCauseAnalysis - INFO - CONSENSUS ANALYSIS - Round 0
2026-01-04 10:20:17,237 - RootCauseAnalysis - INFO - Current Hypothesis: （等待写入...）
2026-01-04 10:20:17,237 - RootCauseAnalysis - INFO - ============================================================
2026-01-04 10:20:21,781 - RootCauseAnalysis - INFO - CONSENSUS AGENT OUTPUT PARSED:
2026-01-04 10:20:21,781 - RootCauseAnalysis - INFO -   - Status: AGREED
2026-01-04 10:20:21,781 - RootCauseAnalysis - INFO -   - New Hypothesis: redis-cart-0 is the root cause due to extended rrt_max times indicating service stress
2026-01-04 10:20:21,781 - RootCauseAnalysis - INFO -   - Reasoning: Metric data shows redis-cart-0 has increased latency, directly impacting cartservice, a dependent service.
2026-01-04 10:20:21,781 - RootCauseAnalysis - INFO - >>> CONSENSUS REACHED! Escalating to finish loop. <<<
2026-01-04 10:20:21,782 - RootCauseAnalysis - INFO - [Tool Resp] consensus_discussion_agent
2026-01-04 10:20:21,782 - RootCauseAnalysis - INFO -     Result: {'result': '为了确定故障的根因，我们需要综合三位专家的证词，并作出判断。在当前的会议输入中，我们有以下信息：\n\n### 当前假设\n目前假设等待写入，因此我们处于初始提案阶段。\n\n### 专家证词\n1. **Log 专家**无法载入日志数据，无法进行进一步分析，立场为中立。\n   \n2. **Metric 专家**报告了以下指标异常：\n   - **cartservice-0**有显著的延迟增加，导致client_error_ratio和error_ratio上升，影响服务性能。\n     - 证据: cartservice-0 client_error_ratio P99增加从0.0到14.9。\n   - **currencyservice**的rrt_max显著增长，导致服务性能下降。\n     - 证据: currencyservice-0 rrt_max P99增加从9306.64到52248.67。\n   - **redis-cart-0**的rrt_max显著增长，表明服务压力。\n     - 证据: redis-cart-0 rrt_...
2026-01-04 10:20:21,782 - RootCauseAnalysis - INFO - [State Update] {"consensus_iteration": 1, "consensus_decision": "AGREED", "current_hypothesis": "redis-cart-0 is the root cause due to extended rrt_max times indicating service stress"}
2026-01-04 10:20:22,765 - RootCauseAnalysis - INFO - [Tool Call] report_agent
2026-01-04 10:20:22,765 - RootCauseAnalysis - INFO -     Args: {'request': 'd0c7cd07-267'}...
2026-01-04 10:20:22,766 - RootCauseAnalysis - INFO - ============================================================
2026-01-04 10:20:22,766 - RootCauseAnalysis - INFO - REPORT ANALYSIS - Starting
2026-01-04 10:20:25,022 - RootCauseAnalysis - INFO - REPORT ANALYSIS COMPLETED - Saved results in report_analysis_output.json
2026-01-04 10:20:25,022 - RootCauseAnalysis - INFO - [Tool Resp] report_agent
2026-01-04 10:20:25,022 - RootCauseAnalysis - INFO -     Result: {'uuid': 'd0c7cd07-267', 'component': 'redis-cart-0', 'reason': 'rrt_max extended indicates service stress on redis-cart-0', 'reasoning_trace': [{'step': 1, 'action': 'LoadMetrics(redis-cart-0)', 'observation': 'rrt_max p99 increased from 53207.23 to 77879.75 indicating stress.'}, {'step': 2, 'action': 'LogSearch(redis-cart-0)', 'observation': 'No data available, unable to conduct log analysis.'}, {'step': 3, 'action': 'TraceAnalysis(d0c7cd07-267)', 'observation': 'No data available for call cha...
2026-01-04 10:20:25,022 - RootCauseAnalysis - INFO - [State Update] {"hypotheses_summary": "redis-cart-0 is the root cause due to extended rrt_max times indicating service stress", "log_analysis_findings": "由于无法加载日志数据，因此无法进行进一步的日志分析。\n\n```json\n{\n  \"stance\": \"NEUTRAL\",\n  \"detected_log_keys\": [],\n  \"hypotheses\": []\n}\n```", "metric_analysis_findings": "```json\n{\n  \"stance\": \"NEUTRAL\",\n  \"detected_metric_keys\": [\n    \"error_ratio\",\n    \"client_error_ratio\",\n    \"rrt_max\"\n  ],\n  \"hypotheses\": [\n    {\n      \"component\": \"cartservice-0\",\n      \"reason\": \"Prolonged latency increase causing heightened client_error_ratio and error_ratio, affecting service performance\",\n      \"evidence\": \"cartservice-0 client_error_ratio p99 increased from 0.0 to 14.9\"\n    },\n    {\n      \"component\": \"currencyservice\",\n      \"reason\": \"Significant response time growth in rrt_max leads to service degradation\",\n      \"evidence\": \"currencyservice-0 rrt_max p99 increased from 9306.64 to 52248.67\"\n    },\n    {\n      \"component\": \"redis-cart-0\",\n      \"reason\": \"Extended response times in rrt_max indicating service stress\",\n      \"evidence\": \"redis-cart-0 rrt_max p99 increased from 53207.23 to 77879.75\"\n    }\n  ]\n}\n```", "trace_analysis_findings": "我无法加载与 UUID d0c7cd07-267 相关的调用链数据，系统返回了一个错误。可能因为数据不可用或损坏导致我们无法获取。\n\n请检查数据源的连接状态或数据完整性后再次尝试。如果你有其他的异常描述或时间范围，我可以基于这些信息尝试其他方法来进行分析。", "report_analysis_findings": {"uuid": "d0c7cd07-267", "component": "redis-cart-0", "reason": "rrt_max extended indicates service stress on redis-cart-0", "reasoning_trace": [{"step": 1, "action": "LoadMetrics(redis-cart-0)", "observation": "rrt_max p99 increased from 53207.23 to 77879.75 indicating stress."}, {"step": 2, "action": "LogSearch(redis-cart-0)", "observation": "No data available, unable to conduct log analysis."}, {"step": 3, "action": "TraceAnalysis(d0c7cd07-267)", "observation": "No data available for call chain analysis with given UUID."}]}, "report_analysis_completed": true}
2026-01-04 10:20:28,089 - RootCauseAnalysis - INFO - ORCHESTRATOR AGENT - Execution Completed
2026-01-04 10:20:28,089 - RootCauseAnalysis - INFO - [Final State Summary]
2026-01-04 10:20:28,089 - RootCauseAnalysis - INFO -    - current_hypothesis: redis-cart-0 is the root cause due to extended rrt_max times indicating service stress
2026-01-04 10:20:28,089 - RootCauseAnalysis - INFO -    - consensus_decision: AGREED
2026-01-04 10:20:28,089 - RootCauseAnalysis - INFO -    - consensus_iteration: 1
2026-01-04 10:20:28,089 - RootCauseAnalysis - INFO - === END SESSION ===
