2026-01-04 10:37:55,582 - RootCauseAnalysis - INFO - === START SESSION: 5d97906f-213 (Run #3) ===
2026-01-04 10:37:55,582 - RootCauseAnalysis - INFO - [Processing] 5d97906f-213 (Run #3) | Log: logs/5d97906f-213/run3_20260104_103755.log
2026-01-04 10:37:55,582 - RootCauseAnalysis - INFO - ============================================================
2026-01-04 10:37:55,582 - RootCauseAnalysis - INFO - ORCHESTRATOR AGENT - Initializing
2026-01-04 10:37:55,582 - RootCauseAnalysis - INFO - ============================================================
2026-01-04 10:37:55,582 - RootCauseAnalysis - INFO - [State Update] {"query_parsed_completed": false, "raw_metric_result": "（等待写入...）", "metric_data_collected": false, "raw_log_result": "（等待写入...）", "log_data_collected": false, "raw_trace_result": "（等待写入...）", "trace_data_collected": false, "current_iteration": 0, "current_hypothesis": "（等待写入...）", "log_analysis_findings": "（等待数据收集...）", "metric_analysis_findings": "（等待数据收集...）", "trace_analysis_findings": "（等待数据收集...）"}
2026-01-04 10:37:58,131 - RootCauseAnalysis - INFO - [Tool Call] parse_user_input
2026-01-04 10:37:58,131 - RootCauseAnalysis - INFO -     Args: {'input_json': '{"Anomaly Description": "Determine the root cause of the system fault during 2025-06-11T08:10:41Z to 2025-06-11T08:24:41Z.", "uuid": "5d97906f-213"}'}...
2026-01-04 10:37:58,131 - RootCauseAnalysis - INFO - [Tool Resp] parse_user_input
2026-01-04 10:37:58,131 - RootCauseAnalysis - INFO -     Result: {'uuid': '5d97906f-213', 'user_query': 'Determine the root cause of the system fault during 2025-06-11T08:10:41Z to 2025-06-11T08:24:41Z.'}
2026-01-04 10:37:58,131 - RootCauseAnalysis - INFO - [State Update] {"query_parsed_completed": true}
2026-01-04 10:37:59,049 - RootCauseAnalysis - INFO - [Tool Call] data_collection_agent
2026-01-04 10:37:59,049 - RootCauseAnalysis - INFO -     Args: {'request': '5d97906f-213'}...
2026-01-04 10:37:59,050 - RootCauseAnalysis - INFO - ============================================================
2026-01-04 10:37:59,050 - RootCauseAnalysis - INFO - METRIC ANALYSIS - Starting
2026-01-04 10:37:59,050 - RootCauseAnalysis - INFO - ============================================================
2026-01-04 10:37:59,050 - RootCauseAnalysis - INFO - METRIC AGENT - Initial Scanning
2026-01-04 10:37:59,050 - RootCauseAnalysis - INFO - ============================================================
2026-01-04 10:37:59,050 - RootCauseAnalysis - INFO - LOG ANALYSIS - Starting
2026-01-04 10:37:59,050 - RootCauseAnalysis - INFO - ============================================================
2026-01-04 10:37:59,050 - RootCauseAnalysis - INFO - LOG AGENT - Initial Scanning
2026-01-04 10:37:59,050 - RootCauseAnalysis - INFO - ============================================================
2026-01-04 10:37:59,050 - RootCauseAnalysis - INFO - TRACE ANALYSIS - Starting
2026-01-04 10:37:59,050 - RootCauseAnalysis - INFO - ============================================================
2026-01-04 10:37:59,050 - RootCauseAnalysis - INFO - TRACE AGENT - Initial Scanning
2026-01-04 10:38:21,084 - RootCauseAnalysis - WARNING - LOG AGENT - Log data not collected.
2026-01-04 10:38:22,929 - RootCauseAnalysis - INFO - METRIC AGENT - Analysis Completed
2026-01-04 10:38:25,592 - RootCauseAnalysis - INFO - TRACE AGENT - Analysis Completed
2026-01-04 10:38:25,593 - RootCauseAnalysis - INFO - [Tool Resp] data_collection_agent
2026-01-04 10:38:25,593 - RootCauseAnalysis - INFO -     Result: {'result': '```json\n{\n  "stance": "NEUTRAL",\n  "detected_trace_keys": [\n    "latency_spike",\n    "checkoutservice->cartservice",\n    "cartservice->redis",\n    "checkoutservice->emailservice",\n    "checkoutservice->shippingservice",\n    "frontend->cartservice",\n    "checkoutservice->productcatalogservice"\n  ],\n  "hypotheses": [\n    {\n      "component": "cartservice",\n      "reason": "Significant latency spikes detected in calls to EmptyCart operation and its Redis dependency.",\n  ...
2026-01-04 10:38:25,593 - RootCauseAnalysis - INFO - [State Update] {"current_task_instruction": "当前处于【初始扫描阶段】。\n请对 Trace 数据进行全面扫描，找出所有显著的异常调用链。\n重点：请在返回 JSON 的 'stance' 字段中标记 'NEUTRAL'，并在 'hypotheses' 中列出你的发现。", "raw_metric_result": {"status": "success", "message": "成功加载metric数据。UUID: 5d97906f-213", "anomaly_metrics": "metric_type,service_name,pod_name,node_name,metric_name,normal_median,fault_median,normal_p99,fault_p99,median_change_ratio,p99_change_ratio\nservice,cartservice,cartservice-0,N/A,rrt_max,12943.0,13087.0,93625.91,453174.3,0.0111,1.3151\nservice,cartservice,cartservice-1,N/A,rrt_max,4205.5,4448.0,57753.8,17285.24,0.056,1.0786\nservice,cartservice,cartservice-2,N/A,rrt_max,4956.5,4985.0,24387.0,67082.3,0.0057,0.9335\nservice,cartservice,cartservice-1,N/A,rrt,1634.68,1665.94,4991.8,2085.3,0.0189,0.8214\npod,N/A,checkoutservice-1,N/A,pod_processes,1.0,1.0,1.0,2.0,0.0,0.6667\nservice,paymentservice,paymentservice-0,N/A,rrt_max,2146.5,2031.0,10510.36,5656.14,0.0553,0.6005\nservice,currencyservice,currencyservice-1,N/A,rrt_max,7516.5,6731.5,49958.77,29489.61,0.1102,0.5153\nservice,currencyservice,currencyservice-2,N/A,rrt_max,3167.5,2965.5,7933.25,4796.92,0.0659,0.4927\nservice,shippingservice,shippingservice-2,N/A,rrt_max,2146.0,3473.0,5292.9,7031.08,0.4723,0.2821\nservice,paymentservice,paymentservice-1,N/A,rrt_max,2021.0,1988.0,4296.12,6859.98,0.0165,0.4596\nservice,checkoutservice,checkoutservice-1,N/A,rrt_max,215726.0,328813.0,326890.0,328813.0,0.4153,0.0059\nservice,frontend,frontend-2,N/A,rrt_max,277559.0,274092.0,379052.83,574570.15,0.0126,0.4101\nnode,N/A,N/A,aiops-k8s-04,node_memory_usage_rate,34.34,51.85,47.75,53.21,0.4062,0.1082\nservice,emailservice,emailservice-1,N/A,rrt_max,3456.5,3503.5,8032.66,5397.52,0.0135,0.3924\nnode,N/A,N/A,aiops-k8s-07,node_memory_MemAvailable_bytes,11642527744.0,8521498624.0,12386762424.32,12750077009.92,0.3096,0.0289\nnode,N/A,N/A,aiops-k8s-04,node_memory_MemAvailable_bytes,10678695936.0,7743123456.0,11626430668.8,11628641361.92,0.3187,0.0002\nnode,N/A,N/A,aiops-k8s-01,node_memory_usage_rate,39.08,37.24,53.44,37.87,0.0483,0.3411\nservice,shippingservice,shippingservice-2,N/A,rrt,1057.89,1177.8,1284.73,1811.46,0.1073,0.3402\nservice,paymentservice,paymentservice-0,N/A,rrt,1471.6,1439.1,2602.16,1924.44,0.0223,0.2994\nservice,recommendationservice,recommendationservice-1,N/A,rrt_max,11557.0,11122.0,16732.11,22426.33,0.0384,0.2908\nservice,cartservice,cartservice-2,N/A,rrt,1389.48,1372.38,2874.49,3842.16,0.0124,0.2881\npod,N/A,redis-cart-0,N/A,pod_cpu_usage,0.0,0.0,0.08,0.06,0.0,0.2569\nservice,shippingservice,shippingservice-0,N/A,rrt_max,3872.5,5007.0,8888.91,8816.94,0.2555,0.0081\nservice,currencyservice,currencyservice-0,N/A,rrt_max,5382.0,4870.5,85777.33,66526.89,0.0998,0.2528\nservice,paymentservice,paymentservice-2,N/A,rrt,1461.7,1536.75,1804.22,2315.78,0.0501,0.2483\nservice,productcatalogservice,productcatalogservice-2,N/A,rrt_max,15765.5,14625.5,23638.64,18573.42,0.075,0.24\nservice,emailservice,emailservice-0,N/A,rrt_max,3733.0,3972.0,9568.92,7638.6,0.062,0.2244\nservice,paymentservice,paymentservice-1,N/A,rrt,1569.5,1529.76,2044.57,2533.69,0.0256,0.2137\nservice,shippingservice,shippingservice-1,N/A,rrt_max,2249.5,2456.0,5120.11,6300.07,0.0878,0.2066\nservice,productcatalogservice,productcatalogservice-1,N/A,rrt_max,14213.0,15578.5,21601.45,26532.92,0.0917,0.2049\n", "unique_entities": {"service_name": ["adservice", "cartservice", "checkoutservice", "currencyservice", "emailservice", "frontend", "paymentservice", "productcatalogservice", "recommendationservice", "redis", "shippingservice", "tidb-pd", "tidb-tidb", "tidb-tikv"], "node_name": ["aiops-k8s-01", "aiops-k8s-02", "aiops-k8s-03", "aiops-k8s-04", "aiops-k8s-05", "aiops-k8s-06", "aiops-k8s-07", "aiops-k8s-08"], "pod_name": ["adservice-0", "adservice-1", "adservice-2", "cartservice-0", "cartservice-1", "cartservice-2", "checkoutservice-0", "checkoutservice-1", "checkoutservice-2", "currencyservice-0", "currencyservice-1", "currencyservice-2", "emailservice-0", "emailservice-1", "emailservice-2", "frontend-0", "frontend-1", "frontend-2", "paymentservice-0", "paymentservice-1", "paymentservice-2", "productcatalogservice-0", "productcatalogservice-1", "productcatalogservice-2", "recommendationservice-0", "recommendationservice-1", "recommendationservice-2", "redis-cart-0", "shippingservice-0", "shippingservice-1", "shippingservice-2"]}, "node_pod_mapping": {"aiops-k8s-01": ["checkoutservice-1", "emailservice-1", "productcatalogservice-1", "recommendationservice-2", "shippingservice-0"], "aiops-k8s-02": [], "aiops-k8s-03": ["shippingservice-2", "frontend-0", "adservice-0", "recommendationservice-1", "paymentservice-1", "cartservice-0"], "aiops-k8s-04": ["checkoutservice-0", "frontend-2", "currencyservice-1"], "aiops-k8s-05": ["paymentservice-2", "currencyservice-0", "cartservice-1"], "aiops-k8s-06": ["emailservice-2", "productcatalogservice-0", "checkoutservice-2"], "aiops-k8s-07": ["shippingservice-1", "frontend-1", "emailservice-0", "currencyservice-2", "adservice-1"], "aiops-k8s-08": ["recommendationservice-0", "productcatalogservice-2", "paymentservice-0", "cartservice-2", "adservice-2", "redis-cart-0"]}, "matched_anomaly": "Determine the root cause of the system fault during 2025-06-11T08:10:41Z to 2025-06-11T08:24:41Z.", "time_range": "2025-06-11 08:10:41+00:00 to 2025-06-11 08:24:41+00:00"}, "metric_data_collected": true, "node_pod_mapping": {"aiops-k8s-01": ["checkoutservice-1", "emailservice-1", "productcatalogservice-1", "recommendationservice-2", "shippingservice-0"], "aiops-k8s-02": [], "aiops-k8s-03": ["shippingservice-2", "frontend-0", "adservice-0", "recommendationservice-1", "paymentservice-1", "cartservice-0"], "aiops-k8s-04": ["checkoutservice-0", "frontend-2", "currencyservice-1"], "aiops-k8s-05": ["paymentservice-2", "currencyservice-0", "cartservice-1"], "aiops-k8s-06": ["emailservice-2", "productcatalogservice-0", "checkoutservice-2"], "aiops-k8s-07": ["shippingservice-1", "frontend-1", "emailservice-0", "currencyservice-2", "adservice-1"], "aiops-k8s-08": ["recommendationservice-0", "productcatalogservice-2", "paymentservice-0", "cartservice-2", "adservice-2", "redis-cart-0"]}, "raw_trace_result": {"status": "success", "message": "成功加载trace数据。UUID: 5d97906f-213，共 20 个异常组合，0 个状态组合", "filtered_traces": "node_name,service_name,parent_pod,child_pod,operation_name,normal_avg_duration,anomaly_avg_duration,anomaly_count\naiops-k8s-06,checkoutservice,checkoutservice-2,checkoutservice-2,hipstershop.CartService/EmptyCart,15802.06554278418,77842.0,出现次数:3\naiops-k8s-07,emailservice,checkoutservice-2,emailservice-0,/hipstershop.EmailService/SendOrderConfirmation,699.9749480789201,1845.5,出现次数:2\naiops-k8s-03,shippingservice,checkoutservice-2,shippingservice-2,hipstershop.ShippingService/ShipOrder,228.29299252303946,775.0,出现次数:2\naiops-k8s-01,productcatalogservice,recommendationservice-1,productcatalogservice-1,hipstershop.ProductCatalogService/ListProducts,74.18606657577291,177.5241758241758,出现次数:2\naiops-k8s-03,cartservice,frontend-2,cartservice-0,POST /hipstershop.CartService/AddItem,3982.006267418218,19728.232142857145,出现次数:2\naiops-k8s-08,cartservice,checkoutservice-0,cartservice-2,POST /hipstershop.CartService/EmptyCart,2307.623422420193,38015.0,出现次数:1\naiops-k8s-08,redis,cartservice-2,cartservice-2,HMSET,1361.2533037296344,37384.0,出现次数:1\naiops-k8s-06,checkoutservice,checkoutservice-2,checkoutservice-2,hipstershop.CartService/GetCart,8686.463548279853,28747.5,出现次数:1\naiops-k8s-08,cartservice,checkoutservice-2,cartservice-2,POST /hipstershop.CartService/EmptyCart,2258.7857613596943,13621.0,出现次数:1\naiops-k8s-03,cartservice,checkoutservice-2,cartservice-0,POST /hipstershop.CartService/GetCart,2495.927187414433,41461.5,出现次数:1\naiops-k8s-01,shippingservice,checkoutservice-0,shippingservice-0,hipstershop.ShippingService/ShipOrder,220.8838383838384,788.0,出现次数:1\naiops-k8s-03,cartservice,frontend-0,cartservice-0,POST /hipstershop.CartService/AddItem,3869.864371451825,70661.0,出现次数:1\naiops-k8s-03,frontend,frontend-0,frontend-0,hipstershop.CartService/AddItem,5216.283181282052,71994.0,出现次数:1\naiops-k8s-06,checkoutservice,checkoutservice-2,checkoutservice-2,hipstershop.ShippingService/ShipOrder,12518.421589164638,75783.0,出现次数:1\naiops-k8s-06,checkoutservice,checkoutservice-2,checkoutservice-2,hipstershop.ShippingService/GetQuote,9347.601322014976,51728.0,出现次数:1\naiops-k8s-06,productcatalogservice,frontend-0,productcatalogservice-0,hipstershop.ProductCatalogService/ListProducts,75.47187435148336,425.3333333333333,出现次数:1\naiops-k8s-03,frontend,frontend-0,frontend-0,hipstershop.ShippingService/GetQuote,1944.774309190994,3488.25,出现次数:1\naiops-k8s-04,checkoutservice,frontend-1,checkoutservice-0,hipstershop.CheckoutService/PlaceOrder,143518.1957064572,340269.0,出现次数:1\naiops-k8s-07,frontend,frontend-1,frontend-1,hipstershop.CartService/GetCart,3932.5934219641285,11774.758064516129,出现次数:1\naiops-k8s-07,frontend,frontend-1,frontend-1,hipstershop.ShippingService/GetQuote,1806.8433138617236,3380.1428571428573,出现次数:1\n", "unique_entities": {"pod_name": ["cartservice-0", "cartservice-2", "checkoutservice-0", "checkoutservice-2", "emailservice-0", "frontend-0", "frontend-1", "frontend-2", "productcatalogservice-0", "productcatalogservice-1", "recommendationservice-1", "shippingservice-0", "shippingservice-2"], "service_name": ["cartservice", "checkoutservice", "emailservice", "frontend", "productcatalogservice", "redis", "shippingservice"], "node_name": ["aiops-k8s-01", "aiops-k8s-03", "aiops-k8s-04", "aiops-k8s-06", "aiops-k8s-07", "aiops-k8s-08"]}, "status_combinations": "", "matched_anomaly": "Determine the root cause of the system fault during 2025-06-11T08:10:41Z to 2025-06-11T08:24:41Z.", "time_range": "2025-06-11 08:10:41+00:00 to 2025-06-11 08:24:41+00:00"}, "trace_data_collected": true, "log_analysis_findings": "```json\n{\n  \"stance\": \"NEUTRAL\",\n  \"detected_log_keys\": [],\n  \"hypotheses\": []\n}\n```", "metric_analysis_findings": "```json\n{\n  \"stance\": \"NEUTRAL\",\n  \"detected_metric_keys\": [\n    \"node_memory_usage_rate\",\n    \"rrt_max\",\n    \"node_memory_MemAvailable_bytes\"\n  ],\n  \"hypotheses\": [\n    {\n      \"component\": \"aiops-k8s-04\",\n      \"reason\": \"Increased node_memory_usage_rate from 34.34% to 51.85%\",\n      \"evidence\": \"Node memory usage rate increased by 40.62% during the fault period.\"\n    },\n    {\n      \"component\": \"aiops-k8s-07\",\n      \"reason\": \"node_memory_MemAvailable_bytes decreased significantly, impacting service performance\",\n      \"evidence\": \"Available memory in aiops-k8s-07 dropped by 30.96%.\"\n    },\n    {\n      \"component\": \"cartservice\",\n      \"reason\": \"Cartservice observed high rrt_max variances\",\n      \"evidence\": \"Cartservice instances showing rrt_max change, e.g., cartservice-0 from 93625.91 to 453174.3 (4.3x increase)\"\n    }\n  ]\n}\n```", "trace_analysis_findings": "```json\n{\n  \"stance\": \"NEUTRAL\",\n  \"detected_trace_keys\": [\n    \"latency_spike\",\n    \"checkoutservice->cartservice\",\n    \"cartservice->redis\",\n    \"checkoutservice->emailservice\",\n    \"checkoutservice->shippingservice\",\n    \"frontend->cartservice\",\n    \"checkoutservice->productcatalogservice\"\n  ],\n  \"hypotheses\": [\n    {\n      \"component\": \"cartservice\",\n      \"reason\": \"Significant latency spikes detected in calls to EmptyCart operation and its Redis dependency.\",\n      \"evidence\": {\n        \"operations\": [\n          {\"operation_name\": \"POST /hipstershop.CartService/EmptyCart\", \"normal_avg_duration\": 2307.623, \"anomaly_avg_duration\": 38015.0, \"latency_factor\": 16.48},\n          {\"operation_name\": \"HMSET\", \"normal_avg_duration\": 1361.253, \"anomaly_avg_duration\": 37384.0, \"latency_factor\": 27.46}\n        ]\n      }\n    },\n    {\n      \"component\": \"checkoutservice\",\n      \"reason\": \"Multiple dependency chains show high latency including CartService, EmailService, and ShippingService.\",\n      \"evidence\": {\n        \"checkoutservice->cartservice\": {\"operation_name\": \"hipstershop.CartService/GetCart\", \"normal_avg_duration\": 8686.46, \"anomaly_avg_duration\": 28747.50, \"latency_factor\": 3.31},\n        \"checkoutservice->emailservice\": {\"operation_name\": \"hipstershop.EmailService/SendOrderConfirmation\", \"normal_avg_duration\": 699.97, \"anomaly_avg_duration\": 1845.5, \"latency_factor\": 2.63},\n        \"checkoutservice->shippingservice\": {\"operation_name\": \"hipstershop.ShippingService/ShipOrder\", \"normal_avg_duration\": 12518.42, \"anomaly_avg_duration\": 75783.0, \"latency_factor\": 6.05}\n      }\n    },\n    {\n      \"component\": \"shippingservice\",\n      \"reason\": \"Noticeable degradation in operation (hipstershop.ShippingService/GetQuote).\",\n      \"evidence\": {\n        \"operation_name\": \"hipstershop.ShippingService/GetQuote\", \"normal_avg_duration\": 9347.60, \"anomaly_avg_duration\": 51728.0, \"latency_factor\": 5.53\n      }\n    }\n  ]\n}\n```"}
2026-01-04 10:38:26,946 - RootCauseAnalysis - INFO - [Tool Call] consensus_discussion_agent
2026-01-04 10:38:26,946 - RootCauseAnalysis - INFO -     Args: {'request': 'Initiate consensus discussion for collected data with UUID 5d97906f-213'}...
2026-01-04 10:38:26,947 - RootCauseAnalysis - INFO - ============================================================
2026-01-04 10:38:26,947 - RootCauseAnalysis - INFO - CONSENSUS ANALYSIS - Round 0
2026-01-04 10:38:26,947 - RootCauseAnalysis - INFO - Current Hypothesis: （等待写入...）
2026-01-04 10:38:26,947 - RootCauseAnalysis - INFO - ============================================================
2026-01-04 10:38:33,255 - RootCauseAnalysis - INFO - CONSENSUS AGENT OUTPUT PARSED:
2026-01-04 10:38:33,255 - RootCauseAnalysis - INFO -   - Status: DISAGREED
2026-01-04 10:38:33,255 - RootCauseAnalysis - INFO -   - New Hypothesis: Root cause is aiops-k8s-07 due to significant drop in node_memory_MemAvailable_bytes, impacting multiple services
2026-01-04 10:38:33,255 - RootCauseAnalysis - INFO -   - Reasoning: Metrics show 30.96% drop in memory availability in aiops-k8s-07, a critical infrastructure issue. Trace further indicates latency spikes in cartservice operations including EmptyCart and redis HMSET, suggesting cartservice is affected due to reliance on aiops-k8s-07. Downstream dependencies like checkoutservice also observe cascading delays.
2026-01-04 10:38:33,255 - RootCauseAnalysis - INFO - >>> CONSENSUS NOT REACHED. Updating hypothesis and continuing loop. <<<
2026-01-04 10:38:33,256 - RootCauseAnalysis - INFO - ============================================================
2026-01-04 10:38:33,256 - RootCauseAnalysis - INFO - METRIC ANALYSIS - Starting
2026-01-04 10:38:33,256 - RootCauseAnalysis - INFO - ============================================================
2026-01-04 10:38:33,256 - RootCauseAnalysis - INFO - METRIC AGENT - Verifying Hypothesis: Root cause is aiops-k8s-07 due...
2026-01-04 10:38:33,256 - RootCauseAnalysis - INFO - ============================================================
2026-01-04 10:38:33,256 - RootCauseAnalysis - INFO - LOG ANALYSIS - Starting
2026-01-04 10:38:33,256 - RootCauseAnalysis - INFO - ============================================================
2026-01-04 10:38:33,256 - RootCauseAnalysis - INFO - LOG AGENT - Initial Scanning
2026-01-04 10:38:33,256 - RootCauseAnalysis - INFO - ============================================================
2026-01-04 10:38:33,256 - RootCauseAnalysis - INFO - TRACE ANALYSIS - Starting
2026-01-04 10:38:33,256 - RootCauseAnalysis - INFO - ============================================================
2026-01-04 10:38:33,256 - RootCauseAnalysis - INFO - TRACE AGENT - Verifying Hypothesis: Root cause is aiops-k8s-07 due...
2026-01-04 10:38:41,448 - RootCauseAnalysis - WARNING - LOG AGENT - Log data not collected.
2026-01-04 10:38:58,709 - RootCauseAnalysis - INFO - TRACE AGENT - Analysis Completed
2026-01-04 10:39:00,549 - RootCauseAnalysis - INFO - METRIC AGENT - Analysis Completed
2026-01-04 10:39:00,549 - RootCauseAnalysis - INFO - ============================================================
2026-01-04 10:39:00,549 - RootCauseAnalysis - INFO - CONSENSUS ANALYSIS - Round 1
2026-01-04 10:39:00,549 - RootCauseAnalysis - INFO - Current Hypothesis: Root cause is aiops-k8s-07 due to significant drop in node_memory_MemAvailable_bytes, impacting multiple services
2026-01-04 10:39:00,549 - RootCauseAnalysis - INFO - ============================================================
2026-01-04 10:39:08,291 - RootCauseAnalysis - ERROR - CONSENSUS AGENT - Failed to parse output: Extra data: line 6 column 1 (char 600)
2026-01-04 10:39:08,291 - RootCauseAnalysis - ERROR - Raw Output: ### Phase 2: Consensus Evaluation

#### Current Hypothesis:
**"Root cause is `aiops-k8s-07` due to significant drop in `node_memory_MemAvailable_bytes`, impacting multiple services."**

#### Summary of Evidence:
1. **Log Analysis**:
   - **Stance**: Neutral
   - **Analysis**: No critical errors or anomalies were found in logs to reinforce or oppose the hypothesis.

2. **Metric Analysis**:
   - **Stance**: Neutral
   - **Key Evidence**: `aiops-k8s-07` showed a **30.96% drop** in `node_memory_MemAvailable_bytes`, indicating potential memory stress that could have impacted pods running on this node. However, `cartservice` and `redis-cart-0` do not run on this node, which raises doubts about a direct causal link to the anomalies in `cartservice` and its downstream consumers.
   - **Outstanding Concern**: While there are correlations, no direct evidence proves that the memory drop on `aiops-k8s-07` is the sole root cause of the observed latency issues.

3. **Trace Analysis**:
   - **Stance**: Support
   - **Key Evidence**: Trace data shows significant latency spikes and anomalies in service interactions, specifically in operations like `cartservice->redis` and `checkoutservice->cartservice`. Some operations directly tied to `aiops-k8s-07`, such as `hipstershop.CartService/GetCart`, exhibit response times over **three times higher than normal**, supporting the hypothesis of node `aiops-k8s-07` being involved in the performance degradation.

---

### Evaluation of Expert Stances:
- **Metric and Log Experts** expressed neutrality, with the former lacking definitive evidence of direct causality between `aiops-k8s-07` and anomalies upstream in the dependency chain.
- **Trace Expert** strongly **supports** the hypothesis, arguing that latency spikes and service dependencies directly correlate with resources impacted by `aiops-k8s-07`. This implicates the node as a likely root cause of cascading issues.

#### **Consensus Status**: DISAGREED

Since not all experts share a unified stance (Support/Neutral split), the consensus remains undetermined at this stage. Additional evidence appears necessary to bridge the gap in perspectives, with a focus on validating the direct relationship between `aiops-k8s-07` and `cartservice` anomalies.

---

### Next Steps:
1. Perform further examination of **cartservice** and `redis-cart-0` operations to identify whether secondary dependencies, such as downstream data retrieval from the `redis-cart-0` on `aiops-k8s-08`, could be affected by memory-related infrastructure issues on `aiops-k8s-07`.
2. Evaluate cross-node communication patterns during the fault period for potential bottlenecks propagating from Pods on `aiops-k8s-07`.

### Updated Consensus JSON Output:
```json
{
  "status": "DISAGREED",
  "hypothesis": "Root cause is aiops-k8s-07 due to significant drop in node_memory_MemAvailable_bytes, impacting multiple services",
  "reasoning": "Metric analysis confirms significant memory pressure and usage anomaly on aiops-k8s-07, but no direct evidence of its impact on core services like cartservice or redis-cart-0. However, trace analysis supports the hypothesis, linking latency spikes and cross-service delays to degraded service calls on this node. Logs provide no corroborating evidence. Further validation is needed to establish a definitive causal link."
}
}
```
2026-01-04 10:39:08,291 - RootCauseAnalysis - INFO - ============================================================
2026-01-04 10:39:08,291 - RootCauseAnalysis - INFO - METRIC ANALYSIS - Starting
2026-01-04 10:39:08,291 - RootCauseAnalysis - INFO - ============================================================
2026-01-04 10:39:08,291 - RootCauseAnalysis - INFO - METRIC AGENT - Verifying Hypothesis: Root cause is aiops-k8s-07 due...
2026-01-04 10:39:08,291 - RootCauseAnalysis - INFO - ============================================================
2026-01-04 10:39:08,291 - RootCauseAnalysis - INFO - LOG ANALYSIS - Starting
2026-01-04 10:39:08,292 - RootCauseAnalysis - INFO - ============================================================
2026-01-04 10:39:08,292 - RootCauseAnalysis - INFO - LOG AGENT - Initial Scanning
2026-01-04 10:39:08,292 - RootCauseAnalysis - INFO - ============================================================
2026-01-04 10:39:08,292 - RootCauseAnalysis - INFO - TRACE ANALYSIS - Starting
2026-01-04 10:39:08,292 - RootCauseAnalysis - INFO - ============================================================
2026-01-04 10:39:08,292 - RootCauseAnalysis - INFO - TRACE AGENT - Verifying Hypothesis: Root cause is aiops-k8s-07 due...
2026-01-04 10:39:13,364 - RootCauseAnalysis - INFO - METRIC AGENT - Analysis Completed
2026-01-04 10:39:14,898 - RootCauseAnalysis - INFO - TRACE AGENT - Analysis Completed
2026-01-04 10:39:18,170 - RootCauseAnalysis - WARNING - LOG AGENT - Log data not collected.
2026-01-04 10:39:18,171 - RootCauseAnalysis - INFO - ============================================================
2026-01-04 10:39:18,171 - RootCauseAnalysis - INFO - CONSENSUS ANALYSIS - Round 2
2026-01-04 10:39:18,171 - RootCauseAnalysis - INFO - Current Hypothesis: Root cause is aiops-k8s-07 due to significant drop in node_memory_MemAvailable_bytes, impacting multiple services
2026-01-04 10:39:18,171 - RootCauseAnalysis - INFO - ============================================================
2026-01-04 10:39:26,894 - RootCauseAnalysis - INFO - CONSENSUS AGENT OUTPUT PARSED:
2026-01-04 10:39:26,894 - RootCauseAnalysis - INFO -   - Status: DISAGREED
2026-01-04 10:39:26,894 - RootCauseAnalysis - INFO -   - New Hypothesis: Root cause is aiops-k8s-07 due to significant drop in node_memory_MemAvailable_bytes, impacting multiple services
2026-01-04 10:39:26,894 - RootCauseAnalysis - INFO -   - Reasoning: Although significant memory pressure is evident on aiops-k8s-07, direct links to core service anomalies like cartservice and redis-cart-0 remain unconfirmed. Metrics and logs remain neutral, while traces are supportive but inconclusive. Further investigation into inter-node communication patterns and downstream impacts is required.
2026-01-04 10:39:26,894 - RootCauseAnalysis - INFO - >>> CONSENSUS NOT REACHED. Updating hypothesis and continuing loop. <<<
2026-01-04 10:39:26,894 - RootCauseAnalysis - INFO - ============================================================
2026-01-04 10:39:26,894 - RootCauseAnalysis - INFO - METRIC ANALYSIS - Starting
2026-01-04 10:39:26,894 - RootCauseAnalysis - INFO - ============================================================
2026-01-04 10:39:26,894 - RootCauseAnalysis - INFO - METRIC AGENT - Verifying Hypothesis: Root cause is aiops-k8s-07 due...
2026-01-04 10:39:26,894 - RootCauseAnalysis - INFO - ============================================================
2026-01-04 10:39:26,894 - RootCauseAnalysis - INFO - LOG ANALYSIS - Starting
2026-01-04 10:39:26,894 - RootCauseAnalysis - INFO - ============================================================
2026-01-04 10:39:26,895 - RootCauseAnalysis - INFO - LOG AGENT - Initial Scanning
2026-01-04 10:39:26,895 - RootCauseAnalysis - INFO - ============================================================
2026-01-04 10:39:26,895 - RootCauseAnalysis - INFO - TRACE ANALYSIS - Starting
2026-01-04 10:39:26,895 - RootCauseAnalysis - INFO - ============================================================
2026-01-04 10:39:26,895 - RootCauseAnalysis - INFO - TRACE AGENT - Verifying Hypothesis: Root cause is aiops-k8s-07 due...
2026-01-04 10:39:32,630 - RootCauseAnalysis - INFO - TRACE AGENT - Analysis Completed
2026-01-04 10:39:32,938 - RootCauseAnalysis - INFO - METRIC AGENT - Analysis Completed
2026-01-04 10:39:32,947 - RootCauseAnalysis - WARNING - LOG AGENT - Log data not collected.
2026-01-04 10:39:32,948 - RootCauseAnalysis - INFO - ============================================================
2026-01-04 10:39:32,948 - RootCauseAnalysis - INFO - CONSENSUS ANALYSIS - Round 3
2026-01-04 10:39:32,948 - RootCauseAnalysis - INFO - Current Hypothesis: Root cause is aiops-k8s-07 due to significant drop in node_memory_MemAvailable_bytes, impacting multiple services
2026-01-04 10:39:32,948 - RootCauseAnalysis - INFO - ============================================================
2026-01-04 10:39:40,621 - RootCauseAnalysis - INFO - CONSENSUS AGENT OUTPUT PARSED:
2026-01-04 10:39:40,621 - RootCauseAnalysis - INFO -   - Status: DISAGREED
2026-01-04 10:39:40,621 - RootCauseAnalysis - INFO -   - New Hypothesis: Root cause is aiops-k8s-07 due to significant drop in node_memory_MemAvailable_bytes, impacting multiple services
2026-01-04 10:39:40,621 - RootCauseAnalysis - INFO -   - Reasoning: Despite evidence of significant memory pressure on aiops-k8s-07, direct links to core service anomalies like cartservice and redis-cart-0 remain unconfirmed. Logs and metrics are neutral, while traces support the hypothesis but cannot conclusively prove causality. Further investigation into inter-node communication patterns and downstream impacts is necessary.
2026-01-04 10:39:40,621 - RootCauseAnalysis - INFO - >>> CONSENSUS NOT REACHED. Updating hypothesis and continuing loop. <<<
2026-01-04 10:39:40,621 - RootCauseAnalysis - INFO - ============================================================
2026-01-04 10:39:40,621 - RootCauseAnalysis - INFO - METRIC ANALYSIS - Starting
2026-01-04 10:39:40,621 - RootCauseAnalysis - INFO - ============================================================
2026-01-04 10:39:40,621 - RootCauseAnalysis - INFO - METRIC AGENT - Verifying Hypothesis: Root cause is aiops-k8s-07 due...
2026-01-04 10:39:40,621 - RootCauseAnalysis - INFO - ============================================================
2026-01-04 10:39:40,621 - RootCauseAnalysis - INFO - LOG ANALYSIS - Starting
2026-01-04 10:39:40,621 - RootCauseAnalysis - INFO - ============================================================
2026-01-04 10:39:40,622 - RootCauseAnalysis - INFO - LOG AGENT - Initial Scanning
2026-01-04 10:39:40,622 - RootCauseAnalysis - INFO - ============================================================
2026-01-04 10:39:40,622 - RootCauseAnalysis - INFO - TRACE ANALYSIS - Starting
2026-01-04 10:39:40,622 - RootCauseAnalysis - INFO - ============================================================
2026-01-04 10:39:40,622 - RootCauseAnalysis - INFO - TRACE AGENT - Verifying Hypothesis: Root cause is aiops-k8s-07 due...
2026-01-04 10:39:44,100 - RootCauseAnalysis - INFO - METRIC AGENT - Analysis Completed
2026-01-04 10:39:47,072 - RootCauseAnalysis - WARNING - LOG AGENT - Log data not collected.
2026-01-04 10:39:48,198 - RootCauseAnalysis - INFO - TRACE AGENT - Analysis Completed
2026-01-04 10:39:48,199 - RootCauseAnalysis - INFO - ============================================================
2026-01-04 10:39:48,199 - RootCauseAnalysis - INFO - CONSENSUS ANALYSIS - Round 4
2026-01-04 10:39:48,199 - RootCauseAnalysis - INFO - Current Hypothesis: Root cause is aiops-k8s-07 due to significant drop in node_memory_MemAvailable_bytes, impacting multiple services
2026-01-04 10:39:48,199 - RootCauseAnalysis - INFO - ============================================================
2026-01-04 10:39:59,050 - RootCauseAnalysis - INFO - CONSENSUS AGENT OUTPUT PARSED:
2026-01-04 10:39:59,050 - RootCauseAnalysis - INFO -   - Status: DISAGREED
2026-01-04 10:39:59,050 - RootCauseAnalysis - INFO -   - New Hypothesis: Root cause is aiops-k8s-07 due to significant drop in node_memory_MemAvailable_bytes, impacting multiple services
2026-01-04 10:39:59,050 - RootCauseAnalysis - INFO -   - Reasoning: While the memory pressure on aiops-k8s-07 aligns with the timeframe of service anomalies, lack of direct hosting and insufficient cross-node evidence weaken the hypothesis. Metrics and logs fail to show definitive causality, leaving trace data as the only supportive but inconclusive evidence. Further analysis of inter-node communication, redis contention, and cluster-wide infrastructure metrics is necessary to clarify the role of aiops-k8s-07 in the anomalies observed.
2026-01-04 10:39:59,050 - RootCauseAnalysis - INFO - >>> CONSENSUS NOT REACHED. Updating hypothesis and continuing loop. <<<
2026-01-04 10:39:59,050 - RootCauseAnalysis - INFO - ============================================================
2026-01-04 10:39:59,050 - RootCauseAnalysis - INFO - METRIC ANALYSIS - Starting
2026-01-04 10:39:59,050 - RootCauseAnalysis - INFO - ============================================================
2026-01-04 10:39:59,050 - RootCauseAnalysis - INFO - METRIC AGENT - Verifying Hypothesis: Root cause is aiops-k8s-07 due...
2026-01-04 10:39:59,050 - RootCauseAnalysis - INFO - ============================================================
2026-01-04 10:39:59,050 - RootCauseAnalysis - INFO - LOG ANALYSIS - Starting
2026-01-04 10:39:59,050 - RootCauseAnalysis - INFO - ============================================================
2026-01-04 10:39:59,050 - RootCauseAnalysis - INFO - LOG AGENT - Initial Scanning
2026-01-04 10:39:59,050 - RootCauseAnalysis - INFO - ============================================================
2026-01-04 10:39:59,050 - RootCauseAnalysis - INFO - TRACE ANALYSIS - Starting
2026-01-04 10:39:59,050 - RootCauseAnalysis - INFO - ============================================================
2026-01-04 10:39:59,050 - RootCauseAnalysis - INFO - TRACE AGENT - Verifying Hypothesis: Root cause is aiops-k8s-07 due...
2026-01-04 10:40:04,652 - RootCauseAnalysis - INFO - METRIC AGENT - Analysis Completed
2026-01-04 10:40:05,807 - RootCauseAnalysis - INFO - TRACE AGENT - Analysis Completed
2026-01-04 10:40:08,878 - RootCauseAnalysis - WARNING - LOG AGENT - Log data not collected.
2026-01-04 10:40:08,879 - RootCauseAnalysis - INFO - ============================================================
2026-01-04 10:40:08,879 - RootCauseAnalysis - INFO - CONSENSUS ANALYSIS - Round 5
2026-01-04 10:40:08,879 - RootCauseAnalysis - INFO - Current Hypothesis: Root cause is aiops-k8s-07 due to significant drop in node_memory_MemAvailable_bytes, impacting multiple services
2026-01-04 10:40:08,879 - RootCauseAnalysis - INFO - ============================================================
2026-01-04 10:40:20,173 - RootCauseAnalysis - INFO - CONSENSUS AGENT OUTPUT PARSED:
2026-01-04 10:40:20,173 - RootCauseAnalysis - INFO -   - Status: DISAGREED
2026-01-04 10:40:20,173 - RootCauseAnalysis - INFO -   - New Hypothesis: Root cause is aiops-k8s-07 due to significant drop in node_memory_MemAvailable_bytes, impacting multiple services
2026-01-04 10:40:20,173 - RootCauseAnalysis - INFO -   - Reasoning: Although temporal alignment exists between memory pressure on aiops-k8s-07 and service anomalies, direct evidence linking it to critical service issues like those in cartservice or redis-cart-0 is lacking. Metrics and logs remain neutral, while trace data aligns temporally but fails to confirm causality, necessitating further analysis into infrastructure-level inter-node communications and dependencies.
2026-01-04 10:40:20,173 - RootCauseAnalysis - INFO - >>> CONSENSUS NOT REACHED. Updating hypothesis and continuing loop. <<<
2026-01-04 10:40:20,173 - RootCauseAnalysis - INFO - ============================================================
2026-01-04 10:40:20,173 - RootCauseAnalysis - INFO - METRIC ANALYSIS - Starting
2026-01-04 10:40:20,173 - RootCauseAnalysis - INFO - ============================================================
2026-01-04 10:40:20,173 - RootCauseAnalysis - INFO - METRIC AGENT - Verifying Hypothesis: Root cause is aiops-k8s-07 due...
2026-01-04 10:40:20,173 - RootCauseAnalysis - INFO - ============================================================
2026-01-04 10:40:20,173 - RootCauseAnalysis - INFO - LOG ANALYSIS - Starting
2026-01-04 10:40:20,174 - RootCauseAnalysis - INFO - ============================================================
2026-01-04 10:40:20,174 - RootCauseAnalysis - INFO - LOG AGENT - Initial Scanning
2026-01-04 10:40:20,174 - RootCauseAnalysis - INFO - ============================================================
2026-01-04 10:40:20,174 - RootCauseAnalysis - INFO - TRACE ANALYSIS - Starting
2026-01-04 10:40:20,174 - RootCauseAnalysis - INFO - ============================================================
2026-01-04 10:40:20,174 - RootCauseAnalysis - INFO - TRACE AGENT - Verifying Hypothesis: Root cause is aiops-k8s-07 due...
2026-01-04 10:40:26,506 - RootCauseAnalysis - INFO - TRACE AGENT - Analysis Completed
2026-01-04 10:40:26,622 - RootCauseAnalysis - WARNING - LOG AGENT - Log data not collected.
2026-01-04 10:40:26,727 - RootCauseAnalysis - INFO - METRIC AGENT - Analysis Completed
2026-01-04 10:40:26,728 - RootCauseAnalysis - INFO - [Tool Resp] consensus_discussion_agent
2026-01-04 10:40:26,728 - RootCauseAnalysis - INFO -     Result: {'result': 'The consensus has indeed concluded as **DISAGREED** regarding the hypothesis that `aiops-k8s-07` is the root cause of the observed anomalies. Here\'s a cohesive review and recommended path forward based on the detailed analysis:\n\n---\n\n### Final Consensus:\n\n**Hypothesis Evaluation**:\n*Root cause is `aiops-k8s-07` due to significant drop in `node_memory_MemAvailable_bytes`, impacting multiple services.*\n\n### Summary of Expert Analysis:\n\n1. **Logs**:\n   - Showed no direct li...
2026-01-04 10:40:26,728 - RootCauseAnalysis - INFO - [State Update] {"consensus_iteration": 6, "consensus_decision": "DISAGREED", "current_hypothesis": "Root cause is aiops-k8s-07 due to significant drop in node_memory_MemAvailable_bytes, impacting multiple services", "current_task_instruction": "当前处于【假设验证阶段】。\n待验证的根因假设是：'Root cause is aiops-k8s-07 due to significant drop in node_memory_MemAvailable_bytes, impacting multiple services'。\n请基于 Trace 数据判断该假设是否成立。\n重点：请在返回 JSON 的 'stance' 字段中明确标记 'SUPPORT' 或 'OPPOSE'。", "raw_metric_result": {"status": "success", "message": "成功加载metric数据。UUID: 5d97906f-213", "anomaly_metrics": "metric_type,service_name,pod_name,node_name,metric_name,normal_median,fault_median,normal_p99,fault_p99,median_change_ratio,p99_change_ratio\nservice,cartservice,cartservice-0,N/A,rrt_max,12943.0,13087.0,93625.91,453174.3,0.0111,1.3151\nservice,cartservice,cartservice-1,N/A,rrt_max,4205.5,4448.0,57753.8,17285.24,0.056,1.0786\nservice,cartservice,cartservice-2,N/A,rrt_max,4956.5,4985.0,24387.0,67082.3,0.0057,0.9335\nservice,cartservice,cartservice-1,N/A,rrt,1634.68,1665.94,4991.8,2085.3,0.0189,0.8214\npod,N/A,checkoutservice-1,N/A,pod_processes,1.0,1.0,1.0,2.0,0.0,0.6667\nservice,paymentservice,paymentservice-0,N/A,rrt_max,2146.5,2031.0,10510.36,5656.14,0.0553,0.6005\nservice,currencyservice,currencyservice-1,N/A,rrt_max,7516.5,6731.5,49958.77,29489.61,0.1102,0.5153\nservice,currencyservice,currencyservice-2,N/A,rrt_max,3167.5,2965.5,7933.25,4796.92,0.0659,0.4927\nservice,shippingservice,shippingservice-2,N/A,rrt_max,2146.0,3473.0,5292.9,7031.08,0.4723,0.2821\nservice,paymentservice,paymentservice-1,N/A,rrt_max,2021.0,1988.0,4296.12,6859.98,0.0165,0.4596\nservice,checkoutservice,checkoutservice-1,N/A,rrt_max,215726.0,328813.0,326890.0,328813.0,0.4153,0.0059\nservice,frontend,frontend-2,N/A,rrt_max,277559.0,274092.0,379052.83,574570.15,0.0126,0.4101\nnode,N/A,N/A,aiops-k8s-04,node_memory_usage_rate,34.34,51.85,47.75,53.21,0.4062,0.1082\nservice,emailservice,emailservice-1,N/A,rrt_max,3456.5,3503.5,8032.66,5397.52,0.0135,0.3924\nnode,N/A,N/A,aiops-k8s-07,node_memory_MemAvailable_bytes,11642527744.0,8521498624.0,12386762424.32,12750077009.92,0.3096,0.0289\nnode,N/A,N/A,aiops-k8s-04,node_memory_MemAvailable_bytes,10678695936.0,7743123456.0,11626430668.8,11628641361.92,0.3187,0.0002\nnode,N/A,N/A,aiops-k8s-01,node_memory_usage_rate,39.08,37.24,53.44,37.87,0.0483,0.3411\nservice,shippingservice,shippingservice-2,N/A,rrt,1057.89,1177.8,1284.73,1811.46,0.1073,0.3402\nservice,paymentservice,paymentservice-0,N/A,rrt,1471.6,1439.1,2602.16,1924.44,0.0223,0.2994\nservice,recommendationservice,recommendationservice-1,N/A,rrt_max,11557.0,11122.0,16732.11,22426.33,0.0384,0.2908\nservice,cartservice,cartservice-2,N/A,rrt,1389.48,1372.38,2874.49,3842.16,0.0124,0.2881\npod,N/A,redis-cart-0,N/A,pod_cpu_usage,0.0,0.0,0.08,0.06,0.0,0.2569\nservice,shippingservice,shippingservice-0,N/A,rrt_max,3872.5,5007.0,8888.91,8816.94,0.2555,0.0081\nservice,currencyservice,currencyservice-0,N/A,rrt_max,5382.0,4870.5,85777.33,66526.89,0.0998,0.2528\nservice,paymentservice,paymentservice-2,N/A,rrt,1461.7,1536.75,1804.22,2315.78,0.0501,0.2483\nservice,productcatalogservice,productcatalogservice-2,N/A,rrt_max,15765.5,14625.5,23638.64,18573.42,0.075,0.24\nservice,emailservice,emailservice-0,N/A,rrt_max,3733.0,3972.0,9568.92,7638.6,0.062,0.2244\nservice,paymentservice,paymentservice-1,N/A,rrt,1569.5,1529.76,2044.57,2533.69,0.0256,0.2137\nservice,shippingservice,shippingservice-1,N/A,rrt_max,2249.5,2456.0,5120.11,6300.07,0.0878,0.2066\nservice,productcatalogservice,productcatalogservice-1,N/A,rrt_max,14213.0,15578.5,21601.45,26532.92,0.0917,0.2049\n", "unique_entities": {"service_name": ["adservice", "cartservice", "checkoutservice", "currencyservice", "emailservice", "frontend", "paymentservice", "productcatalogservice", "recommendationservice", "redis", "shippingservice", "tidb-pd", "tidb-tidb", "tidb-tikv"], "node_name": ["aiops-k8s-01", "aiops-k8s-02", "aiops-k8s-03", "aiops-k8s-04", "aiops-k8s-05", "aiops-k8s-06", "aiops-k8s-07", "aiops-k8s-08"], "pod_name": ["adservice-0", "adservice-1", "adservice-2", "cartservice-0", "cartservice-1", "cartservice-2", "checkoutservice-0", "checkoutservice-1", "checkoutservice-2", "currencyservice-0", "currencyservice-1", "currencyservice-2", "emailservice-0", "emailservice-1", "emailservice-2", "frontend-0", "frontend-1", "frontend-2", "paymentservice-0", "paymentservice-1", "paymentservice-2", "productcatalogservice-0", "productcatalogservice-1", "productcatalogservice-2", "recommendationservice-0", "recommendationservice-1", "recommendationservice-2", "redis-cart-0", "shippingservice-0", "shippingservice-1", "shippingservice-2"]}, "node_pod_mapping": {"aiops-k8s-01": ["checkoutservice-1", "emailservice-1", "productcatalogservice-1", "recommendationservice-2", "shippingservice-0"], "aiops-k8s-02": [], "aiops-k8s-03": ["shippingservice-2", "frontend-0", "adservice-0", "recommendationservice-1", "paymentservice-1", "cartservice-0"], "aiops-k8s-04": ["checkoutservice-0", "frontend-2", "currencyservice-1"], "aiops-k8s-05": ["paymentservice-2", "currencyservice-0", "cartservice-1"], "aiops-k8s-06": ["emailservice-2", "productcatalogservice-0", "checkoutservice-2"], "aiops-k8s-07": ["shippingservice-1", "frontend-1", "emailservice-0", "currencyservice-2", "adservice-1"], "aiops-k8s-08": ["recommendationservice-0", "productcatalogservice-2", "paymentservice-0", "cartservice-2", "adservice-2", "redis-cart-0"]}, "matched_anomaly": "Determine the root cause of the system fault during 2025-06-11T08:10:41Z to 2025-06-11T08:24:41Z.", "time_range": "2025-06-11 08:10:41+00:00 to 2025-06-11 08:24:41+00:00"}, "metric_data_collected": true, "node_pod_mapping": {"aiops-k8s-01": ["checkoutservice-1", "emailservice-1", "productcatalogservice-1", "recommendationservice-2", "shippingservice-0"], "aiops-k8s-02": [], "aiops-k8s-03": ["shippingservice-2", "frontend-0", "adservice-0", "recommendationservice-1", "paymentservice-1", "cartservice-0"], "aiops-k8s-04": ["checkoutservice-0", "frontend-2", "currencyservice-1"], "aiops-k8s-05": ["paymentservice-2", "currencyservice-0", "cartservice-1"], "aiops-k8s-06": ["emailservice-2", "productcatalogservice-0", "checkoutservice-2"], "aiops-k8s-07": ["shippingservice-1", "frontend-1", "emailservice-0", "currencyservice-2", "adservice-1"], "aiops-k8s-08": ["recommendationservice-0", "productcatalogservice-2", "paymentservice-0", "cartservice-2", "adservice-2", "redis-cart-0"]}, "log_analysis_findings": "The final consensus determination for UUID `5d97906f-213` concludes with a **DISAGREED** stance, indicating insufficient direct evidence to attribute the service anomalies to the memory pressure on `aiops-k8s-07`. The assessment lacks definitive corroboration through logs, metrics, and trace analysis to draw confident conclusions. Here's a thorough recap and recommended investigative actions.\n\n---\n\n### Final Verdict:\n\n**Hypothesis**:  \n*\"Root cause is `aiops-k8s-07` due to significant drop in `node_memory_MemAvailable_bytes`, impacting multiple services.\"*\n\n### Summary of Expert Findings:\n\n1. **Log Analysis**:\n   - **Stance**: Neutral\n   - **Findings**: The logs did not reveal any direct issues or correlations with `aiops-k8s-07` that could explain service anomalies in `cartservice`.\n\n2. **Metric Analysis**:\n   - **Stance**: Neutral\n   - **Findings**: Despite a **30.96% drop** in memory availability on `aiops-k8s-07`, the lack of direct hosting for `cartservice` or `redis-cart-0` leaves connections speculative.\n\n3. **Trace Analysis**:\n   - **Stance**: Support\n   - **Findings**: Traces show latency increases coinciding with `aiops-k8s-07`'s memory drop, affecting service operations. However, they cannot definitively establish causation.\n\n### Reasoning for Consensus Disagreement:\n\n- **Lack of Direct Hosting**: `cartservice` and `redis-cart-0` are not directly hosted on `aiops-k8s-07`, complicating direct causal attribution.\n- **Neutral Logs and Metrics**: Insufficient evidence from logs and metrics precludes firm conclusions about impact propagation from `aiops-k8s-07`.\n- **Trace Correlation Limitations**: Trace data highlights temporal coincidence but lacks causality validation.\n\n---\n\n### Recommended Next Steps for Investigation:\n\n1. **Evaluate Inter-Node Communication Patterns**:\n   - Analyze inter-node communication dynamics between `aiops-k8s-07` and nodes like `aiops-k8s-08`, hosting `redis-cart-0`, to identify any systemic propagation of latency.\n\n2. **Redis Contention Analysis**:\n   - Review `redis-cart-0` for leader/replica contention impacts, assessing delays and performance disruptions under load stress.\n\n3. **Assess Cluster-Wide Infrastructure Metrics**:\n   - Inspect general cluster metrics for network congestion or resource allocation conflicts potentially leading to broader service delay propagation.\n\n---\n\n### Final JSON Output:\n\n```json\n{\n  \"status\": \"DISAGREED\",\n  \"hypothesis\": \"Root cause is aiops-k8s-07 due to significant drop in node_memory_MemAvailable_bytes, impacting multiple services\",\n  \"reasoning\": \"While there is temporal alignment between memory pressure on aiops-k8s-07 and service anomalies, there is insufficient evidence linking these to critical service issues like those in cartservice or redis-cart-0. Metrics and logs are neutral, whereas trace data supports temporal alignment but lacks causality confirmation. Further analysis into inter-node communications and infrastructure-wide dynamics is necessary.\",\n  \"next_steps\": [\n    \"Investigate inter-node communication anomalies, focusing on ripple effects between aiops-k8s-07 and downstream nodes (including aiops-k8s-08 hosting redis-cart-0)\",\n    \"Conduct deeper analysis into redis-cart-0's leader/replica contention to verify impacts on response latency\",\n    \"Examine cluster-wide infrastructure metrics for potential network congestion or bottlenecks contributing to distributed service delays\"\n  ]\n}\n```\n\nThis outputs summarize the decision while outlining a detailed investigation plan to enhance understanding of inter-node communication and systemic factors affecting service performance. By delving deeper into these areas, we can aim to establish a more accurate root cause of observed anomalies.", "raw_trace_result": {"status": "success", "message": "成功加载trace数据。UUID: 5d97906f-213，共 20 个异常组合，0 个状态组合", "filtered_traces": "node_name,service_name,parent_pod,child_pod,operation_name,normal_avg_duration,anomaly_avg_duration,anomaly_count\naiops-k8s-06,checkoutservice,checkoutservice-2,checkoutservice-2,hipstershop.CartService/EmptyCart,15802.06554278418,77842.0,出现次数:3\naiops-k8s-07,emailservice,checkoutservice-2,emailservice-0,/hipstershop.EmailService/SendOrderConfirmation,699.9749480789201,1845.5,出现次数:2\naiops-k8s-03,shippingservice,checkoutservice-2,shippingservice-2,hipstershop.ShippingService/ShipOrder,228.29299252303946,775.0,出现次数:2\naiops-k8s-01,productcatalogservice,recommendationservice-1,productcatalogservice-1,hipstershop.ProductCatalogService/ListProducts,74.18606657577291,177.5241758241758,出现次数:2\naiops-k8s-03,cartservice,frontend-2,cartservice-0,POST /hipstershop.CartService/AddItem,3982.006267418218,19728.232142857145,出现次数:2\naiops-k8s-08,cartservice,checkoutservice-0,cartservice-2,POST /hipstershop.CartService/EmptyCart,2307.623422420193,38015.0,出现次数:1\naiops-k8s-08,redis,cartservice-2,cartservice-2,HMSET,1361.2533037296344,37384.0,出现次数:1\naiops-k8s-06,checkoutservice,checkoutservice-2,checkoutservice-2,hipstershop.CartService/GetCart,8686.463548279853,28747.5,出现次数:1\naiops-k8s-08,cartservice,checkoutservice-2,cartservice-2,POST /hipstershop.CartService/EmptyCart,2258.7857613596943,13621.0,出现次数:1\naiops-k8s-03,cartservice,checkoutservice-2,cartservice-0,POST /hipstershop.CartService/GetCart,2495.927187414433,41461.5,出现次数:1\naiops-k8s-01,shippingservice,checkoutservice-0,shippingservice-0,hipstershop.ShippingService/ShipOrder,220.8838383838384,788.0,出现次数:1\naiops-k8s-03,cartservice,frontend-0,cartservice-0,POST /hipstershop.CartService/AddItem,3869.864371451825,70661.0,出现次数:1\naiops-k8s-03,frontend,frontend-0,frontend-0,hipstershop.CartService/AddItem,5216.283181282052,71994.0,出现次数:1\naiops-k8s-06,checkoutservice,checkoutservice-2,checkoutservice-2,hipstershop.ShippingService/ShipOrder,12518.421589164638,75783.0,出现次数:1\naiops-k8s-06,checkoutservice,checkoutservice-2,checkoutservice-2,hipstershop.ShippingService/GetQuote,9347.601322014976,51728.0,出现次数:1\naiops-k8s-06,productcatalogservice,frontend-0,productcatalogservice-0,hipstershop.ProductCatalogService/ListProducts,75.47187435148336,425.3333333333333,出现次数:1\naiops-k8s-03,frontend,frontend-0,frontend-0,hipstershop.ShippingService/GetQuote,1944.774309190994,3488.25,出现次数:1\naiops-k8s-04,checkoutservice,frontend-1,checkoutservice-0,hipstershop.CheckoutService/PlaceOrder,143518.1957064572,340269.0,出现次数:1\naiops-k8s-07,frontend,frontend-1,frontend-1,hipstershop.CartService/GetCart,3932.5934219641285,11774.758064516129,出现次数:1\naiops-k8s-07,frontend,frontend-1,frontend-1,hipstershop.ShippingService/GetQuote,1806.8433138617236,3380.1428571428573,出现次数:1\n", "unique_entities": {"pod_name": ["cartservice-0", "cartservice-2", "checkoutservice-0", "checkoutservice-2", "emailservice-0", "frontend-0", "frontend-1", "frontend-2", "productcatalogservice-0", "productcatalogservice-1", "recommendationservice-1", "shippingservice-0", "shippingservice-2"], "service_name": ["cartservice", "checkoutservice", "emailservice", "frontend", "productcatalogservice", "redis", "shippingservice"], "node_name": ["aiops-k8s-01", "aiops-k8s-03", "aiops-k8s-04", "aiops-k8s-06", "aiops-k8s-07", "aiops-k8s-08"]}, "status_combinations": "", "matched_anomaly": "Determine the root cause of the system fault during 2025-06-11T08:10:41Z to 2025-06-11T08:24:41Z.", "time_range": "2025-06-11 08:10:41+00:00 to 2025-06-11 08:24:41+00:00"}, "trace_data_collected": true, "trace_analysis_findings": "The consensus determination for the UUID `5d97906f-213` evaluation stands at **DISAGREED** due to insufficient direct evidence correlating `aiops-k8s-07`'s memory drop directly to service anomalies. Here’s an elaborate summary and proposed next steps based on the expert analyses:\n\n---\n\n### Final Consensus Overview:\n\n**Hypothesis**:  \n*\"Root cause is `aiops-k8s-07` due to significant drop in `node_memory_MemAvailable_bytes`, impacting multiple services.\"*\n\n---\n\n### Review of Expert Evaluations:\n\n1. **Log Analysis**:\n   - **Position**: Neutral\n   - **Finding**: No log records proving `aiops-k8s-07`'s memory pressure directly caused service anomalies in `cartservice`.\n\n2. **Metric Analysis**:\n   - **Position**: Neutral\n   - **Finding**: `aiops-k8s-07` showed a **30.96% memory drop**, yet key services (`cartservice`, `redis-cart-0`) reside on different nodes, obscuring a clear causal path.\n\n3. **Trace Analysis**:\n   - **Position**: Support\n   - **Finding**: Trace data highlights latency increases, although aligned with memory issues timing on `aiops-k8s-07`, causation is not fully substantiated.\n\n---\n\n### Rationale Behind Disagreement:\n- **Hosting Mismatch**: Critical services aren't hosted on `aiops-k8s-07`, casting doubt on a direct causal link from memory issues.\n- **Neutral Log and Metric Data**: Lack of compelling evidence from logs and metrics diminishes confidence in the hypothesis.\n- **Trace Limitations**: Trace data aligns temporally with memory stress but fails to confirm causation robustly.\n\n---\n\n### Steps for Further Exploration:\n\n1. **Evaluate Inter-Node Communication**:\n   - Scrutinize communication metrics and dependency paths between `aiops-k8s-07` and other nodes, especially `aiops-k8s-08` hosting `redis-cart-0`, to uncover potential latency spread.\n\n2. **Redis Contention Analysis**:\n   - Explore `redis-cart-0` for potential leader/replica contention impacts and consider waiting impacts during high traffic.\n\n3. **Infrastructure-Wide Analysis**:\n   - Inspect comprehensive infrastructure metrics for network strain or allocation conflicts that might lead to service delays.\n\n---\n\n### Final Decision JSON Output\n\n```json\n{\n  \"status\": \"DISAGREED\",\n  \"hypothesis\": \"Root cause is aiops-k8s-07 due to significant drop in node_memory_MemAvailable_bytes, impacting multiple services\",\n  \"reasoning\": \"Memory stress on aiops-k8s-07 coincides with the timeframe of service anomalies, yet direct evidence linking it to issues in cartservice and redis-cart-0 is insufficient. Metrics and logs do not establish a definitive causality, leaving trace data as supportive but inconclusive evidence. Continued investigation into inter-node communication and deeper redis contention analysis is essential for clarification.\",\n  \"next_steps\": [\n    \"Investigate inter-node communication anomalies, focusing on ripple effects between aiops-k8s-07 and nodes such as aiops-k8s-08 hosting redis-cart-0\",\n    \"Conduct deeper analysis into redis-cart-0's leader/replica contention to verify impacts on response latency\",\n    \"Examine cluster-wide infrastructure metrics for potential network congestion or bottlenecks contributing to distributed service delays\"\n  ]\n}\n```\n\nThese steps aim to deepen the investigation of systemic factors affecting service performance, bringing clarity to the infrastructure-related complexities potentially underlying the anomalies observed.", "metric_analysis_findings": "The consensus has indeed concluded as **DISAGREED** regarding the hypothesis that `aiops-k8s-07` is the root cause of the observed anomalies. Here's a cohesive review and recommended path forward based on the detailed analysis:\n\n---\n\n### Final Consensus:\n\n**Hypothesis Evaluation**:\n*Root cause is `aiops-k8s-07` due to significant drop in `node_memory_MemAvailable_bytes`, impacting multiple services.*\n\n### Summary of Expert Analysis:\n\n1. **Logs**:\n   - Showed no direct linkage between memory issues on `aiops-k8s-07` and anomalies in `cartservice` activities. This maintains neutrality in its stance.\n\n2. **Metrics**:\n   - `aiops-k8s-07` showed a significant memory drop, but the affected services (`cartservice`, `redis-cart-0`) reside on different nodes, questioning direct causality.\n\n3. **Traces**:\n   - Supported the hypothesis due to alignment of latency increases with the node's memory drop timeframe. However, causation remains speculative without definitive node hosting evidence.\n\n### Consensus Summary:\n\n- **Lack of Infrastructure Hosting**: `cartservice` and `redis-cart-0` do not directly operate on `aiops-k8s-07`, challenging its impact assertion.\n- **Neutral Observations**: Metrics and logs fail to offer direct causation links, and trace correlations are insufficient alone.\n- **Proposed Future Actions**: Necessary for detailed correlation validation across inter-node communications and broader system-level analyses.\n\n### Path Forward — Next Steps:\n\n1. **Inter-Node Communication Analysis**:\n   - Review communications between `aiops-k8s-07` and nodes like `aiops-k8s-08` for delays, aiming to uncover cross-node bottlenecks affecting service operations.\n\n2. **Redis Service Dynamics**:\n   - Examine `redis-cart-0` for operational dynamics related to leader/replica contention and potential delay propagation under stress.\n\n3. **Infrastructure Metric Examination**:\n   - Inspect system-wide metrics for network-related bottlenecks affecting service efficiency across distributed nodes.\n\n---\n\n### Final JSON for Further Action Plans:\n\n```json\n{\n  \"status\": \"DISAGREED\",\n  \"hypothesis\": \"Root cause is aiops-k8s-07 due to significant drop in node_memory_MemAvailable_bytes, impacting multiple services\",\n  \"reasoning\": \"Though the timeframe synchronization exists, a direct cause-and-effect relation with service disruptions remains unproven. Neutral logs and metrics, complemented by trace data, indicate necessary scrutiny on inter-node communications and network-wide metrics.\",\n  \"next_steps\": [\n    \"Investigate inter-node communication anomalies, focusing on relationships between aiops-k8s-07 and nodes like aiops-k8s-08 hosting redis-cart-0\",\n    \"Analyze redis-cart-0 metrics for replica-related contention impacts\",\n    \"Assess cluster-wide metrics for potential systemic bottleneck identification contributing to distributed service delays\"\n  ]\n}\n```\n\nThis represents a roadmap for eliminating uncertainties and fostering a deeper understanding of the root cause, leading towards actionable resolutions."}
2026-01-04 10:40:28,954 - RootCauseAnalysis - INFO - [Tool Call] report_agent
2026-01-04 10:40:28,954 - RootCauseAnalysis - INFO -     Args: {'request': 'Generate the final detailed report based on completed consensus discussion for UUID 5d97906f-213'}...
2026-01-04 10:40:28,954 - RootCauseAnalysis - INFO - ============================================================
2026-01-04 10:40:28,954 - RootCauseAnalysis - INFO - REPORT ANALYSIS - Starting
2026-01-04 10:40:33,027 - RootCauseAnalysis - INFO - REPORT ANALYSIS COMPLETED - Saved results in report_analysis_output.json
2026-01-04 10:40:33,027 - RootCauseAnalysis - INFO - [Tool Resp] report_agent
2026-01-04 10:40:33,027 - RootCauseAnalysis - INFO -     Result: {'uuid': '5d97906f-213', 'component': 'aiops-k8s-07', 'reason': 'node_memory_usage_rate drop on aiops-k8s-07 without direct logs or metrics link', 'reasoning_trace': [{'step': 1, 'action': 'LoadMetrics(aiops-k8s-07)', 'observation': 'node_memory_MemAvailable_bytes dropped by 30.96%'}, {'step': 2, 'action': 'LogSearch(cartservice)', 'observation': 'No logs link memory drop to cartservice issues'}, {'step': 3, 'action': 'TraceAnalysis(5d97906f-213)', 'observation': 'Traces with latency align with ...
2026-01-04 10:40:33,027 - RootCauseAnalysis - INFO - [State Update] {"hypotheses_summary": "Root cause is aiops-k8s-07 due to significant drop in node_memory_MemAvailable_bytes, impacting multiple services", "log_analysis_findings": "The final consensus determination for UUID `5d97906f-213` concludes with a **DISAGREED** stance, indicating insufficient direct evidence to attribute the service anomalies to the memory pressure on `aiops-k8s-07`. The assessment lacks definitive corroboration through logs, metrics, and trace analysis to draw confident conclusions. Here's a thorough recap and recommended investigative actions.\n\n---\n\n### Final Verdict:\n\n**Hypothesis**:  \n*\"Root cause is `aiops-k8s-07` due to significant drop in `node_memory_MemAvailable_bytes`, impacting multiple services.\"*\n\n### Summary of Expert Findings:\n\n1. **Log Analysis**:\n   - **Stance**: Neutral\n   - **Findings**: The logs did not reveal any direct issues or correlations with `aiops-k8s-07` that could explain service anomalies in `cartservice`.\n\n2. **Metric Analysis**:\n   - **Stance**: Neutral\n   - **Findings**: Despite a **30.96% drop** in memory availability on `aiops-k8s-07`, the lack of direct hosting for `cartservice` or `redis-cart-0` leaves connections speculative.\n\n3. **Trace Analysis**:\n   - **Stance**: Support\n   - **Findings**: Traces show latency increases coinciding with `aiops-k8s-07`'s memory drop, affecting service operations. However, they cannot definitively establish causation.\n\n### Reasoning for Consensus Disagreement:\n\n- **Lack of Direct Hosting**: `cartservice` and `redis-cart-0` are not directly hosted on `aiops-k8s-07`, complicating direct causal attribution.\n- **Neutral Logs and Metrics**: Insufficient evidence from logs and metrics precludes firm conclusions about impact propagation from `aiops-k8s-07`.\n- **Trace Correlation Limitations**: Trace data highlights temporal coincidence but lacks causality validation.\n\n---\n\n### Recommended Next Steps for Investigation:\n\n1. **Evaluate Inter-Node Communication Patterns**:\n   - Analyze inter-node communication dynamics between `aiops-k8s-07` and nodes like `aiops-k8s-08`, hosting `redis-cart-0`, to identify any systemic propagation of latency.\n\n2. **Redis Contention Analysis**:\n   - Review `redis-cart-0` for leader/replica contention impacts, assessing delays and performance disruptions under load stress.\n\n3. **Assess Cluster-Wide Infrastructure Metrics**:\n   - Inspect general cluster metrics for network congestion or resource allocation conflicts potentially leading to broader service delay propagation.\n\n---\n\n### Final JSON Output:\n\n```json\n{\n  \"status\": \"DISAGREED\",\n  \"hypothesis\": \"Root cause is aiops-k8s-07 due to significant drop in node_memory_MemAvailable_bytes, impacting multiple services\",\n  \"reasoning\": \"While there is temporal alignment between memory pressure on aiops-k8s-07 and service anomalies, there is insufficient evidence linking these to critical service issues like those in cartservice or redis-cart-0. Metrics and logs are neutral, whereas trace data supports temporal alignment but lacks causality confirmation. Further analysis into inter-node communications and infrastructure-wide dynamics is necessary.\",\n  \"next_steps\": [\n    \"Investigate inter-node communication anomalies, focusing on ripple effects between aiops-k8s-07 and downstream nodes (including aiops-k8s-08 hosting redis-cart-0)\",\n    \"Conduct deeper analysis into redis-cart-0's leader/replica contention to verify impacts on response latency\",\n    \"Examine cluster-wide infrastructure metrics for potential network congestion or bottlenecks contributing to distributed service delays\"\n  ]\n}\n```\n\nThis outputs summarize the decision while outlining a detailed investigation plan to enhance understanding of inter-node communication and systemic factors affecting service performance. By delving deeper into these areas, we can aim to establish a more accurate root cause of observed anomalies.", "metric_analysis_findings": "The consensus has indeed concluded as **DISAGREED** regarding the hypothesis that `aiops-k8s-07` is the root cause of the observed anomalies. Here's a cohesive review and recommended path forward based on the detailed analysis:\n\n---\n\n### Final Consensus:\n\n**Hypothesis Evaluation**:\n*Root cause is `aiops-k8s-07` due to significant drop in `node_memory_MemAvailable_bytes`, impacting multiple services.*\n\n### Summary of Expert Analysis:\n\n1. **Logs**:\n   - Showed no direct linkage between memory issues on `aiops-k8s-07` and anomalies in `cartservice` activities. This maintains neutrality in its stance.\n\n2. **Metrics**:\n   - `aiops-k8s-07` showed a significant memory drop, but the affected services (`cartservice`, `redis-cart-0`) reside on different nodes, questioning direct causality.\n\n3. **Traces**:\n   - Supported the hypothesis due to alignment of latency increases with the node's memory drop timeframe. However, causation remains speculative without definitive node hosting evidence.\n\n### Consensus Summary:\n\n- **Lack of Infrastructure Hosting**: `cartservice` and `redis-cart-0` do not directly operate on `aiops-k8s-07`, challenging its impact assertion.\n- **Neutral Observations**: Metrics and logs fail to offer direct causation links, and trace correlations are insufficient alone.\n- **Proposed Future Actions**: Necessary for detailed correlation validation across inter-node communications and broader system-level analyses.\n\n### Path Forward — Next Steps:\n\n1. **Inter-Node Communication Analysis**:\n   - Review communications between `aiops-k8s-07` and nodes like `aiops-k8s-08` for delays, aiming to uncover cross-node bottlenecks affecting service operations.\n\n2. **Redis Service Dynamics**:\n   - Examine `redis-cart-0` for operational dynamics related to leader/replica contention and potential delay propagation under stress.\n\n3. **Infrastructure Metric Examination**:\n   - Inspect system-wide metrics for network-related bottlenecks affecting service efficiency across distributed nodes.\n\n---\n\n### Final JSON for Further Action Plans:\n\n```json\n{\n  \"status\": \"DISAGREED\",\n  \"hypothesis\": \"Root cause is aiops-k8s-07 due to significant drop in node_memory_MemAvailable_bytes, impacting multiple services\",\n  \"reasoning\": \"Though the timeframe synchronization exists, a direct cause-and-effect relation with service disruptions remains unproven. Neutral logs and metrics, complemented by trace data, indicate necessary scrutiny on inter-node communications and network-wide metrics.\",\n  \"next_steps\": [\n    \"Investigate inter-node communication anomalies, focusing on relationships between aiops-k8s-07 and nodes like aiops-k8s-08 hosting redis-cart-0\",\n    \"Analyze redis-cart-0 metrics for replica-related contention impacts\",\n    \"Assess cluster-wide metrics for potential systemic bottleneck identification contributing to distributed service delays\"\n  ]\n}\n```\n\nThis represents a roadmap for eliminating uncertainties and fostering a deeper understanding of the root cause, leading towards actionable resolutions.", "trace_analysis_findings": "The consensus determination for the UUID `5d97906f-213` evaluation stands at **DISAGREED** due to insufficient direct evidence correlating `aiops-k8s-07`'s memory drop directly to service anomalies. Here’s an elaborate summary and proposed next steps based on the expert analyses:\n\n---\n\n### Final Consensus Overview:\n\n**Hypothesis**:  \n*\"Root cause is `aiops-k8s-07` due to significant drop in `node_memory_MemAvailable_bytes`, impacting multiple services.\"*\n\n---\n\n### Review of Expert Evaluations:\n\n1. **Log Analysis**:\n   - **Position**: Neutral\n   - **Finding**: No log records proving `aiops-k8s-07`'s memory pressure directly caused service anomalies in `cartservice`.\n\n2. **Metric Analysis**:\n   - **Position**: Neutral\n   - **Finding**: `aiops-k8s-07` showed a **30.96% memory drop**, yet key services (`cartservice`, `redis-cart-0`) reside on different nodes, obscuring a clear causal path.\n\n3. **Trace Analysis**:\n   - **Position**: Support\n   - **Finding**: Trace data highlights latency increases, although aligned with memory issues timing on `aiops-k8s-07`, causation is not fully substantiated.\n\n---\n\n### Rationale Behind Disagreement:\n- **Hosting Mismatch**: Critical services aren't hosted on `aiops-k8s-07`, casting doubt on a direct causal link from memory issues.\n- **Neutral Log and Metric Data**: Lack of compelling evidence from logs and metrics diminishes confidence in the hypothesis.\n- **Trace Limitations**: Trace data aligns temporally with memory stress but fails to confirm causation robustly.\n\n---\n\n### Steps for Further Exploration:\n\n1. **Evaluate Inter-Node Communication**:\n   - Scrutinize communication metrics and dependency paths between `aiops-k8s-07` and other nodes, especially `aiops-k8s-08` hosting `redis-cart-0`, to uncover potential latency spread.\n\n2. **Redis Contention Analysis**:\n   - Explore `redis-cart-0` for potential leader/replica contention impacts and consider waiting impacts during high traffic.\n\n3. **Infrastructure-Wide Analysis**:\n   - Inspect comprehensive infrastructure metrics for network strain or allocation conflicts that might lead to service delays.\n\n---\n\n### Final Decision JSON Output\n\n```json\n{\n  \"status\": \"DISAGREED\",\n  \"hypothesis\": \"Root cause is aiops-k8s-07 due to significant drop in node_memory_MemAvailable_bytes, impacting multiple services\",\n  \"reasoning\": \"Memory stress on aiops-k8s-07 coincides with the timeframe of service anomalies, yet direct evidence linking it to issues in cartservice and redis-cart-0 is insufficient. Metrics and logs do not establish a definitive causality, leaving trace data as supportive but inconclusive evidence. Continued investigation into inter-node communication and deeper redis contention analysis is essential for clarification.\",\n  \"next_steps\": [\n    \"Investigate inter-node communication anomalies, focusing on ripple effects between aiops-k8s-07 and nodes such as aiops-k8s-08 hosting redis-cart-0\",\n    \"Conduct deeper analysis into redis-cart-0's leader/replica contention to verify impacts on response latency\",\n    \"Examine cluster-wide infrastructure metrics for potential network congestion or bottlenecks contributing to distributed service delays\"\n  ]\n}\n```\n\nThese steps aim to deepen the investigation of systemic factors affecting service performance, bringing clarity to the infrastructure-related complexities potentially underlying the anomalies observed.", "report_analysis_findings": {"uuid": "5d97906f-213", "component": "aiops-k8s-07", "reason": "node_memory_usage_rate drop on aiops-k8s-07 without direct logs or metrics link", "reasoning_trace": [{"step": 1, "action": "LoadMetrics(aiops-k8s-07)", "observation": "node_memory_MemAvailable_bytes dropped by 30.96%"}, {"step": 2, "action": "LogSearch(cartservice)", "observation": "No logs link memory drop to cartservice issues"}, {"step": 3, "action": "TraceAnalysis(5d97906f-213)", "observation": "Traces with latency align with memory drop, no causation"}]}, "report_analysis_completed": true}
2026-01-04 10:40:39,900 - RootCauseAnalysis - INFO - ORCHESTRATOR AGENT - Execution Completed
2026-01-04 10:40:39,900 - RootCauseAnalysis - INFO - [Final State Summary]
2026-01-04 10:40:39,900 - RootCauseAnalysis - INFO -    - current_hypothesis: Root cause is aiops-k8s-07 due to significant drop in node_memory_MemAvailable_bytes, impacting multiple services
2026-01-04 10:40:39,900 - RootCauseAnalysis - INFO -    - consensus_decision: DISAGREED
2026-01-04 10:40:39,900 - RootCauseAnalysis - INFO -    - consensus_iteration: 6
2026-01-04 10:40:39,900 - RootCauseAnalysis - INFO - === END SESSION ===
