2026-01-04 11:12:38,513 - RootCauseAnalysis - INFO - === START SESSION: 68727566-367 (Run #2) ===
2026-01-04 11:12:38,513 - RootCauseAnalysis - INFO - [Processing] 68727566-367 (Run #2) | Log: logs/68727566-367/run2_20260104_111238.log
2026-01-04 11:12:38,513 - RootCauseAnalysis - INFO - ============================================================
2026-01-04 11:12:38,513 - RootCauseAnalysis - INFO - ORCHESTRATOR AGENT - Initializing
2026-01-04 11:12:38,514 - RootCauseAnalysis - INFO - ============================================================
2026-01-04 11:12:38,514 - RootCauseAnalysis - INFO - [State Update] {"query_parsed_completed": false, "raw_metric_result": "（等待写入...）", "metric_data_collected": false, "raw_log_result": "（等待写入...）", "log_data_collected": false, "raw_trace_result": "（等待写入...）", "trace_data_collected": false, "current_iteration": 0, "current_hypothesis": "（等待写入...）", "log_analysis_findings": "（等待数据收集...）", "metric_analysis_findings": "（等待数据收集...）", "trace_analysis_findings": "（等待数据收集...）"}
2026-01-04 11:12:40,129 - RootCauseAnalysis - INFO - [Tool Call] parse_user_input
2026-01-04 11:12:40,130 - RootCauseAnalysis - INFO -     Args: {'input_json': '{"Anomaly Description": "A fault was detected from 2025-06-19T00:10:09Z to 2025-06-19T00:26:09Z. Please analyze its root cause.", "uuid": "68727566-367"}'}...
2026-01-04 11:12:40,130 - RootCauseAnalysis - INFO - [Tool Resp] parse_user_input
2026-01-04 11:12:40,130 - RootCauseAnalysis - INFO -     Result: {'uuid': '68727566-367', 'user_query': 'A fault was detected from 2025-06-19T00:10:09Z to 2025-06-19T00:26:09Z. Please analyze its root cause.'}
2026-01-04 11:12:40,130 - RootCauseAnalysis - INFO - [State Update] {"query_parsed_completed": true}
2026-01-04 11:12:41,477 - RootCauseAnalysis - INFO - [Tool Call] data_collection_agent
2026-01-04 11:12:41,477 - RootCauseAnalysis - INFO -     Args: {'request': 'Start data collection'}...
2026-01-04 11:12:41,478 - RootCauseAnalysis - INFO - ============================================================
2026-01-04 11:12:41,478 - RootCauseAnalysis - INFO - METRIC ANALYSIS - Starting
2026-01-04 11:12:41,478 - RootCauseAnalysis - INFO - ============================================================
2026-01-04 11:12:41,478 - RootCauseAnalysis - INFO - METRIC AGENT - Initial Scanning
2026-01-04 11:12:41,478 - RootCauseAnalysis - INFO - ============================================================
2026-01-04 11:12:41,478 - RootCauseAnalysis - INFO - LOG ANALYSIS - Starting
2026-01-04 11:12:41,478 - RootCauseAnalysis - INFO - ============================================================
2026-01-04 11:12:41,478 - RootCauseAnalysis - INFO - LOG AGENT - Initial Scanning
2026-01-04 11:12:41,478 - RootCauseAnalysis - INFO - ============================================================
2026-01-04 11:12:41,478 - RootCauseAnalysis - INFO - TRACE ANALYSIS - Starting
2026-01-04 11:12:41,478 - RootCauseAnalysis - INFO - ============================================================
2026-01-04 11:12:41,478 - RootCauseAnalysis - INFO - TRACE AGENT - Initial Scanning
2026-01-04 11:12:56,471 - RootCauseAnalysis - INFO - LOG AGENT - Analysis Completed
2026-01-04 11:12:59,400 - RootCauseAnalysis - INFO - TRACE AGENT - Analysis Completed
2026-01-04 11:12:59,476 - RootCauseAnalysis - INFO - METRIC AGENT - Analysis Completed
2026-01-04 11:12:59,477 - RootCauseAnalysis - INFO - [Tool Resp] data_collection_agent
2026-01-04 11:12:59,477 - RootCauseAnalysis - INFO -     Result: {'result': '根据异常指标数据的分析，以下是故障期间检测到的显著异常指标及其可能的根因分析：\n\n```json\n{\n  "stance": "NEUTRAL",\n  "detected_metric_keys": [\n    "frontend:server_error_ratio",\n    "currencyservice:rrt_max",\n    "node_memory_MemAvailable_bytes"\n  ],\n  "hypotheses": [\n    {\n      "component": "frontend",\n      "reason": "The server_error_ratio significantly increased from 0.0 to approximately 0.30 across multiple pods (frontend-0, frontend-1, frontend-2), indicating a service degradation.",\n      "evidence": "...
2026-01-04 11:12:59,477 - RootCauseAnalysis - INFO - [State Update] {"current_task_instruction": "当前处于【初始扫描阶段】。\n请对 Trace 数据进行全面扫描，找出所有显著的异常调用链。\n重点：请在返回 JSON 的 'stance' 字段中标记 'NEUTRAL'，并在 'hypotheses' 中列出你的发现。", "raw_metric_result": {"status": "success", "message": "成功加载metric数据。UUID: 68727566-367", "anomaly_metrics": "metric_type,service_name,pod_name,node_name,metric_name,normal_median,fault_median,normal_p99,fault_p99,median_change_ratio,p99_change_ratio\nservice,adservice,adservice-2,N/A,client_error_ratio,0.0,0.0,1.9,0.0,0.0,2.0\nservice,adservice,adservice-2,N/A,error_ratio,0.0,0.0,1.9,0.0,0.0,2.0\nservice,frontend,frontend-0,N/A,server_error_ratio,0.0,0.27,0.0,0.6,2.0,2.0\nservice,frontend,frontend-1,N/A,server_error_ratio,0.0,0.28,0.0,0.59,2.0,2.0\nservice,frontend,frontend-1,N/A,error_ratio,0.0,0.28,0.0,0.59,2.0,2.0\nservice,frontend,frontend-0,N/A,error_ratio,0.0,0.27,0.0,0.6,2.0,2.0\nservice,frontend,frontend-2,N/A,server_error_ratio,0.0,0.31,0.0,0.48,2.0,2.0\nservice,frontend,frontend-2,N/A,error_ratio,0.0,0.31,0.0,0.48,2.0,2.0\nservice,currencyservice,currencyservice-1,N/A,rrt_max,3376.0,3362.0,9226.04,38106.95,0.0042,1.2203\nservice,cartservice,cartservice-0,N/A,rrt_max,7966.0,9178.0,71299.64,19539.15,0.1414,1.1396\nservice,emailservice,emailservice-2,N/A,rrt_max,3578.0,2306.0,8011.32,2745.85,0.4324,0.979\nservice,paymentservice,paymentservice-0,N/A,rrt_max,1713.0,1691.0,4550.12,1788.85,0.0129,0.8712\ntidb,tidb-tikv,N/A,N/A,io_util,0.0,0.0,0.05,0.02,0.0,0.8571\nservice,emailservice,emailservice-0,N/A,rrt_max,3195.0,2836.0,7439.84,3178.95,0.1191,0.8025\nservice,cartservice,cartservice-0,N/A,rrt,1777.72,1882.3,4802.26,2123.96,0.0571,0.7734\nservice,currencyservice,currencyservice-1,N/A,rrt,2415.25,2144.54,3711.13,7833.95,0.1187,0.7142\nservice,shippingservice,shippingservice-1,N/A,rrt_max,2911.0,2109.0,8023.2,16533.2,0.3195,0.6931\npod,N/A,redis-cart-0,N/A,pod_processes,1.0,1.0,1.0,2.0,0.0,0.6667\nservice,frontend,frontend-2,N/A,rrt_max,263920.0,135940.0,324324.12,207366.0,0.6401,0.4399\nservice,paymentservice,paymentservice-0,N/A,rrt,1399.0,1399.0,2682.57,1399.0,0.0,0.629\nservice,frontend,frontend-0,N/A,rrt_max,247444.0,133977.5,301896.72,175360.4,0.595,0.5303\nservice,shippingservice,shippingservice-0,N/A,rrt,1071.42,1105.38,1510.69,2787.34,0.0312,0.5941\nservice,cartservice,cartservice-2,N/A,rrt,1645.74,1602.68,4912.46,2845.31,0.0265,0.5329\nservice,frontend,frontend-1,N/A,rrt_max,216550.0,126870.5,302014.28,250214.8,0.5223,0.1876\nservice,paymentservice,paymentservice-1,N/A,rrt_max,1714.0,1776.0,2974.12,1776.0,0.0355,0.5045\nservice,emailservice,emailservice-1,N/A,rrt_max,3211.0,1954.0,7124.84,6178.65,0.4867,0.1422\nservice,checkoutservice,checkoutservice-2,N/A,rrt_max,206736.0,126645.0,234818.24,193860.05,0.4805,0.1911\nservice,paymentservice,paymentservice-2,N/A,rrt,1638.5,2614.0,2767.08,2614.0,0.4588,0.0569\nnode,N/A,N/A,aiops-k8s-03,node_memory_MemAvailable_bytes,5081673728.0,4168708096.0,7952456908.8,4903033446.4,0.1974,0.4744\nservice,emailservice,emailservice-1,N/A,rrt,1665.83,1163.0,2702.17,1839.48,0.3555,0.3799\n", "unique_entities": {"service_name": ["adservice", "cartservice", "checkoutservice", "currencyservice", "emailservice", "frontend", "paymentservice", "productcatalogservice", "recommendationservice", "redis", "shippingservice", "tidb-pd", "tidb-tidb", "tidb-tikv"], "node_name": ["aiops-k8s-01", "aiops-k8s-02", "aiops-k8s-03", "aiops-k8s-04", "aiops-k8s-05", "aiops-k8s-06", "aiops-k8s-07", "aiops-k8s-08"], "pod_name": ["adservice-0", "adservice-1", "adservice-2", "cartservice-0", "cartservice-1", "cartservice-2", "checkoutservice-0", "checkoutservice-1", "checkoutservice-2", "currencyservice-0", "currencyservice-1", "currencyservice-2", "emailservice-0", "emailservice-1", "emailservice-2", "frontend-0", "frontend-1", "frontend-2", "paymentservice-0", "paymentservice-1", "paymentservice-2", "productcatalogservice-0", "productcatalogservice-1", "productcatalogservice-2", "recommendationservice-0", "recommendationservice-1", "recommendationservice-2", "redis-cart-0", "shippingservice-0", "shippingservice-1", "shippingservice-2"]}, "node_pod_mapping": {"aiops-k8s-01": ["frontend-1", "productcatalogservice-2", "emailservice-1", "recommendationservice-2", "shippingservice-0"], "aiops-k8s-02": [], "aiops-k8s-03": ["shippingservice-2", "recommendationservice-1", "adservice-0"], "aiops-k8s-04": ["paymentservice-2", "frontend-0", "currencyservice-0", "checkoutservice-0"], "aiops-k8s-05": ["paymentservice-1", "checkoutservice-2", "cartservice-1", "currencyservice-1"], "aiops-k8s-06": ["productcatalogservice-1", "emailservice-2"], "aiops-k8s-07": ["cartservice-0", "currencyservice-1", "emailservice-0", "adservice-1", "shippingservice-1"], "aiops-k8s-08": ["redis-cart-0", "recommendationservice-0", "productcatalogservice-0", "adservice-2", "checkoutservice-1", "currencyservice-2", "paymentservice-0", "cartservice-2", "frontend-2"]}, "matched_anomaly": "A fault was detected from 2025-06-19T00:10:09Z to 2025-06-19T00:26:09Z. Please analyze its root cause.", "time_range": "2025-06-19 00:10:09+00:00 to 2025-06-19 00:26:09+00:00"}, "metric_data_collected": true, "node_pod_mapping": {"aiops-k8s-01": ["frontend-1", "productcatalogservice-2", "emailservice-1", "recommendationservice-2", "shippingservice-0"], "aiops-k8s-02": [], "aiops-k8s-03": ["shippingservice-2", "recommendationservice-1", "adservice-0"], "aiops-k8s-04": ["paymentservice-2", "frontend-0", "currencyservice-0", "checkoutservice-0"], "aiops-k8s-05": ["paymentservice-1", "checkoutservice-2", "cartservice-1", "currencyservice-1"], "aiops-k8s-06": ["productcatalogservice-1", "emailservice-2"], "aiops-k8s-07": ["cartservice-0", "currencyservice-1", "emailservice-0", "adservice-1", "shippingservice-1"], "aiops-k8s-08": ["redis-cart-0", "recommendationservice-0", "productcatalogservice-0", "adservice-2", "checkoutservice-1", "currencyservice-2", "paymentservice-0", "cartservice-2", "frontend-2"]}, "raw_log_result": {"status": "success", "message": "成功加载日志数据。UUID: 68727566-367，共 7 条错误日志", "filtered_logs": "node_name,service_name,pod_name,message,occurrence_count\naiops-k8s-04,frontend,frontend-0,\"{\"\"error\"\":\"\"failed to complete the order: rpc error: code = Internal desc = failed to charge card: could not charge the card: rpc error: code = Unavailable desc = connection error: desc = \\\"\"transport: Error while dialing dial tcp 10.233.55.4:50051: connect: connection refused\\\"\"\"\",\"\"http.req.id\"\":\"\"b14254fd-d9fc-44bf-af3c-0d9b74eb121e\"\",\"\"http.req.method\"\":\"\"POST\"\",\"\"http.req.path\"\":\"\"/cart/checkout\"\",\"\"message\"\":\"\"request error\"\",\"\"session\"\":\"\"ddace220-ca4a-4aaa-b2c4-d311a45380b1\"\",\"\"severity\"\":\"\"error\"\",\"\"timestamp\"\":\"\"2025-06-19T00:13:16.85113467Z\"\"}\",出现次数:4\naiops-k8s-04,frontend,frontend-0,\"{\"\"error\"\":\"\"failed to complete the order: rpc error: code = Internal desc = failed to charge card: could not charge the card: rpc error: code = Unavailable desc = connection error: desc = \\\"\"transport: Error while dialing dial tcp 10.233.55.4:50051: connect: connection refused\\\"\"\"\",\"\"http.req.id\"\":\"\"df85d449-dacc-4304-84bb-eea1276a94b3\"\",\"\"http.req.method\"\":\"\"POST\"\",\"\"http.req.path\"\":\"\"/cart/checkout\"\",\"\"message\"\":\"\"request error\"\",\"\"session\"\":\"\"b5466c0b-a6e7-408c-86c0-03699037ff75\"\",\"\"severity\"\":\"\"error\"\",\"\"timestamp\"\":\"\"2025-06-19T00:10:18.575080354Z\"\"}\",出现次数:32\naiops-k8s-01,frontend,frontend-1,\"{\"\"error\"\":\"\"failed to complete the order: rpc error: code = Internal desc = failed to charge card: could not charge the card: rpc error: code = Unavailable desc = connection error: desc = \\\"\"transport: Error while dialing dial tcp 10.233.55.4:50051: connect: connection refused\\\"\"\"\",\"\"http.req.id\"\":\"\"e8e8efb0-f1c8-433c-82a0-fa506ef73b21\"\",\"\"http.req.method\"\":\"\"POST\"\",\"\"http.req.path\"\":\"\"/cart/checkout\"\",\"\"message\"\":\"\"request error\"\",\"\"session\"\":\"\"22ccea35-e758-4359-9860-13a91139ff43\"\",\"\"severity\"\":\"\"error\"\",\"\"timestamp\"\":\"\"2025-06-19T00:14:57.14919258Z\"\"}\",出现次数:3\naiops-k8s-08,frontend,frontend-2,\"{\"\"error\"\":\"\"failed to complete the order: rpc error: code = Internal desc = failed to charge card: could not charge the card: rpc error: code = Unavailable desc = connection error: desc = \\\"\"transport: Error while dialing dial tcp 10.233.55.4:50051: connect: connection refused\\\"\"\"\",\"\"http.req.id\"\":\"\"1f19ecd9-13ce-403c-99e2-0297cebb3aa5\"\",\"\"http.req.method\"\":\"\"POST\"\",\"\"http.req.path\"\":\"\"/cart/checkout\"\",\"\"message\"\":\"\"request error\"\",\"\"session\"\":\"\"f5e4162e-b6f4-4644-b87e-b279bdfde665\"\",\"\"severity\"\":\"\"error\"\",\"\"timestamp\"\":\"\"2025-06-19T00:19:57.7346235Z\"\"}\",出现次数:3\naiops-k8s-08,frontend,frontend-2,\"{\"\"error\"\":\"\"failed to complete the order: rpc error: code = Internal desc = failed to charge card: could not charge the card: rpc error: code = Unavailable desc = connection error: desc = \\\"\"transport: Error while dialing dial tcp 10.233.55.4:50051: connect: connection refused\\\"\"\"\",\"\"http.req.id\"\":\"\"6c59b968-0d2c-4c46-9e41-c40034b2f92d\"\",\"\"http.req.method\"\":\"\"POST\"\",\"\"http.req.path\"\":\"\"/cart/checkout\"\",\"\"message\"\":\"\"request error\"\",\"\"session\"\":\"\"cc08424e-6ed2-4747-92b0-c242244c8250\"\",\"\"severity\"\":\"\"error\"\",\"\"timestamp\"\":\"\"2025-06-19T00:10:58.853554905Z\"\"}\",出现次数:26\naiops-k8s-08,frontend,frontend-2,\"{\"\"error\"\":\"\"failed to complete the order: rpc error: code = Internal desc = failed to charge card: could not charge the card: rpc error: code = Unavailable desc = connection error: desc = \\\"\"transport: Error while dialing dial tcp 10.233.55.4:50051: connect: connection refused\\\"\"\"\",\"\"http.req.id\"\":\"\"ca1ec12f-0fd2-4563-b53d-4498853284d0\"\",\"\"http.req.method\"\":\"\"POST\"\",\"\"http.req.path\"\":\"\"/cart/checkout\"\",\"\"message\"\":\"\"request error\"\",\"\"session\"\":\"\"64ea5975-02ba-478a-b21b-803071b208fa\"\",\"\"severity\"\":\"\"error\"\",\"\"timestamp\"\":\"\"2025-06-19T00:17:43.535962403Z\"\"}\",出现次数:2\naiops-k8s-01,frontend,frontend-1,\"{\"\"error\"\":\"\"failed to complete the order: rpc error: code = Internal desc = failed to charge card: could not charge the card: rpc error: code = Unavailable desc = connection error: desc = \\\"\"transport: Error while dialing dial tcp 10.233.55.4:50051: connect: connection refused\\\"\"\"\",\"\"http.req.id\"\":\"\"326eb266-a9c1-4b37-bd32-d92cb64b211c\"\",\"\"http.req.method\"\":\"\"POST\"\",\"\"http.req.path\"\":\"\"/cart/checkout\"\",\"\"message\"\":\"\"request error\"\",\"\"session\"\":\"\"a4f0a37a-bd06-481b-8382-a45c93382a50\"\",\"\"severity\"\":\"\"error\"\",\"\"timestamp\"\":\"\"2025-06-19T00:10:25.943606563Z\"\"}\",出现次数:13\n", "unique_entities": {"pod_name": ["frontend-0", "frontend-1", "frontend-2"], "service_name": ["frontend"], "node_name": ["aiops-k8s-04", "aiops-k8s-01", "aiops-k8s-08"]}, "matched_anomaly": "A fault was detected from 2025-06-19T00:10:09Z to 2025-06-19T00:26:09Z. Please analyze its root cause.", "time_range": "2025-06-19 00:10:09+00:00 to 2025-06-19 00:26:09+00:00"}, "log_data_collected": true, "raw_trace_result": {"status": "success", "message": "成功加载trace数据。UUID: 68727566-367，共 20 个异常组合，10 个状态组合", "filtered_traces": "node_name,service_name,parent_pod,child_pod,operation_name,normal_avg_duration,anomaly_avg_duration,anomaly_count\naiops-k8s-08,recommendationservice,recommendationservice-0,recommendationservice-0,/hipstershop.ProductCatalogService/ListProducts,2975.8979474079715,2505.001783662195,出现次数:12\naiops-k8s-08,recommendationservice,frontend-1,recommendationservice-0,/hipstershop.RecommendationService/ListRecommendations,4130.73316274201,3704.397027215209,出现次数:11\naiops-k8s-08,recommendationservice,frontend-2,recommendationservice-0,/hipstershop.RecommendationService/ListRecommendations,4106.723582977161,3477.7562121603028,出现次数:10\naiops-k8s-08,productcatalogservice,recommendationservice-0,productcatalogservice-0,hipstershop.ProductCatalogService/ListProducts,72.89308422962807,102.82955457622404,出现次数:8\naiops-k8s-01,frontend,frontend-1,frontend-1,hipstershop.ShippingService/GetQuote,1806.8433138617236,3950.416666666667,出现次数:5\naiops-k8s-08,recommendationservice,frontend-0,recommendationservice-0,/hipstershop.RecommendationService/ListRecommendations,4128.341296078582,3342.638177998472,出现次数:4\naiops-k8s-06,productcatalogservice,frontend-2,productcatalogservice-1,hipstershop.ProductCatalogService/GetProduct,9681.241507356728,11122.341666666667,出现次数:3\naiops-k8s-06,productcatalogservice,frontend-1,productcatalogservice-1,hipstershop.ProductCatalogService/GetProduct,9209.964782512669,11507.524691358025,出现次数:3\naiops-k8s-01,frontend,frontend-1,frontend-1,hipstershop.RecommendationService/ListRecommendations,118341.52217149167,9509.52564102564,出现次数:2\naiops-k8s-01,productcatalogservice,frontend-0,productcatalogservice-2,hipstershop.ProductCatalogService/GetProduct,10040.36980941472,9042.019212721585,出现次数:2\naiops-k8s-01,frontend,frontend-1,frontend-1,hipstershop.CurrencyService/Convert,2325.676837096255,4703.646590909091,出现次数:2\naiops-k8s-08,frontend,frontend-2,frontend-2,hipstershop.ShippingService/GetQuote,1930.0720788129884,3480.633333333333,出现次数:2\naiops-k8s-01,frontend,frontend-1,frontend-1,hipstershop.ProductCatalogService/GetProduct,11203.635050935625,13285.106285310736,出现次数:2\naiops-k8s-06,productcatalogservice,frontend-1,productcatalogservice-1,hipstershop.ProductCatalogService/ListProducts,68.16067531796175,216.83333333333331,出现次数:2\naiops-k8s-06,productcatalogservice,frontend-2,productcatalogservice-1,hipstershop.ProductCatalogService/ListProducts,70.73916100336218,148.33333333333334,出现次数:2\naiops-k8s-05,redis,cartservice-1,cartservice-1,HGET,1771.4157464335137,11740.65,出现次数:1\naiops-k8s-01,frontend,frontend-1,frontend-1,hipstershop.AdService/GetAds,5549.487358465432,8144.25,出现次数:1\naiops-k8s-01,productcatalogservice,frontend-0,productcatalogservice-2,hipstershop.ProductCatalogService/ListProducts,78.92283463526036,300.3333333333333,出现次数:1\naiops-k8s-04,frontend,frontend-0,frontend-0,hipstershop.CurrencyService/GetSupportedCurrencies,2916.966425579853,4290.875,出现次数:1\naiops-k8s-04,frontend,frontend-0,frontend-0,hipstershop.RecommendationService/ListRecommendations,124078.63908275458,9217.5,出现次数:1\n", "unique_entities": {"pod_name": ["cartservice-1", "frontend-0", "frontend-1", "frontend-2", "productcatalogservice-0", "productcatalogservice-1", "productcatalogservice-2", "recommendationservice-0"], "service_name": ["frontend", "productcatalogservice", "recommendationservice", "redis"], "node_name": ["aiops-k8s-01", "aiops-k8s-04", "aiops-k8s-05", "aiops-k8s-06", "aiops-k8s-08"]}, "status_combinations": "node_name,service_name,parent_pod,child_pod,operation_name,status_code,status_message,occurrence_count\naiops-k8s-05,checkoutservice,checkoutservice-2,checkoutservice-2,hipstershop.PaymentService/Charge,14,\"connection error: desc = \"\"transport: Error while dialing dial tcp 10.233.55.4:50051: connect: connection refused\"\"\",出现次数:81\naiops-k8s-04,frontend,N/A,frontend-0,hipstershop.Frontend/Recv.,13,HTTP status code: 500,出现次数:34\naiops-k8s-04,frontend,frontend-0,frontend-0,hipstershop.CheckoutService/PlaceOrder,13,\"failed to charge card: could not charge the card: rpc error: code = Unavailable desc = connection error: desc = \"\"transport: Error while dialing dial tcp 10.233.55.4:50051: connect: connection refused\"\"\",出现次数:34\naiops-k8s-05,checkoutservice,frontend-0,checkoutservice-2,hipstershop.CheckoutService/PlaceOrder,13,\"failed to charge card: could not charge the card: rpc error: code = Unavailable desc = connection error: desc = \"\"transport: Error while dialing dial tcp 10.233.55.4:50051: connect: connection refused\"\"\",出现次数:34\naiops-k8s-05,checkoutservice,frontend-2,checkoutservice-2,hipstershop.CheckoutService/PlaceOrder,13,\"failed to charge card: could not charge the card: rpc error: code = Unavailable desc = connection error: desc = \"\"transport: Error while dialing dial tcp 10.233.55.4:50051: connect: connection refused\"\"\",出现次数:31\naiops-k8s-08,frontend,N/A,frontend-2,hipstershop.Frontend/Recv.,13,HTTP status code: 500,出现次数:31\naiops-k8s-08,frontend,frontend-2,frontend-2,hipstershop.CheckoutService/PlaceOrder,13,\"failed to charge card: could not charge the card: rpc error: code = Unavailable desc = connection error: desc = \"\"transport: Error while dialing dial tcp 10.233.55.4:50051: connect: connection refused\"\"\",出现次数:31\naiops-k8s-01,frontend,N/A,frontend-1,hipstershop.Frontend/Recv.,13,HTTP status code: 500,出现次数:16\naiops-k8s-01,frontend,frontend-1,frontend-1,hipstershop.CheckoutService/PlaceOrder,13,\"failed to charge card: could not charge the card: rpc error: code = Unavailable desc = connection error: desc = \"\"transport: Error while dialing dial tcp 10.233.55.4:50051: connect: connection refused\"\"\",出现次数:16\naiops-k8s-05,checkoutservice,frontend-1,checkoutservice-2,hipstershop.CheckoutService/PlaceOrder,13,\"failed to charge card: could not charge the card: rpc error: code = Unavailable desc = connection error: desc = \"\"transport: Error while dialing dial tcp 10.233.55.4:50051: connect: connection refused\"\"\",出现次数:16\n", "matched_anomaly": "A fault was detected from 2025-06-19T00:10:09Z to 2025-06-19T00:26:09Z. Please analyze its root cause.", "time_range": "2025-06-19 00:10:09+00:00 to 2025-06-19 00:26:09+00:00"}, "trace_data_collected": true, "log_analysis_findings": "```json\n{\n  \"stance\": \"NEUTRAL\",\n  \"detected_log_keys\": [\n    \"transport\",\n    \"Error while dialing\",\n    \"connection refused\",\n    \"rpc error\"\n  ],\n  \"hypotheses\": [\n    {\n      \"component\": \"frontend\",\n      \"reason\": \"The logs indicate a transport error during dialling with 'connection refused', specifically on TCP port 50051.\",\n      \"evidence\": \"\\\"transport: Error while dialing dial tcp 10.233.55.4:50051: connect: connection refused\\\" (occurs consistently across multiple log entries)\"\n    }\n  ]\n}\n```", "trace_analysis_findings": "```json\n{\n  \"stance\": \"NEUTRAL\",\n  \"detected_trace_keys\": [\n    \"latency_spike\",\n    \"deadline_exceeded\",\n    \"connection_refused\",\n    \"checkoutservice->paymentservice\",\n    \"frontend->checkoutservice\",\n    \"recommendationservice->productcatalogservice\"\n  ],\n  \"hypotheses\": [\n    {\n      \"component\": \"checkoutservice\",\n      \"reason\": \"Significant errors with 'connection refused' and 'unavailable' status during calls from 'frontend' to 'checkoutservice' indicating service unavailability\",\n      \"evidence\": \"Frequent status code 13 errors with message 'connection error: transport: Error while dialing dial tcp 10.233.55.4:50051: connect: connection refused', occurring across multiple calls to the checkoutservice\"\n    },\n    {\n      \"component\": \"recommendationservice\",\n      \"reason\": \"Elevated latency during calls from 'frontend' to 'recommendationservice', suggesting potential performance bottleneck or cascading delays\",\n      \"evidence\": \"Reduced average duration from normal (~4100ms) to anomaly period (~3500ms) across multiple retries and calls, still exceeding acceptable thresholds\"\n    },\n    {\n      \"component\": \"productcatalogservice\",\n      \"reason\": \"Elevated latencies observed during calls by 'recommendationservice' to 'productcatalogservice'\",\n      \"evidence\": \"Spikes in average duration from normal (73ms) to anomalous values (102ms, 149ms, up to 216ms)\"\n    },\n    {\n      \"component\": \"frontend\",\n      \"reason\": \"Multiple 500 internal server errors during requests processed via frontend instances\",\n      \"evidence\": \"Status code 500 errors noted for frontend instances at various points, paired with observed anomalies across dependent services\"\n    },\n    {\n      \"component\": \"redis\",\n      \"reason\": \"Observed delay in calls to cartservice backed by a Redis instance\",\n      \"evidence\": \"Single instance of latency spike (from normal 1770ms to anomaly 11740ms), indicating potential data store bottleneck\"\n    }\n  ]\n}\n```", "metric_analysis_findings": "根据异常指标数据的分析，以下是故障期间检测到的显著异常指标及其可能的根因分析：\n\n```json\n{\n  \"stance\": \"NEUTRAL\",\n  \"detected_metric_keys\": [\n    \"frontend:server_error_ratio\",\n    \"currencyservice:rrt_max\",\n    \"node_memory_MemAvailable_bytes\"\n  ],\n  \"hypotheses\": [\n    {\n      \"component\": \"frontend\",\n      \"reason\": \"The server_error_ratio significantly increased from 0.0 to approximately 0.30 across multiple pods (frontend-0, frontend-1, frontend-2), indicating a service degradation.\",\n      \"evidence\": \"The error ratio median change was 2.0 during the fault period.\"\n    },\n    {\n      \"component\": \"currencyservice\",\n      \"reason\": \"There was a significant increase in the rrt_max metric for currencyservice-1, which impacted service latency.\",\n      \"evidence\": \"The maximum response time change ratio was 1.2203 during the fault period.\"\n    },\n    {\n      \"component\": \"aiops-k8s-03\",\n      \"reason\": \"node_memory_MemAvailable_bytes showed a decrease from 5.08GB to 4.17GB, indicating potential memory exhaustion on node aiops-k8s-03, affecting services running on this node.\",\n      \"evidence\": \"The median change ratio was 0.1974.\"\n    }\n  ]\n}\n```\n\n### 分析：\n1. **Frontend 服务问题**：\n   - 服务 `frontend` 的 `server_error_ratio` 在多个 pods 出现显著增加，从而导致服务质量下降。\n\n2. **Currencyservice 服务延迟**：\n   - 服务 `currencyservice` 的 `rrt_max` 增加，表明响应时间显著升高，可能会对服务的响应性能造成影响。\n\n3. **节点内存问题**：\n   - 节点 `aiops-k8s-03` 的可用内存显著减少，可能导致运行在该节点上的部分服务性能下降。\n\n这些指标和关联的组件提供了一些故障的初步线索，但需要结合其他信息进行后续深入分析以确定最终的根因和改善措施。"}
2026-01-04 11:13:01,036 - RootCauseAnalysis - INFO - [Tool Call] consensus_discussion_agent
2026-01-04 11:13:01,037 - RootCauseAnalysis - INFO -     Args: {'request': 'Commence consensus discussion'}...
2026-01-04 11:13:01,037 - RootCauseAnalysis - INFO - ============================================================
2026-01-04 11:13:01,037 - RootCauseAnalysis - INFO - CONSENSUS ANALYSIS - Round 0
2026-01-04 11:13:01,037 - RootCauseAnalysis - INFO - Current Hypothesis: （等待写入...）
2026-01-04 11:13:01,037 - RootCauseAnalysis - INFO - ============================================================
2026-01-04 11:13:04,110 - RootCauseAnalysis - INFO - CONSENSUS AGENT OUTPUT PARSED:
2026-01-04 11:13:04,110 - RootCauseAnalysis - INFO -   - Status: DISAGREED
2026-01-04 11:13:04,110 - RootCauseAnalysis - INFO -   - New Hypothesis: Waiting for consensus to identify the root cause
2026-01-04 11:13:04,110 - RootCauseAnalysis - INFO -   - Reasoning: The evidence from the Log, Metric, and Trace experts highlights multiple potential candidates for the root cause of the failure. However, there is no clear alignment between the experts' hypotheses. Further rounds of deliberation and evidence synthesis are necessary to narrow the root cause. Additional data or cross-analysis of node metrics and service behaviors may be required to build consensus.
2026-01-04 11:13:04,110 - RootCauseAnalysis - INFO - >>> CONSENSUS NOT REACHED. Updating hypothesis and continuing loop. <<<
2026-01-04 11:13:04,110 - RootCauseAnalysis - INFO - ============================================================
2026-01-04 11:13:04,110 - RootCauseAnalysis - INFO - METRIC ANALYSIS - Starting
2026-01-04 11:13:04,110 - RootCauseAnalysis - INFO - ============================================================
2026-01-04 11:13:04,110 - RootCauseAnalysis - INFO - METRIC AGENT - Verifying Hypothesis: Waiting for consensus to ident...
2026-01-04 11:13:04,110 - RootCauseAnalysis - INFO - ============================================================
2026-01-04 11:13:04,110 - RootCauseAnalysis - INFO - LOG ANALYSIS - Starting
2026-01-04 11:13:04,110 - RootCauseAnalysis - INFO - ============================================================
2026-01-04 11:13:04,110 - RootCauseAnalysis - INFO - LOG AGENT - Verifying Hypothesis: Waiting for consensus to ident...
2026-01-04 11:13:04,110 - RootCauseAnalysis - INFO - ============================================================
2026-01-04 11:13:04,110 - RootCauseAnalysis - INFO - TRACE ANALYSIS - Starting
2026-01-04 11:13:04,110 - RootCauseAnalysis - INFO - ============================================================
2026-01-04 11:13:04,110 - RootCauseAnalysis - INFO - TRACE AGENT - Verifying Hypothesis: Waiting for consensus to ident...
2026-01-04 11:13:21,722 - RootCauseAnalysis - INFO - LOG AGENT - Analysis Completed
2026-01-04 11:13:22,538 - RootCauseAnalysis - INFO - TRACE AGENT - Analysis Completed
2026-01-04 11:13:24,445 - RootCauseAnalysis - INFO - METRIC AGENT - Analysis Completed
2026-01-04 11:13:24,446 - RootCauseAnalysis - INFO - ============================================================
2026-01-04 11:13:24,446 - RootCauseAnalysis - INFO - CONSENSUS ANALYSIS - Round 1
2026-01-04 11:13:24,446 - RootCauseAnalysis - INFO - Current Hypothesis: Waiting for consensus to identify the root cause
2026-01-04 11:13:24,446 - RootCauseAnalysis - INFO - ============================================================
2026-01-04 11:13:27,965 - RootCauseAnalysis - INFO - CONSENSUS AGENT OUTPUT PARSED:
2026-01-04 11:13:27,965 - RootCauseAnalysis - INFO -   - Status: DISAGREED
2026-01-04 11:13:27,965 - RootCauseAnalysis - INFO -   - New Hypothesis: Waiting for consensus to identify the root cause
2026-01-04 11:13:27,965 - RootCauseAnalysis - INFO -   - Reasoning: The Log, Metric, and Trace experts have provided conflicting viewpoints. Log and Trace experts strongly oppose the hypothesis, pointing towards specific components (Frontend service targeting PaymentService RPC failures as well as CheckoutService interactions with PaymentService) as the root cause, supported by connection errors and 'connection refused' messages. On the other hand, Metric analysis supports the hypothesis, citing widespread anomalies across nodes, services, and the database without a single definitive cause. These conflicting findings demonstrate a lack of agreement at this stage, necessitating deeper correlation analysis before reaching a unified conclusion.
2026-01-04 11:13:27,965 - RootCauseAnalysis - INFO - >>> CONSENSUS NOT REACHED. Updating hypothesis and continuing loop. <<<
2026-01-04 11:13:27,966 - RootCauseAnalysis - INFO - ============================================================
2026-01-04 11:13:27,966 - RootCauseAnalysis - INFO - METRIC ANALYSIS - Starting
2026-01-04 11:13:27,966 - RootCauseAnalysis - INFO - ============================================================
2026-01-04 11:13:27,966 - RootCauseAnalysis - INFO - METRIC AGENT - Verifying Hypothesis: Waiting for consensus to ident...
2026-01-04 11:13:27,966 - RootCauseAnalysis - INFO - ============================================================
2026-01-04 11:13:27,966 - RootCauseAnalysis - INFO - LOG ANALYSIS - Starting
2026-01-04 11:13:27,966 - RootCauseAnalysis - INFO - ============================================================
2026-01-04 11:13:27,966 - RootCauseAnalysis - INFO - LOG AGENT - Verifying Hypothesis: Waiting for consensus to ident...
2026-01-04 11:13:27,966 - RootCauseAnalysis - INFO - ============================================================
2026-01-04 11:13:27,966 - RootCauseAnalysis - INFO - TRACE ANALYSIS - Starting
2026-01-04 11:13:27,966 - RootCauseAnalysis - INFO - ============================================================
2026-01-04 11:13:27,966 - RootCauseAnalysis - INFO - TRACE AGENT - Verifying Hypothesis: Waiting for consensus to ident...
2026-01-04 11:13:32,988 - RootCauseAnalysis - INFO - TRACE AGENT - Analysis Completed
2026-01-04 11:13:33,138 - RootCauseAnalysis - INFO - METRIC AGENT - Analysis Completed
2026-01-04 11:13:35,956 - RootCauseAnalysis - INFO - LOG AGENT - Analysis Completed
2026-01-04 11:13:35,958 - RootCauseAnalysis - INFO - ============================================================
2026-01-04 11:13:35,958 - RootCauseAnalysis - INFO - CONSENSUS ANALYSIS - Round 2
2026-01-04 11:13:35,958 - RootCauseAnalysis - INFO - Current Hypothesis: Waiting for consensus to identify the root cause
2026-01-04 11:13:35,958 - RootCauseAnalysis - INFO - ============================================================
2026-01-04 11:13:39,130 - RootCauseAnalysis - INFO - CONSENSUS AGENT OUTPUT PARSED:
2026-01-04 11:13:39,130 - RootCauseAnalysis - INFO -   - Status: DISAGREED
2026-01-04 11:13:39,130 - RootCauseAnalysis - INFO -   - New Hypothesis: Waiting for consensus to identify the root cause
2026-01-04 11:13:39,130 - RootCauseAnalysis - INFO -   - Reasoning: While the Metric agent supports the hypothesis of waiting for consensus due to widespread anomalies across nodes, services, and the database, both the Log and Trace agents strongly oppose this stance. Their analyses pinpoint specific failures in `Frontend` RPC interactions targeting `PaymentService`, citing persistent 'connection refused' errors and latency spikes. These findings suggest networking or endpoint misconfiguration at `PaymentService`, making this a more focused and actionable root cause than the broader systemic anomalies detected in metrics data. Thus, there is disagreement among the experts regarding consensus, with evidence leaning towards resolving networking issues at `PaymentService`.
2026-01-04 11:13:39,130 - RootCauseAnalysis - INFO - >>> CONSENSUS NOT REACHED. Updating hypothesis and continuing loop. <<<
2026-01-04 11:13:39,130 - RootCauseAnalysis - INFO - ============================================================
2026-01-04 11:13:39,130 - RootCauseAnalysis - INFO - METRIC ANALYSIS - Starting
2026-01-04 11:13:39,130 - RootCauseAnalysis - INFO - ============================================================
2026-01-04 11:13:39,130 - RootCauseAnalysis - INFO - METRIC AGENT - Verifying Hypothesis: Waiting for consensus to ident...
2026-01-04 11:13:39,130 - RootCauseAnalysis - INFO - ============================================================
2026-01-04 11:13:39,130 - RootCauseAnalysis - INFO - LOG ANALYSIS - Starting
2026-01-04 11:13:39,130 - RootCauseAnalysis - INFO - ============================================================
2026-01-04 11:13:39,130 - RootCauseAnalysis - INFO - LOG AGENT - Verifying Hypothesis: Waiting for consensus to ident...
2026-01-04 11:13:39,130 - RootCauseAnalysis - INFO - ============================================================
2026-01-04 11:13:39,130 - RootCauseAnalysis - INFO - TRACE ANALYSIS - Starting
2026-01-04 11:13:39,130 - RootCauseAnalysis - INFO - ============================================================
2026-01-04 11:13:39,130 - RootCauseAnalysis - INFO - TRACE AGENT - Verifying Hypothesis: Waiting for consensus to ident...
2026-01-04 11:13:44,041 - RootCauseAnalysis - INFO - TRACE AGENT - Analysis Completed
2026-01-04 11:13:45,889 - RootCauseAnalysis - INFO - LOG AGENT - Analysis Completed
2026-01-04 11:13:47,324 - RootCauseAnalysis - INFO - METRIC AGENT - Analysis Completed
2026-01-04 11:13:47,325 - RootCauseAnalysis - INFO - ============================================================
2026-01-04 11:13:47,325 - RootCauseAnalysis - INFO - CONSENSUS ANALYSIS - Round 3
2026-01-04 11:13:47,325 - RootCauseAnalysis - INFO - Current Hypothesis: Waiting for consensus to identify the root cause
2026-01-04 11:13:47,325 - RootCauseAnalysis - INFO - ============================================================
2026-01-04 11:13:50,804 - RootCauseAnalysis - INFO - CONSENSUS AGENT OUTPUT PARSED:
2026-01-04 11:13:50,804 - RootCauseAnalysis - INFO -   - Status: DISAGREED
2026-01-04 11:13:50,804 - RootCauseAnalysis - INFO -   - New Hypothesis: Waiting for consensus to identify the root cause
2026-01-04 11:13:50,804 - RootCauseAnalysis - INFO -   - Reasoning: The consensus discussion reveals conflicting viewpoints between the domain experts. While the Metric agent supports the hypothesis due to widespread systemic anomalies across nodes, services, and the database, both Log and Trace agents oppose the hypothesis. They provide specific and actionable evidence focusing on networking or endpoint misconfiguration at `PaymentService`, supported by persistent 'connection refused' errors in RPC calls and latency spikes during `Frontend` and `CheckoutService` interactions. Given the stronger evidence provided by Log and Trace analyses, immediate investigation into PaymentService's networking configuration should take precedence. Broader systemic anomalies identified by Metric analysis may be secondary and require monitoring.
2026-01-04 11:13:50,804 - RootCauseAnalysis - INFO - >>> CONSENSUS NOT REACHED. Updating hypothesis and continuing loop. <<<
2026-01-04 11:13:50,804 - RootCauseAnalysis - INFO - ============================================================
2026-01-04 11:13:50,804 - RootCauseAnalysis - INFO - METRIC ANALYSIS - Starting
2026-01-04 11:13:50,804 - RootCauseAnalysis - INFO - ============================================================
2026-01-04 11:13:50,804 - RootCauseAnalysis - INFO - METRIC AGENT - Verifying Hypothesis: Waiting for consensus to ident...
2026-01-04 11:13:50,804 - RootCauseAnalysis - INFO - ============================================================
2026-01-04 11:13:50,804 - RootCauseAnalysis - INFO - LOG ANALYSIS - Starting
2026-01-04 11:13:50,804 - RootCauseAnalysis - INFO - ============================================================
2026-01-04 11:13:50,804 - RootCauseAnalysis - INFO - LOG AGENT - Verifying Hypothesis: Waiting for consensus to ident...
2026-01-04 11:13:50,805 - RootCauseAnalysis - INFO - ============================================================
2026-01-04 11:13:50,805 - RootCauseAnalysis - INFO - TRACE ANALYSIS - Starting
2026-01-04 11:13:50,805 - RootCauseAnalysis - INFO - ============================================================
2026-01-04 11:13:50,805 - RootCauseAnalysis - INFO - TRACE AGENT - Verifying Hypothesis: Waiting for consensus to ident...
2026-01-04 11:13:55,233 - RootCauseAnalysis - INFO - TRACE AGENT - Analysis Completed
2026-01-04 11:13:56,332 - RootCauseAnalysis - INFO - METRIC AGENT - Analysis Completed
2026-01-04 11:13:56,639 - RootCauseAnalysis - INFO - LOG AGENT - Analysis Completed
2026-01-04 11:13:56,640 - RootCauseAnalysis - INFO - ============================================================
2026-01-04 11:13:56,640 - RootCauseAnalysis - INFO - CONSENSUS ANALYSIS - Round 4
2026-01-04 11:13:56,640 - RootCauseAnalysis - INFO - Current Hypothesis: Waiting for consensus to identify the root cause
2026-01-04 11:13:56,640 - RootCauseAnalysis - INFO - ============================================================
2026-01-04 11:13:59,201 - RootCauseAnalysis - INFO - CONSENSUS AGENT OUTPUT PARSED:
2026-01-04 11:13:59,201 - RootCauseAnalysis - INFO -   - Status: DISAGREED
2026-01-04 11:13:59,201 - RootCauseAnalysis - INFO -   - New Hypothesis: Waiting for consensus to identify the root cause
2026-01-04 11:13:59,201 - RootCauseAnalysis - INFO -   - Reasoning: The consensus discussion highlights the disagreement between Metric analysis, which suggests waiting for consensus due to systemic anomalies, and the Log and Trace analyses, which pinpoint PaymentService networking issues as the primary root cause. Strong evidence from log and trace data, including persistent 'connection refused' errors during RPC interactions, implies that immediate attention should be focused on fixing PaymentService's network configuration and endpoint accessibility. This specific and actionable insight makes waiting for further consensus unnecessary, especially when urgent troubleshooting can be conducted based on clear findings.
2026-01-04 11:13:59,201 - RootCauseAnalysis - INFO - >>> CONSENSUS NOT REACHED. Updating hypothesis and continuing loop. <<<
2026-01-04 11:13:59,202 - RootCauseAnalysis - INFO - ============================================================
2026-01-04 11:13:59,202 - RootCauseAnalysis - INFO - METRIC ANALYSIS - Starting
2026-01-04 11:13:59,202 - RootCauseAnalysis - INFO - ============================================================
2026-01-04 11:13:59,202 - RootCauseAnalysis - INFO - METRIC AGENT - Verifying Hypothesis: Waiting for consensus to ident...
2026-01-04 11:13:59,202 - RootCauseAnalysis - INFO - ============================================================
2026-01-04 11:13:59,202 - RootCauseAnalysis - INFO - LOG ANALYSIS - Starting
2026-01-04 11:13:59,202 - RootCauseAnalysis - INFO - ============================================================
2026-01-04 11:13:59,202 - RootCauseAnalysis - INFO - LOG AGENT - Verifying Hypothesis: Waiting for consensus to ident...
2026-01-04 11:13:59,202 - RootCauseAnalysis - INFO - ============================================================
2026-01-04 11:13:59,202 - RootCauseAnalysis - INFO - TRACE ANALYSIS - Starting
2026-01-04 11:13:59,202 - RootCauseAnalysis - INFO - ============================================================
2026-01-04 11:13:59,202 - RootCauseAnalysis - INFO - TRACE AGENT - Verifying Hypothesis: Waiting for consensus to ident...
2026-01-04 11:14:04,524 - RootCauseAnalysis - INFO - METRIC AGENT - Analysis Completed
2026-01-04 11:14:04,562 - RootCauseAnalysis - INFO - TRACE AGENT - Analysis Completed
2026-01-04 11:14:05,720 - RootCauseAnalysis - INFO - LOG AGENT - Analysis Completed
2026-01-04 11:14:05,721 - RootCauseAnalysis - INFO - ============================================================
2026-01-04 11:14:05,721 - RootCauseAnalysis - INFO - CONSENSUS ANALYSIS - Round 5
2026-01-04 11:14:05,721 - RootCauseAnalysis - INFO - Current Hypothesis: Waiting for consensus to identify the root cause
2026-01-04 11:14:05,721 - RootCauseAnalysis - INFO - ============================================================
2026-01-04 11:14:09,644 - RootCauseAnalysis - INFO - CONSENSUS AGENT OUTPUT PARSED:
2026-01-04 11:14:09,644 - RootCauseAnalysis - INFO -   - Status: DISAGREED
2026-01-04 11:14:09,644 - RootCauseAnalysis - INFO -   - New Hypothesis: Waiting for consensus to identify the root cause
2026-01-04 11:14:09,644 - RootCauseAnalysis - INFO -   - Reasoning: Log and Trace agents provide specific evidence pointing to networking misconfiguration at 'PaymentService' as the root cause, indicated by persistent 'connection refused' errors during RPC calls from 'Frontend' and 'CheckoutService'. These findings suggest immediate actionable steps focusing on 'PaymentService'. Although Metric analysis highlights broader systemic issues, these are secondary in urgency compared to the clear direction provided by logs and traces. Consequently, resolving the endpoint misconfiguration at 'PaymentService' should be prioritized over waiting for further consensus.
2026-01-04 11:14:09,644 - RootCauseAnalysis - INFO - >>> CONSENSUS NOT REACHED. Updating hypothesis and continuing loop. <<<
2026-01-04 11:14:09,644 - RootCauseAnalysis - INFO - ============================================================
2026-01-04 11:14:09,645 - RootCauseAnalysis - INFO - METRIC ANALYSIS - Starting
2026-01-04 11:14:09,645 - RootCauseAnalysis - INFO - ============================================================
2026-01-04 11:14:09,645 - RootCauseAnalysis - INFO - METRIC AGENT - Verifying Hypothesis: Waiting for consensus to ident...
2026-01-04 11:14:09,645 - RootCauseAnalysis - INFO - ============================================================
2026-01-04 11:14:09,645 - RootCauseAnalysis - INFO - LOG ANALYSIS - Starting
2026-01-04 11:14:09,645 - RootCauseAnalysis - INFO - ============================================================
2026-01-04 11:14:09,645 - RootCauseAnalysis - INFO - LOG AGENT - Verifying Hypothesis: Waiting for consensus to ident...
2026-01-04 11:14:09,645 - RootCauseAnalysis - INFO - ============================================================
2026-01-04 11:14:09,645 - RootCauseAnalysis - INFO - TRACE ANALYSIS - Starting
2026-01-04 11:14:09,645 - RootCauseAnalysis - INFO - ============================================================
2026-01-04 11:14:09,645 - RootCauseAnalysis - INFO - TRACE AGENT - Verifying Hypothesis: Waiting for consensus to ident...
2026-01-04 11:14:14,042 - RootCauseAnalysis - INFO - TRACE AGENT - Analysis Completed
2026-01-04 11:14:16,253 - RootCauseAnalysis - INFO - LOG AGENT - Analysis Completed
2026-01-04 11:14:17,214 - RootCauseAnalysis - INFO - METRIC AGENT - Analysis Completed
2026-01-04 11:14:17,215 - RootCauseAnalysis - INFO - [Tool Resp] consensus_discussion_agent
2026-01-04 11:14:17,215 - RootCauseAnalysis - INFO -     Result: {'result': 'Given the contextual input and the reasoning provided by the consensus agent, the hypothesis **"Waiting for consensus to identify the root cause"** has been opposed primarily because actionable evidence points strongly and specifically towards a networking misconfiguration at `PaymentService`. Here\'s the focused analysis:\n\n---\n\n### Key Takeaways:\n1. **Log and Trace Evidence**:\n   - Persistent **\'connection refused\' errors** during RPC calls between `Frontend` and `PaymentSer...
2026-01-04 11:14:17,215 - RootCauseAnalysis - INFO - [State Update] {"consensus_iteration": 6, "consensus_decision": "DISAGREED", "current_hypothesis": "Waiting for consensus to identify the root cause", "current_task_instruction": "当前处于【假设验证阶段】。\n待验证的根因假设是：'Waiting for consensus to identify the root cause'。\n请基于 Trace 数据判断该假设是否成立。\n重点：请在返回 JSON 的 'stance' 字段中明确标记 'SUPPORT' 或 'OPPOSE'。", "raw_metric_result": {"status": "success", "message": "成功加载metric数据。UUID: 68727566-367", "anomaly_metrics": "metric_type,service_name,pod_name,node_name,metric_name,normal_median,fault_median,normal_p99,fault_p99,median_change_ratio,p99_change_ratio\nservice,adservice,adservice-2,N/A,client_error_ratio,0.0,0.0,1.9,0.0,0.0,2.0\nservice,adservice,adservice-2,N/A,error_ratio,0.0,0.0,1.9,0.0,0.0,2.0\nservice,frontend,frontend-0,N/A,server_error_ratio,0.0,0.27,0.0,0.6,2.0,2.0\nservice,frontend,frontend-1,N/A,server_error_ratio,0.0,0.28,0.0,0.59,2.0,2.0\nservice,frontend,frontend-1,N/A,error_ratio,0.0,0.28,0.0,0.59,2.0,2.0\nservice,frontend,frontend-0,N/A,error_ratio,0.0,0.27,0.0,0.6,2.0,2.0\nservice,frontend,frontend-2,N/A,server_error_ratio,0.0,0.31,0.0,0.48,2.0,2.0\nservice,frontend,frontend-2,N/A,error_ratio,0.0,0.31,0.0,0.48,2.0,2.0\nservice,currencyservice,currencyservice-1,N/A,rrt_max,3376.0,3362.0,9226.04,38106.95,0.0042,1.2203\nservice,cartservice,cartservice-0,N/A,rrt_max,7966.0,9178.0,71299.64,19539.15,0.1414,1.1396\nservice,emailservice,emailservice-2,N/A,rrt_max,3578.0,2306.0,8011.32,2745.85,0.4324,0.979\nservice,paymentservice,paymentservice-0,N/A,rrt_max,1713.0,1691.0,4550.12,1788.85,0.0129,0.8712\ntidb,tidb-tikv,N/A,N/A,io_util,0.0,0.0,0.05,0.02,0.0,0.8571\nservice,emailservice,emailservice-0,N/A,rrt_max,3195.0,2836.0,7439.84,3178.95,0.1191,0.8025\nservice,cartservice,cartservice-0,N/A,rrt,1777.72,1882.3,4802.26,2123.96,0.0571,0.7734\nservice,currencyservice,currencyservice-1,N/A,rrt,2415.25,2144.54,3711.13,7833.95,0.1187,0.7142\nservice,shippingservice,shippingservice-1,N/A,rrt_max,2911.0,2109.0,8023.2,16533.2,0.3195,0.6931\npod,N/A,redis-cart-0,N/A,pod_processes,1.0,1.0,1.0,2.0,0.0,0.6667\nservice,frontend,frontend-2,N/A,rrt_max,263920.0,135940.0,324324.12,207366.0,0.6401,0.4399\nservice,paymentservice,paymentservice-0,N/A,rrt,1399.0,1399.0,2682.57,1399.0,0.0,0.629\nservice,frontend,frontend-0,N/A,rrt_max,247444.0,133977.5,301896.72,175360.4,0.595,0.5303\nservice,shippingservice,shippingservice-0,N/A,rrt,1071.42,1105.38,1510.69,2787.34,0.0312,0.5941\nservice,cartservice,cartservice-2,N/A,rrt,1645.74,1602.68,4912.46,2845.31,0.0265,0.5329\nservice,frontend,frontend-1,N/A,rrt_max,216550.0,126870.5,302014.28,250214.8,0.5223,0.1876\nservice,paymentservice,paymentservice-1,N/A,rrt_max,1714.0,1776.0,2974.12,1776.0,0.0355,0.5045\nservice,emailservice,emailservice-1,N/A,rrt_max,3211.0,1954.0,7124.84,6178.65,0.4867,0.1422\nservice,checkoutservice,checkoutservice-2,N/A,rrt_max,206736.0,126645.0,234818.24,193860.05,0.4805,0.1911\nservice,paymentservice,paymentservice-2,N/A,rrt,1638.5,2614.0,2767.08,2614.0,0.4588,0.0569\nnode,N/A,N/A,aiops-k8s-03,node_memory_MemAvailable_bytes,5081673728.0,4168708096.0,7952456908.8,4903033446.4,0.1974,0.4744\nservice,emailservice,emailservice-1,N/A,rrt,1665.83,1163.0,2702.17,1839.48,0.3555,0.3799\n", "unique_entities": {"service_name": ["adservice", "cartservice", "checkoutservice", "currencyservice", "emailservice", "frontend", "paymentservice", "productcatalogservice", "recommendationservice", "redis", "shippingservice", "tidb-pd", "tidb-tidb", "tidb-tikv"], "node_name": ["aiops-k8s-01", "aiops-k8s-02", "aiops-k8s-03", "aiops-k8s-04", "aiops-k8s-05", "aiops-k8s-06", "aiops-k8s-07", "aiops-k8s-08"], "pod_name": ["adservice-0", "adservice-1", "adservice-2", "cartservice-0", "cartservice-1", "cartservice-2", "checkoutservice-0", "checkoutservice-1", "checkoutservice-2", "currencyservice-0", "currencyservice-1", "currencyservice-2", "emailservice-0", "emailservice-1", "emailservice-2", "frontend-0", "frontend-1", "frontend-2", "paymentservice-0", "paymentservice-1", "paymentservice-2", "productcatalogservice-0", "productcatalogservice-1", "productcatalogservice-2", "recommendationservice-0", "recommendationservice-1", "recommendationservice-2", "redis-cart-0", "shippingservice-0", "shippingservice-1", "shippingservice-2"]}, "node_pod_mapping": {"aiops-k8s-01": ["frontend-1", "productcatalogservice-2", "emailservice-1", "recommendationservice-2", "shippingservice-0"], "aiops-k8s-02": [], "aiops-k8s-03": ["shippingservice-2", "recommendationservice-1", "adservice-0"], "aiops-k8s-04": ["paymentservice-2", "frontend-0", "currencyservice-0", "checkoutservice-0"], "aiops-k8s-05": ["paymentservice-1", "checkoutservice-2", "cartservice-1", "currencyservice-1"], "aiops-k8s-06": ["productcatalogservice-1", "emailservice-2"], "aiops-k8s-07": ["cartservice-0", "currencyservice-1", "emailservice-0", "adservice-1", "shippingservice-1"], "aiops-k8s-08": ["redis-cart-0", "recommendationservice-0", "productcatalogservice-0", "adservice-2", "checkoutservice-1", "currencyservice-2", "paymentservice-0", "cartservice-2", "frontend-2"]}, "matched_anomaly": "A fault was detected from 2025-06-19T00:10:09Z to 2025-06-19T00:26:09Z. Please analyze its root cause.", "time_range": "2025-06-19 00:10:09+00:00 to 2025-06-19 00:26:09+00:00"}, "metric_data_collected": true, "node_pod_mapping": {"aiops-k8s-01": ["frontend-1", "productcatalogservice-2", "emailservice-1", "recommendationservice-2", "shippingservice-0"], "aiops-k8s-02": [], "aiops-k8s-03": ["shippingservice-2", "recommendationservice-1", "adservice-0"], "aiops-k8s-04": ["paymentservice-2", "frontend-0", "currencyservice-0", "checkoutservice-0"], "aiops-k8s-05": ["paymentservice-1", "checkoutservice-2", "cartservice-1", "currencyservice-1"], "aiops-k8s-06": ["productcatalogservice-1", "emailservice-2"], "aiops-k8s-07": ["cartservice-0", "currencyservice-1", "emailservice-0", "adservice-1", "shippingservice-1"], "aiops-k8s-08": ["redis-cart-0", "recommendationservice-0", "productcatalogservice-0", "adservice-2", "checkoutservice-1", "currencyservice-2", "paymentservice-0", "cartservice-2", "frontend-2"]}, "raw_log_result": {"status": "success", "message": "成功加载日志数据。UUID: 68727566-367，共 7 条错误日志", "filtered_logs": "node_name,service_name,pod_name,message,occurrence_count\naiops-k8s-04,frontend,frontend-0,\"{\"\"error\"\":\"\"failed to complete the order: rpc error: code = Internal desc = failed to charge card: could not charge the card: rpc error: code = Unavailable desc = connection error: desc = \\\"\"transport: Error while dialing dial tcp 10.233.55.4:50051: connect: connection refused\\\"\"\"\",\"\"http.req.id\"\":\"\"b14254fd-d9fc-44bf-af3c-0d9b74eb121e\"\",\"\"http.req.method\"\":\"\"POST\"\",\"\"http.req.path\"\":\"\"/cart/checkout\"\",\"\"message\"\":\"\"request error\"\",\"\"session\"\":\"\"ddace220-ca4a-4aaa-b2c4-d311a45380b1\"\",\"\"severity\"\":\"\"error\"\",\"\"timestamp\"\":\"\"2025-06-19T00:13:16.85113467Z\"\"}\",出现次数:4\naiops-k8s-04,frontend,frontend-0,\"{\"\"error\"\":\"\"failed to complete the order: rpc error: code = Internal desc = failed to charge card: could not charge the card: rpc error: code = Unavailable desc = connection error: desc = \\\"\"transport: Error while dialing dial tcp 10.233.55.4:50051: connect: connection refused\\\"\"\"\",\"\"http.req.id\"\":\"\"df85d449-dacc-4304-84bb-eea1276a94b3\"\",\"\"http.req.method\"\":\"\"POST\"\",\"\"http.req.path\"\":\"\"/cart/checkout\"\",\"\"message\"\":\"\"request error\"\",\"\"session\"\":\"\"b5466c0b-a6e7-408c-86c0-03699037ff75\"\",\"\"severity\"\":\"\"error\"\",\"\"timestamp\"\":\"\"2025-06-19T00:10:18.575080354Z\"\"}\",出现次数:32\naiops-k8s-01,frontend,frontend-1,\"{\"\"error\"\":\"\"failed to complete the order: rpc error: code = Internal desc = failed to charge card: could not charge the card: rpc error: code = Unavailable desc = connection error: desc = \\\"\"transport: Error while dialing dial tcp 10.233.55.4:50051: connect: connection refused\\\"\"\"\",\"\"http.req.id\"\":\"\"e8e8efb0-f1c8-433c-82a0-fa506ef73b21\"\",\"\"http.req.method\"\":\"\"POST\"\",\"\"http.req.path\"\":\"\"/cart/checkout\"\",\"\"message\"\":\"\"request error\"\",\"\"session\"\":\"\"22ccea35-e758-4359-9860-13a91139ff43\"\",\"\"severity\"\":\"\"error\"\",\"\"timestamp\"\":\"\"2025-06-19T00:14:57.14919258Z\"\"}\",出现次数:3\naiops-k8s-08,frontend,frontend-2,\"{\"\"error\"\":\"\"failed to complete the order: rpc error: code = Internal desc = failed to charge card: could not charge the card: rpc error: code = Unavailable desc = connection error: desc = \\\"\"transport: Error while dialing dial tcp 10.233.55.4:50051: connect: connection refused\\\"\"\"\",\"\"http.req.id\"\":\"\"1f19ecd9-13ce-403c-99e2-0297cebb3aa5\"\",\"\"http.req.method\"\":\"\"POST\"\",\"\"http.req.path\"\":\"\"/cart/checkout\"\",\"\"message\"\":\"\"request error\"\",\"\"session\"\":\"\"f5e4162e-b6f4-4644-b87e-b279bdfde665\"\",\"\"severity\"\":\"\"error\"\",\"\"timestamp\"\":\"\"2025-06-19T00:19:57.7346235Z\"\"}\",出现次数:3\naiops-k8s-08,frontend,frontend-2,\"{\"\"error\"\":\"\"failed to complete the order: rpc error: code = Internal desc = failed to charge card: could not charge the card: rpc error: code = Unavailable desc = connection error: desc = \\\"\"transport: Error while dialing dial tcp 10.233.55.4:50051: connect: connection refused\\\"\"\"\",\"\"http.req.id\"\":\"\"6c59b968-0d2c-4c46-9e41-c40034b2f92d\"\",\"\"http.req.method\"\":\"\"POST\"\",\"\"http.req.path\"\":\"\"/cart/checkout\"\",\"\"message\"\":\"\"request error\"\",\"\"session\"\":\"\"cc08424e-6ed2-4747-92b0-c242244c8250\"\",\"\"severity\"\":\"\"error\"\",\"\"timestamp\"\":\"\"2025-06-19T00:10:58.853554905Z\"\"}\",出现次数:26\naiops-k8s-08,frontend,frontend-2,\"{\"\"error\"\":\"\"failed to complete the order: rpc error: code = Internal desc = failed to charge card: could not charge the card: rpc error: code = Unavailable desc = connection error: desc = \\\"\"transport: Error while dialing dial tcp 10.233.55.4:50051: connect: connection refused\\\"\"\"\",\"\"http.req.id\"\":\"\"ca1ec12f-0fd2-4563-b53d-4498853284d0\"\",\"\"http.req.method\"\":\"\"POST\"\",\"\"http.req.path\"\":\"\"/cart/checkout\"\",\"\"message\"\":\"\"request error\"\",\"\"session\"\":\"\"64ea5975-02ba-478a-b21b-803071b208fa\"\",\"\"severity\"\":\"\"error\"\",\"\"timestamp\"\":\"\"2025-06-19T00:17:43.535962403Z\"\"}\",出现次数:2\naiops-k8s-01,frontend,frontend-1,\"{\"\"error\"\":\"\"failed to complete the order: rpc error: code = Internal desc = failed to charge card: could not charge the card: rpc error: code = Unavailable desc = connection error: desc = \\\"\"transport: Error while dialing dial tcp 10.233.55.4:50051: connect: connection refused\\\"\"\"\",\"\"http.req.id\"\":\"\"326eb266-a9c1-4b37-bd32-d92cb64b211c\"\",\"\"http.req.method\"\":\"\"POST\"\",\"\"http.req.path\"\":\"\"/cart/checkout\"\",\"\"message\"\":\"\"request error\"\",\"\"session\"\":\"\"a4f0a37a-bd06-481b-8382-a45c93382a50\"\",\"\"severity\"\":\"\"error\"\",\"\"timestamp\"\":\"\"2025-06-19T00:10:25.943606563Z\"\"}\",出现次数:13\n", "unique_entities": {"pod_name": ["frontend-0", "frontend-1", "frontend-2"], "service_name": ["frontend"], "node_name": ["aiops-k8s-04", "aiops-k8s-01", "aiops-k8s-08"]}, "matched_anomaly": "A fault was detected from 2025-06-19T00:10:09Z to 2025-06-19T00:26:09Z. Please analyze its root cause.", "time_range": "2025-06-19 00:10:09+00:00 to 2025-06-19 00:26:09+00:00"}, "log_data_collected": true, "raw_trace_result": {"status": "success", "message": "成功加载trace数据。UUID: 68727566-367，共 20 个异常组合，10 个状态组合", "filtered_traces": "node_name,service_name,parent_pod,child_pod,operation_name,normal_avg_duration,anomaly_avg_duration,anomaly_count\naiops-k8s-08,recommendationservice,recommendationservice-0,recommendationservice-0,/hipstershop.ProductCatalogService/ListProducts,2975.8979474079715,2505.001783662195,出现次数:12\naiops-k8s-08,recommendationservice,frontend-1,recommendationservice-0,/hipstershop.RecommendationService/ListRecommendations,4130.73316274201,3704.397027215209,出现次数:11\naiops-k8s-08,recommendationservice,frontend-2,recommendationservice-0,/hipstershop.RecommendationService/ListRecommendations,4106.723582977161,3477.7562121603028,出现次数:10\naiops-k8s-08,productcatalogservice,recommendationservice-0,productcatalogservice-0,hipstershop.ProductCatalogService/ListProducts,72.89308422962807,102.82955457622404,出现次数:8\naiops-k8s-01,frontend,frontend-1,frontend-1,hipstershop.ShippingService/GetQuote,1806.8433138617236,3950.416666666667,出现次数:5\naiops-k8s-08,recommendationservice,frontend-0,recommendationservice-0,/hipstershop.RecommendationService/ListRecommendations,4128.341296078582,3342.638177998472,出现次数:4\naiops-k8s-06,productcatalogservice,frontend-2,productcatalogservice-1,hipstershop.ProductCatalogService/GetProduct,9681.241507356728,11122.341666666667,出现次数:3\naiops-k8s-06,productcatalogservice,frontend-1,productcatalogservice-1,hipstershop.ProductCatalogService/GetProduct,9209.964782512669,11507.524691358025,出现次数:3\naiops-k8s-01,frontend,frontend-1,frontend-1,hipstershop.RecommendationService/ListRecommendations,118341.52217149167,9509.52564102564,出现次数:2\naiops-k8s-01,productcatalogservice,frontend-0,productcatalogservice-2,hipstershop.ProductCatalogService/GetProduct,10040.36980941472,9042.019212721585,出现次数:2\naiops-k8s-01,frontend,frontend-1,frontend-1,hipstershop.CurrencyService/Convert,2325.676837096255,4703.646590909091,出现次数:2\naiops-k8s-08,frontend,frontend-2,frontend-2,hipstershop.ShippingService/GetQuote,1930.0720788129884,3480.633333333333,出现次数:2\naiops-k8s-01,frontend,frontend-1,frontend-1,hipstershop.ProductCatalogService/GetProduct,11203.635050935625,13285.106285310736,出现次数:2\naiops-k8s-06,productcatalogservice,frontend-1,productcatalogservice-1,hipstershop.ProductCatalogService/ListProducts,68.16067531796175,216.83333333333331,出现次数:2\naiops-k8s-06,productcatalogservice,frontend-2,productcatalogservice-1,hipstershop.ProductCatalogService/ListProducts,70.73916100336218,148.33333333333334,出现次数:2\naiops-k8s-05,redis,cartservice-1,cartservice-1,HGET,1771.4157464335137,11740.65,出现次数:1\naiops-k8s-01,frontend,frontend-1,frontend-1,hipstershop.AdService/GetAds,5549.487358465432,8144.25,出现次数:1\naiops-k8s-01,productcatalogservice,frontend-0,productcatalogservice-2,hipstershop.ProductCatalogService/ListProducts,78.92283463526036,300.3333333333333,出现次数:1\naiops-k8s-04,frontend,frontend-0,frontend-0,hipstershop.CurrencyService/GetSupportedCurrencies,2916.966425579853,4290.875,出现次数:1\naiops-k8s-04,frontend,frontend-0,frontend-0,hipstershop.RecommendationService/ListRecommendations,124078.63908275458,9217.5,出现次数:1\n", "unique_entities": {"pod_name": ["cartservice-1", "frontend-0", "frontend-1", "frontend-2", "productcatalogservice-0", "productcatalogservice-1", "productcatalogservice-2", "recommendationservice-0"], "service_name": ["frontend", "productcatalogservice", "recommendationservice", "redis"], "node_name": ["aiops-k8s-01", "aiops-k8s-04", "aiops-k8s-05", "aiops-k8s-06", "aiops-k8s-08"]}, "status_combinations": "node_name,service_name,parent_pod,child_pod,operation_name,status_code,status_message,occurrence_count\naiops-k8s-05,checkoutservice,checkoutservice-2,checkoutservice-2,hipstershop.PaymentService/Charge,14,\"connection error: desc = \"\"transport: Error while dialing dial tcp 10.233.55.4:50051: connect: connection refused\"\"\",出现次数:81\naiops-k8s-04,frontend,N/A,frontend-0,hipstershop.Frontend/Recv.,13,HTTP status code: 500,出现次数:34\naiops-k8s-04,frontend,frontend-0,frontend-0,hipstershop.CheckoutService/PlaceOrder,13,\"failed to charge card: could not charge the card: rpc error: code = Unavailable desc = connection error: desc = \"\"transport: Error while dialing dial tcp 10.233.55.4:50051: connect: connection refused\"\"\",出现次数:34\naiops-k8s-05,checkoutservice,frontend-0,checkoutservice-2,hipstershop.CheckoutService/PlaceOrder,13,\"failed to charge card: could not charge the card: rpc error: code = Unavailable desc = connection error: desc = \"\"transport: Error while dialing dial tcp 10.233.55.4:50051: connect: connection refused\"\"\",出现次数:34\naiops-k8s-05,checkoutservice,frontend-2,checkoutservice-2,hipstershop.CheckoutService/PlaceOrder,13,\"failed to charge card: could not charge the card: rpc error: code = Unavailable desc = connection error: desc = \"\"transport: Error while dialing dial tcp 10.233.55.4:50051: connect: connection refused\"\"\",出现次数:31\naiops-k8s-08,frontend,N/A,frontend-2,hipstershop.Frontend/Recv.,13,HTTP status code: 500,出现次数:31\naiops-k8s-08,frontend,frontend-2,frontend-2,hipstershop.CheckoutService/PlaceOrder,13,\"failed to charge card: could not charge the card: rpc error: code = Unavailable desc = connection error: desc = \"\"transport: Error while dialing dial tcp 10.233.55.4:50051: connect: connection refused\"\"\",出现次数:31\naiops-k8s-01,frontend,N/A,frontend-1,hipstershop.Frontend/Recv.,13,HTTP status code: 500,出现次数:16\naiops-k8s-01,frontend,frontend-1,frontend-1,hipstershop.CheckoutService/PlaceOrder,13,\"failed to charge card: could not charge the card: rpc error: code = Unavailable desc = connection error: desc = \"\"transport: Error while dialing dial tcp 10.233.55.4:50051: connect: connection refused\"\"\",出现次数:16\naiops-k8s-05,checkoutservice,frontend-1,checkoutservice-2,hipstershop.CheckoutService/PlaceOrder,13,\"failed to charge card: could not charge the card: rpc error: code = Unavailable desc = connection error: desc = \"\"transport: Error while dialing dial tcp 10.233.55.4:50051: connect: connection refused\"\"\",出现次数:16\n", "matched_anomaly": "A fault was detected from 2025-06-19T00:10:09Z to 2025-06-19T00:26:09Z. Please analyze its root cause.", "time_range": "2025-06-19 00:10:09+00:00 to 2025-06-19 00:26:09+00:00"}, "trace_data_collected": true, "log_analysis_findings": "The provided evidence and contextual discussions strongly indicate that the hypothesis of **\"Waiting for consensus to identify the root cause\"** is misaligned with the available data. Clear findings from the logs and traces point directly to **networking misconfiguration at `PaymentService`**, which should be the immediate focus for remediation.\n\n### Final Assessment:\n\n1. **Log and Trace Evidence**:\n   - Persistent **'connection refused'** errors, stemming from `Frontend` and `CheckoutService` RPC calls targeting `PaymentService`, highlight a clear networking problem.\n   - Trace data corroborates the exact endpoint (`10.233.55.4:50051`) and provides evidence of latency spikes related to these failures.\n\n2. **Metric Evidence**:\n   - While metrics indicate systemic anomalies across various nodes and services, these are less urgent and actionable compared to the specific networking issue revealed in logs and traces.\n   - Systemic issues may be secondary or even consequential to the networking failures, making them lower in priority for immediate action.\n\n3. **Consensus Agent's Conclusion**:\n   - The insights provided by logs and traces demand **immediate troubleshooting** and fixing the misconfiguration at the `PaymentService` endpoint.\n   - Delaying action in favor of further consensus deliberation would be counterproductive when there is a clear and actionable root cause.\n\n### JSON Output:\n\n```json\n{\n  \"stance\": \"OPPOSE\",\n  \"detected_log_keys\": [\"transport\", \"Error while dialing\", \"connection refused\", \"frontend--rpc error\"],\n  \"hypotheses\": [\n    {\n      \"component\": \"PaymentService\",\n      \"reason\": \"The consistent 'connection refused' errors targeting PaymentService during RPC calls from Frontend and CheckoutService indicate a misconfiguration or networking issue that should be prioritized for immediate resolution.\",\n      \"evidence\": \"Logs and traces repeatedly highlight failures to connect to PaymentService (10.233.55.4:50051), including associated latency spikes.\"\n    }\n  ]\n}\n```\n\n### Recommended Actions:\n\n1. **Immediate Fix**:\n   - Address the **networking configuration and accessibility** of `PaymentService`, specifically debugging connectivity with endpoint `10.233.55.4:50051`.\n   - Verify service health and port configurations to ensure proper operation.\n\n2. **Monitor Systemic Metrics**:\n   - While the metrics reveal broader anomalies, treat them as secondary issues unless they persist after the networking issue is resolved.\n   - Use these metrics to assess the overall health of nodes and services post-resolution.\n\n3. **Evaluate Further Consensus Needs**:\n   - After resolving the actionable root cause at `PaymentService`, re-evaluate systemic anomalies to check if further investigation is warranted.\n\n### Decision Summary:\n\nThe hypothesis to **\"Wait for consensus\"** is sufficiently opposed based on actionable findings from log and trace data. Immediate steps should focus on resolving endpoint issues at `PaymentService` to restore functionality and alleviate failures detected by `Frontend` and `CheckoutService`.", "trace_analysis_findings": "The context clearly illustrates a disagreement between domain experts regarding the hypothesis \"waiting for consensus to identify the root cause\". Here's how it breaks down:\n\n### Insights from Expert Analyses\n1. **Log and Trace Expert Findings**:\n   - Both strongly oppose the hypothesis.\n   - Provided actionable evidence identifying `PaymentService` networking misconfiguration as the root cause.\n   - Consistent \"connection refused\" errors in RPC calls from `Frontend` and `CheckoutService` point directly to the need for repairs in `PaymentService` networking setup.\n\n2. **Metric Analysis Viewpoint**:\n   - Supports the hypothesis based on observations of systemic anomalies throughout nodes and services.\n   - Considers widespread issues without a singular identifiable cause, suggesting additional consensus-building.\n\n### Final Stance Based on Analysis\nThe strong, specific evidence from both Log and Trace agents makes it clear that fixing `PaymentService` should be the immediate priority, rather than waiting for more comprehensive consensus:\n\n1. **Trace Data Agreement**:\n   - The evidence from trace analysis, including latency spikes and connection errors associated with `PaymentService`, strongly supports actionable steps focused on resolving these errors.\n\n2. **Reasoning Completeness**:\n   - The focus should remain on remediating `PaymentService` endpoint accessibility issues, with broader systemic anomalies observed in metrics analysis considered as secondary.\n\n### Final JSON Output\n\n```json\n{\n  \"stance\": \"OPPOSE\",\n  \"detected_trace_keys\": [\n    \"latency_spike\",\n    \"checkoutservice->paymentservice\",\n    \"connection_refused\",\n    \"unavailable\"\n  ],\n  \"hypotheses\": [\n    {\n      \"component\": \"PaymentService\",\n      \"reason\": \"Networking misconfiguration resulting in persistent connection refused errors during RPC interactions\",\n      \"evidence\": \"Trace data indicates systematic connection failures affecting checkoutservice->paymentservice calls\"\n    }\n  ]\n}\n```\n\n### Conclusion\nThe prompt resolution of `PaymentService` networking issues should be prioritized based on solid evidence from both Log and Trace domains. Consensus-seeking becomes unnecessary given the clear root cause direction provided, ensuring fast action can alleviate the reported system disruptions.", "metric_analysis_findings": "Given the contextual input and the reasoning provided by the consensus agent, the hypothesis **\"Waiting for consensus to identify the root cause\"** has been opposed primarily because actionable evidence points strongly and specifically towards a networking misconfiguration at `PaymentService`. Here's the focused analysis:\n\n---\n\n### Key Takeaways:\n1. **Log and Trace Evidence**:\n   - Persistent **'connection refused' errors** during RPC calls between `Frontend` and `PaymentService`, as well as `CheckoutService` and `PaymentService`.\n   - This points conclusively to a networking or endpoint misconfiguration at `PaymentService`.\n   - These findings provide a clear, actionable direction to address and resolve the root cause.\n\n2. **Metric Analysis Findings**:\n   - Highlights systemic anomalies across nodes, services, and the database, without pinpointing a single conclusive root cause.\n   - While these anomalies are important, they are considered secondary in priority compared to the specific service failures identified by the Log and Trace agents.\n\n3. **Priority for Action**:\n   - The actionable evidence from Log and Trace agents takes precedence, emphasizing immediate attention to `PaymentService`'s networking configuration.\n   - Broader systemic anomalies identified by metrics should be monitored but do not currently outweigh the urgency of targeted failures at `PaymentService`.\n\n---\n\n### Final Stance:\nThe hypothesis **\"Waiting for consensus to identify the root cause\"** is **opposed**, as the specific and actionable findings from the Log and Trace agents provide a clear and prioritized remediation path.\n\n---\n\n### Suggested Root Cause and Output:\n```json\n{\n  \"stance\": \"OPPOSE\",\n  \"detected_metric_keys\": [\n    \"node_memory_MemAvailable_bytes\",\n    \"server_error_ratio\",\n    \"error_ratio\",\n    \"rrt_max\",\n    \"io_util\",\n    \"pod_processes\"\n  ],\n  \"hypotheses\": [\n    {\n      \"component\": \"PaymentService\",\n      \"reason\": \"Persistent 'connection refused' errors during RPC calls from 'Frontend' and 'CheckoutService' to 'PaymentService' indicate a networking or endpoint configuration issue. These failures are the most immediate and actionable root cause.\",\n      \"evidence\": \"Trace logs reveal sustained RPC failures for 'PaymentService', with elevated latencies and 'connection refused' messages during the anomaly period.\"\n    },\n    {\n      \"component\": \"aiops-k8s-03\",\n      \"reason\": \"Memory exhaustion on node 'aiops-k8s-03' is contributing to systemic performance degradation but is not the specific root cause for the service failures identified.\",\n      \"evidence\": \"Node 'aiops-k8s-03' memory usage dropped significantly, from 5081673728 bytes to 4168708096 bytes during the fault period, indicating resource pressure.\"\n    }\n  ]\n}\n```\n\n---\n\n### Actions to Take:\n1. Investigate and repair `PaymentService` networking or endpoint configuration to resolve the specific 'connection refused' errors.\n2. Monitor systemic anomalies highlighted by the Metric analysis for potential cascading issues after resolving the primary root cause in `PaymentService`."}
2026-01-04 11:14:18,654 - RootCauseAnalysis - INFO - [Tool Call] report_agent
2026-01-04 11:14:18,654 - RootCauseAnalysis - INFO -     Args: {'request': 'Generate final analysis report'}...
2026-01-04 11:14:18,654 - RootCauseAnalysis - INFO - ============================================================
2026-01-04 11:14:18,654 - RootCauseAnalysis - INFO - REPORT ANALYSIS - Starting
2026-01-04 11:14:21,311 - RootCauseAnalysis - INFO - REPORT ANALYSIS COMPLETED - Saved results in report_analysis_output.json
2026-01-04 11:14:21,312 - RootCauseAnalysis - INFO - [Tool Resp] report_agent
2026-01-04 11:14:21,312 - RootCauseAnalysis - INFO -     Result: {'uuid': '68727566-367', 'component': 'paymentservice', 'reason': 'connection refused errors due to paymentservice networking misconfiguration', 'reasoning_trace': [{'step': 1, 'action': 'LogSearch(paymentservice)', 'observation': "Observed consistent 'connection refused' errors from multiple services pointing to paymentservice endpoint issues."}, {'step': 2, 'action': 'LoadMetrics(paymentservice)', 'observation': 'Correlation of error spikes during the failure period isolated to paymentservice....
2026-01-04 11:14:21,312 - RootCauseAnalysis - INFO - [State Update] {"hypotheses_summary": "Waiting for consensus to identify the root cause", "log_analysis_findings": "The provided evidence and contextual discussions strongly indicate that the hypothesis of **\"Waiting for consensus to identify the root cause\"** is misaligned with the available data. Clear findings from the logs and traces point directly to **networking misconfiguration at `PaymentService`**, which should be the immediate focus for remediation.\n\n### Final Assessment:\n\n1. **Log and Trace Evidence**:\n   - Persistent **'connection refused'** errors, stemming from `Frontend` and `CheckoutService` RPC calls targeting `PaymentService`, highlight a clear networking problem.\n   - Trace data corroborates the exact endpoint (`10.233.55.4:50051`) and provides evidence of latency spikes related to these failures.\n\n2. **Metric Evidence**:\n   - While metrics indicate systemic anomalies across various nodes and services, these are less urgent and actionable compared to the specific networking issue revealed in logs and traces.\n   - Systemic issues may be secondary or even consequential to the networking failures, making them lower in priority for immediate action.\n\n3. **Consensus Agent's Conclusion**:\n   - The insights provided by logs and traces demand **immediate troubleshooting** and fixing the misconfiguration at the `PaymentService` endpoint.\n   - Delaying action in favor of further consensus deliberation would be counterproductive when there is a clear and actionable root cause.\n\n### JSON Output:\n\n```json\n{\n  \"stance\": \"OPPOSE\",\n  \"detected_log_keys\": [\"transport\", \"Error while dialing\", \"connection refused\", \"frontend--rpc error\"],\n  \"hypotheses\": [\n    {\n      \"component\": \"PaymentService\",\n      \"reason\": \"The consistent 'connection refused' errors targeting PaymentService during RPC calls from Frontend and CheckoutService indicate a misconfiguration or networking issue that should be prioritized for immediate resolution.\",\n      \"evidence\": \"Logs and traces repeatedly highlight failures to connect to PaymentService (10.233.55.4:50051), including associated latency spikes.\"\n    }\n  ]\n}\n```\n\n### Recommended Actions:\n\n1. **Immediate Fix**:\n   - Address the **networking configuration and accessibility** of `PaymentService`, specifically debugging connectivity with endpoint `10.233.55.4:50051`.\n   - Verify service health and port configurations to ensure proper operation.\n\n2. **Monitor Systemic Metrics**:\n   - While the metrics reveal broader anomalies, treat them as secondary issues unless they persist after the networking issue is resolved.\n   - Use these metrics to assess the overall health of nodes and services post-resolution.\n\n3. **Evaluate Further Consensus Needs**:\n   - After resolving the actionable root cause at `PaymentService`, re-evaluate systemic anomalies to check if further investigation is warranted.\n\n### Decision Summary:\n\nThe hypothesis to **\"Wait for consensus\"** is sufficiently opposed based on actionable findings from log and trace data. Immediate steps should focus on resolving endpoint issues at `PaymentService` to restore functionality and alleviate failures detected by `Frontend` and `CheckoutService`.", "metric_analysis_findings": "Given the contextual input and the reasoning provided by the consensus agent, the hypothesis **\"Waiting for consensus to identify the root cause\"** has been opposed primarily because actionable evidence points strongly and specifically towards a networking misconfiguration at `PaymentService`. Here's the focused analysis:\n\n---\n\n### Key Takeaways:\n1. **Log and Trace Evidence**:\n   - Persistent **'connection refused' errors** during RPC calls between `Frontend` and `PaymentService`, as well as `CheckoutService` and `PaymentService`.\n   - This points conclusively to a networking or endpoint misconfiguration at `PaymentService`.\n   - These findings provide a clear, actionable direction to address and resolve the root cause.\n\n2. **Metric Analysis Findings**:\n   - Highlights systemic anomalies across nodes, services, and the database, without pinpointing a single conclusive root cause.\n   - While these anomalies are important, they are considered secondary in priority compared to the specific service failures identified by the Log and Trace agents.\n\n3. **Priority for Action**:\n   - The actionable evidence from Log and Trace agents takes precedence, emphasizing immediate attention to `PaymentService`'s networking configuration.\n   - Broader systemic anomalies identified by metrics should be monitored but do not currently outweigh the urgency of targeted failures at `PaymentService`.\n\n---\n\n### Final Stance:\nThe hypothesis **\"Waiting for consensus to identify the root cause\"** is **opposed**, as the specific and actionable findings from the Log and Trace agents provide a clear and prioritized remediation path.\n\n---\n\n### Suggested Root Cause and Output:\n```json\n{\n  \"stance\": \"OPPOSE\",\n  \"detected_metric_keys\": [\n    \"node_memory_MemAvailable_bytes\",\n    \"server_error_ratio\",\n    \"error_ratio\",\n    \"rrt_max\",\n    \"io_util\",\n    \"pod_processes\"\n  ],\n  \"hypotheses\": [\n    {\n      \"component\": \"PaymentService\",\n      \"reason\": \"Persistent 'connection refused' errors during RPC calls from 'Frontend' and 'CheckoutService' to 'PaymentService' indicate a networking or endpoint configuration issue. These failures are the most immediate and actionable root cause.\",\n      \"evidence\": \"Trace logs reveal sustained RPC failures for 'PaymentService', with elevated latencies and 'connection refused' messages during the anomaly period.\"\n    },\n    {\n      \"component\": \"aiops-k8s-03\",\n      \"reason\": \"Memory exhaustion on node 'aiops-k8s-03' is contributing to systemic performance degradation but is not the specific root cause for the service failures identified.\",\n      \"evidence\": \"Node 'aiops-k8s-03' memory usage dropped significantly, from 5081673728 bytes to 4168708096 bytes during the fault period, indicating resource pressure.\"\n    }\n  ]\n}\n```\n\n---\n\n### Actions to Take:\n1. Investigate and repair `PaymentService` networking or endpoint configuration to resolve the specific 'connection refused' errors.\n2. Monitor systemic anomalies highlighted by the Metric analysis for potential cascading issues after resolving the primary root cause in `PaymentService`.", "trace_analysis_findings": "The context clearly illustrates a disagreement between domain experts regarding the hypothesis \"waiting for consensus to identify the root cause\". Here's how it breaks down:\n\n### Insights from Expert Analyses\n1. **Log and Trace Expert Findings**:\n   - Both strongly oppose the hypothesis.\n   - Provided actionable evidence identifying `PaymentService` networking misconfiguration as the root cause.\n   - Consistent \"connection refused\" errors in RPC calls from `Frontend` and `CheckoutService` point directly to the need for repairs in `PaymentService` networking setup.\n\n2. **Metric Analysis Viewpoint**:\n   - Supports the hypothesis based on observations of systemic anomalies throughout nodes and services.\n   - Considers widespread issues without a singular identifiable cause, suggesting additional consensus-building.\n\n### Final Stance Based on Analysis\nThe strong, specific evidence from both Log and Trace agents makes it clear that fixing `PaymentService` should be the immediate priority, rather than waiting for more comprehensive consensus:\n\n1. **Trace Data Agreement**:\n   - The evidence from trace analysis, including latency spikes and connection errors associated with `PaymentService`, strongly supports actionable steps focused on resolving these errors.\n\n2. **Reasoning Completeness**:\n   - The focus should remain on remediating `PaymentService` endpoint accessibility issues, with broader systemic anomalies observed in metrics analysis considered as secondary.\n\n### Final JSON Output\n\n```json\n{\n  \"stance\": \"OPPOSE\",\n  \"detected_trace_keys\": [\n    \"latency_spike\",\n    \"checkoutservice->paymentservice\",\n    \"connection_refused\",\n    \"unavailable\"\n  ],\n  \"hypotheses\": [\n    {\n      \"component\": \"PaymentService\",\n      \"reason\": \"Networking misconfiguration resulting in persistent connection refused errors during RPC interactions\",\n      \"evidence\": \"Trace data indicates systematic connection failures affecting checkoutservice->paymentservice calls\"\n    }\n  ]\n}\n```\n\n### Conclusion\nThe prompt resolution of `PaymentService` networking issues should be prioritized based on solid evidence from both Log and Trace domains. Consensus-seeking becomes unnecessary given the clear root cause direction provided, ensuring fast action can alleviate the reported system disruptions.", "report_analysis_findings": {"uuid": "68727566-367", "component": "paymentservice", "reason": "connection refused errors due to paymentservice networking misconfiguration", "reasoning_trace": [{"step": 1, "action": "LogSearch(paymentservice)", "observation": "Observed consistent 'connection refused' errors from multiple services pointing to paymentservice endpoint issues."}, {"step": 2, "action": "LoadMetrics(paymentservice)", "observation": "Correlation of error spikes during the failure period isolated to paymentservice."}, {"step": 3, "action": "TraceAnalysis(68727566-367)", "observation": "Traces confirm failed communications involving paymentservice, emphasizing network misconfiguration."}]}, "report_analysis_completed": true}
2026-01-04 11:14:27,176 - RootCauseAnalysis - INFO - ORCHESTRATOR AGENT - Execution Completed
2026-01-04 11:14:27,177 - RootCauseAnalysis - INFO - [Final State Summary]
2026-01-04 11:14:27,177 - RootCauseAnalysis - INFO -    - current_hypothesis: Waiting for consensus to identify the root cause
2026-01-04 11:14:27,177 - RootCauseAnalysis - INFO -    - consensus_decision: DISAGREED
2026-01-04 11:14:27,177 - RootCauseAnalysis - INFO -    - consensus_iteration: 6
2026-01-04 11:14:27,177 - RootCauseAnalysis - INFO - === END SESSION ===
