2026-01-04 11:42:51,529 - RootCauseAnalysis - INFO - === START SESSION: b06b79b6-265 (Run #2) ===
2026-01-04 11:42:51,529 - RootCauseAnalysis - INFO - [Processing] b06b79b6-265 (Run #2) | Log: logs/b06b79b6-265/run2_20260104_114251.log
2026-01-04 11:42:51,529 - RootCauseAnalysis - INFO - ============================================================
2026-01-04 11:42:51,529 - RootCauseAnalysis - INFO - ORCHESTRATOR AGENT - Initializing
2026-01-04 11:42:51,529 - RootCauseAnalysis - INFO - ============================================================
2026-01-04 11:42:51,529 - RootCauseAnalysis - INFO - [State Update] {"query_parsed_completed": false, "raw_metric_result": "（等待写入...）", "metric_data_collected": false, "raw_log_result": "（等待写入...）", "log_data_collected": false, "raw_trace_result": "（等待写入...）", "trace_data_collected": false, "current_iteration": 0, "current_hypothesis": "（等待写入...）", "log_analysis_findings": "（等待数据收集...）", "metric_analysis_findings": "（等待数据收集...）", "trace_analysis_findings": "（等待数据收集...）"}
2026-01-04 11:42:52,957 - RootCauseAnalysis - INFO - [Tool Call] parse_user_input
2026-01-04 11:42:52,957 - RootCauseAnalysis - INFO -     Args: {'input_json': '{"Anomaly Description": "The system experienced an anomaly from 2025-06-13T13:11:19Z to 2025-06-13T13:29:19Z. Please infer the possible cause.", "uuid": "b06b79b6-265"}'}...
2026-01-04 11:42:52,958 - RootCauseAnalysis - INFO - [Tool Resp] parse_user_input
2026-01-04 11:42:52,958 - RootCauseAnalysis - INFO -     Result: {'uuid': 'b06b79b6-265', 'user_query': 'The system experienced an anomaly from 2025-06-13T13:11:19Z to 2025-06-13T13:29:19Z. Please infer the possible cause.'}
2026-01-04 11:42:52,958 - RootCauseAnalysis - INFO - [State Update] {"query_parsed_completed": true}
2026-01-04 11:42:54,207 - RootCauseAnalysis - INFO - [Tool Call] data_collection_agent
2026-01-04 11:42:54,207 - RootCauseAnalysis - INFO -     Args: {'request': 'b06b79b6-265'}...
2026-01-04 11:42:54,208 - RootCauseAnalysis - INFO - ============================================================
2026-01-04 11:42:54,208 - RootCauseAnalysis - INFO - METRIC ANALYSIS - Starting
2026-01-04 11:42:54,208 - RootCauseAnalysis - INFO - ============================================================
2026-01-04 11:42:54,208 - RootCauseAnalysis - INFO - METRIC AGENT - Initial Scanning
2026-01-04 11:42:54,208 - RootCauseAnalysis - INFO - ============================================================
2026-01-04 11:42:54,208 - RootCauseAnalysis - INFO - LOG ANALYSIS - Starting
2026-01-04 11:42:54,208 - RootCauseAnalysis - INFO - ============================================================
2026-01-04 11:42:54,208 - RootCauseAnalysis - INFO - LOG AGENT - Initial Scanning
2026-01-04 11:42:54,208 - RootCauseAnalysis - INFO - ============================================================
2026-01-04 11:42:54,208 - RootCauseAnalysis - INFO - TRACE ANALYSIS - Starting
2026-01-04 11:42:54,208 - RootCauseAnalysis - INFO - ============================================================
2026-01-04 11:42:54,208 - RootCauseAnalysis - INFO - TRACE AGENT - Initial Scanning
2026-01-04 11:43:02,606 - RootCauseAnalysis - WARNING - LOG AGENT - Log data not collected.
2026-01-04 11:43:02,653 - RootCauseAnalysis - WARNING - TRACE AGENT - Trace data not collected.
2026-01-04 11:43:05,519 - RootCauseAnalysis - INFO - METRIC AGENT - Analysis Completed
2026-01-04 11:43:05,520 - RootCauseAnalysis - INFO - [Tool Resp] data_collection_agent
2026-01-04 11:43:05,520 - RootCauseAnalysis - INFO -     Result: {'result': '针对 UUID b06b79b6-265 的监控数据分析，我已识别出显著的异常调用链和指标变化，详细信息如下：\n\n```json\n{\n  "stance": "NEUTRAL",\n  "detected_metric_keys": ["client_error_ratio", "rrt_max", "pod_cpu_usage"],\n  "hypotheses": [\n    {\n      "component": "shippingservice-0",\n      "reason": "由于 rrt_max 从正常时的 6626.04 增至故障期间的 98658.0，导致请求响应时间显著提升。",\n      "evidence": "rrt_max 变化: 正常 P99 为 6626.04，故障 P99 为 98658.0"\n    },\n    {\n      "component": "adservice-2",\n      "reason": "Pod CPU 使用率显著下降，并伴随 rrt_max 变化，可能影响了服务...
2026-01-04 11:43:05,520 - RootCauseAnalysis - INFO - [State Update] {"current_task_instruction": "当前处于【初始扫描阶段】。\n请对 Trace 数据进行全面扫描，找出所有显著的异常调用链。\n重点：请在返回 JSON 的 'stance' 字段中标记 'NEUTRAL'，并在 'hypotheses' 中列出你的发现。", "raw_metric_result": {"status": "success", "message": "成功加载metric数据。UUID: b06b79b6-265", "anomaly_metrics": "metric_type,service_name,pod_name,node_name,metric_name,normal_median,fault_median,normal_p99,fault_p99,median_change_ratio,p99_change_ratio\nservice,checkoutservice,checkoutservice-2,N/A,client_error_ratio,0.0,0.0,15.32,0.0,0.0,2.0\nservice,adservice,adservice-2,N/A,client_error_ratio,0.0,0.0,0.88,0.0,0.0,2.0\nservice,adservice,adservice-2,N/A,error_ratio,0.0,0.0,0.88,0.0,0.0,2.0\nservice,adservice,adservice-1,N/A,error_ratio,0.0,0.0,2.79,0.0,0.0,2.0\nservice,adservice,adservice-1,N/A,client_error_ratio,0.0,0.0,2.79,0.0,0.0,2.0\nservice,checkoutservice,checkoutservice-2,N/A,error_ratio,0.0,0.0,15.32,0.0,0.0,2.0\npod,N/A,shippingservice-0,N/A,pod_cpu_usage,0.0,0.4,0.0,0.4,2.0,2.0\npod,N/A,adservice-2,N/A,pod_cpu_usage,0.01,0.0,0.6,0.5,2.0,0.1824\nservice,shippingservice,shippingservice-0,N/A,rrt_max,2992.0,92137.5,6626.04,98658.0,1.8742,1.7483\npod,N/A,adservice-1,N/A,pod_cpu_usage,0.0,0.0,0.26,0.02,0.0,1.7377\nservice,adservice,adservice-2,N/A,rrt_max,38777.0,3219.5,65261.28,8545.49,1.6934,1.5369\nservice,shippingservice,shippingservice-0,N/A,rrt,869.51,7024.16,1047.34,10484.69,1.5594,1.6367\ntidb,tidb-tikv,N/A,N/A,io_util,0.0,0.0,0.08,0.78,0.0,1.6277\npod,N/A,shippingservice-0,N/A,pod_processes,1.0,9.0,1.0,9.0,1.6,1.6\nservice,currencyservice,currencyservice-0,N/A,rrt_max,3827.0,3646.0,11054.52,75242.18,0.0484,1.4876\nservice,emailservice,emailservice-2,N/A,rrt_max,3382.0,3109.0,9352.12,56153.98,0.0841,1.4289\npod,N/A,adservice-0,N/A,pod_cpu_usage,0.01,0.02,0.02,0.08,0.6667,1.2118\nservice,adservice,adservice-2,N/A,rrt,3034.24,1279.12,5481.49,1658.62,0.8138,1.0708\nservice,adservice,adservice-0,N/A,client_error_ratio,0.0,0.0,1.6,0.66,0.0,0.8266\nservice,adservice,adservice-0,N/A,error_ratio,0.0,0.0,1.6,0.66,0.0,0.8266\nservice,frontend,frontend-0,N/A,rrt_max,152312.0,193297.0,577553.84,257655.11,0.2372,0.766\nservice,frontend,frontend-2,N/A,rrt_max,196746.0,242423.5,588185.76,288869.75,0.208,0.6825\npod,N/A,adservice-1,N/A,pod_processes,1.0,1.0,2.0,1.0,0.0,0.6667\nservice,currencyservice,currencyservice-1,N/A,rrt_max,7078.0,8871.0,29426.36,58636.88,0.2248,0.6634\nservice,frontend,frontend-1,N/A,rrt_max,216376.0,244621.0,583389.72,300636.51,0.1225,0.6397\nservice,adservice,adservice-2,N/A,response,48.0,48.0,1009.44,48.0,0.0,1.8184\nservice,adservice,adservice-2,N/A,request,48.0,48.0,1001.44,48.0,0.0,1.817\nservice,adservice,adservice-1,N/A,response,48.0,48.0,982.88,48.0,0.0,1.8138\nservice,adservice,adservice-1,N/A,request,48.0,48.0,976.16,48.0,0.0,1.8125\nservice,emailservice,emailservice-0,N/A,rrt_max,3325.0,5798.5,8950.32,12377.21,0.5422,0.3214\n", "unique_entities": {"service_name": ["adservice", "cartservice", "checkoutservice", "currencyservice", "emailservice", "frontend", "paymentservice", "productcatalogservice", "recommendationservice", "redis", "shippingservice", "tidb-pd", "tidb-tidb", "tidb-tikv"], "node_name": ["aiops-k8s-01", "aiops-k8s-02", "aiops-k8s-03", "aiops-k8s-04", "aiops-k8s-05", "aiops-k8s-06", "aiops-k8s-07", "aiops-k8s-08"], "pod_name": ["adservice-0", "adservice-1", "adservice-2", "cartservice-0", "cartservice-1", "cartservice-2", "checkoutservice-0", "checkoutservice-1", "checkoutservice-2", "currencyservice-0", "currencyservice-1", "currencyservice-2", "emailservice-0", "emailservice-1", "emailservice-2", "frontend-0", "frontend-1", "frontend-2", "paymentservice-0", "paymentservice-1", "paymentservice-2", "productcatalogservice-0", "productcatalogservice-1", "productcatalogservice-2", "recommendationservice-0", "recommendationservice-1", "recommendationservice-2", "redis-cart-0", "shippingservice-0", "shippingservice-1", "shippingservice-2"]}, "node_pod_mapping": {"aiops-k8s-01": ["checkoutservice-1", "emailservice-1", "productcatalogservice-1", "recommendationservice-2", "shippingservice-0"], "aiops-k8s-02": [], "aiops-k8s-03": ["recommendationservice-1", "shippingservice-2", "frontend-0", "paymentservice-1", "cartservice-0", "adservice-0"], "aiops-k8s-04": ["frontend-2", "currencyservice-1", "checkoutservice-0", "paymentservice-2"], "aiops-k8s-05": ["paymentservice-2", "currencyservice-0", "cartservice-1", "paymentservice-1"], "aiops-k8s-06": ["productcatalogservice-0", "emailservice-2", "checkoutservice-2"], "aiops-k8s-07": ["currencyservice-2", "adservice-1", "frontend-1", "emailservice-0", "shippingservice-1"], "aiops-k8s-08": ["recommendationservice-0", "paymentservice-0", "productcatalogservice-2", "cartservice-2", "redis-cart-0", "adservice-2"]}, "matched_anomaly": "The system experienced an anomaly from 2025-06-13T13:11:19Z to 2025-06-13T13:29:19Z. Please infer the possible cause.", "time_range": "2025-06-13 13:11:19+00:00 to 2025-06-13 13:29:19+00:00"}, "metric_data_collected": true, "node_pod_mapping": {"aiops-k8s-01": ["checkoutservice-1", "emailservice-1", "productcatalogservice-1", "recommendationservice-2", "shippingservice-0"], "aiops-k8s-02": [], "aiops-k8s-03": ["recommendationservice-1", "shippingservice-2", "frontend-0", "paymentservice-1", "cartservice-0", "adservice-0"], "aiops-k8s-04": ["frontend-2", "currencyservice-1", "checkoutservice-0", "paymentservice-2"], "aiops-k8s-05": ["paymentservice-2", "currencyservice-0", "cartservice-1", "paymentservice-1"], "aiops-k8s-06": ["productcatalogservice-0", "emailservice-2", "checkoutservice-2"], "aiops-k8s-07": ["currencyservice-2", "adservice-1", "frontend-1", "emailservice-0", "shippingservice-1"], "aiops-k8s-08": ["recommendationservice-0", "paymentservice-0", "productcatalogservice-2", "cartservice-2", "redis-cart-0", "adservice-2"]}, "log_analysis_findings": "根据提供的数据，通过 UUID `b06b79b6-265` 加载日志失败，因此当前无法进行分析。\n\n```json\n{\n  \"stance\": \"NEUTRAL\",\n  \"detected_log_keys\": [],\n  \"hypotheses\": []\n}\n```", "trace_analysis_findings": "我无法加载与 UUID `b06b79b6-265` 相关的异常追踪数据，系统返回了一个错误消息。如果您有进一步的指引或可以提供其他细节，请告知我。", "metric_analysis_findings": "针对 UUID b06b79b6-265 的监控数据分析，我已识别出显著的异常调用链和指标变化，详细信息如下：\n\n```json\n{\n  \"stance\": \"NEUTRAL\",\n  \"detected_metric_keys\": [\"client_error_ratio\", \"rrt_max\", \"pod_cpu_usage\"],\n  \"hypotheses\": [\n    {\n      \"component\": \"shippingservice-0\",\n      \"reason\": \"由于 rrt_max 从正常时的 6626.04 增至故障期间的 98658.0，导致请求响应时间显著提升。\",\n      \"evidence\": \"rrt_max 变化: 正常 P99 为 6626.04，故障 P99 为 98658.0\"\n    },\n    {\n      \"component\": \"adservice-2\",\n      \"reason\": \"Pod CPU 使用率显著下降，并伴随 rrt_max 变化，可能影响了服务性能。\",\n      \"evidence\": \"pod_cpu_usage 从正常时的 0.01 变为故障期间的 0.0；rrt_max 变化: 正常 P99 为 65261.28，故障期间为 8545.49\"\n    },\n    {\n      \"component\": \"checkoutservice-2\",\n      \"reason\": \"在故障期间 client_error_ratio 为 0.0，但是正常请求有显著错误，可能反映出隐藏的请求失败问题。\",\n      \"evidence\": \"client_error_ratio 正常 P99 为 15.32，故障期间为 0.0\"\n    }\n  ]\n}\n```\n\n这些异常反映出在指定时间段内，有几个关键服务和 Pod 的性能和资源使用发生了显著变化。这可能导致系统整体响应时间变长甚至出现错误。特别值得关注的是 `shippingservice-0` 的响应时间显著增加，以及 `adservice-2` 的 CPU 使用率下降，这两个问题可能相互影响并触发进一步的故障。"}
2026-01-04 11:43:06,527 - RootCauseAnalysis - INFO - [Tool Call] consensus_discussion_agent
2026-01-04 11:43:06,528 - RootCauseAnalysis - INFO -     Args: {'request': 'b06b79b6-265'}...
2026-01-04 11:43:06,528 - RootCauseAnalysis - INFO - ============================================================
2026-01-04 11:43:06,528 - RootCauseAnalysis - INFO - CONSENSUS ANALYSIS - Round 0
2026-01-04 11:43:06,528 - RootCauseAnalysis - INFO - Current Hypothesis: （等待写入...）
2026-01-04 11:43:06,528 - RootCauseAnalysis - INFO - ============================================================
2026-01-04 11:43:10,281 - RootCauseAnalysis - INFO - CONSENSUS AGENT OUTPUT PARSED:
2026-01-04 11:43:10,281 - RootCauseAnalysis - INFO -   - Status: AGREED
2026-01-04 11:43:10,281 - RootCauseAnalysis - INFO -   - New Hypothesis: 'shippingservice-0' is the probable root cause due to rrt_max significant increase
2026-01-04 11:43:10,281 - RootCauseAnalysis - INFO -   - Reasoning: Metric expert has identified significant increase in rrt_max for 'shippingservice-0', indicating a potential response time issue.
2026-01-04 11:43:10,281 - RootCauseAnalysis - INFO - >>> CONSENSUS REACHED! Escalating to finish loop. <<<
2026-01-04 11:43:10,281 - RootCauseAnalysis - INFO - [Tool Resp] consensus_discussion_agent
2026-01-04 11:43:10,281 - RootCauseAnalysis - INFO -     Result: {'result': '根据给定的专家证词和系统架构信息，我们开始分析故障根因。\n\n### Phase 1: 初始提案\n\n#### 分析专家证词\n\n1. **Log 专家**表示无法加载日志，未提供任何直接证据或假设。立场为NEUTRAL。\n   \n2. **Metric 专家**报告了几个与性能相关的异常：\n   - `shippingservice-0`的`rrt_max`显著增加，可能导致响应时间变长。\n   - `adservice-2`的CPU使用率降至0，可能影响服务性能。\n   - `checkoutservice-2`在故障期间`client_error_ratio`为0.0，可能反映隐藏的请求失败问题。\n\n3. **Trace 专家**无法加载相关追踪数据，未提供任何直接证据或假设。立场为NEUTRAL。\n\n#### 综合考虑\n\n目前主要依赖Metric专家的证词。以下是潜在的故障模式：\n- `shippingservice-0`可能遭遇网络延迟或其他资源约束问题，影响响应时间。\n- `adservice-2`的CPU使用率下降可...
2026-01-04 11:43:10,281 - RootCauseAnalysis - INFO - [State Update] {"consensus_iteration": 1, "consensus_decision": "AGREED", "current_hypothesis": "'shippingservice-0' is the probable root cause due to rrt_max significant increase"}
2026-01-04 11:43:11,401 - RootCauseAnalysis - INFO - [Tool Call] report_agent
2026-01-04 11:43:11,401 - RootCauseAnalysis - INFO -     Args: {'request': 'b06b79b6-265'}...
2026-01-04 11:43:11,401 - RootCauseAnalysis - INFO - ============================================================
2026-01-04 11:43:11,401 - RootCauseAnalysis - INFO - REPORT ANALYSIS - Starting
2026-01-04 11:43:13,330 - RootCauseAnalysis - INFO - REPORT ANALYSIS COMPLETED - Saved results in report_analysis_output.json
2026-01-04 11:43:13,330 - RootCauseAnalysis - INFO - [Tool Resp] report_agent
2026-01-04 11:43:13,330 - RootCauseAnalysis - INFO -     Result: {'uuid': 'b06b79b6-265', 'component': 'shippingservice-0', 'reason': 'rrt_max spike causing latency from 6626.04 to 98658.0', 'reasoning_trace': [{'step': 1, 'action': 'LoadMetrics(shippingservice-0)', 'observation': 'rrt_max increased significantly during fault, P99 at 98658.0 ms.'}, {'step': 2, 'action': 'LogSearch(shippingservice-0)', 'observation': 'No data available in logs for shippingservice-0'}, {'step': 3, 'action': 'TraceAnalysis(b06b79b6-265)', 'observation': 'No trace data found for ...
2026-01-04 11:43:13,330 - RootCauseAnalysis - INFO - [State Update] {"hypotheses_summary": "'shippingservice-0' is the probable root cause due to rrt_max significant increase", "log_analysis_findings": "根据提供的数据，通过 UUID `b06b79b6-265` 加载日志失败，因此当前无法进行分析。\n\n```json\n{\n  \"stance\": \"NEUTRAL\",\n  \"detected_log_keys\": [],\n  \"hypotheses\": []\n}\n```", "metric_analysis_findings": "针对 UUID b06b79b6-265 的监控数据分析，我已识别出显著的异常调用链和指标变化，详细信息如下：\n\n```json\n{\n  \"stance\": \"NEUTRAL\",\n  \"detected_metric_keys\": [\"client_error_ratio\", \"rrt_max\", \"pod_cpu_usage\"],\n  \"hypotheses\": [\n    {\n      \"component\": \"shippingservice-0\",\n      \"reason\": \"由于 rrt_max 从正常时的 6626.04 增至故障期间的 98658.0，导致请求响应时间显著提升。\",\n      \"evidence\": \"rrt_max 变化: 正常 P99 为 6626.04，故障 P99 为 98658.0\"\n    },\n    {\n      \"component\": \"adservice-2\",\n      \"reason\": \"Pod CPU 使用率显著下降，并伴随 rrt_max 变化，可能影响了服务性能。\",\n      \"evidence\": \"pod_cpu_usage 从正常时的 0.01 变为故障期间的 0.0；rrt_max 变化: 正常 P99 为 65261.28，故障期间为 8545.49\"\n    },\n    {\n      \"component\": \"checkoutservice-2\",\n      \"reason\": \"在故障期间 client_error_ratio 为 0.0，但是正常请求有显著错误，可能反映出隐藏的请求失败问题。\",\n      \"evidence\": \"client_error_ratio 正常 P99 为 15.32，故障期间为 0.0\"\n    }\n  ]\n}\n```\n\n这些异常反映出在指定时间段内，有几个关键服务和 Pod 的性能和资源使用发生了显著变化。这可能导致系统整体响应时间变长甚至出现错误。特别值得关注的是 `shippingservice-0` 的响应时间显著增加，以及 `adservice-2` 的 CPU 使用率下降，这两个问题可能相互影响并触发进一步的故障。", "trace_analysis_findings": "我无法加载与 UUID `b06b79b6-265` 相关的异常追踪数据，系统返回了一个错误消息。如果您有进一步的指引或可以提供其他细节，请告知我。", "report_analysis_findings": {"uuid": "b06b79b6-265", "component": "shippingservice-0", "reason": "rrt_max spike causing latency from 6626.04 to 98658.0", "reasoning_trace": [{"step": 1, "action": "LoadMetrics(shippingservice-0)", "observation": "rrt_max increased significantly during fault, P99 at 98658.0 ms."}, {"step": 2, "action": "LogSearch(shippingservice-0)", "observation": "No data available in logs for shippingservice-0"}, {"step": 3, "action": "TraceAnalysis(b06b79b6-265)", "observation": "No trace data found for this UUID."}]}, "report_analysis_completed": true}
2026-01-04 11:43:17,490 - RootCauseAnalysis - INFO - ORCHESTRATOR AGENT - Execution Completed
2026-01-04 11:43:17,490 - RootCauseAnalysis - INFO - [Final State Summary]
2026-01-04 11:43:17,490 - RootCauseAnalysis - INFO -    - current_hypothesis: 'shippingservice-0' is the probable root cause due to rrt_max significant increase
2026-01-04 11:43:17,490 - RootCauseAnalysis - INFO -    - consensus_decision: AGREED
2026-01-04 11:43:17,490 - RootCauseAnalysis - INFO -    - consensus_iteration: 1
2026-01-04 11:43:17,490 - RootCauseAnalysis - INFO - === END SESSION ===
