2026-01-04 11:50:09,647 - RootCauseAnalysis - INFO - === START SESSION: bc9db995-235 (Run #1) ===
2026-01-04 11:50:09,647 - RootCauseAnalysis - INFO - [Processing] bc9db995-235 (Run #1) | Log: logs/bc9db995-235/run1_20260104_115009.log
2026-01-04 11:50:09,647 - RootCauseAnalysis - INFO - ============================================================
2026-01-04 11:50:09,647 - RootCauseAnalysis - INFO - ORCHESTRATOR AGENT - Initializing
2026-01-04 11:50:09,647 - RootCauseAnalysis - INFO - ============================================================
2026-01-04 11:50:09,647 - RootCauseAnalysis - INFO - [State Update] {"query_parsed_completed": false, "raw_metric_result": "（等待写入...）", "metric_data_collected": false, "raw_log_result": "（等待写入...）", "log_data_collected": false, "raw_trace_result": "（等待写入...）", "trace_data_collected": false, "current_iteration": 0, "current_hypothesis": "（等待写入...）", "log_analysis_findings": "（等待数据收集...）", "metric_analysis_findings": "（等待数据收集...）", "trace_analysis_findings": "（等待数据收集...）"}
2026-01-04 11:50:10,773 - RootCauseAnalysis - INFO - [Tool Call] parse_user_input
2026-01-04 11:50:10,773 - RootCauseAnalysis - INFO -     Args: {'input_json': '{"Anomaly Description": "Determine the root cause of the system fault during 2025-06-12T06:16:38Z to 2025-06-12T06:16:39Z.", "uuid": "bc9db995-235"}'}...
2026-01-04 11:50:10,773 - RootCauseAnalysis - INFO - [Tool Resp] parse_user_input
2026-01-04 11:50:10,773 - RootCauseAnalysis - INFO -     Result: {'uuid': 'bc9db995-235', 'user_query': 'Determine the root cause of the system fault during 2025-06-12T06:16:38Z to 2025-06-12T06:16:39Z.'}
2026-01-04 11:50:10,774 - RootCauseAnalysis - INFO - [State Update] {"query_parsed_completed": true}
2026-01-04 11:50:11,746 - RootCauseAnalysis - INFO - [Tool Call] data_collection_agent
2026-01-04 11:50:11,746 - RootCauseAnalysis - INFO -     Args: {'request': 'bc9db995-235'}...
2026-01-04 11:50:11,747 - RootCauseAnalysis - INFO - ============================================================
2026-01-04 11:50:11,747 - RootCauseAnalysis - INFO - METRIC ANALYSIS - Starting
2026-01-04 11:50:11,747 - RootCauseAnalysis - INFO - ============================================================
2026-01-04 11:50:11,747 - RootCauseAnalysis - INFO - METRIC AGENT - Initial Scanning
2026-01-04 11:50:11,747 - RootCauseAnalysis - INFO - ============================================================
2026-01-04 11:50:11,747 - RootCauseAnalysis - INFO - LOG ANALYSIS - Starting
2026-01-04 11:50:11,747 - RootCauseAnalysis - INFO - ============================================================
2026-01-04 11:50:11,747 - RootCauseAnalysis - INFO - LOG AGENT - Initial Scanning
2026-01-04 11:50:11,747 - RootCauseAnalysis - INFO - ============================================================
2026-01-04 11:50:11,747 - RootCauseAnalysis - INFO - TRACE ANALYSIS - Starting
2026-01-04 11:50:11,747 - RootCauseAnalysis - INFO - ============================================================
2026-01-04 11:50:11,747 - RootCauseAnalysis - INFO - TRACE AGENT - Initial Scanning
2026-01-04 11:50:18,523 - RootCauseAnalysis - WARNING - LOG AGENT - Log data not collected.
2026-01-04 11:50:26,303 - RootCauseAnalysis - WARNING - TRACE AGENT - Trace data not collected.
2026-01-04 11:50:26,888 - RootCauseAnalysis - INFO - METRIC AGENT - Analysis Completed
2026-01-04 11:50:26,889 - RootCauseAnalysis - INFO - [Tool Resp] data_collection_agent
2026-01-04 11:50:26,889 - RootCauseAnalysis - INFO -     Result: {'result': '```json\n{\n  "stance": "NEUTRAL",\n  "detected_metric_keys": [\n    "pod_cpu_usage",\n    "pod_network_transmit_packets",\n    "pod_memory_working_set_bytes"\n  ],\n  "hypotheses": [\n    {\n      "component": "frontend-0",\n      "reason": "pod_network_receive_packets dropped to zero causing service interruption",\n      "evidence": "Normal median: 89.02, Fault median: 0.0"\n    },\n    {\n      "component": "productcatalogservice-0",\n      "reason": "pod_cpu_usage dropped to zero...
2026-01-04 11:50:26,889 - RootCauseAnalysis - INFO - [State Update] {"current_task_instruction": "当前处于【初始扫描阶段】。\n请对 Trace 数据进行全面扫描，找出所有显著的异常调用链。\n重点：请在返回 JSON 的 'stance' 字段中标记 'NEUTRAL'，并在 'hypotheses' 中列出你的发现。", "raw_metric_result": {"status": "success", "message": "成功加载metric数据。UUID: bc9db995-235", "anomaly_metrics": "metric_type,service_name,pod_name,node_name,metric_name,normal_median,fault_median,normal_p99,fault_p99,median_change_ratio,p99_change_ratio\npod,N/A,frontend-0,N/A,pod_cpu_usage,0.04,0.0,0.05,0.0,2.0,2.0\npod,N/A,productcatalogservice-0,N/A,pod_cpu_usage,0.04,0.0,0.05,0.0,2.0,2.0\npod,N/A,redis-cart-0,N/A,pod_cpu_usage,0.0,0.0,0.09,0.0,0.0,2.0\npod,N/A,productcatalogservice-0,N/A,pod_network_transmit_packets,235.2,0.0,264.43,0.0,2.0,2.0\npod,N/A,productcatalogservice-0,N/A,pod_network_receive_packets,208.25,0.0,233.32,0.0,2.0,2.0\npod,N/A,frontend-0,N/A,pod_network_transmit_packets,112.32,0.0,134.01,0.0,2.0,2.0\npod,N/A,productcatalogservice-1,N/A,pod_network_transmit_packets,104.35,0.0,131.02,0.0,2.0,2.0\npod,N/A,productcatalogservice-1,N/A,pod_network_receive_packets,93.55,0.0,117.71,0.0,2.0,2.0\npod,N/A,frontend-1,N/A,pod_network_transmit_packets,87.9,0.0,116.18,0.0,2.0,2.0\npod,N/A,frontend-2,N/A,pod_network_transmit_packets,93.1,0.0,109.01,0.0,2.0,2.0\npod,N/A,frontend-0,N/A,pod_network_receive_packets,89.02,0.0,108.17,0.0,2.0,2.0\npod,N/A,frontend-1,N/A,pod_network_receive_packets,70.26,0.0,91.84,0.0,2.0,2.0\npod,N/A,frontend-2,N/A,pod_network_receive_packets,74.78,0.0,87.4,0.0,2.0,2.0\npod,N/A,currencyservice-1,N/A,pod_network_receive_packets,48.58,0.0,62.2,0.0,2.0,2.0\npod,N/A,currencyservice-1,N/A,pod_network_transmit_packets,47.66,0.0,61.94,0.0,2.0,2.0\npod,N/A,checkoutservice-0,N/A,pod_network_transmit_packets,23.16,0.0,47.4,0.0,2.0,2.0\npod,N/A,recommendationservice-2,N/A,pod_network_receive_packets,35.86,0.0,40.82,0.0,2.0,2.0\npod,N/A,checkoutservice-0,N/A,pod_network_receive_packets,19.31,0.0,39.54,0.0,2.0,2.0\npod,N/A,currencyservice-0,N/A,pod_network_transmit_packets,23.45,0.0,39.18,0.0,2.0,2.0\npod,N/A,currencyservice-0,N/A,pod_network_receive_packets,24.29,0.0,38.28,0.0,2.0,2.0\npod,N/A,cartservice-2,N/A,pod_network_receive_packets,30.4,0.0,33.57,0.0,2.0,2.0\npod,N/A,cartservice-2,N/A,pod_network_transmit_packets,25.99,0.0,29.26,0.0,2.0,2.0\npod,N/A,recommendationservice-2,N/A,pod_network_transmit_packets,25.1,0.0,28.69,0.0,2.0,2.0\npod,N/A,checkoutservice-2,N/A,pod_network_transmit_packets,10.57,0.0,26.33,0.0,2.0,2.0\npod,N/A,productcatalogservice-2,N/A,pod_network_transmit_packets,21.37,0.0,25.03,0.0,2.0,2.0\npod,N/A,adservice-0,N/A,pod_network_receive_packets,19.41,0.0,23.11,0.0,2.0,2.0\npod,N/A,checkoutservice-2,N/A,pod_network_receive_packets,8.69,0.0,21.74,0.0,2.0,2.0\npod,N/A,productcatalogservice-2,N/A,pod_network_receive_packets,18.19,0.0,21.35,0.0,2.0,2.0\npod,N/A,adservice-0,N/A,pod_network_transmit_packets,17.14,0.0,20.26,0.0,2.0,2.0\npod,N/A,adservice-0,N/A,pod_memory_working_set_bytes,14836.05,0.0,20190621.88,0.0,2.0,2.0\n", "unique_entities": {"service_name": ["adservice", "cartservice", "checkoutservice", "currencyservice", "emailservice", "frontend", "paymentservice", "productcatalogservice", "recommendationservice", "redis", "shippingservice", "tidb-pd", "tidb-tidb", "tidb-tikv"], "node_name": ["aiops-k8s-01", "aiops-k8s-02", "aiops-k8s-03", "aiops-k8s-04", "aiops-k8s-05", "aiops-k8s-06", "aiops-k8s-07", "aiops-k8s-08"], "pod_name": ["adservice-0", "adservice-1", "adservice-2", "cartservice-0", "cartservice-1", "cartservice-2", "checkoutservice-0", "checkoutservice-1", "checkoutservice-2", "currencyservice-0", "currencyservice-1", "currencyservice-2", "emailservice-0", "emailservice-1", "emailservice-2", "frontend-0", "frontend-1", "frontend-2", "paymentservice-0", "paymentservice-1", "paymentservice-2", "productcatalogservice-0", "productcatalogservice-1", "productcatalogservice-2", "recommendationservice-0", "recommendationservice-1", "recommendationservice-2", "redis-cart-0", "shippingservice-0", "shippingservice-1", "shippingservice-2"]}, "node_pod_mapping": {"aiops-k8s-01": ["checkoutservice-1", "shippingservice-0", "recommendationservice-2", "emailservice-1", "productcatalogservice-1"], "aiops-k8s-02": [], "aiops-k8s-03": ["adservice-0", "recommendationservice-1", "cartservice-0", "paymentservice-1", "frontend-0", "shippingservice-2"], "aiops-k8s-04": ["frontend-2", "checkoutservice-0", "currencyservice-1"], "aiops-k8s-05": ["cartservice-1", "paymentservice-2", "currencyservice-0"], "aiops-k8s-06": ["emailservice-2", "productcatalogservice-0", "checkoutservice-2"], "aiops-k8s-07": ["shippingservice-1", "frontend-1", "emailservice-0", "currencyservice-2", "adservice-1"], "aiops-k8s-08": ["redis-cart-0", "recommendationservice-0", "productcatalogservice-2", "paymentservice-0", "cartservice-2", "adservice-2"]}, "matched_anomaly": "Determine the root cause of the system fault during 2025-06-12T06:16:38Z to 2025-06-12T06:16:39Z.", "time_range": "2025-06-12 06:16:38+00:00 to 2025-06-12 06:16:39+00:00"}, "metric_data_collected": true, "node_pod_mapping": {"aiops-k8s-01": ["checkoutservice-1", "shippingservice-0", "recommendationservice-2", "emailservice-1", "productcatalogservice-1"], "aiops-k8s-02": [], "aiops-k8s-03": ["adservice-0", "recommendationservice-1", "cartservice-0", "paymentservice-1", "frontend-0", "shippingservice-2"], "aiops-k8s-04": ["frontend-2", "checkoutservice-0", "currencyservice-1"], "aiops-k8s-05": ["cartservice-1", "paymentservice-2", "currencyservice-0"], "aiops-k8s-06": ["emailservice-2", "productcatalogservice-0", "checkoutservice-2"], "aiops-k8s-07": ["shippingservice-1", "frontend-1", "emailservice-0", "currencyservice-2", "adservice-1"], "aiops-k8s-08": ["redis-cart-0", "recommendationservice-0", "productcatalogservice-2", "paymentservice-0", "cartservice-2", "adservice-2"]}, "log_analysis_findings": "```json\n{\n  \"stance\": \"NEUTRAL\",\n  \"detected_log_keys\": [],\n  \"hypotheses\": []\n}\n```", "trace_analysis_findings": "```json\n{\n  \"stance\": \"NEUTRAL\",\n  \"detected_trace_keys\": [],\n  \"hypotheses\": [\n    {\n      \"component\": \"No anomalies detected\",\n      \"reason\": \"No trace data abnormalities were identified during the specified time range.\",\n      \"evidence\": \"Tool output indicates no trace issues within the given UUID and time frame.\"\n    }\n  ]\n}\n```", "metric_analysis_findings": "```json\n{\n  \"stance\": \"NEUTRAL\",\n  \"detected_metric_keys\": [\n    \"pod_cpu_usage\",\n    \"pod_network_transmit_packets\",\n    \"pod_memory_working_set_bytes\"\n  ],\n  \"hypotheses\": [\n    {\n      \"component\": \"frontend-0\",\n      \"reason\": \"pod_network_receive_packets dropped to zero causing service interruption\",\n      \"evidence\": \"Normal median: 89.02, Fault median: 0.0\"\n    },\n    {\n      \"component\": \"productcatalogservice-0\",\n      \"reason\": \"pod_cpu_usage dropped to zero causing service inefficiency\",\n      \"evidence\": \"Normal median: 0.04, Fault median: 0.0\"\n    },\n    {\n      \"component\": \"adservice-0\",\n      \"reason\": \"pod_memory_working_set_bytes dropped to zero causing potential service crash\",\n      \"evidence\": \"Normal median: 14836.05, Fault median: 0.0\"\n    }\n  ]\n}\n```"}
2026-01-04 11:50:27,984 - RootCauseAnalysis - INFO - [Tool Call] consensus_discussion_agent
2026-01-04 11:50:27,984 - RootCauseAnalysis - INFO -     Args: {'request': 'bc9db995-235'}...
2026-01-04 11:50:27,984 - RootCauseAnalysis - INFO - ============================================================
2026-01-04 11:50:27,984 - RootCauseAnalysis - INFO - CONSENSUS ANALYSIS - Round 0
2026-01-04 11:50:27,984 - RootCauseAnalysis - INFO - Current Hypothesis: （等待写入...）
2026-01-04 11:50:27,984 - RootCauseAnalysis - INFO - ============================================================
2026-01-04 11:50:30,108 - RootCauseAnalysis - INFO - CONSENSUS AGENT OUTPUT PARSED:
2026-01-04 11:50:30,108 - RootCauseAnalysis - INFO -   - Status: AGREED
2026-01-04 11:50:30,108 - RootCauseAnalysis - INFO -   - New Hypothesis: frontend-0 experienced network disruption due to pod_network_receive_packets dropping to zero
2026-01-04 11:50:30,108 - RootCauseAnalysis - INFO -   - Reasoning: The Metric expert pointed out a significant anomaly with pod_network_receive_packets, where the median value dropped from 89.02 in normal conditions to 0.0 during the fault period, leading to service interruption on frontend-0. Both Log and Trace experts returned NEUTRAL stances and did not provide conflicting evidence, supporting the hypothesis from the Metric data.
2026-01-04 11:50:30,108 - RootCauseAnalysis - INFO - >>> CONSENSUS REACHED! Escalating to finish loop. <<<
2026-01-04 11:50:30,108 - RootCauseAnalysis - INFO - [Tool Resp] consensus_discussion_agent
2026-01-04 11:50:30,108 - RootCauseAnalysis - INFO -     Result: {'result': '```json\n{\n    "status": "AGREED",\n    "hypothesis": "frontend-0 experienced network disruption due to pod_network_receive_packets dropping to zero",\n    "reasoning": "The Metric expert pointed out a significant anomaly with pod_network_receive_packets, where the median value dropped from 89.02 in normal conditions to 0.0 during the fault period, leading to service interruption on frontend-0. Both Log and Trace experts returned NEUTRAL stances and did not provide conflicting evide...
2026-01-04 11:50:30,108 - RootCauseAnalysis - INFO - [State Update] {"consensus_iteration": 1, "consensus_decision": "AGREED", "current_hypothesis": "frontend-0 experienced network disruption due to pod_network_receive_packets dropping to zero"}
2026-01-04 11:50:31,560 - RootCauseAnalysis - INFO - [Tool Call] report_agent
2026-01-04 11:50:31,560 - RootCauseAnalysis - INFO -     Args: {'request': 'bc9db995-235'}...
2026-01-04 11:50:31,560 - RootCauseAnalysis - INFO - ============================================================
2026-01-04 11:50:31,560 - RootCauseAnalysis - INFO - REPORT ANALYSIS - Starting
2026-01-04 11:50:33,722 - RootCauseAnalysis - INFO - REPORT ANALYSIS COMPLETED - Saved results in report_analysis_output.json
2026-01-04 11:50:33,722 - RootCauseAnalysis - INFO - [Tool Resp] report_agent
2026-01-04 11:50:33,722 - RootCauseAnalysis - INFO -     Result: {'uuid': 'bc9db995-235', 'component': 'frontend-0', 'reason': 'pod_network_receive_packets dropped to zero causing service interruption', 'reasoning_trace': [{'step': 1, 'action': 'LoadMetrics(frontend-0)', 'observation': 'pod_network_receive_packets dropped from 89.02 to 0.0 during fault window.'}, {'step': 2, 'action': 'LogSearch(frontend-0)', 'observation': 'No data available for network-related logs.'}, {'step': 3, 'action': 'TraceAnalysis(bc9db995-235)', 'observation': 'No trace data abnorm...
2026-01-04 11:50:33,723 - RootCauseAnalysis - INFO - [State Update] {"hypotheses_summary": "frontend-0 experienced network disruption due to pod_network_receive_packets dropping to zero", "log_analysis_findings": "```json\n{\n  \"stance\": \"NEUTRAL\",\n  \"detected_log_keys\": [],\n  \"hypotheses\": []\n}\n```", "metric_analysis_findings": "```json\n{\n  \"stance\": \"NEUTRAL\",\n  \"detected_metric_keys\": [\n    \"pod_cpu_usage\",\n    \"pod_network_transmit_packets\",\n    \"pod_memory_working_set_bytes\"\n  ],\n  \"hypotheses\": [\n    {\n      \"component\": \"frontend-0\",\n      \"reason\": \"pod_network_receive_packets dropped to zero causing service interruption\",\n      \"evidence\": \"Normal median: 89.02, Fault median: 0.0\"\n    },\n    {\n      \"component\": \"productcatalogservice-0\",\n      \"reason\": \"pod_cpu_usage dropped to zero causing service inefficiency\",\n      \"evidence\": \"Normal median: 0.04, Fault median: 0.0\"\n    },\n    {\n      \"component\": \"adservice-0\",\n      \"reason\": \"pod_memory_working_set_bytes dropped to zero causing potential service crash\",\n      \"evidence\": \"Normal median: 14836.05, Fault median: 0.0\"\n    }\n  ]\n}\n```", "trace_analysis_findings": "```json\n{\n  \"stance\": \"NEUTRAL\",\n  \"detected_trace_keys\": [],\n  \"hypotheses\": [\n    {\n      \"component\": \"No anomalies detected\",\n      \"reason\": \"No trace data abnormalities were identified during the specified time range.\",\n      \"evidence\": \"Tool output indicates no trace issues within the given UUID and time frame.\"\n    }\n  ]\n}\n```", "report_analysis_findings": {"uuid": "bc9db995-235", "component": "frontend-0", "reason": "pod_network_receive_packets dropped to zero causing service interruption", "reasoning_trace": [{"step": 1, "action": "LoadMetrics(frontend-0)", "observation": "pod_network_receive_packets dropped from 89.02 to 0.0 during fault window."}, {"step": 2, "action": "LogSearch(frontend-0)", "observation": "No data available for network-related logs."}, {"step": 3, "action": "TraceAnalysis(bc9db995-235)", "observation": "No trace data abnormalities were identified."}]}, "report_analysis_completed": true}
2026-01-04 11:50:36,933 - RootCauseAnalysis - INFO - ORCHESTRATOR AGENT - Execution Completed
2026-01-04 11:50:36,933 - RootCauseAnalysis - INFO - [Final State Summary]
2026-01-04 11:50:36,933 - RootCauseAnalysis - INFO -    - current_hypothesis: frontend-0 experienced network disruption due to pod_network_receive_packets dropping to zero
2026-01-04 11:50:36,933 - RootCauseAnalysis - INFO -    - consensus_decision: AGREED
2026-01-04 11:50:36,933 - RootCauseAnalysis - INFO -    - consensus_iteration: 1
2026-01-04 11:50:36,933 - RootCauseAnalysis - INFO - === END SESSION ===
